ARM GAS  C:\Users\AADARS~1\AppData\Local\Temp\ccx3PXPR.s 			page 1


   1              		.syntax unified
   2              		.cpu cortex-m3
   3              		.fpu softvfp
   4              		.eabi_attribute 20, 1
   5              		.eabi_attribute 21, 1
   6              		.eabi_attribute 23, 3
   7              		.eabi_attribute 24, 1
   8              		.eabi_attribute 25, 1
   9              		.eabi_attribute 26, 1
  10              		.eabi_attribute 30, 1
  11              		.eabi_attribute 34, 1
  12              		.eabi_attribute 18, 4
  13              		.thumb
  14              		.syntax unified
  15              		.file	"cymetadata.c"
  16              		.text
  17              	.Ltext0:
  18              		.cfi_sections	.debug_frame
  19              		.global	cy_metadata
  20              		.global	cy_meta_flashprotect
  21              		.global	cy_meta_wonvl
  22              		.global	cy_meta_custnvl
  23              		.global	cy_meta_configecc
  24              		.section	.cyconfigecc,"a",%progbits
  25              		.align	2
  26              		.type	cy_meta_configecc, %object
  27              		.size	cy_meta_configecc, 1176
  28              	cy_meta_configecc:
  29 0000 01       		.byte	1
  30 0001 52       		.byte	82
  31 0002 00       		.byte	0
  32 0003 40       		.byte	64
  33 0004 01       		.byte	1
  34 0005 5A       		.byte	90
  35 0006 00       		.byte	0
  36 0007 40       		.byte	64
  37 0008 03       		.byte	3
  38 0009 64       		.byte	100
  39 000a 00       		.byte	0
  40 000b 40       		.byte	64
  41 000c 01       		.byte	1
  42 000d 03       		.byte	3
  43 000e 01       		.byte	1
  44 000f 40       		.byte	64
  45 0010 02       		.byte	2
  46 0011 05       		.byte	5
  47 0012 01       		.byte	1
  48 0013 40       		.byte	64
  49 0014 01       		.byte	1
  50 0015 07       		.byte	7
  51 0016 01       		.byte	1
  52 0017 40       		.byte	64
  53 0018 01       		.byte	1
  54 0019 09       		.byte	9
  55 001a 01       		.byte	1
  56 001b 40       		.byte	64
  57 001c 19       		.byte	25
ARM GAS  C:\Users\AADARS~1\AppData\Local\Temp\ccx3PXPR.s 			page 2


  58 001d 0A       		.byte	10
  59 001e 01       		.byte	1
  60 001f 40       		.byte	64
  61 0020 46       		.byte	70
  62 0021 0B       		.byte	11
  63 0022 01       		.byte	1
  64 0023 40       		.byte	64
  65 0024 48       		.byte	72
  66 0025 0C       		.byte	12
  67 0026 01       		.byte	1
  68 0027 40       		.byte	64
  69 0028 41       		.byte	65
  70 0029 0D       		.byte	13
  71 002a 01       		.byte	1
  72 002b 40       		.byte	64
  73 002c 4E       		.byte	78
  74 002d 0E       		.byte	14
  75 002e 01       		.byte	1
  76 002f 40       		.byte	64
  77 0030 37       		.byte	55
  78 0031 0F       		.byte	15
  79 0032 01       		.byte	1
  80 0033 40       		.byte	64
  81 0034 01       		.byte	1
  82 0035 17       		.byte	23
  83 0036 01       		.byte	1
  84 0037 40       		.byte	64
  85 0038 01       		.byte	1
  86 0039 19       		.byte	25
  87 003a 01       		.byte	1
  88 003b 40       		.byte	64
  89 003c 04       		.byte	4
  90 003d 1A       		.byte	26
  91 003e 01       		.byte	1
  92 003f 40       		.byte	64
  93 0040 02       		.byte	2
  94 0041 1B       		.byte	27
  95 0042 01       		.byte	1
  96 0043 40       		.byte	64
  97 0044 07       		.byte	7
  98 0045 40       		.byte	64
  99 0046 01       		.byte	1
 100 0047 40       		.byte	64
 101 0048 09       		.byte	9
 102 0049 41       		.byte	65
 103 004a 01       		.byte	1
 104 004b 40       		.byte	64
 105 004c 05       		.byte	5
 106 004d 42       		.byte	66
 107 004e 01       		.byte	1
 108 004f 40       		.byte	64
 109 0050 03       		.byte	3
 110 0051 43       		.byte	67
 111 0052 01       		.byte	1
 112 0053 40       		.byte	64
 113 0054 02       		.byte	2
 114 0055 44       		.byte	68
ARM GAS  C:\Users\AADARS~1\AppData\Local\Temp\ccx3PXPR.s 			page 3


 115 0056 01       		.byte	1
 116 0057 40       		.byte	64
 117 0058 07       		.byte	7
 118 0059 45       		.byte	69
 119 005a 01       		.byte	1
 120 005b 40       		.byte	64
 121 005c 07       		.byte	7
 122 005d 46       		.byte	70
 123 005e 01       		.byte	1
 124 005f 40       		.byte	64
 125 0060 05       		.byte	5
 126 0061 47       		.byte	71
 127 0062 01       		.byte	1
 128 0063 40       		.byte	64
 129 0064 06       		.byte	6
 130 0065 48       		.byte	72
 131 0066 01       		.byte	1
 132 0067 40       		.byte	64
 133 0068 03       		.byte	3
 134 0069 4C       		.byte	76
 135 006a 01       		.byte	1
 136 006b 40       		.byte	64
 137 006c 03       		.byte	3
 138 006d 4D       		.byte	77
 139 006e 01       		.byte	1
 140 006f 40       		.byte	64
 141 0070 03       		.byte	3
 142 0071 50       		.byte	80
 143 0072 01       		.byte	1
 144 0073 40       		.byte	64
 145 0074 02       		.byte	2
 146 0075 51       		.byte	81
 147 0076 01       		.byte	1
 148 0077 40       		.byte	64
 149 0078 14       		.byte	20
 150 0079 01       		.byte	1
 151 007a 9F       		.byte	-97
 152 007b 01       		.byte	1
 153 007c 8A       		.byte	-118
 154 007d 38       		.byte	56
 155 007e 8C       		.byte	-116
 156 007f 0F       		.byte	15
 157 0080 8E       		.byte	-114
 158 0081 72       		.byte	114
 159 0082 E6       		.byte	-26
 160 0083 02       		.byte	2
 161 0084 E6       		.byte	-26
 162 0085 40       		.byte	64
 163 0086 EE       		.byte	-18
 164 0087 04       		.byte	4
 165 0088 E4       		.byte	-28
 166 0089 04       		.byte	4
 167 008a E4       		.byte	-28
 168 008b 04       		.byte	4
 169 008c 85       		.byte	-123
 170 008d 03       		.byte	3
 171 008e 95       		.byte	-107
ARM GAS  C:\Users\AADARS~1\AppData\Local\Temp\ccx3PXPR.s 			page 4


 172 008f 02       		.byte	2
 173 0090 99       		.byte	-103
 174 0091 03       		.byte	3
 175 0092 A3       		.byte	-93
 176 0093 01       		.byte	1
 177 0094 B1       		.byte	-79
 178 0095 03       		.byte	3
 179 0096 B9       		.byte	-71
 180 0097 02       		.byte	2
 181 0098 BF       		.byte	-65
 182 0099 01       		.byte	1
 183 009a C0       		.byte	-64
 184 009b 01       		.byte	1
 185 009c C7       		.byte	-57
 186 009d 40       		.byte	64
 187 009e C9       		.byte	-55
 188 009f FF       		.byte	-1
 189 00a0 CA       		.byte	-54
 190 00a1 07       		.byte	7
 191 00a2 CB       		.byte	-53
 192 00a3 FF       		.byte	-1
 193 00a4 CC       		.byte	-52
 194 00a5 40       		.byte	64
 195 00a6 CD       		.byte	-51
 196 00a7 20       		.byte	32
 197 00a8 CE       		.byte	-50
 198 00a9 F0       		.byte	-16
 199 00aa CF       		.byte	-49
 200 00ab 05       		.byte	5
 201 00ac D0       		.byte	-48
 202 00ad 08       		.byte	8
 203 00ae D9       		.byte	-39
 204 00af 04       		.byte	4
 205 00b0 DA       		.byte	-38
 206 00b1 04       		.byte	4
 207 00b2 DD       		.byte	-35
 208 00b3 01       		.byte	1
 209 00b4 DF       		.byte	-33
 210 00b5 01       		.byte	1
 211 00b6 E0       		.byte	-32
 212 00b7 40       		.byte	64
 213 00b8 E1       		.byte	-31
 214 00b9 A8       		.byte	-88
 215 00ba E2       		.byte	-30
 216 00bb 40       		.byte	64
 217 00bc E3       		.byte	-29
 218 00bd 20       		.byte	32
 219 00be 00       		.byte	0
 220 00bf 08       		.byte	8
 221 00c0 01       		.byte	1
 222 00c1 A2       		.byte	-94
 223 00c2 08       		.byte	8
 224 00c3 88       		.byte	-120
 225 00c4 0A       		.byte	10
 226 00c5 20       		.byte	32
 227 00c6 0B       		.byte	11
 228 00c7 84       		.byte	-124
ARM GAS  C:\Users\AADARS~1\AppData\Local\Temp\ccx3PXPR.s 			page 5


 229 00c8 10       		.byte	16
 230 00c9 92       		.byte	-110
 231 00ca 13       		.byte	19
 232 00cb 20       		.byte	32
 233 00cc 19       		.byte	25
 234 00cd 20       		.byte	32
 235 00ce 1A       		.byte	26
 236 00cf 20       		.byte	32
 237 00d0 1B       		.byte	27
 238 00d1 01       		.byte	1
 239 00d2 20       		.byte	32
 240 00d3 04       		.byte	4
 241 00d4 21       		.byte	33
 242 00d5 08       		.byte	8
 243 00d6 22       		.byte	34
 244 00d7 8A       		.byte	-118
 245 00d8 27       		.byte	39
 246 00d9 80       		.byte	-128
 247 00da 29       		.byte	41
 248 00db 26       		.byte	38
 249 00dc 2B       		.byte	43
 250 00dd 02       		.byte	2
 251 00de 2F       		.byte	47
 252 00df 80       		.byte	-128
 253 00e0 30       		.byte	48
 254 00e1 10       		.byte	16
 255 00e2 31       		.byte	49
 256 00e3 08       		.byte	8
 257 00e4 32       		.byte	50
 258 00e5 82       		.byte	-126
 259 00e6 36       		.byte	54
 260 00e7 10       		.byte	16
 261 00e8 37       		.byte	55
 262 00e9 04       		.byte	4
 263 00ea 39       		.byte	57
 264 00eb 14       		.byte	20
 265 00ec 3E       		.byte	62
 266 00ed 04       		.byte	4
 267 00ee 40       		.byte	64
 268 00ef 98       		.byte	-104
 269 00f0 43       		.byte	67
 270 00f1 02       		.byte	2
 271 00f2 47       		.byte	71
 272 00f3 80       		.byte	-128
 273 00f4 48       		.byte	72
 274 00f5 07       		.byte	7
 275 00f6 49       		.byte	73
 276 00f7 04       		.byte	4
 277 00f8 4A       		.byte	74
 278 00f9 08       		.byte	8
 279 00fa 53       		.byte	83
 280 00fb 40       		.byte	64
 281 00fc 56       		.byte	86
 282 00fd C1       		.byte	-63
 283 00fe 57       		.byte	87
 284 00ff 80       		.byte	-128
 285 0100 5A       		.byte	90
ARM GAS  C:\Users\AADARS~1\AppData\Local\Temp\ccx3PXPR.s 			page 6


 286 0101 02       		.byte	2
 287 0102 60       		.byte	96
 288 0103 04       		.byte	4
 289 0104 61       		.byte	97
 290 0105 01       		.byte	1
 291 0106 63       		.byte	99
 292 0107 02       		.byte	2
 293 0108 8D       		.byte	-115
 294 0109 01       		.byte	1
 295 010a 90       		.byte	-112
 296 010b 10       		.byte	16
 297 010c 91       		.byte	-111
 298 010d 14       		.byte	20
 299 010e 92       		.byte	-110
 300 010f 06       		.byte	6
 301 0110 93       		.byte	-109
 302 0111 04       		.byte	4
 303 0112 98       		.byte	-104
 304 0113 10       		.byte	16
 305 0114 99       		.byte	-103
 306 0115 82       		.byte	-126
 307 0116 9B       		.byte	-101
 308 0117 24       		.byte	36
 309 0118 9D       		.byte	-99
 310 0119 20       		.byte	32
 311 011a 9E       		.byte	-98
 312 011b C1       		.byte	-63
 313 011c A0       		.byte	-96
 314 011d 81       		.byte	-127
 315 011e A2       		.byte	-94
 316 011f 10       		.byte	16
 317 0120 A3       		.byte	-93
 318 0121 02       		.byte	2
 319 0122 A4       		.byte	-92
 320 0123 02       		.byte	2
 321 0124 A5       		.byte	-91
 322 0125 08       		.byte	8
 323 0126 A6       		.byte	-90
 324 0127 80       		.byte	-128
 325 0128 AA       		.byte	-86
 326 0129 10       		.byte	16
 327 012a AF       		.byte	-81
 328 012b 40       		.byte	64
 329 012c B0       		.byte	-80
 330 012d 12       		.byte	18
 331 012e B1       		.byte	-79
 332 012f 40       		.byte	64
 333 0130 B5       		.byte	-75
 334 0131 12       		.byte	18
 335 0132 C0       		.byte	-64
 336 0133 0F       		.byte	15
 337 0134 C2       		.byte	-62
 338 0135 0F       		.byte	15
 339 0136 C4       		.byte	-60
 340 0137 0F       		.byte	15
 341 0138 CA       		.byte	-54
 342 0139 8F       		.byte	-113
ARM GAS  C:\Users\AADARS~1\AppData\Local\Temp\ccx3PXPR.s 			page 7


 343 013a CC       		.byte	-52
 344 013b 6F       		.byte	111
 345 013c CE       		.byte	-50
 346 013d 46       		.byte	70
 347 013e D0       		.byte	-48
 348 013f 17       		.byte	23
 349 0140 D2       		.byte	-46
 350 0141 0C       		.byte	12
 351 0142 D6       		.byte	-42
 352 0143 01       		.byte	1
 353 0144 D8       		.byte	-40
 354 0145 0D       		.byte	13
 355 0146 E6       		.byte	-26
 356 0147 40       		.byte	64
 357 0148 EA       		.byte	-22
 358 0149 08       		.byte	8
 359 014a 02       		.byte	2
 360 014b 03       		.byte	3
 361 014c 04       		.byte	4
 362 014d 0C       		.byte	12
 363 014e 05       		.byte	5
 364 014f 02       		.byte	2
 365 0150 06       		.byte	6
 366 0151 11       		.byte	17
 367 0152 08       		.byte	8
 368 0153 10       		.byte	16
 369 0154 0A       		.byte	10
 370 0155 0C       		.byte	12
 371 0156 0C       		.byte	12
 372 0157 10       		.byte	16
 373 0158 11       		.byte	17
 374 0159 01       		.byte	1
 375 015a 17       		.byte	23
 376 015b 02       		.byte	2
 377 015c 19       		.byte	25
 378 015d 02       		.byte	2
 379 015e 1C       		.byte	28
 380 015f 09       		.byte	9
 381 0160 1E       		.byte	30
 382 0161 10       		.byte	16
 383 0162 20       		.byte	32
 384 0163 20       		.byte	32
 385 0164 24       		.byte	36
 386 0165 1C       		.byte	28
 387 0166 26       		.byte	38
 388 0167 02       		.byte	2
 389 0168 2B       		.byte	43
 390 0169 02       		.byte	2
 391 016a 2C       		.byte	44
 392 016b 14       		.byte	20
 393 016c 2F       		.byte	47
 394 016d 02       		.byte	2
 395 016e 30       		.byte	48
 396 016f 1F       		.byte	31
 397 0170 31       		.byte	49
 398 0171 02       		.byte	2
 399 0172 34       		.byte	52
ARM GAS  C:\Users\AADARS~1\AppData\Local\Temp\ccx3PXPR.s 			page 8


 400 0173 20       		.byte	32
 401 0174 37       		.byte	55
 402 0175 01       		.byte	1
 403 0176 3E       		.byte	62
 404 0177 10       		.byte	16
 405 0178 3F       		.byte	63
 406 0179 41       		.byte	65
 407 017a 54       		.byte	84
 408 017b 01       		.byte	1
 409 017c 56       		.byte	86
 410 017d 04       		.byte	4
 411 017e 58       		.byte	88
 412 017f 04       		.byte	4
 413 0180 59       		.byte	89
 414 0181 04       		.byte	4
 415 0182 5B       		.byte	91
 416 0183 04       		.byte	4
 417 0184 5C       		.byte	92
 418 0185 01       		.byte	1
 419 0186 5D       		.byte	93
 420 0187 10       		.byte	16
 421 0188 5F       		.byte	95
 422 0189 01       		.byte	1
 423 018a 80       		.byte	-128
 424 018b 02       		.byte	2
 425 018c 82       		.byte	-126
 426 018d 80       		.byte	-128
 427 018e 83       		.byte	-125
 428 018f 01       		.byte	1
 429 0190 84       		.byte	-124
 430 0191 0F       		.byte	15
 431 0192 86       		.byte	-122
 432 0193 20       		.byte	32
 433 0194 88       		.byte	-120
 434 0195 0C       		.byte	12
 435 0196 8A       		.byte	-118
 436 0197 23       		.byte	35
 437 0198 8C       		.byte	-116
 438 0199 23       		.byte	35
 439 019a 8E       		.byte	-114
 440 019b 0C       		.byte	12
 441 019c 8F       		.byte	-113
 442 019d 08       		.byte	8
 443 019e 90       		.byte	-112
 444 019f 01       		.byte	1
 445 01a0 92       		.byte	-110
 446 01a1 90       		.byte	-112
 447 01a2 94       		.byte	-108
 448 01a3 2F       		.byte	47
 449 01a4 95       		.byte	-107
 450 01a5 04       		.byte	4
 451 01a6 98       		.byte	-104
 452 01a7 04       		.byte	4
 453 01a8 99       		.byte	-103
 454 01a9 04       		.byte	4
 455 01aa 9C       		.byte	-100
 456 01ab 03       		.byte	3
ARM GAS  C:\Users\AADARS~1\AppData\Local\Temp\ccx3PXPR.s 			page 9


 457 01ac 9D       		.byte	-99
 458 01ad 01       		.byte	1
 459 01ae 9E       		.byte	-98
 460 01af 40       		.byte	64
 461 01b0 9F       		.byte	-97
 462 01b1 02       		.byte	2
 463 01b2 A0       		.byte	-96
 464 01b3 08       		.byte	8
 465 01b4 A8       		.byte	-88
 466 01b5 0C       		.byte	12
 467 01b6 A9       		.byte	-87
 468 01b7 04       		.byte	4
 469 01b8 AD       		.byte	-83
 470 01b9 04       		.byte	4
 471 01ba AE       		.byte	-82
 472 01bb 23       		.byte	35
 473 01bc B0       		.byte	-80
 474 01bd 0F       		.byte	15
 475 01be B1       		.byte	-79
 476 01bf 02       		.byte	2
 477 01c0 B2       		.byte	-78
 478 01c1 C0       		.byte	-64
 479 01c2 B3       		.byte	-77
 480 01c3 04       		.byte	4
 481 01c4 B4       		.byte	-76
 482 01c5 2C       		.byte	44
 483 01c6 B5       		.byte	-75
 484 01c7 01       		.byte	1
 485 01c8 B6       		.byte	-74
 486 01c9 10       		.byte	16
 487 01ca B7       		.byte	-73
 488 01cb 08       		.byte	8
 489 01cc BA       		.byte	-70
 490 01cd 22       		.byte	34
 491 01ce BE       		.byte	-66
 492 01cf 04       		.byte	4
 493 01d0 BF       		.byte	-65
 494 01d1 04       		.byte	4
 495 01d2 D8       		.byte	-40
 496 01d3 04       		.byte	4
 497 01d4 D9       		.byte	-39
 498 01d5 04       		.byte	4
 499 01d6 DC       		.byte	-36
 500 01d7 31       		.byte	49
 501 01d8 DF       		.byte	-33
 502 01d9 01       		.byte	1
 503 01da 00       		.byte	0
 504 01db 04       		.byte	4
 505 01dc 01       		.byte	1
 506 01dd 20       		.byte	32
 507 01de 02       		.byte	2
 508 01df 80       		.byte	-128
 509 01e0 03       		.byte	3
 510 01e1 02       		.byte	2
 511 01e2 05       		.byte	5
 512 01e3 01       		.byte	1
 513 01e4 06       		.byte	6
ARM GAS  C:\Users\AADARS~1\AppData\Local\Temp\ccx3PXPR.s 			page 10


 514 01e5 09       		.byte	9
 515 01e6 07       		.byte	7
 516 01e7 10       		.byte	16
 517 01e8 08       		.byte	8
 518 01e9 02       		.byte	2
 519 01ea 09       		.byte	9
 520 01eb 08       		.byte	8
 521 01ec 0A       		.byte	10
 522 01ed 01       		.byte	1
 523 01ee 0B       		.byte	11
 524 01ef 04       		.byte	4
 525 01f0 0E       		.byte	14
 526 01f1 02       		.byte	2
 527 01f2 10       		.byte	16
 528 01f3 82       		.byte	-126
 529 01f4 13       		.byte	19
 530 01f5 20       		.byte	32
 531 01f6 15       		.byte	21
 532 01f7 01       		.byte	1
 533 01f8 16       		.byte	22
 534 01f9 02       		.byte	2
 535 01fa 17       		.byte	23
 536 01fb 04       		.byte	4
 537 01fc 18       		.byte	24
 538 01fd 54       		.byte	84
 539 01fe 19       		.byte	25
 540 01ff 90       		.byte	-112
 541 0200 1B       		.byte	27
 542 0201 02       		.byte	2
 543 0202 1D       		.byte	29
 544 0203 01       		.byte	1
 545 0204 1E       		.byte	30
 546 0205 08       		.byte	8
 547 0206 21       		.byte	33
 548 0207 81       		.byte	-127
 549 0208 22       		.byte	34
 550 0209 14       		.byte	20
 551 020a 25       		.byte	37
 552 020b 40       		.byte	64
 553 020c 27       		.byte	39
 554 020d 80       		.byte	-128
 555 020e 29       		.byte	41
 556 020f 20       		.byte	32
 557 0210 2B       		.byte	43
 558 0211 02       		.byte	2
 559 0212 2E       		.byte	46
 560 0213 90       		.byte	-112
 561 0214 2F       		.byte	47
 562 0215 08       		.byte	8
 563 0216 31       		.byte	49
 564 0217 98       		.byte	-104
 565 0218 35       		.byte	53
 566 0219 01       		.byte	1
 567 021a 36       		.byte	54
 568 021b 10       		.byte	16
 569 021c 37       		.byte	55
 570 021d 14       		.byte	20
ARM GAS  C:\Users\AADARS~1\AppData\Local\Temp\ccx3PXPR.s 			page 11


 571 021e 39       		.byte	57
 572 021f 02       		.byte	2
 573 0220 3B       		.byte	59
 574 0221 80       		.byte	-128
 575 0222 3E       		.byte	62
 576 0223 0C       		.byte	12
 577 0224 5D       		.byte	93
 578 0225 01       		.byte	1
 579 0226 5E       		.byte	94
 580 0227 18       		.byte	24
 581 0228 5F       		.byte	95
 582 0229 80       		.byte	-128
 583 022a 67       		.byte	103
 584 022b 40       		.byte	64
 585 022c 87       		.byte	-121
 586 022d 40       		.byte	64
 587 022e 91       		.byte	-111
 588 022f 15       		.byte	21
 589 0230 92       		.byte	-110
 590 0231 07       		.byte	7
 591 0232 93       		.byte	-109
 592 0233 04       		.byte	4
 593 0234 94       		.byte	-108
 594 0235 40       		.byte	64
 595 0236 96       		.byte	-106
 596 0237 08       		.byte	8
 597 0238 9A       		.byte	-102
 598 0239 02       		.byte	2
 599 023a 9B       		.byte	-101
 600 023b 24       		.byte	36
 601 023c 9C       		.byte	-100
 602 023d 10       		.byte	16
 603 023e 9D       		.byte	-99
 604 023f 30       		.byte	48
 605 0240 9E       		.byte	-98
 606 0241 C1       		.byte	-63
 607 0242 A0       		.byte	-96
 608 0243 81       		.byte	-127
 609 0244 A2       		.byte	-94
 610 0245 11       		.byte	17
 611 0246 A3       		.byte	-93
 612 0247 08       		.byte	8
 613 0248 A5       		.byte	-91
 614 0249 08       		.byte	8
 615 024a A6       		.byte	-90
 616 024b 80       		.byte	-128
 617 024c C0       		.byte	-64
 618 024d FF       		.byte	-1
 619 024e C2       		.byte	-62
 620 024f 8F       		.byte	-113
 621 0250 C4       		.byte	-60
 622 0251 BB       		.byte	-69
 623 0252 CA       		.byte	-54
 624 0253 3C       		.byte	60
 625 0254 CC       		.byte	-52
 626 0255 EE       		.byte	-18
 627 0256 CE       		.byte	-50
ARM GAS  C:\Users\AADARS~1\AppData\Local\Temp\ccx3PXPR.s 			page 12


 628 0257 49       		.byte	73
 629 0258 D6       		.byte	-42
 630 0259 F0       		.byte	-16
 631 025a D8       		.byte	-40
 632 025b 80       		.byte	-128
 633 025c 03       		.byte	3
 634 025d 06       		.byte	6
 635 025e 04       		.byte	4
 636 025f 07       		.byte	7
 637 0260 05       		.byte	5
 638 0261 01       		.byte	1
 639 0262 09       		.byte	9
 640 0263 01       		.byte	1
 641 0264 0D       		.byte	13
 642 0265 06       		.byte	6
 643 0266 11       		.byte	17
 644 0267 01       		.byte	1
 645 0268 15       		.byte	21
 646 0269 06       		.byte	6
 647 026a 1B       		.byte	27
 648 026b 06       		.byte	6
 649 026c 1C       		.byte	28
 650 026d 01       		.byte	1
 651 026e 1D       		.byte	29
 652 026f 04       		.byte	4
 653 0270 1E       		.byte	30
 654 0271 06       		.byte	6
 655 0272 20       		.byte	32
 656 0273 04       		.byte	4
 657 0274 22       		.byte	34
 658 0275 01       		.byte	1
 659 0276 24       		.byte	36
 660 0277 02       		.byte	2
 661 0278 25       		.byte	37
 662 0279 02       		.byte	2
 663 027a 26       		.byte	38
 664 027b 01       		.byte	1
 665 027c 28       		.byte	40
 666 027d 07       		.byte	7
 667 027e 2B       		.byte	43
 668 027f 06       		.byte	6
 669 0280 2D       		.byte	45
 670 0281 06       		.byte	6
 671 0282 31       		.byte	49
 672 0283 06       		.byte	6
 673 0284 36       		.byte	54
 674 0285 07       		.byte	7
 675 0286 37       		.byte	55
 676 0287 01       		.byte	1
 677 0288 56       		.byte	86
 678 0289 02       		.byte	2
 679 028a 57       		.byte	87
 680 028b 12       		.byte	18
 681 028c 58       		.byte	88
 682 028d 04       		.byte	4
 683 028e 59       		.byte	89
 684 028f 04       		.byte	4
ARM GAS  C:\Users\AADARS~1\AppData\Local\Temp\ccx3PXPR.s 			page 13


 685 0290 5B       		.byte	91
 686 0291 04       		.byte	4
 687 0292 5C       		.byte	92
 688 0293 11       		.byte	17
 689 0294 5D       		.byte	93
 690 0295 10       		.byte	16
 691 0296 5F       		.byte	95
 692 0297 01       		.byte	1
 693 0298 80       		.byte	-128
 694 0299 02       		.byte	2
 695 029a 82       		.byte	-126
 696 029b A4       		.byte	-92
 697 029c 84       		.byte	-124
 698 029d 61       		.byte	97
 699 029e 85       		.byte	-123
 700 029f 01       		.byte	1
 701 02a0 86       		.byte	-122
 702 02a1 94       		.byte	-108
 703 02a2 87       		.byte	-121
 704 02a3 06       		.byte	6
 705 02a4 88       		.byte	-120
 706 02a5 58       		.byte	88
 707 02a6 89       		.byte	-119
 708 02a7 01       		.byte	1
 709 02a8 8A       		.byte	-118
 710 02a9 85       		.byte	-123
 711 02aa 8B       		.byte	-117
 712 02ab 0E       		.byte	14
 713 02ac 93       		.byte	-109
 714 02ad 0C       		.byte	12
 715 02ae 95       		.byte	-107
 716 02af 0C       		.byte	12
 717 02b0 97       		.byte	-105
 718 02b1 03       		.byte	3
 719 02b2 9E       		.byte	-98
 720 02b3 18       		.byte	24
 721 02b4 9F       		.byte	-97
 722 02b5 08       		.byte	8
 723 02b6 A4       		.byte	-92
 724 02b7 61       		.byte	97
 725 02b8 A6       		.byte	-90
 726 02b9 8C       		.byte	-116
 727 02ba A8       		.byte	-88
 728 02bb 60       		.byte	96
 729 02bc AA       		.byte	-86
 730 02bd 80       		.byte	-128
 731 02be AE       		.byte	-82
 732 02bf 08       		.byte	8
 733 02c0 AF       		.byte	-81
 734 02c1 03       		.byte	3
 735 02c2 B2       		.byte	-78
 736 02c3 1C       		.byte	28
 737 02c4 B4       		.byte	-76
 738 02c5 F0       		.byte	-16
 739 02c6 B5       		.byte	-75
 740 02c7 0F       		.byte	15
 741 02c8 B6       		.byte	-74
ARM GAS  C:\Users\AADARS~1\AppData\Local\Temp\ccx3PXPR.s 			page 14


 742 02c9 03       		.byte	3
 743 02ca B8       		.byte	-72
 744 02cb 80       		.byte	-128
 745 02cc BA       		.byte	-70
 746 02cd 28       		.byte	40
 747 02ce BB       		.byte	-69
 748 02cf 20       		.byte	32
 749 02d0 C0       		.byte	-64
 750 02d1 24       		.byte	36
 751 02d2 C1       		.byte	-63
 752 02d3 06       		.byte	6
 753 02d4 C5       		.byte	-59
 754 02d5 E0       		.byte	-32
 755 02d6 C7       		.byte	-57
 756 02d7 BC       		.byte	-68
 757 02d8 C8       		.byte	-56
 758 02d9 32       		.byte	50
 759 02da C9       		.byte	-55
 760 02db FF       		.byte	-1
 761 02dc CA       		.byte	-54
 762 02dd FF       		.byte	-1
 763 02de CB       		.byte	-53
 764 02df FF       		.byte	-1
 765 02e0 CE       		.byte	-50
 766 02e1 F0       		.byte	-16
 767 02e2 CF       		.byte	-49
 768 02e3 44       		.byte	68
 769 02e4 D0       		.byte	-48
 770 02e5 0C       		.byte	12
 771 02e6 D8       		.byte	-40
 772 02e7 04       		.byte	4
 773 02e8 D9       		.byte	-39
 774 02e9 04       		.byte	4
 775 02ea DA       		.byte	-38
 776 02eb 04       		.byte	4
 777 02ec DC       		.byte	-36
 778 02ed 11       		.byte	17
 779 02ee DD       		.byte	-35
 780 02ef 01       		.byte	1
 781 02f0 DF       		.byte	-33
 782 02f1 01       		.byte	1
 783 02f2 E6       		.byte	-26
 784 02f3 C0       		.byte	-64
 785 02f4 EA       		.byte	-22
 786 02f5 40       		.byte	64
 787 02f6 EB       		.byte	-21
 788 02f7 02       		.byte	2
 789 02f8 01       		.byte	1
 790 02f9 04       		.byte	4
 791 02fa 04       		.byte	4
 792 02fb 04       		.byte	4
 793 02fc 06       		.byte	6
 794 02fd 40       		.byte	64
 795 02fe 07       		.byte	7
 796 02ff 04       		.byte	4
 797 0300 0A       		.byte	10
 798 0301 01       		.byte	1
ARM GAS  C:\Users\AADARS~1\AppData\Local\Temp\ccx3PXPR.s 			page 15


 799 0302 0E       		.byte	14
 800 0303 02       		.byte	2
 801 0304 10       		.byte	16
 802 0305 10       		.byte	16
 803 0306 11       		.byte	17
 804 0307 10       		.byte	16
 805 0308 12       		.byte	18
 806 0309 80       		.byte	-128
 807 030a 14       		.byte	20
 808 030b 20       		.byte	32
 809 030c 16       		.byte	22
 810 030d 09       		.byte	9
 811 030e 17       		.byte	23
 812 030f 40       		.byte	64
 813 0310 19       		.byte	25
 814 0311 40       		.byte	64
 815 0312 1A       		.byte	26
 816 0313 01       		.byte	1
 817 0314 1C       		.byte	28
 818 0315 04       		.byte	4
 819 0316 1D       		.byte	29
 820 0317 20       		.byte	32
 821 0318 1E       		.byte	30
 822 0319 26       		.byte	38
 823 031a 20       		.byte	32
 824 031b 03       		.byte	3
 825 031c 22       		.byte	34
 826 031d 01       		.byte	1
 827 031e 27       		.byte	39
 828 031f 04       		.byte	4
 829 0320 28       		.byte	40
 830 0321 10       		.byte	16
 831 0322 29       		.byte	41
 832 0323 60       		.byte	96
 833 0324 2E       		.byte	46
 834 0325 80       		.byte	-128
 835 0326 31       		.byte	49
 836 0327 18       		.byte	24
 837 0328 32       		.byte	50
 838 0329 80       		.byte	-128
 839 032a 33       		.byte	51
 840 032b 01       		.byte	1
 841 032c 36       		.byte	54
 842 032d 01       		.byte	1
 843 032e 37       		.byte	55
 844 032f 44       		.byte	68
 845 0330 38       		.byte	56
 846 0331 41       		.byte	65
 847 0332 39       		.byte	57
 848 0333 14       		.byte	20
 849 0334 3E       		.byte	62
 850 0335 04       		.byte	4
 851 0336 3F       		.byte	63
 852 0337 10       		.byte	16
 853 0338 45       		.byte	69
 854 0339 20       		.byte	32
 855 033a 46       		.byte	70
ARM GAS  C:\Users\AADARS~1\AppData\Local\Temp\ccx3PXPR.s 			page 16


 856 033b 40       		.byte	64
 857 033c 4D       		.byte	77
 858 033d 01       		.byte	1
 859 033e 4F       		.byte	79
 860 033f 10       		.byte	16
 861 0340 56       		.byte	86
 862 0341 0A       		.byte	10
 863 0342 57       		.byte	87
 864 0343 08       		.byte	8
 865 0344 5A       		.byte	90
 866 0345 08       		.byte	8
 867 0346 5C       		.byte	92
 868 0347 20       		.byte	32
 869 0348 5E       		.byte	94
 870 0349 20       		.byte	32
 871 034a 5F       		.byte	95
 872 034b 10       		.byte	16
 873 034c 69       		.byte	105
 874 034d 14       		.byte	20
 875 034e 6B       		.byte	107
 876 034f 01       		.byte	1
 877 0350 70       		.byte	112
 878 0351 80       		.byte	-128
 879 0352 73       		.byte	115
 880 0353 24       		.byte	36
 881 0354 C0       		.byte	-64
 882 0355 74       		.byte	116
 883 0356 C2       		.byte	-62
 884 0357 81       		.byte	-127
 885 0358 C4       		.byte	-60
 886 0359 EE       		.byte	-18
 887 035a CA       		.byte	-54
 888 035b 1E       		.byte	30
 889 035c CC       		.byte	-52
 890 035d DF       		.byte	-33
 891 035e CE       		.byte	-50
 892 035f 6F       		.byte	111
 893 0360 D0       		.byte	-48
 894 0361 A0       		.byte	-96
 895 0362 D2       		.byte	-46
 896 0363 20       		.byte	32
 897 0364 D6       		.byte	-42
 898 0365 02       		.byte	2
 899 0366 EC       		.byte	-20
 900 0367 10       		.byte	16
 901 0368 EC       		.byte	-20
 902 0369 10       		.byte	16
 903 036a 39       		.byte	57
 904 036b 80       		.byte	-128
 905 036c 3F       		.byte	63
 906 036d 40       		.byte	64
 907 036e 59       		.byte	89
 908 036f 04       		.byte	4
 909 0370 5F       		.byte	95
 910 0371 01       		.byte	1
 911 0372 20       		.byte	32
 912 0373 02       		.byte	2
ARM GAS  C:\Users\AADARS~1\AppData\Local\Temp\ccx3PXPR.s 			page 17


 913 0374 88       		.byte	-120
 914 0375 01       		.byte	1
 915 0376 31       		.byte	49
 916 0377 01       		.byte	1
 917 0378 33       		.byte	51
 918 0379 80       		.byte	-128
 919 037a 34       		.byte	52
 920 037b 02       		.byte	2
 921 037c 37       		.byte	55
 922 037d 80       		.byte	-128
 923 037e 3C       		.byte	60
 924 037f 40       		.byte	64
 925 0380 CC       		.byte	-52
 926 0381 F0       		.byte	-16
 927 0382 CE       		.byte	-50
 928 0383 20       		.byte	32
 929 0384 13       		.byte	19
 930 0385 80       		.byte	-128
 931 0386 84       		.byte	-124
 932 0387 02       		.byte	2
 933 0388 94       		.byte	-108
 934 0389 40       		.byte	64
 935 038a 9C       		.byte	-100
 936 038b 02       		.byte	2
 937 038c 9D       		.byte	-99
 938 038d 01       		.byte	1
 939 038e 9F       		.byte	-97
 940 038f 80       		.byte	-128
 941 0390 A7       		.byte	-89
 942 0391 80       		.byte	-128
 943 0392 C4       		.byte	-60
 944 0393 40       		.byte	64
 945 0394 E6       		.byte	-26
 946 0395 40       		.byte	64
 947 0396 8D       		.byte	-115
 948 0397 01       		.byte	1
 949 0398 94       		.byte	-108
 950 0399 40       		.byte	64
 951 039a 9D       		.byte	-99
 952 039b 01       		.byte	1
 953 039c AB       		.byte	-85
 954 039d 80       		.byte	-128
 955 039e EE       		.byte	-18
 956 039f 20       		.byte	32
 957 03a0 80       		.byte	-128
 958 03a1 40       		.byte	64
 959 03a2 94       		.byte	-108
 960 03a3 40       		.byte	64
 961 03a4 E4       		.byte	-28
 962 03a5 20       		.byte	32
 963 03a6 7C       		.byte	124
 964 03a7 08       		.byte	8
 965 03a8 DE       		.byte	-34
 966 03a9 01       		.byte	1
 967 03aa 00       		.byte	0
 968 03ab 08       		.byte	8
 969 03ac 0B       		.byte	11
ARM GAS  C:\Users\AADARS~1\AppData\Local\Temp\ccx3PXPR.s 			page 18


 970 03ad 10       		.byte	16
 971 03ae 50       		.byte	80
 972 03af 08       		.byte	8
 973 03b0 9C       		.byte	-100
 974 03b1 08       		.byte	8
 975 03b2 C0       		.byte	-64
 976 03b3 08       		.byte	8
 977 03b4 C2       		.byte	-62
 978 03b5 08       		.byte	8
 979 03b6 D4       		.byte	-44
 980 03b7 04       		.byte	4
 981 03b8 45       		.byte	69
 982 03b9 02       		.byte	2
 983 03ba 9C       		.byte	-100
 984 03bb 08       		.byte	8
 985 03bc AF       		.byte	-81
 986 03bd 10       		.byte	16
 987 03be B0       		.byte	-80
 988 03bf 0C       		.byte	12
 989 03c0 D0       		.byte	-48
 990 03c1 01       		.byte	1
 991 03c2 EA       		.byte	-22
 992 03c3 04       		.byte	4
 993 03c4 EC       		.byte	-20
 994 03c5 04       		.byte	4
 995 03c6 33       		.byte	51
 996 03c7 80       		.byte	-128
 997 03c8 83       		.byte	-125
 998 03c9 80       		.byte	-128
 999 03ca 9C       		.byte	-100
 1000 03cb 08       		.byte	8
 1001 03cc A5       		.byte	-91
 1002 03cd 02       		.byte	2
 1003 03ce CC       		.byte	-52
 1004 03cf 08       		.byte	8
 1005 03d0 24       		.byte	36
 1006 03d1 40       		.byte	64
 1007 03d2 27       		.byte	39
 1008 03d3 04       		.byte	4
 1009 03d4 94       		.byte	-108
 1010 03d5 40       		.byte	64
 1011 03d6 9F       		.byte	-97
 1012 03d7 04       		.byte	4
 1013 03d8 B7       		.byte	-73
 1014 03d9 04       		.byte	4
 1015 03da C8       		.byte	-56
 1016 03db A0       		.byte	-96
 1017 03dc 9C       		.byte	-100
 1018 03dd 08       		.byte	8
 1019 03de B5       		.byte	-75
 1020 03df 02       		.byte	2
 1021 03e0 EC       		.byte	-20
 1022 03e1 08       		.byte	8
 1023 03e2 88       		.byte	-120
 1024 03e3 08       		.byte	8
 1025 03e4 9C       		.byte	-100
 1026 03e5 08       		.byte	8
ARM GAS  C:\Users\AADARS~1\AppData\Local\Temp\ccx3PXPR.s 			page 19


 1027 03e6 E0       		.byte	-32
 1028 03e7 01       		.byte	1
 1029 03e8 00       		.byte	0
 1030 03e9 0A       		.byte	10
 1031 03ea 0C       		.byte	12
 1032 03eb 02       		.byte	2
 1033 03ec 0E       		.byte	14
 1034 03ed 0A       		.byte	10
 1035 03ee 00       		.byte	0
 1036 03ef FF       		.byte	-1
 1037 03f0 10       		.byte	16
 1038 03f1 02       		.byte	2
 1039 03f2 00       		.byte	0
 1040 03f3 00       		.byte	0
 1041 03f4 1C       		.byte	28
 1042 03f5 00       		.byte	0
 1043 03f6 21       		.byte	33
 1044 03f7 00       		.byte	0
 1045 03f8 3F       		.byte	63
 1046 03f9 06       		.byte	6
 1047 03fa 00       		.byte	0
 1048 03fb 00       		.byte	0
 1049 03fc 3C       		.byte	60
 1050 03fd 06       		.byte	6
 1051 03fe 02       		.byte	2
 1052 03ff 00       		.byte	0
 1053 0400 00       		.byte	0
 1054 0401 00       		.byte	0
 1055 0402 04       		.byte	4
 1056 0403 00       		.byte	0
 1057 0404 00       		.byte	0
 1058 0405 00       		.byte	0
 1059 0406 40       		.byte	64
 1060 0407 08       		.byte	8
 1061 0408 00       		.byte	0
 1062 0409 01       		.byte	1
 1063 040a 40       		.byte	64
 1064 040b 00       		.byte	0
 1065 040c 08       		.byte	8
 1066 040d 02       		.byte	2
 1067 040e 00       		.byte	0
 1068 040f 04       		.byte	4
 1069 0410 27       		.byte	39
 1070 0411 04       		.byte	4
 1071 0412 18       		.byte	24
 1072 0413 02       		.byte	2
 1073 0414 10       		.byte	16
 1074 0415 00       		.byte	0
 1075 0416 00       		.byte	0
 1076 0417 01       		.byte	1
 1077 0418 04       		.byte	4
 1078 0419 00       		.byte	0
 1079 041a 00       		.byte	0
 1080 041b 08       		.byte	8
 1081 041c 18       		.byte	24
 1082 041d 00       		.byte	0
 1083 041e 00       		.byte	0
ARM GAS  C:\Users\AADARS~1\AppData\Local\Temp\ccx3PXPR.s 			page 20


 1084 041f 01       		.byte	1
 1085 0420 00       		.byte	0
 1086 0421 01       		.byte	1
 1087 0422 23       		.byte	35
 1088 0423 00       		.byte	0
 1089 0424 40       		.byte	64
 1090 0425 01       		.byte	1
 1091 0426 38       		.byte	56
 1092 0427 00       		.byte	0
 1093 0428 1F       		.byte	31
 1094 0429 08       		.byte	8
 1095 042a 00       		.byte	0
 1096 042b 06       		.byte	6
 1097 042c 00       		.byte	0
 1098 042d 02       		.byte	2
 1099 042e 20       		.byte	32
 1100 042f 08       		.byte	8
 1101 0430 00       		.byte	0
 1102 0431 00       		.byte	0
 1103 0432 01       		.byte	1
 1104 0433 10       		.byte	16
 1105 0434 45       		.byte	69
 1106 0435 06       		.byte	6
 1107 0436 02       		.byte	2
 1108 0437 00       		.byte	0
 1109 0438 03       		.byte	3
 1110 0439 0E       		.byte	14
 1111 043a 0C       		.byte	12
 1112 043b 00       		.byte	0
 1113 043c 05       		.byte	5
 1114 043d FF       		.byte	-1
 1115 043e FF       		.byte	-1
 1116 043f FF       		.byte	-1
 1117 0440 62       		.byte	98
 1118 0441 A0       		.byte	-96
 1119 0442 F0       		.byte	-16
 1120 0443 41       		.byte	65
 1121 0444 0C       		.byte	12
 1122 0445 00       		.byte	0
 1123 0446 00       		.byte	0
 1124 0447 00       		.byte	0
 1125 0448 18       		.byte	24
 1126 0449 00       		.byte	0
 1127 044a 04       		.byte	4
 1128 044b 00       		.byte	0
 1129 044c 04       		.byte	4
 1130 044d 04       		.byte	4
 1131 044e 04       		.byte	4
 1132 044f 04       		.byte	4
 1133 0450 11       		.byte	17
 1134 0451 11       		.byte	17
 1135 0452 00       		.byte	0
 1136 0453 01       		.byte	1
 1137 0454 00       		.byte	0
 1138 0455 00       		.byte	0
 1139 0456 00       		.byte	0
 1140 0457 00       		.byte	0
ARM GAS  C:\Users\AADARS~1\AppData\Local\Temp\ccx3PXPR.s 			page 21


 1141 0458 00       		.byte	0
 1142 0459 00       		.byte	0
 1143 045a 40       		.byte	64
 1144 045b 02       		.byte	2
 1145 045c 00       		.byte	0
 1146 045d 10       		.byte	16
 1147 045e 30       		.byte	48
 1148 045f 10       		.byte	16
 1149 0460 00       		.byte	0
 1150 0461 10       		.byte	16
 1151 0462 10       		.byte	16
 1152 0463 12       		.byte	18
 1153 0464 00       		.byte	0
 1154 0465 00       		.byte	0
 1155 0466 00       		.byte	0
 1156 0467 00       		.byte	0
 1157 0468 00       		.byte	0
 1158 0469 00       		.byte	0
 1159 046a 00       		.byte	0
 1160 046b 00       		.byte	0
 1161 046c 00       		.byte	0
 1162 046d 00       		.byte	0
 1163 046e 00       		.byte	0
 1164 046f 00       		.byte	0
 1165 0470 00       		.byte	0
 1166 0471 00       		.byte	0
 1167 0472 00       		.byte	0
 1168 0473 00       		.byte	0
 1169 0474 00       		.byte	0
 1170 0475 00       		.byte	0
 1171 0476 00       		.byte	0
 1172 0477 00       		.byte	0
 1173 0478 00       		.byte	0
 1174 0479 00       		.byte	0
 1175 047a 30       		.byte	48
 1176 047b 00       		.byte	0
 1177 047c 00       		.byte	0
 1178 047d 0B       		.byte	11
 1179 047e 0B       		.byte	11
 1180 047f 00       		.byte	0
 1181 0480 00       		.byte	0
 1182 0481 00       		.byte	0
 1183 0482 00       		.byte	0
 1184 0483 00       		.byte	0
 1185 0484 12       		.byte	18
 1186 0485 00       		.byte	0
 1187 0486 01       		.byte	1
 1188 0487 F2       		.byte	-14
 1189 0488 E2       		.byte	-30
 1190 0489 00       		.byte	0
 1191 048a 02       		.byte	2
 1192 048b 00       		.byte	0
 1193 048c 00       		.byte	0
 1194 048d 00       		.byte	0
 1195 048e 00       		.byte	0
 1196 048f 00       		.byte	0
 1197 0490 BB       		.byte	-69
ARM GAS  C:\Users\AADARS~1\AppData\Local\Temp\ccx3PXPR.s 			page 22


 1198 0491 00       		.byte	0
 1199 0492 18       		.byte	24
 1200 0493 01       		.byte	1
 1201 0494 00       		.byte	0
 1202 0495 0A       		.byte	10
 1203 0496 00       		.byte	0
 1204 0497 00       		.byte	0
 1205              		.section	.cywolatch,"a",%progbits
 1206              		.align	2
 1207              		.type	cy_meta_wonvl, %object
 1208              		.size	cy_meta_wonvl, 4
 1209              	cy_meta_wonvl:
 1210 0000 BC       		.byte	-68
 1211 0001 90       		.byte	-112
 1212 0002 AC       		.byte	-84
 1213 0003 AF       		.byte	-81
 1214              		.section	.cycustnvl,"a",%progbits
 1215              		.align	2
 1216              		.type	cy_meta_custnvl, %object
 1217              		.size	cy_meta_custnvl, 4
 1218              	cy_meta_custnvl:
 1219 0000 00       		.byte	0
 1220 0001 00       		.byte	0
 1221 0002 40       		.byte	64
 1222 0003 05       		.byte	5
 1223              		.section	.cymeta,"a",%progbits
 1224              		.align	2
 1225              		.type	cy_metadata, %object
 1226              		.size	cy_metadata, 12
 1227              	cy_metadata:
 1228 0000 00       		.byte	0
 1229 0001 01       		.byte	1
 1230 0002 2E       		.byte	46
 1231 0003 16       		.byte	22
 1232 0004 00       		.byte	0
 1233 0005 69       		.byte	105
 1234 0006 00       		.byte	0
 1235 0007 01       		.byte	1
 1236 0008 00       		.byte	0
 1237 0009 00       		.byte	0
 1238 000a 00       		.byte	0
 1239 000b 00       		.byte	0
 1240              		.section	.cyflashprotect,"a",%progbits
 1241              		.align	2
 1242              		.type	cy_meta_flashprotect, %object
 1243              		.size	cy_meta_flashprotect, 256
 1244              	cy_meta_flashprotect:
 1245 0000 00000000 		.space	256
 1245      00000000 
 1245      00000000 
 1245      00000000 
 1245      00000000 
 1246              		.text
 1247              	.Letext0:
 1248              		.file 1 "c:\\program files (x86)\\cypress\\psoc creator\\4.3\\psoc creator\\import\\gnu\\arm\\5.4.
 1249              		.file 2 "c:\\program files (x86)\\cypress\\psoc creator\\4.3\\psoc creator\\import\\gnu\\arm\\5.4.
 1250              		.file 3 "Generated_Source\\PSoC5\\cymetadata.c"
ARM GAS  C:\Users\AADARS~1\AppData\Local\Temp\ccx3PXPR.s 			page 23


 1251              		.section	.debug_info,"",%progbits
 1252              	.Ldebug_info0:
 1253 0000 32010000 		.4byte	0x132
 1254 0004 0400     		.2byte	0x4
 1255 0006 00000000 		.4byte	.Ldebug_abbrev0
 1256 000a 04       		.byte	0x4
 1257 000b 01       		.uleb128 0x1
 1258 000c 24000000 		.4byte	.LASF17
 1259 0010 0C       		.byte	0xc
 1260 0011 38020000 		.4byte	.LASF18
 1261 0015 7E010000 		.4byte	.LASF19
 1262 0019 00000000 		.4byte	.Ldebug_line0
 1263 001d 02       		.uleb128 0x2
 1264 001e 01       		.byte	0x1
 1265 001f 06       		.byte	0x6
 1266 0020 72010000 		.4byte	.LASF0
 1267 0024 03       		.uleb128 0x3
 1268 0025 00000000 		.4byte	.LASF9
 1269 0029 01       		.byte	0x1
 1270 002a 1D       		.byte	0x1d
 1271 002b 2F000000 		.4byte	0x2f
 1272 002f 02       		.uleb128 0x2
 1273 0030 01       		.byte	0x1
 1274 0031 08       		.byte	0x8
 1275 0032 16000000 		.4byte	.LASF1
 1276 0036 02       		.uleb128 0x2
 1277 0037 02       		.byte	0x2
 1278 0038 05       		.byte	0x5
 1279 0039 5F010000 		.4byte	.LASF2
 1280 003d 02       		.uleb128 0x2
 1281 003e 02       		.byte	0x2
 1282 003f 07       		.byte	0x7
 1283 0040 C4000000 		.4byte	.LASF3
 1284 0044 02       		.uleb128 0x2
 1285 0045 04       		.byte	0x4
 1286 0046 05       		.byte	0x5
 1287 0047 69010000 		.4byte	.LASF4
 1288 004b 02       		.uleb128 0x2
 1289 004c 04       		.byte	0x4
 1290 004d 07       		.byte	0x7
 1291 004e B2000000 		.4byte	.LASF5
 1292 0052 02       		.uleb128 0x2
 1293 0053 08       		.byte	0x8
 1294 0054 05       		.byte	0x5
 1295 0055 51010000 		.4byte	.LASF6
 1296 0059 02       		.uleb128 0x2
 1297 005a 08       		.byte	0x8
 1298 005b 07       		.byte	0x7
 1299 005c 06010000 		.4byte	.LASF7
 1300 0060 04       		.uleb128 0x4
 1301 0061 04       		.byte	0x4
 1302 0062 05       		.byte	0x5
 1303 0063 696E7400 		.ascii	"int\000"
 1304 0067 02       		.uleb128 0x2
 1305 0068 04       		.byte	0x4
 1306 0069 07       		.byte	0x7
 1307 006a F9000000 		.4byte	.LASF8
ARM GAS  C:\Users\AADARS~1\AppData\Local\Temp\ccx3PXPR.s 			page 24


 1308 006e 03       		.uleb128 0x3
 1309 006f 1D010000 		.4byte	.LASF10
 1310 0073 02       		.byte	0x2
 1311 0074 18       		.byte	0x18
 1312 0075 24000000 		.4byte	0x24
 1313 0079 05       		.uleb128 0x5
 1314 007a 91000000 		.4byte	0x91
 1315 007e 8A000000 		.4byte	0x8a
 1316 0082 06       		.uleb128 0x6
 1317 0083 8A000000 		.4byte	0x8a
 1318 0087 9704     		.2byte	0x497
 1319 0089 00       		.byte	0
 1320 008a 02       		.uleb128 0x2
 1321 008b 04       		.byte	0x4
 1322 008c 07       		.byte	0x7
 1323 008d 48010000 		.4byte	.LASF11
 1324 0091 07       		.uleb128 0x7
 1325 0092 6E000000 		.4byte	0x6e
 1326 0096 08       		.uleb128 0x8
 1327 0097 E7000000 		.4byte	.LASF12
 1328 009b 03       		.byte	0x3
 1329 009c 1F       		.byte	0x1f
 1330 009d A7000000 		.4byte	0xa7
 1331 00a1 05       		.uleb128 0x5
 1332 00a2 03       		.byte	0x3
 1333 00a3 00000000 		.4byte	cy_meta_configecc
 1334 00a7 07       		.uleb128 0x7
 1335 00a8 79000000 		.4byte	0x79
 1336 00ac 05       		.uleb128 0x5
 1337 00ad 91000000 		.4byte	0x91
 1338 00b1 BC000000 		.4byte	0xbc
 1339 00b5 09       		.uleb128 0x9
 1340 00b6 8A000000 		.4byte	0x8a
 1341 00ba 03       		.byte	0x3
 1342 00bb 00       		.byte	0
 1343 00bc 08       		.uleb128 0x8
 1344 00bd D7000000 		.4byte	.LASF13
 1345 00c1 03       		.byte	0x3
 1346 00c2 BF       		.byte	0xbf
 1347 00c3 CD000000 		.4byte	0xcd
 1348 00c7 05       		.uleb128 0x5
 1349 00c8 03       		.byte	0x3
 1350 00c9 00000000 		.4byte	cy_meta_custnvl
 1351 00cd 07       		.uleb128 0x7
 1352 00ce AC000000 		.4byte	0xac
 1353 00d2 08       		.uleb128 0x8
 1354 00d3 3A010000 		.4byte	.LASF14
 1355 00d7 03       		.byte	0x3
 1356 00d8 CD       		.byte	0xcd
 1357 00d9 E3000000 		.4byte	0xe3
 1358 00dd 05       		.uleb128 0x5
 1359 00de 03       		.byte	0x3
 1360 00df 00000000 		.4byte	cy_meta_wonvl
 1361 00e3 07       		.uleb128 0x7
 1362 00e4 AC000000 		.4byte	0xac
 1363 00e8 05       		.uleb128 0x5
 1364 00e9 91000000 		.4byte	0x91
ARM GAS  C:\Users\AADARS~1\AppData\Local\Temp\ccx3PXPR.s 			page 25


 1365 00ed F8000000 		.4byte	0xf8
 1366 00f1 09       		.uleb128 0x9
 1367 00f2 8A000000 		.4byte	0x8a
 1368 00f6 FF       		.byte	0xff
 1369 00f7 00       		.byte	0
 1370 00f8 08       		.uleb128 0x8
 1371 00f9 25010000 		.4byte	.LASF15
 1372 00fd 03       		.byte	0x3
 1373 00fe DB       		.byte	0xdb
 1374 00ff 09010000 		.4byte	0x109
 1375 0103 05       		.uleb128 0x5
 1376 0104 03       		.byte	0x3
 1377 0105 00000000 		.4byte	cy_meta_flashprotect
 1378 0109 07       		.uleb128 0x7
 1379 010a E8000000 		.4byte	0xe8
 1380 010e 05       		.uleb128 0x5
 1381 010f 91000000 		.4byte	0x91
 1382 0113 1E010000 		.4byte	0x11e
 1383 0117 09       		.uleb128 0x9
 1384 0118 8A000000 		.4byte	0x8a
 1385 011c 0B       		.byte	0xb
 1386 011d 00       		.byte	0
 1387 011e 0A       		.uleb128 0xa
 1388 011f 0A000000 		.4byte	.LASF16
 1389 0123 03       		.byte	0x3
 1390 0124 0801     		.2byte	0x108
 1391 0126 30010000 		.4byte	0x130
 1392 012a 05       		.uleb128 0x5
 1393 012b 03       		.byte	0x3
 1394 012c 00000000 		.4byte	cy_metadata
 1395 0130 07       		.uleb128 0x7
 1396 0131 0E010000 		.4byte	0x10e
 1397 0135 00       		.byte	0
 1398              		.section	.debug_abbrev,"",%progbits
 1399              	.Ldebug_abbrev0:
 1400 0000 01       		.uleb128 0x1
 1401 0001 11       		.uleb128 0x11
 1402 0002 01       		.byte	0x1
 1403 0003 25       		.uleb128 0x25
 1404 0004 0E       		.uleb128 0xe
 1405 0005 13       		.uleb128 0x13
 1406 0006 0B       		.uleb128 0xb
 1407 0007 03       		.uleb128 0x3
 1408 0008 0E       		.uleb128 0xe
 1409 0009 1B       		.uleb128 0x1b
 1410 000a 0E       		.uleb128 0xe
 1411 000b 10       		.uleb128 0x10
 1412 000c 17       		.uleb128 0x17
 1413 000d 00       		.byte	0
 1414 000e 00       		.byte	0
 1415 000f 02       		.uleb128 0x2
 1416 0010 24       		.uleb128 0x24
 1417 0011 00       		.byte	0
 1418 0012 0B       		.uleb128 0xb
 1419 0013 0B       		.uleb128 0xb
 1420 0014 3E       		.uleb128 0x3e
 1421 0015 0B       		.uleb128 0xb
ARM GAS  C:\Users\AADARS~1\AppData\Local\Temp\ccx3PXPR.s 			page 26


 1422 0016 03       		.uleb128 0x3
 1423 0017 0E       		.uleb128 0xe
 1424 0018 00       		.byte	0
 1425 0019 00       		.byte	0
 1426 001a 03       		.uleb128 0x3
 1427 001b 16       		.uleb128 0x16
 1428 001c 00       		.byte	0
 1429 001d 03       		.uleb128 0x3
 1430 001e 0E       		.uleb128 0xe
 1431 001f 3A       		.uleb128 0x3a
 1432 0020 0B       		.uleb128 0xb
 1433 0021 3B       		.uleb128 0x3b
 1434 0022 0B       		.uleb128 0xb
 1435 0023 49       		.uleb128 0x49
 1436 0024 13       		.uleb128 0x13
 1437 0025 00       		.byte	0
 1438 0026 00       		.byte	0
 1439 0027 04       		.uleb128 0x4
 1440 0028 24       		.uleb128 0x24
 1441 0029 00       		.byte	0
 1442 002a 0B       		.uleb128 0xb
 1443 002b 0B       		.uleb128 0xb
 1444 002c 3E       		.uleb128 0x3e
 1445 002d 0B       		.uleb128 0xb
 1446 002e 03       		.uleb128 0x3
 1447 002f 08       		.uleb128 0x8
 1448 0030 00       		.byte	0
 1449 0031 00       		.byte	0
 1450 0032 05       		.uleb128 0x5
 1451 0033 01       		.uleb128 0x1
 1452 0034 01       		.byte	0x1
 1453 0035 49       		.uleb128 0x49
 1454 0036 13       		.uleb128 0x13
 1455 0037 01       		.uleb128 0x1
 1456 0038 13       		.uleb128 0x13
 1457 0039 00       		.byte	0
 1458 003a 00       		.byte	0
 1459 003b 06       		.uleb128 0x6
 1460 003c 21       		.uleb128 0x21
 1461 003d 00       		.byte	0
 1462 003e 49       		.uleb128 0x49
 1463 003f 13       		.uleb128 0x13
 1464 0040 2F       		.uleb128 0x2f
 1465 0041 05       		.uleb128 0x5
 1466 0042 00       		.byte	0
 1467 0043 00       		.byte	0
 1468 0044 07       		.uleb128 0x7
 1469 0045 26       		.uleb128 0x26
 1470 0046 00       		.byte	0
 1471 0047 49       		.uleb128 0x49
 1472 0048 13       		.uleb128 0x13
 1473 0049 00       		.byte	0
 1474 004a 00       		.byte	0
 1475 004b 08       		.uleb128 0x8
 1476 004c 34       		.uleb128 0x34
 1477 004d 00       		.byte	0
 1478 004e 03       		.uleb128 0x3
ARM GAS  C:\Users\AADARS~1\AppData\Local\Temp\ccx3PXPR.s 			page 27


 1479 004f 0E       		.uleb128 0xe
 1480 0050 3A       		.uleb128 0x3a
 1481 0051 0B       		.uleb128 0xb
 1482 0052 3B       		.uleb128 0x3b
 1483 0053 0B       		.uleb128 0xb
 1484 0054 49       		.uleb128 0x49
 1485 0055 13       		.uleb128 0x13
 1486 0056 3F       		.uleb128 0x3f
 1487 0057 19       		.uleb128 0x19
 1488 0058 02       		.uleb128 0x2
 1489 0059 18       		.uleb128 0x18
 1490 005a 00       		.byte	0
 1491 005b 00       		.byte	0
 1492 005c 09       		.uleb128 0x9
 1493 005d 21       		.uleb128 0x21
 1494 005e 00       		.byte	0
 1495 005f 49       		.uleb128 0x49
 1496 0060 13       		.uleb128 0x13
 1497 0061 2F       		.uleb128 0x2f
 1498 0062 0B       		.uleb128 0xb
 1499 0063 00       		.byte	0
 1500 0064 00       		.byte	0
 1501 0065 0A       		.uleb128 0xa
 1502 0066 34       		.uleb128 0x34
 1503 0067 00       		.byte	0
 1504 0068 03       		.uleb128 0x3
 1505 0069 0E       		.uleb128 0xe
 1506 006a 3A       		.uleb128 0x3a
 1507 006b 0B       		.uleb128 0xb
 1508 006c 3B       		.uleb128 0x3b
 1509 006d 05       		.uleb128 0x5
 1510 006e 49       		.uleb128 0x49
 1511 006f 13       		.uleb128 0x13
 1512 0070 3F       		.uleb128 0x3f
 1513 0071 19       		.uleb128 0x19
 1514 0072 02       		.uleb128 0x2
 1515 0073 18       		.uleb128 0x18
 1516 0074 00       		.byte	0
 1517 0075 00       		.byte	0
 1518 0076 00       		.byte	0
 1519              		.section	.debug_aranges,"",%progbits
 1520 0000 14000000 		.4byte	0x14
 1521 0004 0200     		.2byte	0x2
 1522 0006 00000000 		.4byte	.Ldebug_info0
 1523 000a 04       		.byte	0x4
 1524 000b 00       		.byte	0
 1525 000c 0000     		.2byte	0
 1526 000e 0000     		.2byte	0
 1527 0010 00000000 		.4byte	0
 1528 0014 00000000 		.4byte	0
 1529              		.section	.debug_line,"",%progbits
 1530              	.Ldebug_line0:
 1531 0000 3D010000 		.section	.debug_str,"MS",%progbits,1
 1531      02003701 
 1531      00000201 
 1531      FB0E0D00 
 1531      01010101 
ARM GAS  C:\Users\AADARS~1\AppData\Local\Temp\ccx3PXPR.s 			page 28


 1532              	.LASF9:
 1533 0000 5F5F7569 		.ascii	"__uint8_t\000"
 1533      6E74385F 
 1533      7400
 1534              	.LASF16:
 1535 000a 63795F6D 		.ascii	"cy_metadata\000"
 1535      65746164 
 1535      61746100 
 1536              	.LASF1:
 1537 0016 756E7369 		.ascii	"unsigned char\000"
 1537      676E6564 
 1537      20636861 
 1537      7200
 1538              	.LASF17:
 1539 0024 474E5520 		.ascii	"GNU C11 5.4.1 20160609 (release) [ARM/embedded-5-br"
 1539      43313120 
 1539      352E342E 
 1539      31203230 
 1539      31363036 
 1540 0057 616E6368 		.ascii	"anch revision 237715] -mcpu=cortex-m3 -mthumb -g -O"
 1540      20726576 
 1540      6973696F 
 1540      6E203233 
 1540      37373135 
 1541 008a 67202D66 		.ascii	"g -ffunction-sections -ffat-lto-objects\000"
 1541      66756E63 
 1541      74696F6E 
 1541      2D736563 
 1541      74696F6E 
 1542              	.LASF5:
 1543 00b2 6C6F6E67 		.ascii	"long unsigned int\000"
 1543      20756E73 
 1543      69676E65 
 1543      6420696E 
 1543      7400
 1544              	.LASF3:
 1545 00c4 73686F72 		.ascii	"short unsigned int\000"
 1545      7420756E 
 1545      7369676E 
 1545      65642069 
 1545      6E7400
 1546              	.LASF13:
 1547 00d7 63795F6D 		.ascii	"cy_meta_custnvl\000"
 1547      6574615F 
 1547      63757374 
 1547      6E766C00 
 1548              	.LASF12:
 1549 00e7 63795F6D 		.ascii	"cy_meta_configecc\000"
 1549      6574615F 
 1549      636F6E66 
 1549      69676563 
 1549      6300
 1550              	.LASF8:
 1551 00f9 756E7369 		.ascii	"unsigned int\000"
 1551      676E6564 
 1551      20696E74 
 1551      00
ARM GAS  C:\Users\AADARS~1\AppData\Local\Temp\ccx3PXPR.s 			page 29


 1552              	.LASF7:
 1553 0106 6C6F6E67 		.ascii	"long long unsigned int\000"
 1553      206C6F6E 
 1553      6720756E 
 1553      7369676E 
 1553      65642069 
 1554              	.LASF10:
 1555 011d 75696E74 		.ascii	"uint8_t\000"
 1555      385F7400 
 1556              	.LASF15:
 1557 0125 63795F6D 		.ascii	"cy_meta_flashprotect\000"
 1557      6574615F 
 1557      666C6173 
 1557      6870726F 
 1557      74656374 
 1558              	.LASF14:
 1559 013a 63795F6D 		.ascii	"cy_meta_wonvl\000"
 1559      6574615F 
 1559      776F6E76 
 1559      6C00
 1560              	.LASF11:
 1561 0148 73697A65 		.ascii	"sizetype\000"
 1561      74797065 
 1561      00
 1562              	.LASF6:
 1563 0151 6C6F6E67 		.ascii	"long long int\000"
 1563      206C6F6E 
 1563      6720696E 
 1563      7400
 1564              	.LASF2:
 1565 015f 73686F72 		.ascii	"short int\000"
 1565      7420696E 
 1565      7400
 1566              	.LASF4:
 1567 0169 6C6F6E67 		.ascii	"long int\000"
 1567      20696E74 
 1567      00
 1568              	.LASF0:
 1569 0172 7369676E 		.ascii	"signed char\000"
 1569      65642063 
 1569      68617200 
 1570              	.LASF19:
 1571 017e 433A5C61 		.ascii	"C:\\aadarshxp\\_MastersEmbeddedSystem\\Semester-2\\"
 1571      61646172 
 1571      73687870 
 1571      5C5F4D61 
 1571      73746572 
 1572 01ad 53797374 		.ascii	"SystemLevelHardwareDesign\\movement_detection_using"
 1572      656D4C65 
 1572      76656C48 
 1572      61726477 
 1572      61726544 
 1573 01df 5F726164 		.ascii	"_radar\\40_Implementation\\work\\20_SW\\Workspace_S"
 1573      61725C34 
 1573      305F496D 
 1573      706C656D 
 1573      656E7461 
ARM GAS  C:\Users\AADARS~1\AppData\Local\Temp\ccx3PXPR.s 			page 30


 1574 020e 4448445F 		.ascii	"DHD_FreeSoc2\\SDHD_MovementDetection.cydsn\000"
 1574      46726565 
 1574      536F6332 
 1574      5C534448 
 1574      445F4D6F 
 1575              	.LASF18:
 1576 0238 47656E65 		.ascii	"Generated_Source\\PSoC5\\cymetadata.c\000"
 1576      72617465 
 1576      645F536F 
 1576      75726365 
 1576      5C50536F 
 1577              		.ident	"GCC: (GNU Tools for ARM Embedded Processors) 5.4.1 20160609 (release) [ARM/embedded-5-bran
