ARM GAS  C:\Users\AADARS~1\AppData\Local\Temp\ccS4a7C5.s 			page 1


   1              		.syntax unified
   2              		.cpu cortex-m3
   3              		.fpu softvfp
   4              		.eabi_attribute 20, 1
   5              		.eabi_attribute 21, 1
   6              		.eabi_attribute 23, 3
   7              		.eabi_attribute 24, 1
   8              		.eabi_attribute 25, 1
   9              		.eabi_attribute 26, 1
  10              		.eabi_attribute 30, 1
  11              		.eabi_attribute 34, 1
  12              		.eabi_attribute 18, 4
  13              		.thumb
  14              		.syntax unified
  15              		.file	"led.c"
  16              		.text
  17              	.Ltext0:
  18              		.cfi_sections	.debug_frame
  19              		.section	.text.LED_Set,"ax",%progbits
  20              		.align	2
  21              		.global	LED_Set
  22              		.thumb
  23              		.thumb_func
  24              		.type	LED_Set, %function
  25              	LED_Set:
  26              	.LFB63:
  27              		.file 1 "source\\bsw\\led.c"
   1:source\bsw/led.c **** /**
   2:source\bsw/led.c **** * \file led.h
   3:source\bsw/led.c **** * \author Aadarsh Kumar Singh
   4:source\bsw/led.c **** * \date 11.06.2020
   5:source\bsw/led.c **** **/
   6:source\bsw/led.c **** 
   7:source\bsw/led.c **** /*****************************************************************************/
   8:source\bsw/led.c **** /* Include files                                                             */
   9:source\bsw/led.c **** /*****************************************************************************/
  10:source\bsw/led.c **** 
  11:source\bsw/led.c **** #include "project.h"
  12:source\bsw/led.c **** #include "led.h"
  13:source\bsw/led.c **** 
  14:source\bsw/led.c **** 
  15:source\bsw/led.c **** /**
  16:source\bsw/led.c ****  * Sets the required LED
  17:source\bsw/led.c ****  * @param LED_t ledId - Identifier for the LED, ALL will change all LED's
  18:source\bsw/led.c ****  * @param LED_ONOFF_t ledOnOff - Trun the led on or off
  19:source\bsw/led.c ****  * @return RC_SUCCESS if function was executed as exepected, other error code in case of error
  20:source\bsw/led.c ****  */
  21:source\bsw/led.c **** RC_t LED_Set(LED_id_t ledId, LED_ONOFF_t ledOnOff)
  22:source\bsw/led.c **** {
  28              		.loc 1 22 0
  29              		.cfi_startproc
  30              		@ args = 0, pretend = 0, frame = 0
  31              		@ frame_needed = 0, uses_anonymous_args = 0
  32              	.LVL0:
  33 0000 38B5     		push	{r3, r4, r5, lr}
  34              		.cfi_def_cfa_offset 16
  35              		.cfi_offset 3, -16
ARM GAS  C:\Users\AADARS~1\AppData\Local\Temp\ccS4a7C5.s 			page 2


  36              		.cfi_offset 4, -12
  37              		.cfi_offset 5, -8
  38              		.cfi_offset 14, -4
  39 0002 0D46     		mov	r5, r1
  23:source\bsw/led.c ****     //set individual LED
  24:source\bsw/led.c ****     switch (ledId)
  40              		.loc 1 24 0
  41 0004 0328     		cmp	r0, #3
  42 0006 1ED8     		bhi	.L9
  43 0008 DFE800F0 		tbb	[pc, r0]
  44              	.L4:
  45 000c 02       		.byte	(.L3-.L4)/2
  46 000d 07       		.byte	(.L5-.L4)/2
  47 000e 0C       		.byte	(.L6-.L4)/2
  48 000f 18       		.byte	(.L10-.L4)/2
  49              		.p2align 1
  50              	.L3:
  25:source\bsw/led.c ****     {
  26:source\bsw/led.c ****         case LED_RED : 
  27:source\bsw/led.c ****             LED_red_Write(ledOnOff); 
  51              		.loc 1 27 0
  52 0010 0846     		mov	r0, r1
  53              	.LVL1:
  54 0012 FFF7FEFF 		bl	LED_red_Write
  55              	.LVL2:
  28:source\bsw/led.c ****             break;
  29:source\bsw/led.c ****         
  30:source\bsw/led.c ****         case LED_YELLOW : 
  31:source\bsw/led.c ****             LED_yellow_Write(ledOnOff);
  32:source\bsw/led.c ****             break;
  33:source\bsw/led.c ****             
  34:source\bsw/led.c ****         case LED_GREEN : 
  35:source\bsw/led.c ****             LED_green_Write(ledOnOff);             
  36:source\bsw/led.c ****             break;
  37:source\bsw/led.c ****            
  38:source\bsw/led.c ****         case LED_ALL : 
  39:source\bsw/led.c ****             for (LED_id_t i = LED_RED; i < LED_ALL; i++)
  40:source\bsw/led.c ****             {
  41:source\bsw/led.c ****                 LED_Set(i, ledOnOff);
  42:source\bsw/led.c ****             }
  43:source\bsw/led.c ****             break;
  44:source\bsw/led.c ****         default: return RC_ERROR_BAD_PARAM;
  45:source\bsw/led.c ****     }
  46:source\bsw/led.c ****     
  47:source\bsw/led.c ****     return RC_SUCCESS;
  56              		.loc 1 47 0
  57 0016 0020     		movs	r0, #0
  28:source\bsw/led.c ****             break;
  58              		.loc 1 28 0
  59 0018 38BD     		pop	{r3, r4, r5, pc}
  60              	.LVL3:
  61              	.L5:
  31:source\bsw/led.c ****             break;
  62              		.loc 1 31 0
  63 001a 0846     		mov	r0, r1
  64              	.LVL4:
  65 001c FFF7FEFF 		bl	LED_yellow_Write
ARM GAS  C:\Users\AADARS~1\AppData\Local\Temp\ccS4a7C5.s 			page 3


  66              	.LVL5:
  67              		.loc 1 47 0
  68 0020 0020     		movs	r0, #0
  32:source\bsw/led.c ****             
  69              		.loc 1 32 0
  70 0022 38BD     		pop	{r3, r4, r5, pc}
  71              	.LVL6:
  72              	.L6:
  35:source\bsw/led.c ****             break;
  73              		.loc 1 35 0
  74 0024 0846     		mov	r0, r1
  75              	.LVL7:
  76 0026 FFF7FEFF 		bl	LED_green_Write
  77              	.LVL8:
  78              		.loc 1 47 0
  79 002a 0020     		movs	r0, #0
  36:source\bsw/led.c ****            
  80              		.loc 1 36 0
  81 002c 38BD     		pop	{r3, r4, r5, pc}
  82              	.LVL9:
  83              	.L8:
  84              	.LBB2:
  41:source\bsw/led.c ****             }
  85              		.loc 1 41 0 discriminator 3
  86 002e 2946     		mov	r1, r5
  87 0030 2046     		mov	r0, r4
  88 0032 FFF7FEFF 		bl	LED_Set
  89              	.LVL10:
  39:source\bsw/led.c ****             {
  90              		.loc 1 39 0 discriminator 3
  91 0036 0134     		adds	r4, r4, #1
  92              	.LVL11:
  93 0038 E4B2     		uxtb	r4, r4
  94              	.LVL12:
  95 003a 00E0     		b	.L7
  96              	.LVL13:
  97              	.L10:
  98              	.LBE2:
  24:source\bsw/led.c ****     {
  99              		.loc 1 24 0
 100 003c 0024     		movs	r4, #0
 101              	.LVL14:
 102              	.L7:
 103              	.LBB3:
  39:source\bsw/led.c ****             {
 104              		.loc 1 39 0 discriminator 1
 105 003e 022C     		cmp	r4, #2
 106 0040 F5D9     		bls	.L8
 107              	.LBE3:
 108              		.loc 1 47 0
 109 0042 0020     		movs	r0, #0
 110              	.LBB4:
 111 0044 38BD     		pop	{r3, r4, r5, pc}
 112              	.LVL15:
 113              	.L9:
 114              	.LBE4:
  44:source\bsw/led.c ****     }
ARM GAS  C:\Users\AADARS~1\AppData\Local\Temp\ccS4a7C5.s 			page 4


 115              		.loc 1 44 0
 116 0046 6FF01300 		mvn	r0, #19
 117              	.LVL16:
  48:source\bsw/led.c **** }
 118              		.loc 1 48 0
 119 004a 38BD     		pop	{r3, r4, r5, pc}
 120              		.cfi_endproc
 121              	.LFE63:
 122              		.size	LED_Set, .-LED_Set
 123              		.text
 124              	.Letext0:
 125              		.file 2 "c:\\program files (x86)\\cypress\\psoc creator\\4.3\\psoc creator\\import\\gnu\\arm\\5.4.
 126              		.file 3 "c:\\program files (x86)\\cypress\\psoc creator\\4.3\\psoc creator\\import\\gnu\\arm\\5.4.
 127              		.file 4 "source\\bsw\\global.h"
 128              		.file 5 "source\\bsw\\led.h"
 129              		.file 6 "Generated_Source\\PSoC5/LED_red.h"
 130              		.file 7 "Generated_Source\\PSoC5/LED_yellow.h"
 131              		.file 8 "Generated_Source\\PSoC5/LED_green.h"
 132              		.file 9 "Generated_Source\\PSoC5/core_cm3.h"
 133              		.section	.debug_info,"",%progbits
 134              	.Ldebug_info0:
 135 0000 84020000 		.4byte	0x284
 136 0004 0400     		.2byte	0x4
 137 0006 00000000 		.4byte	.Ldebug_abbrev0
 138 000a 04       		.byte	0x4
 139 000b 01       		.uleb128 0x1
 140 000c 69020000 		.4byte	.LASF58
 141 0010 0C       		.byte	0xc
 142 0011 EC000000 		.4byte	.LASF59
 143 0015 19030000 		.4byte	.LASF60
 144 0019 20000000 		.4byte	.Ldebug_ranges0+0x20
 145 001d 00000000 		.4byte	0
 146 0021 00000000 		.4byte	.Ldebug_line0
 147 0025 02       		.uleb128 0x2
 148 0026 01       		.byte	0x1
 149 0027 06       		.byte	0x6
 150 0028 B5010000 		.4byte	.LASF0
 151 002c 02       		.uleb128 0x2
 152 002d 01       		.byte	0x1
 153 002e 08       		.byte	0x8
 154 002f 9B010000 		.4byte	.LASF1
 155 0033 02       		.uleb128 0x2
 156 0034 02       		.byte	0x2
 157 0035 05       		.byte	0x5
 158 0036 46000000 		.4byte	.LASF2
 159 003a 02       		.uleb128 0x2
 160 003b 02       		.byte	0x2
 161 003c 07       		.byte	0x7
 162 003d 56020000 		.4byte	.LASF3
 163 0041 03       		.uleb128 0x3
 164 0042 23040000 		.4byte	.LASF9
 165 0046 02       		.byte	0x2
 166 0047 3F       		.byte	0x3f
 167 0048 4C000000 		.4byte	0x4c
 168 004c 02       		.uleb128 0x2
 169 004d 04       		.byte	0x4
 170 004e 05       		.byte	0x5
ARM GAS  C:\Users\AADARS~1\AppData\Local\Temp\ccS4a7C5.s 			page 5


 171 004f 21010000 		.4byte	.LASF4
 172 0053 02       		.uleb128 0x2
 173 0054 04       		.byte	0x4
 174 0055 07       		.byte	0x7
 175 0056 F0030000 		.4byte	.LASF5
 176 005a 02       		.uleb128 0x2
 177 005b 08       		.byte	0x8
 178 005c 05       		.byte	0x5
 179 005d DE000000 		.4byte	.LASF6
 180 0061 02       		.uleb128 0x2
 181 0062 08       		.byte	0x8
 182 0063 07       		.byte	0x7
 183 0064 C1010000 		.4byte	.LASF7
 184 0068 04       		.uleb128 0x4
 185 0069 04       		.byte	0x4
 186 006a 05       		.byte	0x5
 187 006b 696E7400 		.ascii	"int\000"
 188 006f 02       		.uleb128 0x2
 189 0070 04       		.byte	0x4
 190 0071 07       		.byte	0x7
 191 0072 E8010000 		.4byte	.LASF8
 192 0076 03       		.uleb128 0x3
 193 0077 11030000 		.4byte	.LASF10
 194 007b 03       		.byte	0x3
 195 007c 2C       		.byte	0x2c
 196 007d 41000000 		.4byte	0x41
 197 0081 02       		.uleb128 0x2
 198 0082 04       		.byte	0x4
 199 0083 04       		.byte	0x4
 200 0084 00000000 		.4byte	.LASF11
 201 0088 02       		.uleb128 0x2
 202 0089 08       		.byte	0x8
 203 008a 04       		.byte	0x4
 204 008b 02040000 		.4byte	.LASF12
 205 008f 02       		.uleb128 0x2
 206 0090 01       		.byte	0x1
 207 0091 08       		.byte	0x8
 208 0092 F7020000 		.4byte	.LASF13
 209 0096 02       		.uleb128 0x2
 210 0097 08       		.byte	0x8
 211 0098 04       		.byte	0x4
 212 0099 7F010000 		.4byte	.LASF14
 213 009d 02       		.uleb128 0x2
 214 009e 04       		.byte	0x4
 215 009f 07       		.byte	0x7
 216 00a0 76000000 		.4byte	.LASF15
 217 00a4 05       		.uleb128 0x5
 218 00a5 65524300 		.ascii	"eRC\000"
 219 00a9 01       		.byte	0x1
 220 00aa 25000000 		.4byte	0x25
 221 00ae 04       		.byte	0x4
 222 00af AC       		.byte	0xac
 223 00b0 51010000 		.4byte	0x151
 224 00b4 06       		.uleb128 0x6
 225 00b5 19000000 		.4byte	.LASF16
 226 00b9 00       		.byte	0
 227 00ba 07       		.uleb128 0x7
ARM GAS  C:\Users\AADARS~1\AppData\Local\Temp\ccS4a7C5.s 			page 6


 228 00bb 4C040000 		.4byte	.LASF17
 229 00bf 7F       		.sleb128 -1
 230 00c0 07       		.uleb128 0x7
 231 00c1 1E020000 		.4byte	.LASF18
 232 00c5 7E       		.sleb128 -2
 233 00c6 07       		.uleb128 0x7
 234 00c7 7F000000 		.4byte	.LASF19
 235 00cb 7D       		.sleb128 -3
 236 00cc 07       		.uleb128 0x7
 237 00cd 6E040000 		.4byte	.LASF20
 238 00d1 7C       		.sleb128 -4
 239 00d2 07       		.uleb128 0x7
 240 00d3 B8000000 		.4byte	.LASF21
 241 00d7 7B       		.sleb128 -5
 242 00d8 07       		.uleb128 0x7
 243 00d9 50000000 		.4byte	.LASF22
 244 00dd 7A       		.sleb128 -6
 245 00de 07       		.uleb128 0x7
 246 00df 2A010000 		.4byte	.LASF23
 247 00e3 79       		.sleb128 -7
 248 00e4 07       		.uleb128 0x7
 249 00e5 FC020000 		.4byte	.LASF24
 250 00e9 78       		.sleb128 -8
 251 00ea 07       		.uleb128 0x7
 252 00eb 2C020000 		.4byte	.LASF25
 253 00ef 77       		.sleb128 -9
 254 00f0 07       		.uleb128 0x7
 255 00f1 3C010000 		.4byte	.LASF26
 256 00f5 76       		.sleb128 -10
 257 00f6 07       		.uleb128 0x7
 258 00f7 83040000 		.4byte	.LASF27
 259 00fb 75       		.sleb128 -11
 260 00fc 07       		.uleb128 0x7
 261 00fd F5010000 		.4byte	.LASF28
 262 0101 74       		.sleb128 -12
 263 0102 07       		.uleb128 0x7
 264 0103 09040000 		.4byte	.LASF29
 265 0107 73       		.sleb128 -13
 266 0108 07       		.uleb128 0x7
 267 0109 06000000 		.4byte	.LASF30
 268 010d 72       		.sleb128 -14
 269 010e 07       		.uleb128 0x7
 270 010f 32000000 		.4byte	.LASF31
 271 0113 71       		.sleb128 -15
 272 0114 07       		.uleb128 0x7
 273 0115 50010000 		.4byte	.LASF32
 274 0119 70       		.sleb128 -16
 275 011a 07       		.uleb128 0x7
 276 011b 8D000000 		.4byte	.LASF33
 277 011f 6F       		.sleb128 -17
 278 0120 07       		.uleb128 0x7
 279 0121 61000000 		.4byte	.LASF34
 280 0125 6E       		.sleb128 -18
 281 0126 07       		.uleb128 0x7
 282 0127 FD000000 		.4byte	.LASF35
 283 012b 6D       		.sleb128 -19
 284 012c 07       		.uleb128 0x7
ARM GAS  C:\Users\AADARS~1\AppData\Local\Temp\ccS4a7C5.s 			page 7


 285 012d D3030000 		.4byte	.LASF36
 286 0131 6C       		.sleb128 -20
 287 0132 07       		.uleb128 0x7
 288 0133 61010000 		.4byte	.LASF37
 289 0137 6B       		.sleb128 -21
 290 0138 07       		.uleb128 0x7
 291 0139 2D040000 		.4byte	.LASF38
 292 013d 6A       		.sleb128 -22
 293 013e 07       		.uleb128 0x7
 294 013f A1000000 		.4byte	.LASF39
 295 0143 69       		.sleb128 -23
 296 0144 07       		.uleb128 0x7
 297 0145 10010000 		.4byte	.LASF40
 298 0149 68       		.sleb128 -24
 299 014a 07       		.uleb128 0x7
 300 014b C7000000 		.4byte	.LASF41
 301 014f 67       		.sleb128 -25
 302 0150 00       		.byte	0
 303 0151 03       		.uleb128 0x3
 304 0152 7E040000 		.4byte	.LASF42
 305 0156 04       		.byte	0x4
 306 0157 C9       		.byte	0xc9
 307 0158 A4000000 		.4byte	0xa4
 308 015c 08       		.uleb128 0x8
 309 015d 42020000 		.4byte	.LASF43
 310 0161 01       		.byte	0x1
 311 0162 2C000000 		.4byte	0x2c
 312 0166 05       		.byte	0x5
 313 0167 12       		.byte	0x12
 314 0168 85010000 		.4byte	0x185
 315 016c 06       		.uleb128 0x6
 316 016d 66040000 		.4byte	.LASF44
 317 0171 00       		.byte	0
 318 0172 06       		.uleb128 0x6
 319 0173 13020000 		.4byte	.LASF45
 320 0177 01       		.byte	0x1
 321 0178 06       		.uleb128 0x6
 322 0179 E6030000 		.4byte	.LASF46
 323 017d 02       		.byte	0x2
 324 017e 06       		.uleb128 0x6
 325 017f 1B040000 		.4byte	.LASF47
 326 0183 03       		.byte	0x3
 327 0184 00       		.byte	0
 328 0185 03       		.uleb128 0x3
 329 0186 DF010000 		.4byte	.LASF48
 330 018a 05       		.byte	0x5
 331 018b 18       		.byte	0x18
 332 018c 5C010000 		.4byte	0x15c
 333 0190 08       		.uleb128 0x8
 334 0191 73010000 		.4byte	.LASF49
 335 0195 01       		.byte	0x1
 336 0196 2C000000 		.4byte	0x2c
 337 019a 05       		.byte	0x5
 338 019b 1A       		.byte	0x1a
 339 019c AD010000 		.4byte	0x1ad
 340 01a0 06       		.uleb128 0x6
 341 01a1 0B020000 		.4byte	.LASF50
ARM GAS  C:\Users\AADARS~1\AppData\Local\Temp\ccS4a7C5.s 			page 8


 342 01a5 00       		.byte	0
 343 01a6 06       		.uleb128 0x6
 344 01a7 D8010000 		.4byte	.LASF51
 345 01ab 01       		.byte	0x1
 346 01ac 00       		.byte	0
 347 01ad 03       		.uleb128 0x3
 348 01ae A9010000 		.4byte	.LASF52
 349 01b2 05       		.byte	0x5
 350 01b3 1E       		.byte	0x1e
 351 01b4 90010000 		.4byte	0x190
 352 01b8 09       		.uleb128 0x9
 353 01b9 03020000 		.4byte	.LASF61
 354 01bd 01       		.byte	0x1
 355 01be 15       		.byte	0x15
 356 01bf 51010000 		.4byte	0x151
 357 01c3 00000000 		.4byte	.LFB63
 358 01c7 4C000000 		.4byte	.LFE63-.LFB63
 359 01cb 01       		.uleb128 0x1
 360 01cc 9C       		.byte	0x9c
 361 01cd 55020000 		.4byte	0x255
 362 01d1 0A       		.uleb128 0xa
 363 01d2 4A010000 		.4byte	.LASF53
 364 01d6 01       		.byte	0x1
 365 01d7 15       		.byte	0x15
 366 01d8 85010000 		.4byte	0x185
 367 01dc 00000000 		.4byte	.LLST0
 368 01e0 0A       		.uleb128 0xa
 369 01e1 4D020000 		.4byte	.LASF54
 370 01e5 01       		.byte	0x1
 371 01e6 15       		.byte	0x15
 372 01e7 AD010000 		.4byte	0x1ad
 373 01eb 85000000 		.4byte	.LLST1
 374 01ef 0B       		.uleb128 0xb
 375 01f0 00000000 		.4byte	.Ldebug_ranges0+0
 376 01f4 1C020000 		.4byte	0x21c
 377 01f8 0C       		.uleb128 0xc
 378 01f9 6900     		.ascii	"i\000"
 379 01fb 01       		.byte	0x1
 380 01fc 27       		.byte	0x27
 381 01fd 85010000 		.4byte	0x185
 382 0201 FC000000 		.4byte	.LLST2
 383 0205 0D       		.uleb128 0xd
 384 0206 36000000 		.4byte	.LVL10
 385 020a B8010000 		.4byte	0x1b8
 386 020e 0E       		.uleb128 0xe
 387 020f 01       		.uleb128 0x1
 388 0210 50       		.byte	0x50
 389 0211 02       		.uleb128 0x2
 390 0212 74       		.byte	0x74
 391 0213 00       		.sleb128 0
 392 0214 0E       		.uleb128 0xe
 393 0215 01       		.uleb128 0x1
 394 0216 51       		.byte	0x51
 395 0217 02       		.uleb128 0x2
 396 0218 75       		.byte	0x75
 397 0219 00       		.sleb128 0
 398 021a 00       		.byte	0
ARM GAS  C:\Users\AADARS~1\AppData\Local\Temp\ccS4a7C5.s 			page 9


 399 021b 00       		.byte	0
 400 021c 0F       		.uleb128 0xf
 401 021d 16000000 		.4byte	.LVL2
 402 0221 66020000 		.4byte	0x266
 403 0225 30020000 		.4byte	0x230
 404 0229 0E       		.uleb128 0xe
 405 022a 01       		.uleb128 0x1
 406 022b 50       		.byte	0x50
 407 022c 02       		.uleb128 0x2
 408 022d 75       		.byte	0x75
 409 022e 00       		.sleb128 0
 410 022f 00       		.byte	0
 411 0230 0F       		.uleb128 0xf
 412 0231 20000000 		.4byte	.LVL5
 413 0235 71020000 		.4byte	0x271
 414 0239 44020000 		.4byte	0x244
 415 023d 0E       		.uleb128 0xe
 416 023e 01       		.uleb128 0x1
 417 023f 50       		.byte	0x50
 418 0240 02       		.uleb128 0x2
 419 0241 75       		.byte	0x75
 420 0242 00       		.sleb128 0
 421 0243 00       		.byte	0
 422 0244 0D       		.uleb128 0xd
 423 0245 2A000000 		.4byte	.LVL8
 424 0249 7C020000 		.4byte	0x27c
 425 024d 0E       		.uleb128 0xe
 426 024e 01       		.uleb128 0x1
 427 024f 50       		.byte	0x50
 428 0250 02       		.uleb128 0x2
 429 0251 75       		.byte	0x75
 430 0252 00       		.sleb128 0
 431 0253 00       		.byte	0
 432 0254 00       		.byte	0
 433 0255 10       		.uleb128 0x10
 434 0256 3F040000 		.4byte	.LASF62
 435 025a 09       		.byte	0x9
 436 025b 1207     		.2byte	0x712
 437 025d 61020000 		.4byte	0x261
 438 0261 11       		.uleb128 0x11
 439 0262 76000000 		.4byte	0x76
 440 0266 12       		.uleb128 0x12
 441 0267 24000000 		.4byte	.LASF55
 442 026b 24000000 		.4byte	.LASF55
 443 026f 06       		.byte	0x6
 444 0270 26       		.byte	0x26
 445 0271 12       		.uleb128 0x12
 446 0272 55040000 		.4byte	.LASF56
 447 0276 55040000 		.4byte	.LASF56
 448 027a 07       		.byte	0x7
 449 027b 26       		.byte	0x26
 450 027c 12       		.uleb128 0x12
 451 027d 8B010000 		.4byte	.LASF57
 452 0281 8B010000 		.4byte	.LASF57
 453 0285 08       		.byte	0x8
 454 0286 26       		.byte	0x26
 455 0287 00       		.byte	0
ARM GAS  C:\Users\AADARS~1\AppData\Local\Temp\ccS4a7C5.s 			page 10


 456              		.section	.debug_abbrev,"",%progbits
 457              	.Ldebug_abbrev0:
 458 0000 01       		.uleb128 0x1
 459 0001 11       		.uleb128 0x11
 460 0002 01       		.byte	0x1
 461 0003 25       		.uleb128 0x25
 462 0004 0E       		.uleb128 0xe
 463 0005 13       		.uleb128 0x13
 464 0006 0B       		.uleb128 0xb
 465 0007 03       		.uleb128 0x3
 466 0008 0E       		.uleb128 0xe
 467 0009 1B       		.uleb128 0x1b
 468 000a 0E       		.uleb128 0xe
 469 000b 55       		.uleb128 0x55
 470 000c 17       		.uleb128 0x17
 471 000d 11       		.uleb128 0x11
 472 000e 01       		.uleb128 0x1
 473 000f 10       		.uleb128 0x10
 474 0010 17       		.uleb128 0x17
 475 0011 00       		.byte	0
 476 0012 00       		.byte	0
 477 0013 02       		.uleb128 0x2
 478 0014 24       		.uleb128 0x24
 479 0015 00       		.byte	0
 480 0016 0B       		.uleb128 0xb
 481 0017 0B       		.uleb128 0xb
 482 0018 3E       		.uleb128 0x3e
 483 0019 0B       		.uleb128 0xb
 484 001a 03       		.uleb128 0x3
 485 001b 0E       		.uleb128 0xe
 486 001c 00       		.byte	0
 487 001d 00       		.byte	0
 488 001e 03       		.uleb128 0x3
 489 001f 16       		.uleb128 0x16
 490 0020 00       		.byte	0
 491 0021 03       		.uleb128 0x3
 492 0022 0E       		.uleb128 0xe
 493 0023 3A       		.uleb128 0x3a
 494 0024 0B       		.uleb128 0xb
 495 0025 3B       		.uleb128 0x3b
 496 0026 0B       		.uleb128 0xb
 497 0027 49       		.uleb128 0x49
 498 0028 13       		.uleb128 0x13
 499 0029 00       		.byte	0
 500 002a 00       		.byte	0
 501 002b 04       		.uleb128 0x4
 502 002c 24       		.uleb128 0x24
 503 002d 00       		.byte	0
 504 002e 0B       		.uleb128 0xb
 505 002f 0B       		.uleb128 0xb
 506 0030 3E       		.uleb128 0x3e
 507 0031 0B       		.uleb128 0xb
 508 0032 03       		.uleb128 0x3
 509 0033 08       		.uleb128 0x8
 510 0034 00       		.byte	0
 511 0035 00       		.byte	0
 512 0036 05       		.uleb128 0x5
ARM GAS  C:\Users\AADARS~1\AppData\Local\Temp\ccS4a7C5.s 			page 11


 513 0037 04       		.uleb128 0x4
 514 0038 01       		.byte	0x1
 515 0039 03       		.uleb128 0x3
 516 003a 08       		.uleb128 0x8
 517 003b 0B       		.uleb128 0xb
 518 003c 0B       		.uleb128 0xb
 519 003d 49       		.uleb128 0x49
 520 003e 13       		.uleb128 0x13
 521 003f 3A       		.uleb128 0x3a
 522 0040 0B       		.uleb128 0xb
 523 0041 3B       		.uleb128 0x3b
 524 0042 0B       		.uleb128 0xb
 525 0043 01       		.uleb128 0x1
 526 0044 13       		.uleb128 0x13
 527 0045 00       		.byte	0
 528 0046 00       		.byte	0
 529 0047 06       		.uleb128 0x6
 530 0048 28       		.uleb128 0x28
 531 0049 00       		.byte	0
 532 004a 03       		.uleb128 0x3
 533 004b 0E       		.uleb128 0xe
 534 004c 1C       		.uleb128 0x1c
 535 004d 0B       		.uleb128 0xb
 536 004e 00       		.byte	0
 537 004f 00       		.byte	0
 538 0050 07       		.uleb128 0x7
 539 0051 28       		.uleb128 0x28
 540 0052 00       		.byte	0
 541 0053 03       		.uleb128 0x3
 542 0054 0E       		.uleb128 0xe
 543 0055 1C       		.uleb128 0x1c
 544 0056 0D       		.uleb128 0xd
 545 0057 00       		.byte	0
 546 0058 00       		.byte	0
 547 0059 08       		.uleb128 0x8
 548 005a 04       		.uleb128 0x4
 549 005b 01       		.byte	0x1
 550 005c 03       		.uleb128 0x3
 551 005d 0E       		.uleb128 0xe
 552 005e 0B       		.uleb128 0xb
 553 005f 0B       		.uleb128 0xb
 554 0060 49       		.uleb128 0x49
 555 0061 13       		.uleb128 0x13
 556 0062 3A       		.uleb128 0x3a
 557 0063 0B       		.uleb128 0xb
 558 0064 3B       		.uleb128 0x3b
 559 0065 0B       		.uleb128 0xb
 560 0066 01       		.uleb128 0x1
 561 0067 13       		.uleb128 0x13
 562 0068 00       		.byte	0
 563 0069 00       		.byte	0
 564 006a 09       		.uleb128 0x9
 565 006b 2E       		.uleb128 0x2e
 566 006c 01       		.byte	0x1
 567 006d 3F       		.uleb128 0x3f
 568 006e 19       		.uleb128 0x19
 569 006f 03       		.uleb128 0x3
ARM GAS  C:\Users\AADARS~1\AppData\Local\Temp\ccS4a7C5.s 			page 12


 570 0070 0E       		.uleb128 0xe
 571 0071 3A       		.uleb128 0x3a
 572 0072 0B       		.uleb128 0xb
 573 0073 3B       		.uleb128 0x3b
 574 0074 0B       		.uleb128 0xb
 575 0075 27       		.uleb128 0x27
 576 0076 19       		.uleb128 0x19
 577 0077 49       		.uleb128 0x49
 578 0078 13       		.uleb128 0x13
 579 0079 11       		.uleb128 0x11
 580 007a 01       		.uleb128 0x1
 581 007b 12       		.uleb128 0x12
 582 007c 06       		.uleb128 0x6
 583 007d 40       		.uleb128 0x40
 584 007e 18       		.uleb128 0x18
 585 007f 9742     		.uleb128 0x2117
 586 0081 19       		.uleb128 0x19
 587 0082 01       		.uleb128 0x1
 588 0083 13       		.uleb128 0x13
 589 0084 00       		.byte	0
 590 0085 00       		.byte	0
 591 0086 0A       		.uleb128 0xa
 592 0087 05       		.uleb128 0x5
 593 0088 00       		.byte	0
 594 0089 03       		.uleb128 0x3
 595 008a 0E       		.uleb128 0xe
 596 008b 3A       		.uleb128 0x3a
 597 008c 0B       		.uleb128 0xb
 598 008d 3B       		.uleb128 0x3b
 599 008e 0B       		.uleb128 0xb
 600 008f 49       		.uleb128 0x49
 601 0090 13       		.uleb128 0x13
 602 0091 02       		.uleb128 0x2
 603 0092 17       		.uleb128 0x17
 604 0093 00       		.byte	0
 605 0094 00       		.byte	0
 606 0095 0B       		.uleb128 0xb
 607 0096 0B       		.uleb128 0xb
 608 0097 01       		.byte	0x1
 609 0098 55       		.uleb128 0x55
 610 0099 17       		.uleb128 0x17
 611 009a 01       		.uleb128 0x1
 612 009b 13       		.uleb128 0x13
 613 009c 00       		.byte	0
 614 009d 00       		.byte	0
 615 009e 0C       		.uleb128 0xc
 616 009f 34       		.uleb128 0x34
 617 00a0 00       		.byte	0
 618 00a1 03       		.uleb128 0x3
 619 00a2 08       		.uleb128 0x8
 620 00a3 3A       		.uleb128 0x3a
 621 00a4 0B       		.uleb128 0xb
 622 00a5 3B       		.uleb128 0x3b
 623 00a6 0B       		.uleb128 0xb
 624 00a7 49       		.uleb128 0x49
 625 00a8 13       		.uleb128 0x13
 626 00a9 02       		.uleb128 0x2
ARM GAS  C:\Users\AADARS~1\AppData\Local\Temp\ccS4a7C5.s 			page 13


 627 00aa 17       		.uleb128 0x17
 628 00ab 00       		.byte	0
 629 00ac 00       		.byte	0
 630 00ad 0D       		.uleb128 0xd
 631 00ae 898201   		.uleb128 0x4109
 632 00b1 01       		.byte	0x1
 633 00b2 11       		.uleb128 0x11
 634 00b3 01       		.uleb128 0x1
 635 00b4 31       		.uleb128 0x31
 636 00b5 13       		.uleb128 0x13
 637 00b6 00       		.byte	0
 638 00b7 00       		.byte	0
 639 00b8 0E       		.uleb128 0xe
 640 00b9 8A8201   		.uleb128 0x410a
 641 00bc 00       		.byte	0
 642 00bd 02       		.uleb128 0x2
 643 00be 18       		.uleb128 0x18
 644 00bf 9142     		.uleb128 0x2111
 645 00c1 18       		.uleb128 0x18
 646 00c2 00       		.byte	0
 647 00c3 00       		.byte	0
 648 00c4 0F       		.uleb128 0xf
 649 00c5 898201   		.uleb128 0x4109
 650 00c8 01       		.byte	0x1
 651 00c9 11       		.uleb128 0x11
 652 00ca 01       		.uleb128 0x1
 653 00cb 31       		.uleb128 0x31
 654 00cc 13       		.uleb128 0x13
 655 00cd 01       		.uleb128 0x1
 656 00ce 13       		.uleb128 0x13
 657 00cf 00       		.byte	0
 658 00d0 00       		.byte	0
 659 00d1 10       		.uleb128 0x10
 660 00d2 34       		.uleb128 0x34
 661 00d3 00       		.byte	0
 662 00d4 03       		.uleb128 0x3
 663 00d5 0E       		.uleb128 0xe
 664 00d6 3A       		.uleb128 0x3a
 665 00d7 0B       		.uleb128 0xb
 666 00d8 3B       		.uleb128 0x3b
 667 00d9 05       		.uleb128 0x5
 668 00da 49       		.uleb128 0x49
 669 00db 13       		.uleb128 0x13
 670 00dc 3F       		.uleb128 0x3f
 671 00dd 19       		.uleb128 0x19
 672 00de 3C       		.uleb128 0x3c
 673 00df 19       		.uleb128 0x19
 674 00e0 00       		.byte	0
 675 00e1 00       		.byte	0
 676 00e2 11       		.uleb128 0x11
 677 00e3 35       		.uleb128 0x35
 678 00e4 00       		.byte	0
 679 00e5 49       		.uleb128 0x49
 680 00e6 13       		.uleb128 0x13
 681 00e7 00       		.byte	0
 682 00e8 00       		.byte	0
 683 00e9 12       		.uleb128 0x12
ARM GAS  C:\Users\AADARS~1\AppData\Local\Temp\ccS4a7C5.s 			page 14


 684 00ea 2E       		.uleb128 0x2e
 685 00eb 00       		.byte	0
 686 00ec 3F       		.uleb128 0x3f
 687 00ed 19       		.uleb128 0x19
 688 00ee 3C       		.uleb128 0x3c
 689 00ef 19       		.uleb128 0x19
 690 00f0 6E       		.uleb128 0x6e
 691 00f1 0E       		.uleb128 0xe
 692 00f2 03       		.uleb128 0x3
 693 00f3 0E       		.uleb128 0xe
 694 00f4 3A       		.uleb128 0x3a
 695 00f5 0B       		.uleb128 0xb
 696 00f6 3B       		.uleb128 0x3b
 697 00f7 0B       		.uleb128 0xb
 698 00f8 00       		.byte	0
 699 00f9 00       		.byte	0
 700 00fa 00       		.byte	0
 701              		.section	.debug_loc,"",%progbits
 702              	.Ldebug_loc0:
 703              	.LLST0:
 704 0000 00000000 		.4byte	.LVL0
 705 0004 12000000 		.4byte	.LVL1
 706 0008 0100     		.2byte	0x1
 707 000a 50       		.byte	0x50
 708 000b 12000000 		.4byte	.LVL1
 709 000f 1A000000 		.4byte	.LVL3
 710 0013 0400     		.2byte	0x4
 711 0015 F3       		.byte	0xf3
 712 0016 01       		.uleb128 0x1
 713 0017 50       		.byte	0x50
 714 0018 9F       		.byte	0x9f
 715 0019 1A000000 		.4byte	.LVL3
 716 001d 1C000000 		.4byte	.LVL4
 717 0021 0100     		.2byte	0x1
 718 0023 50       		.byte	0x50
 719 0024 1C000000 		.4byte	.LVL4
 720 0028 24000000 		.4byte	.LVL6
 721 002c 0400     		.2byte	0x4
 722 002e F3       		.byte	0xf3
 723 002f 01       		.uleb128 0x1
 724 0030 50       		.byte	0x50
 725 0031 9F       		.byte	0x9f
 726 0032 24000000 		.4byte	.LVL6
 727 0036 26000000 		.4byte	.LVL7
 728 003a 0100     		.2byte	0x1
 729 003c 50       		.byte	0x50
 730 003d 26000000 		.4byte	.LVL7
 731 0041 3C000000 		.4byte	.LVL13
 732 0045 0400     		.2byte	0x4
 733 0047 F3       		.byte	0xf3
 734 0048 01       		.uleb128 0x1
 735 0049 50       		.byte	0x50
 736 004a 9F       		.byte	0x9f
 737 004b 3C000000 		.4byte	.LVL13
 738 004f 3E000000 		.4byte	.LVL14
 739 0053 0100     		.2byte	0x1
 740 0055 50       		.byte	0x50
ARM GAS  C:\Users\AADARS~1\AppData\Local\Temp\ccS4a7C5.s 			page 15


 741 0056 3E000000 		.4byte	.LVL14
 742 005a 46000000 		.4byte	.LVL15
 743 005e 0400     		.2byte	0x4
 744 0060 F3       		.byte	0xf3
 745 0061 01       		.uleb128 0x1
 746 0062 50       		.byte	0x50
 747 0063 9F       		.byte	0x9f
 748 0064 46000000 		.4byte	.LVL15
 749 0068 4A000000 		.4byte	.LVL16
 750 006c 0100     		.2byte	0x1
 751 006e 50       		.byte	0x50
 752 006f 4A000000 		.4byte	.LVL16
 753 0073 4C000000 		.4byte	.LFE63
 754 0077 0400     		.2byte	0x4
 755 0079 F3       		.byte	0xf3
 756 007a 01       		.uleb128 0x1
 757 007b 50       		.byte	0x50
 758 007c 9F       		.byte	0x9f
 759 007d 00000000 		.4byte	0
 760 0081 00000000 		.4byte	0
 761              	.LLST1:
 762 0085 00000000 		.4byte	.LVL0
 763 0089 15000000 		.4byte	.LVL2-1
 764 008d 0100     		.2byte	0x1
 765 008f 51       		.byte	0x51
 766 0090 15000000 		.4byte	.LVL2-1
 767 0094 1A000000 		.4byte	.LVL3
 768 0098 0400     		.2byte	0x4
 769 009a F3       		.byte	0xf3
 770 009b 01       		.uleb128 0x1
 771 009c 51       		.byte	0x51
 772 009d 9F       		.byte	0x9f
 773 009e 1A000000 		.4byte	.LVL3
 774 00a2 1F000000 		.4byte	.LVL5-1
 775 00a6 0100     		.2byte	0x1
 776 00a8 51       		.byte	0x51
 777 00a9 1F000000 		.4byte	.LVL5-1
 778 00ad 24000000 		.4byte	.LVL6
 779 00b1 0400     		.2byte	0x4
 780 00b3 F3       		.byte	0xf3
 781 00b4 01       		.uleb128 0x1
 782 00b5 51       		.byte	0x51
 783 00b6 9F       		.byte	0x9f
 784 00b7 24000000 		.4byte	.LVL6
 785 00bb 29000000 		.4byte	.LVL8-1
 786 00bf 0100     		.2byte	0x1
 787 00c1 51       		.byte	0x51
 788 00c2 29000000 		.4byte	.LVL8-1
 789 00c6 3C000000 		.4byte	.LVL13
 790 00ca 0400     		.2byte	0x4
 791 00cc F3       		.byte	0xf3
 792 00cd 01       		.uleb128 0x1
 793 00ce 51       		.byte	0x51
 794 00cf 9F       		.byte	0x9f
 795 00d0 3C000000 		.4byte	.LVL13
 796 00d4 3E000000 		.4byte	.LVL14
 797 00d8 0100     		.2byte	0x1
ARM GAS  C:\Users\AADARS~1\AppData\Local\Temp\ccS4a7C5.s 			page 16


 798 00da 51       		.byte	0x51
 799 00db 3E000000 		.4byte	.LVL14
 800 00df 46000000 		.4byte	.LVL15
 801 00e3 0400     		.2byte	0x4
 802 00e5 F3       		.byte	0xf3
 803 00e6 01       		.uleb128 0x1
 804 00e7 51       		.byte	0x51
 805 00e8 9F       		.byte	0x9f
 806 00e9 46000000 		.4byte	.LVL15
 807 00ed 4C000000 		.4byte	.LFE63
 808 00f1 0100     		.2byte	0x1
 809 00f3 51       		.byte	0x51
 810 00f4 00000000 		.4byte	0
 811 00f8 00000000 		.4byte	0
 812              	.LLST2:
 813 00fc 2E000000 		.4byte	.LVL9
 814 0100 38000000 		.4byte	.LVL11
 815 0104 0100     		.2byte	0x1
 816 0106 54       		.byte	0x54
 817 0107 3A000000 		.4byte	.LVL12
 818 010b 3C000000 		.4byte	.LVL13
 819 010f 0100     		.2byte	0x1
 820 0111 54       		.byte	0x54
 821 0112 3E000000 		.4byte	.LVL14
 822 0116 46000000 		.4byte	.LVL15
 823 011a 0100     		.2byte	0x1
 824 011c 54       		.byte	0x54
 825 011d 00000000 		.4byte	0
 826 0121 00000000 		.4byte	0
 827              		.section	.debug_aranges,"",%progbits
 828 0000 1C000000 		.4byte	0x1c
 829 0004 0200     		.2byte	0x2
 830 0006 00000000 		.4byte	.Ldebug_info0
 831 000a 04       		.byte	0x4
 832 000b 00       		.byte	0
 833 000c 0000     		.2byte	0
 834 000e 0000     		.2byte	0
 835 0010 00000000 		.4byte	.LFB63
 836 0014 4C000000 		.4byte	.LFE63-.LFB63
 837 0018 00000000 		.4byte	0
 838 001c 00000000 		.4byte	0
 839              		.section	.debug_ranges,"",%progbits
 840              	.Ldebug_ranges0:
 841 0000 2E000000 		.4byte	.LBB2
 842 0004 3C000000 		.4byte	.LBE2
 843 0008 3E000000 		.4byte	.LBB3
 844 000c 42000000 		.4byte	.LBE3
 845 0010 44000000 		.4byte	.LBB4
 846 0014 46000000 		.4byte	.LBE4
 847 0018 00000000 		.4byte	0
 848 001c 00000000 		.4byte	0
 849 0020 00000000 		.4byte	.LFB63
 850 0024 4C000000 		.4byte	.LFE63
 851 0028 00000000 		.4byte	0
 852 002c 00000000 		.4byte	0
 853              		.section	.debug_line,"",%progbits
 854              	.Ldebug_line0:
ARM GAS  C:\Users\AADARS~1\AppData\Local\Temp\ccS4a7C5.s 			page 17


 855 0000 CC010000 		.section	.debug_str,"MS",%progbits,1
 855      02008A01 
 855      00000201 
 855      FB0E0D00 
 855      01010101 
 856              	.LASF11:
 857 0000 666C6F61 		.ascii	"float\000"
 857      7400
 858              	.LASF30:
 859 0006 52435F45 		.ascii	"RC_ERROR_READ_ONLY\000"
 859      52524F52 
 859      5F524541 
 859      445F4F4E 
 859      4C5900
 860              	.LASF16:
 861 0019 52435F53 		.ascii	"RC_SUCCESS\000"
 861      55434345 
 861      535300
 862              	.LASF55:
 863 0024 4C45445F 		.ascii	"LED_red_Write\000"
 863      7265645F 
 863      57726974 
 863      6500
 864              	.LASF31:
 865 0032 52435F45 		.ascii	"RC_ERROR_WRITE_ONLY\000"
 865      52524F52 
 865      5F575249 
 865      54455F4F 
 865      4E4C5900 
 866              	.LASF2:
 867 0046 73686F72 		.ascii	"short int\000"
 867      7420696E 
 867      7400
 868              	.LASF22:
 869 0050 52435F45 		.ascii	"RC_ERROR_OVERRUN\000"
 869      52524F52 
 869      5F4F5645 
 869      5252554E 
 869      00
 870              	.LASF34:
 871 0061 52435F45 		.ascii	"RC_ERROR_WRITE_FAILS\000"
 871      52524F52 
 871      5F575249 
 871      54455F46 
 871      41494C53 
 872              	.LASF15:
 873 0076 73697A65 		.ascii	"sizetype\000"
 873      74797065 
 873      00
 874              	.LASF19:
 875 007f 52435F45 		.ascii	"RC_ERROR_ZERO\000"
 875      52524F52 
 875      5F5A4552 
 875      4F00
 876              	.LASF33:
 877 008d 52435F45 		.ascii	"RC_ERROR_READ_FAILS\000"
 877      52524F52 
ARM GAS  C:\Users\AADARS~1\AppData\Local\Temp\ccS4a7C5.s 			page 18


 877      5F524541 
 877      445F4641 
 877      494C5300 
 878              	.LASF39:
 879 00a1 52435F45 		.ascii	"RC_ERROR_INVALID_STATE\000"
 879      52524F52 
 879      5F494E56 
 879      414C4944 
 879      5F535441 
 880              	.LASF21:
 881 00b8 52435F45 		.ascii	"RC_ERROR_RANGE\000"
 881      52524F52 
 881      5F52414E 
 881      474500
 882              	.LASF41:
 883 00c7 52435F45 		.ascii	"RC_ERROR_UNINITIALIZED\000"
 883      52524F52 
 883      5F554E49 
 883      4E495449 
 883      414C495A 
 884              	.LASF6:
 885 00de 6C6F6E67 		.ascii	"long long int\000"
 885      206C6F6E 
 885      6720696E 
 885      7400
 886              	.LASF59:
 887 00ec 736F7572 		.ascii	"source\\bsw\\led.c\000"
 887      63655C62 
 887      73775C6C 
 887      65642E63 
 887      00
 888              	.LASF35:
 889 00fd 52435F45 		.ascii	"RC_ERROR_NOT_MATCH\000"
 889      52524F52 
 889      5F4E4F54 
 889      5F4D4154 
 889      434800
 890              	.LASF40:
 891 0110 52435F45 		.ascii	"RC_ERROR_UNKNOWN\000"
 891      52524F52 
 891      5F554E4B 
 891      4E4F574E 
 891      00
 892              	.LASF4:
 893 0121 6C6F6E67 		.ascii	"long int\000"
 893      20696E74 
 893      00
 894              	.LASF23:
 895 012a 52435F45 		.ascii	"RC_ERROR_UNDERRUN\000"
 895      52524F52 
 895      5F554E44 
 895      45525255 
 895      4E00
 896              	.LASF26:
 897 013c 52435F45 		.ascii	"RC_ERROR_BUSY\000"
 897      52524F52 
 897      5F425553 
ARM GAS  C:\Users\AADARS~1\AppData\Local\Temp\ccS4a7C5.s 			page 19


 897      5900
 898              	.LASF53:
 899 014a 6C656449 		.ascii	"ledId\000"
 899      6400
 900              	.LASF32:
 901 0150 52435F45 		.ascii	"RC_ERROR_INVALID\000"
 901      52524F52 
 901      5F494E56 
 901      414C4944 
 901      00
 902              	.LASF37:
 903 0161 52435F45 		.ascii	"RC_ERROR_BAD_DATA\000"
 903      52524F52 
 903      5F424144 
 903      5F444154 
 903      4100
 904              	.LASF49:
 905 0173 4C45445F 		.ascii	"LED_ONOFF_e\000"
 905      4F4E4F46 
 905      465F6500 
 906              	.LASF14:
 907 017f 6C6F6E67 		.ascii	"long double\000"
 907      20646F75 
 907      626C6500 
 908              	.LASF57:
 909 018b 4C45445F 		.ascii	"LED_green_Write\000"
 909      67726565 
 909      6E5F5772 
 909      69746500 
 910              	.LASF1:
 911 019b 756E7369 		.ascii	"unsigned char\000"
 911      676E6564 
 911      20636861 
 911      7200
 912              	.LASF52:
 913 01a9 4C45445F 		.ascii	"LED_ONOFF_t\000"
 913      4F4E4F46 
 913      465F7400 
 914              	.LASF0:
 915 01b5 7369676E 		.ascii	"signed char\000"
 915      65642063 
 915      68617200 
 916              	.LASF7:
 917 01c1 6C6F6E67 		.ascii	"long long unsigned int\000"
 917      206C6F6E 
 917      6720756E 
 917      7369676E 
 917      65642069 
 918              	.LASF51:
 919 01d8 4C45445F 		.ascii	"LED_ON\000"
 919      4F4E00
 920              	.LASF48:
 921 01df 4C45445F 		.ascii	"LED_id_t\000"
 921      69645F74 
 921      00
 922              	.LASF8:
 923 01e8 756E7369 		.ascii	"unsigned int\000"
ARM GAS  C:\Users\AADARS~1\AppData\Local\Temp\ccS4a7C5.s 			page 20


 923      676E6564 
 923      20696E74 
 923      00
 924              	.LASF28:
 925 01f5 52435F45 		.ascii	"RC_ERROR_OPEN\000"
 925      52524F52 
 925      5F4F5045 
 925      4E00
 926              	.LASF61:
 927 0203 4C45445F 		.ascii	"LED_Set\000"
 927      53657400 
 928              	.LASF50:
 929 020b 4C45445F 		.ascii	"LED_OFF\000"
 929      4F464600 
 930              	.LASF45:
 931 0213 4C45445F 		.ascii	"LED_YELLOW\000"
 931      59454C4C 
 931      4F5700
 932              	.LASF18:
 933 021e 52435F45 		.ascii	"RC_ERROR_NULL\000"
 933      52524F52 
 933      5F4E554C 
 933      4C00
 934              	.LASF25:
 935 022c 52435F45 		.ascii	"RC_ERROR_BUFFER_EMTPY\000"
 935      52524F52 
 935      5F425546 
 935      4645525F 
 935      454D5450 
 936              	.LASF43:
 937 0242 4C45445F 		.ascii	"LED_Type_e\000"
 937      54797065 
 937      5F6500
 938              	.LASF54:
 939 024d 6C65644F 		.ascii	"ledOnOff\000"
 939      6E4F6666 
 939      00
 940              	.LASF3:
 941 0256 73686F72 		.ascii	"short unsigned int\000"
 941      7420756E 
 941      7369676E 
 941      65642069 
 941      6E7400
 942              	.LASF58:
 943 0269 474E5520 		.ascii	"GNU C11 5.4.1 20160609 (release) [ARM/embedded-5-br"
 943      43313120 
 943      352E342E 
 943      31203230 
 943      31363036 
 944 029c 616E6368 		.ascii	"anch revision 237715] -mcpu=cortex-m3 -mthumb -g -O"
 944      20726576 
 944      6973696F 
 944      6E203233 
 944      37373135 
 945 02cf 67202D66 		.ascii	"g -ffunction-sections -ffat-lto-objects\000"
 945      66756E63 
 945      74696F6E 
ARM GAS  C:\Users\AADARS~1\AppData\Local\Temp\ccS4a7C5.s 			page 21


 945      2D736563 
 945      74696F6E 
 946              	.LASF13:
 947 02f7 63686172 		.ascii	"char\000"
 947      00
 948              	.LASF24:
 949 02fc 52435F45 		.ascii	"RC_ERROR_BUFFER_FULL\000"
 949      52524F52 
 949      5F425546 
 949      4645525F 
 949      46554C4C 
 950              	.LASF10:
 951 0311 696E7433 		.ascii	"int32_t\000"
 951      325F7400 
 952              	.LASF60:
 953 0319 433A5C61 		.ascii	"C:\\aadarshxp\\_MastersEmbeddedSystem\\Semester-2\\"
 953      61646172 
 953      73687870 
 953      5C5F4D61 
 953      73746572 
 954 0348 53797374 		.ascii	"SystemLevelHardwareDesign\\movement_detection_using"
 954      656D4C65 
 954      76656C48 
 954      61726477 
 954      61726544 
 955 037a 5F726164 		.ascii	"_radar\\40_Implementation\\work\\20_SW\\Workspace_S"
 955      61725C34 
 955      305F496D 
 955      706C656D 
 955      656E7461 
 956 03a9 4448445F 		.ascii	"DHD_FreeSoc2\\SDHD_MovementDetection.cydsn\000"
 956      46726565 
 956      536F6332 
 956      5C534448 
 956      445F4D6F 
 957              	.LASF36:
 958 03d3 52435F45 		.ascii	"RC_ERROR_BAD_PARAM\000"
 958      52524F52 
 958      5F424144 
 958      5F504152 
 958      414D00
 959              	.LASF46:
 960 03e6 4C45445F 		.ascii	"LED_GREEN\000"
 960      47524545 
 960      4E00
 961              	.LASF5:
 962 03f0 6C6F6E67 		.ascii	"long unsigned int\000"
 962      20756E73 
 962      69676E65 
 962      6420696E 
 962      7400
 963              	.LASF12:
 964 0402 646F7562 		.ascii	"double\000"
 964      6C6500
 965              	.LASF29:
 966 0409 52435F45 		.ascii	"RC_ERROR_CHECKSUM\000"
 966      52524F52 
ARM GAS  C:\Users\AADARS~1\AppData\Local\Temp\ccS4a7C5.s 			page 22


 966      5F434845 
 966      434B5355 
 966      4D00
 967              	.LASF47:
 968 041b 4C45445F 		.ascii	"LED_ALL\000"
 968      414C4C00 
 969              	.LASF9:
 970 0423 5F5F696E 		.ascii	"__int32_t\000"
 970      7433325F 
 970      7400
 971              	.LASF38:
 972 042d 52435F45 		.ascii	"RC_ERROR_CANCELED\000"
 972      52524F52 
 972      5F43414E 
 972      43454C45 
 972      4400
 973              	.LASF62:
 974 043f 49544D5F 		.ascii	"ITM_RxBuffer\000"
 974      52784275 
 974      66666572 
 974      00
 975              	.LASF17:
 976 044c 52435F45 		.ascii	"RC_ERROR\000"
 976      52524F52 
 976      00
 977              	.LASF56:
 978 0455 4C45445F 		.ascii	"LED_yellow_Write\000"
 978      79656C6C 
 978      6F775F57 
 978      72697465 
 978      00
 979              	.LASF44:
 980 0466 4C45445F 		.ascii	"LED_RED\000"
 980      52454400 
 981              	.LASF20:
 982 046e 52435F45 		.ascii	"RC_ERROR_MEMORY\000"
 982      52524F52 
 982      5F4D454D 
 982      4F525900 
 983              	.LASF42:
 984 047e 52435F74 		.ascii	"RC_t\000"
 984      00
 985              	.LASF27:
 986 0483 52435F45 		.ascii	"RC_ERROR_TIME_OUT\000"
 986      52524F52 
 986      5F54494D 
 986      455F4F55 
 986      5400
 987              		.ident	"GCC: (GNU Tools for ARM Embedded Processors) 5.4.1 20160609 (release) [ARM/embedded-5-bran
