ARM GAS  C:\Users\AADARS~1\AppData\Local\Temp\cc9pYrbm.s 			page 1


   1              		.syntax unified
   2              		.cpu cortex-m3
   3              		.fpu softvfp
   4              		.eabi_attribute 20, 1
   5              		.eabi_attribute 21, 1
   6              		.eabi_attribute 23, 3
   7              		.eabi_attribute 24, 1
   8              		.eabi_attribute 25, 1
   9              		.eabi_attribute 26, 1
  10              		.eabi_attribute 30, 1
  11              		.eabi_attribute 34, 1
  12              		.eabi_attribute 18, 4
  13              		.thumb
  14              		.syntax unified
  15              		.file	"movementDetector.c"
  16              		.text
  17              	.Ltext0:
  18              		.cfi_sections	.debug_frame
  19              		.section	.text.setEvent,"ax",%progbits
  20              		.align	2
  21              		.global	setEvent
  22              		.thumb
  23              		.thumb_func
  24              		.type	setEvent, %function
  25              	setEvent:
  26              	.LFB64:
  27              		.file 1 "source\\asw\\movementDetector.c"
   1:source\asw/movementDetector.c **** /**
   2:source\asw/movementDetector.c **** * \file movementDetector.c
   3:source\asw/movementDetector.c **** * \author Aadarsh Kumar Singh
   4:source\asw/movementDetector.c **** * \date 11.06.2020
   5:source\asw/movementDetector.c **** **/
   6:source\asw/movementDetector.c **** 
   7:source\asw/movementDetector.c **** #include "project.h"
   8:source\asw/movementDetector.c **** #include "movementDetector.h"
   9:source\asw/movementDetector.c **** #include "led.h"
  10:source\asw/movementDetector.c **** #include "dma.h"
  11:source\asw/movementDetector.c **** 
  12:source\asw/movementDetector.c **** /* Flag for detection of Button Press,
  13:source\asw/movementDetector.c ****    default state - False, on button Press : True */
  14:source\asw/movementDetector.c **** volatile boolean_t buttonPressedFlag = FALSE ;
  15:source\asw/movementDetector.c **** 
  16:source\asw/movementDetector.c **** /* Flag for detection of DMA completion ,
  17:source\asw/movementDetector.c ****    default state - False, on DMA completion : True */
  18:source\asw/movementDetector.c **** volatile boolean_t dmaCompletionFlag = FALSE;
  19:source\asw/movementDetector.c **** 
  20:source\asw/movementDetector.c **** /* Flag for detection of UART,
  21:source\asw/movementDetector.c ****    default state - False, on receiving data on COM port : True */
  22:source\asw/movementDetector.c **** volatile boolean_t UART_RX_Flag = FALSE ;
  23:source\asw/movementDetector.c **** 
  24:source\asw/movementDetector.c **** /* Enum that defines States for the state machine */
  25:source\asw/movementDetector.c **** typedef enum state_e{
  26:source\asw/movementDetector.c ****     STATE_IDLE,                     /* Waiting for starting the measurement */
  27:source\asw/movementDetector.c ****     STATE_MEASUREMENT,              /* Measurement started waiting for the Reciever to send 's' by 
  28:source\asw/movementDetector.c ****     STATE_WAIT_FOR_MEASUREMENT_END, /* Waiting for the DMA to finish reading ADC samples */
  29:source\asw/movementDetector.c ****     STATE_TRANSFER_DATA,            /* Waiting for the PSoC to finish transmiting ADC samples */
  30:source\asw/movementDetector.c **** } state_t ;
ARM GAS  C:\Users\AADARS~1\AppData\Local\Temp\cc9pYrbm.s 			page 2


  31:source\asw/movementDetector.c **** 
  32:source\asw/movementDetector.c **** /**
  33:source\asw/movementDetector.c ****  * State machine for the movement detection 
  34:source\asw/movementDetector.c ****  * @param : uint16* buffer - pointer to the buffer containing ADC samples 
  35:source\asw/movementDetector.c ****  * @param : uint16 length  - length of the buffer containing ADC samples
  36:source\asw/movementDetector.c ****  * @return void
  37:source\asw/movementDetector.c ****  */
  38:source\asw/movementDetector.c **** void movementDetector_StateMachine(uint16 * buffer , uint16 length)
  39:source\asw/movementDetector.c **** {
  40:source\asw/movementDetector.c ****     /* Stores the state */
  41:source\asw/movementDetector.c ****     static state_t state = STATE_IDLE ;
  42:source\asw/movementDetector.c ****     
  43:source\asw/movementDetector.c ****     switch(state)
  44:source\asw/movementDetector.c ****     {
  45:source\asw/movementDetector.c ****         case STATE_IDLE :    
  46:source\asw/movementDetector.c ****             /* Waiting for the button to be pressed by the user to start measurement */
  47:source\asw/movementDetector.c ****             if (getEvent(EV_BUTTON))
  48:source\asw/movementDetector.c ****             {
  49:source\asw/movementDetector.c ****                 /** Indicator LED - ready for measurement (Button has been pressed by user) */
  50:source\asw/movementDetector.c ****                 /*  Red - Off , Green - Off , Yellow - On */
  51:source\asw/movementDetector.c ****                 ledIndicator_ReadyForMeasurement();
  52:source\asw/movementDetector.c ****                 
  53:source\asw/movementDetector.c ****                 // Clear the button Event 
  54:source\asw/movementDetector.c ****                 clearEvent(EV_BUTTON);
  55:source\asw/movementDetector.c ****                                 
  56:source\asw/movementDetector.c ****                 /* Starts the ADC sampling in continous mode */
  57:source\asw/movementDetector.c ****                 ADC_DelSig_StartConvert();                
  58:source\asw/movementDetector.c **** 
  59:source\asw/movementDetector.c ****                 state = STATE_MEASUREMENT ; 
  60:source\asw/movementDetector.c ****             }                    
  61:source\asw/movementDetector.c ****             break;
  62:source\asw/movementDetector.c ****      
  63:source\asw/movementDetector.c ****         case STATE_MEASUREMENT:            
  64:source\asw/movementDetector.c **** 
  65:source\asw/movementDetector.c ****             /* start reading ADC samples on receiving 's' from matlab */
  66:source\asw/movementDetector.c ****             /* The decision of enabling DMA as soons as s is received from matlab
  67:source\asw/movementDetector.c ****             * was made so that we send the latest ADC samples on request from matlab */
  68:source\asw/movementDetector.c ****           
  69:source\asw/movementDetector.c ****             /* Waiting for the Reciever to send 's' by UART */
  70:source\asw/movementDetector.c ****             if (getEvent(EV_UART_RX) && UART_GetChar() == 's' )
  71:source\asw/movementDetector.c ****             {
  72:source\asw/movementDetector.c ****                 /* Clear the Receiver(MATLAB) Ready event */
  73:source\asw/movementDetector.c ****                 clearEvent(EV_UART_RX);
  74:source\asw/movementDetector.c **** 
  75:source\asw/movementDetector.c ****                 /* Enable DMA to start reading ADC samples */
  76:source\asw/movementDetector.c ****                 DMA_Enable();
  77:source\asw/movementDetector.c ****                                 
  78:source\asw/movementDetector.c ****                 state = STATE_WAIT_FOR_MEASUREMENT_END ;
  79:source\asw/movementDetector.c ****             }    
  80:source\asw/movementDetector.c ****             break;
  81:source\asw/movementDetector.c ****      
  82:source\asw/movementDetector.c ****         case STATE_WAIT_FOR_MEASUREMENT_END :
  83:source\asw/movementDetector.c ****           
  84:source\asw/movementDetector.c ****             /* Check if DMA has completed reading the ADC samples */
  85:source\asw/movementDetector.c ****             if (getEvent(EV_DMA_COMPLETE))
  86:source\asw/movementDetector.c ****             {
  87:source\asw/movementDetector.c ****                 /* Clear the DMA Completion event */
ARM GAS  C:\Users\AADARS~1\AppData\Local\Temp\cc9pYrbm.s 			page 3


  88:source\asw/movementDetector.c ****                 clearEvent(EV_DMA_COMPLETE);
  89:source\asw/movementDetector.c ****             
  90:source\asw/movementDetector.c **** 
  91:source\asw/movementDetector.c ****                 /** Indicator Led - PSoC ready to send ADC samples */
  92:source\asw/movementDetector.c ****                 /* Red - Off, Green - On , Yellow - Off */
  93:source\asw/movementDetector.c ****                 ledIndicator_readyToSend();
  94:source\asw/movementDetector.c ****                 
  95:source\asw/movementDetector.c ****                 /* Send the sampled values to the reciever(MATLAB) */
  96:source\asw/movementDetector.c ****                 UART_PutArray((uint8*)buffer, length);              
  97:source\asw/movementDetector.c ****             
  98:source\asw/movementDetector.c ****                 state = STATE_TRANSFER_DATA;
  99:source\asw/movementDetector.c ****             }  
 100:source\asw/movementDetector.c ****             break;
 101:source\asw/movementDetector.c ****      
 102:source\asw/movementDetector.c ****         case STATE_TRANSFER_DATA : 
 103:source\asw/movementDetector.c ****           
 104:source\asw/movementDetector.c ****           /* Waiting for Acknowledgment (Reciever to send 'o' by UART) */
 105:source\asw/movementDetector.c ****           if (getEvent(EV_UART_RX) && UART_GetChar() == 'o')
 106:source\asw/movementDetector.c ****           {
 107:source\asw/movementDetector.c ****             clearEvent(EV_UART_RX);           
 108:source\asw/movementDetector.c ****             state = STATE_MEASUREMENT ;
 109:source\asw/movementDetector.c ****           }            
 110:source\asw/movementDetector.c ****           break;
 111:source\asw/movementDetector.c ****     }
 112:source\asw/movementDetector.c ****         
 113:source\asw/movementDetector.c **** }
 114:source\asw/movementDetector.c **** 
 115:source\asw/movementDetector.c **** /**
 116:source\asw/movementDetector.c ****  * Sets Flag when the interrupt for the event arrives
 117:source\asw/movementDetector.c ****  * @param : event
 118:source\asw/movementDetector.c ****  * @return void
 119:source\asw/movementDetector.c ****  */
 120:source\asw/movementDetector.c **** void setEvent(event_t event)
 121:source\asw/movementDetector.c **** {
  28              		.loc 1 121 0
  29              		.cfi_startproc
  30              		@ args = 0, pretend = 0, frame = 0
  31              		@ frame_needed = 0, uses_anonymous_args = 0
  32              	.LVL0:
  33 0000 08B5     		push	{r3, lr}
  34              		.cfi_def_cfa_offset 8
  35              		.cfi_offset 3, -8
  36              		.cfi_offset 14, -4
 122:source\asw/movementDetector.c ****     switch(event)
  37              		.loc 1 122 0
  38 0002 0128     		cmp	r0, #1
  39 0004 0BD0     		beq	.L3
  40 0006 10B1     		cbz	r0, .L4
  41 0008 0228     		cmp	r0, #2
  42 000a 04D0     		beq	.L5
  43 000c 0BE0     		b	.L7
  44              	.L4:
 123:source\asw/movementDetector.c ****     {
 124:source\asw/movementDetector.c ****         /* sets the Button pressed flag */
 125:source\asw/movementDetector.c ****         case EV_BUTTON :
 126:source\asw/movementDetector.c ****         
 127:source\asw/movementDetector.c ****             buttonPressedFlag = TRUE;
ARM GAS  C:\Users\AADARS~1\AppData\Local\Temp\cc9pYrbm.s 			page 4


  45              		.loc 1 127 0
  46 000e 0122     		movs	r2, #1
  47 0010 074B     		ldr	r3, .L9
  48 0012 1A70     		strb	r2, [r3]
 128:source\asw/movementDetector.c ****             break;
  49              		.loc 1 128 0
  50 0014 08BD     		pop	{r3, pc}
  51              	.L5:
 129:source\asw/movementDetector.c ****         
 130:source\asw/movementDetector.c ****         /* sets the DMA completion flag */
 131:source\asw/movementDetector.c ****         case EV_DMA_COMPLETE :
 132:source\asw/movementDetector.c ****             
 133:source\asw/movementDetector.c ****             dmaCompletionFlag = TRUE;
  52              		.loc 1 133 0
  53 0016 0122     		movs	r2, #1
  54 0018 054B     		ldr	r3, .L9
  55 001a 5A70     		strb	r2, [r3, #1]
 134:source\asw/movementDetector.c ****             break;
  56              		.loc 1 134 0
  57 001c 08BD     		pop	{r3, pc}
  58              	.L3:
 135:source\asw/movementDetector.c ****         
 136:source\asw/movementDetector.c ****         /* Sets the UART reception Flag */
 137:source\asw/movementDetector.c ****         case EV_UART_RX :
 138:source\asw/movementDetector.c ****             UART_RX_Flag = TRUE;
  59              		.loc 1 138 0
  60 001e 0122     		movs	r2, #1
  61 0020 034B     		ldr	r3, .L9
  62 0022 9A70     		strb	r2, [r3, #2]
 139:source\asw/movementDetector.c ****             break ;
  63              		.loc 1 139 0
  64 0024 08BD     		pop	{r3, pc}
  65              	.L7:
 140:source\asw/movementDetector.c ****         
 141:source\asw/movementDetector.c ****         /* Invalid Event */ 
 142:source\asw/movementDetector.c ****         default: 
 143:source\asw/movementDetector.c ****             UART_PutString("Invalid Event ");
  66              		.loc 1 143 0
  67 0026 0348     		ldr	r0, .L9+4
  68              	.LVL1:
  69 0028 FFF7FEFF 		bl	UART_PutString
  70              	.LVL2:
  71 002c 08BD     		pop	{r3, pc}
  72              	.L10:
  73 002e 00BF     		.align	2
  74              	.L9:
  75 0030 00000000 		.word	.LANCHOR0
  76 0034 00000000 		.word	.LC0
  77              		.cfi_endproc
  78              	.LFE64:
  79              		.size	setEvent, .-setEvent
  80              		.section	.text.clearEvent,"ax",%progbits
  81              		.align	2
  82              		.global	clearEvent
  83              		.thumb
  84              		.thumb_func
  85              		.type	clearEvent, %function
ARM GAS  C:\Users\AADARS~1\AppData\Local\Temp\cc9pYrbm.s 			page 5


  86              	clearEvent:
  87              	.LFB65:
 144:source\asw/movementDetector.c ****             break ;   
 145:source\asw/movementDetector.c ****     }
 146:source\asw/movementDetector.c ****        
 147:source\asw/movementDetector.c **** }
 148:source\asw/movementDetector.c **** 
 149:source\asw/movementDetector.c **** /**
 150:source\asw/movementDetector.c ****  * Clears the Flag when the interrupt for the event arrives
 151:source\asw/movementDetector.c ****  * @param : event
 152:source\asw/movementDetector.c ****  * @return void
 153:source\asw/movementDetector.c ****  */
 154:source\asw/movementDetector.c **** void clearEvent(event_t event)
 155:source\asw/movementDetector.c **** {
  88              		.loc 1 155 0
  89              		.cfi_startproc
  90              		@ args = 0, pretend = 0, frame = 0
  91              		@ frame_needed = 0, uses_anonymous_args = 0
  92              	.LVL3:
  93 0000 08B5     		push	{r3, lr}
  94              		.cfi_def_cfa_offset 8
  95              		.cfi_offset 3, -8
  96              		.cfi_offset 14, -4
 156:source\asw/movementDetector.c ****     switch(event)
  97              		.loc 1 156 0
  98 0002 0128     		cmp	r0, #1
  99 0004 0BD0     		beq	.L13
 100 0006 10B1     		cbz	r0, .L14
 101 0008 0228     		cmp	r0, #2
 102 000a 04D0     		beq	.L15
 103 000c 0BE0     		b	.L17
 104              	.L14:
 157:source\asw/movementDetector.c ****     {
 158:source\asw/movementDetector.c ****         /* Clears the Button pressed flag */
 159:source\asw/movementDetector.c ****         case EV_BUTTON :
 160:source\asw/movementDetector.c ****         
 161:source\asw/movementDetector.c ****             buttonPressedFlag = FALSE;
 105              		.loc 1 161 0
 106 000e 0022     		movs	r2, #0
 107 0010 074B     		ldr	r3, .L19
 108 0012 1A70     		strb	r2, [r3]
 162:source\asw/movementDetector.c ****             break;
 109              		.loc 1 162 0
 110 0014 08BD     		pop	{r3, pc}
 111              	.L15:
 163:source\asw/movementDetector.c ****         
 164:source\asw/movementDetector.c ****         /* Clears the DMA completion flag */
 165:source\asw/movementDetector.c ****         case EV_DMA_COMPLETE :
 166:source\asw/movementDetector.c ****             
 167:source\asw/movementDetector.c ****             dmaCompletionFlag = FALSE;
 112              		.loc 1 167 0
 113 0016 0022     		movs	r2, #0
 114 0018 054B     		ldr	r3, .L19
 115 001a 5A70     		strb	r2, [r3, #1]
 168:source\asw/movementDetector.c ****             break;
 116              		.loc 1 168 0
 117 001c 08BD     		pop	{r3, pc}
ARM GAS  C:\Users\AADARS~1\AppData\Local\Temp\cc9pYrbm.s 			page 6


 118              	.L13:
 169:source\asw/movementDetector.c ****         
 170:source\asw/movementDetector.c ****         /* Clears the UART reception flag */
 171:source\asw/movementDetector.c ****         case EV_UART_RX :
 172:source\asw/movementDetector.c ****             UART_RX_Flag = FALSE;
 119              		.loc 1 172 0
 120 001e 0022     		movs	r2, #0
 121 0020 034B     		ldr	r3, .L19
 122 0022 9A70     		strb	r2, [r3, #2]
 173:source\asw/movementDetector.c ****             break ;
 123              		.loc 1 173 0
 124 0024 08BD     		pop	{r3, pc}
 125              	.L17:
 174:source\asw/movementDetector.c ****         
 175:source\asw/movementDetector.c ****         /* Invalid Event */ 
 176:source\asw/movementDetector.c ****         default: 
 177:source\asw/movementDetector.c ****             UART_PutString("Invalid Event ");
 126              		.loc 1 177 0
 127 0026 0348     		ldr	r0, .L19+4
 128              	.LVL4:
 129 0028 FFF7FEFF 		bl	UART_PutString
 130              	.LVL5:
 131 002c 08BD     		pop	{r3, pc}
 132              	.L20:
 133 002e 00BF     		.align	2
 134              	.L19:
 135 0030 00000000 		.word	.LANCHOR0
 136 0034 00000000 		.word	.LC0
 137              		.cfi_endproc
 138              	.LFE65:
 139              		.size	clearEvent, .-clearEvent
 140              		.section	.text.getEvent,"ax",%progbits
 141              		.align	2
 142              		.global	getEvent
 143              		.thumb
 144              		.thumb_func
 145              		.type	getEvent, %function
 146              	getEvent:
 147              	.LFB66:
 178:source\asw/movementDetector.c ****             break ;   
 179:source\asw/movementDetector.c ****     }     
 180:source\asw/movementDetector.c **** }
 181:source\asw/movementDetector.c **** 
 182:source\asw/movementDetector.c **** /**
 183:source\asw/movementDetector.c ****  * Returns the value for the flag corresponding to the events
 184:source\asw/movementDetector.c ****  * @param : event
 185:source\asw/movementDetector.c ****  * @return boolean_t
 186:source\asw/movementDetector.c ****  */
 187:source\asw/movementDetector.c **** boolean_t getEvent(event_t event)
 188:source\asw/movementDetector.c **** {
 148              		.loc 1 188 0
 149              		.cfi_startproc
 150              		@ args = 0, pretend = 0, frame = 0
 151              		@ frame_needed = 0, uses_anonymous_args = 0
 152              	.LVL6:
 153 0000 08B5     		push	{r3, lr}
 154              		.cfi_def_cfa_offset 8
ARM GAS  C:\Users\AADARS~1\AppData\Local\Temp\cc9pYrbm.s 			page 7


 155              		.cfi_offset 3, -8
 156              		.cfi_offset 14, -4
 157              	.LVL7:
 189:source\asw/movementDetector.c ****     boolean_t flag = FALSE  ;
 190:source\asw/movementDetector.c ****     switch(event)
 158              		.loc 1 190 0
 159 0002 0128     		cmp	r0, #1
 160 0004 0BD0     		beq	.L23
 161 0006 10B1     		cbz	r0, .L24
 162 0008 0228     		cmp	r0, #2
 163 000a 04D0     		beq	.L25
 164 000c 0BE0     		b	.L27
 165              	.L24:
 191:source\asw/movementDetector.c ****     {
 192:source\asw/movementDetector.c ****         /*Returns the state of button pressed flag*/
 193:source\asw/movementDetector.c ****         case EV_BUTTON :
 194:source\asw/movementDetector.c ****         
 195:source\asw/movementDetector.c ****             flag = buttonPressedFlag;
 166              		.loc 1 195 0
 167 000e 084B     		ldr	r3, .L29
 168 0010 1878     		ldrb	r0, [r3]	@ zero_extendqisi2
 169              	.LVL8:
 170 0012 C0B2     		uxtb	r0, r0
 171              	.LVL9:
 196:source\asw/movementDetector.c ****             break;
 172              		.loc 1 196 0
 173 0014 08BD     		pop	{r3, pc}
 174              	.LVL10:
 175              	.L25:
 197:source\asw/movementDetector.c ****         
 198:source\asw/movementDetector.c ****         /* Returns the state of dma completion*/
 199:source\asw/movementDetector.c ****         case EV_DMA_COMPLETE :
 200:source\asw/movementDetector.c ****             
 201:source\asw/movementDetector.c ****             flag = dmaCompletionFlag;
 176              		.loc 1 201 0
 177 0016 064B     		ldr	r3, .L29
 178 0018 5878     		ldrb	r0, [r3, #1]	@ zero_extendqisi2
 179              	.LVL11:
 180 001a C0B2     		uxtb	r0, r0
 181              	.LVL12:
 202:source\asw/movementDetector.c ****             break;
 182              		.loc 1 202 0
 183 001c 08BD     		pop	{r3, pc}
 184              	.LVL13:
 185              	.L23:
 203:source\asw/movementDetector.c ****         
 204:source\asw/movementDetector.c ****         /* Returns the state of UART reception */
 205:source\asw/movementDetector.c ****         case EV_UART_RX :
 206:source\asw/movementDetector.c ****             flag = UART_RX_Flag;
 186              		.loc 1 206 0
 187 001e 044B     		ldr	r3, .L29
 188 0020 9878     		ldrb	r0, [r3, #2]	@ zero_extendqisi2
 189              	.LVL14:
 190 0022 C0B2     		uxtb	r0, r0
 191              	.LVL15:
 207:source\asw/movementDetector.c ****             break ;
 192              		.loc 1 207 0
ARM GAS  C:\Users\AADARS~1\AppData\Local\Temp\cc9pYrbm.s 			page 8


 193 0024 08BD     		pop	{r3, pc}
 194              	.LVL16:
 195              	.L27:
 208:source\asw/movementDetector.c ****         
 209:source\asw/movementDetector.c ****         /* Invalid Event */
 210:source\asw/movementDetector.c ****         default: 
 211:source\asw/movementDetector.c ****             UART_PutString("Invalid Event ");
 196              		.loc 1 211 0
 197 0026 0348     		ldr	r0, .L29+4
 198              	.LVL17:
 199 0028 FFF7FEFF 		bl	UART_PutString
 200              	.LVL18:
 189:source\asw/movementDetector.c ****     switch(event)
 201              		.loc 1 189 0
 202 002c 0020     		movs	r0, #0
 203              	.LVL19:
 212:source\asw/movementDetector.c ****             break ;   
 213:source\asw/movementDetector.c ****     }
 214:source\asw/movementDetector.c ****     
 215:source\asw/movementDetector.c ****     return flag ;
 216:source\asw/movementDetector.c **** }
 204              		.loc 1 216 0
 205 002e 08BD     		pop	{r3, pc}
 206              	.L30:
 207              		.align	2
 208              	.L29:
 209 0030 00000000 		.word	.LANCHOR0
 210 0034 00000000 		.word	.LC0
 211              		.cfi_endproc
 212              	.LFE66:
 213              		.size	getEvent, .-getEvent
 214              		.section	.text.ledIndictor_systemIsIdle,"ax",%progbits
 215              		.align	2
 216              		.global	ledIndictor_systemIsIdle
 217              		.thumb
 218              		.thumb_func
 219              		.type	ledIndictor_systemIsIdle, %function
 220              	ledIndictor_systemIsIdle:
 221              	.LFB67:
 217:source\asw/movementDetector.c **** 
 218:source\asw/movementDetector.c **** /**
 219:source\asw/movementDetector.c **** * Indicates the Initial(Idle) State of the movement detector 
 220:source\asw/movementDetector.c **** * Red - On , Green - Off , Yellow - Off
 221:source\asw/movementDetector.c **** */
 222:source\asw/movementDetector.c **** void ledIndictor_systemIsIdle()
 223:source\asw/movementDetector.c **** {
 222              		.loc 1 223 0
 223              		.cfi_startproc
 224              		@ args = 0, pretend = 0, frame = 0
 225              		@ frame_needed = 0, uses_anonymous_args = 0
 226 0000 08B5     		push	{r3, lr}
 227              		.cfi_def_cfa_offset 8
 228              		.cfi_offset 3, -8
 229              		.cfi_offset 14, -4
 224:source\asw/movementDetector.c ****     /* Red - On , Green - Off , Yellow - Off */
 225:source\asw/movementDetector.c ****     LED_Set(LED_GREEN,LED_OFF);
 230              		.loc 1 225 0
ARM GAS  C:\Users\AADARS~1\AppData\Local\Temp\cc9pYrbm.s 			page 9


 231 0002 0021     		movs	r1, #0
 232 0004 0220     		movs	r0, #2
 233 0006 FFF7FEFF 		bl	LED_Set
 234              	.LVL20:
 226:source\asw/movementDetector.c ****     LED_Set(LED_RED,LED_ON);
 235              		.loc 1 226 0
 236 000a 0121     		movs	r1, #1
 237 000c 0020     		movs	r0, #0
 238 000e FFF7FEFF 		bl	LED_Set
 239              	.LVL21:
 227:source\asw/movementDetector.c ****     LED_Set(LED_YELLOW,LED_OFF);     
 240              		.loc 1 227 0
 241 0012 0021     		movs	r1, #0
 242 0014 0120     		movs	r0, #1
 243 0016 FFF7FEFF 		bl	LED_Set
 244              	.LVL22:
 245 001a 08BD     		pop	{r3, pc}
 246              		.cfi_endproc
 247              	.LFE67:
 248              		.size	ledIndictor_systemIsIdle, .-ledIndictor_systemIsIdle
 249              		.section	.text.ledIndicator_ReadyForMeasurement,"ax",%progbits
 250              		.align	2
 251              		.global	ledIndicator_ReadyForMeasurement
 252              		.thumb
 253              		.thumb_func
 254              		.type	ledIndicator_ReadyForMeasurement, %function
 255              	ledIndicator_ReadyForMeasurement:
 256              	.LFB68:
 228:source\asw/movementDetector.c **** }
 229:source\asw/movementDetector.c **** 
 230:source\asw/movementDetector.c **** /**
 231:source\asw/movementDetector.c **** * Indicates that its ready for measurement , i.e. Button has been pressed
 232:source\asw/movementDetector.c **** * Red - Off , Green - Off , Yellow - On
 233:source\asw/movementDetector.c **** */
 234:source\asw/movementDetector.c **** void ledIndicator_ReadyForMeasurement()
 235:source\asw/movementDetector.c **** {
 257              		.loc 1 235 0
 258              		.cfi_startproc
 259              		@ args = 0, pretend = 0, frame = 0
 260              		@ frame_needed = 0, uses_anonymous_args = 0
 261 0000 08B5     		push	{r3, lr}
 262              		.cfi_def_cfa_offset 8
 263              		.cfi_offset 3, -8
 264              		.cfi_offset 14, -4
 236:source\asw/movementDetector.c ****     LED_Set(LED_GREEN,LED_OFF);
 265              		.loc 1 236 0
 266 0002 0021     		movs	r1, #0
 267 0004 0220     		movs	r0, #2
 268 0006 FFF7FEFF 		bl	LED_Set
 269              	.LVL23:
 237:source\asw/movementDetector.c ****     LED_Set(LED_RED,LED_OFF);
 270              		.loc 1 237 0
 271 000a 0021     		movs	r1, #0
 272 000c 0846     		mov	r0, r1
 273 000e FFF7FEFF 		bl	LED_Set
 274              	.LVL24:
 238:source\asw/movementDetector.c ****     LED_Set(LED_YELLOW,LED_ON);   
ARM GAS  C:\Users\AADARS~1\AppData\Local\Temp\cc9pYrbm.s 			page 10


 275              		.loc 1 238 0
 276 0012 0121     		movs	r1, #1
 277 0014 0846     		mov	r0, r1
 278 0016 FFF7FEFF 		bl	LED_Set
 279              	.LVL25:
 280 001a 08BD     		pop	{r3, pc}
 281              		.cfi_endproc
 282              	.LFE68:
 283              		.size	ledIndicator_ReadyForMeasurement, .-ledIndicator_ReadyForMeasurement
 284              		.section	.text.ledIndicator_readyToSend,"ax",%progbits
 285              		.align	2
 286              		.global	ledIndicator_readyToSend
 287              		.thumb
 288              		.thumb_func
 289              		.type	ledIndicator_readyToSend, %function
 290              	ledIndicator_readyToSend:
 291              	.LFB69:
 239:source\asw/movementDetector.c ****     
 240:source\asw/movementDetector.c **** }
 241:source\asw/movementDetector.c **** 
 242:source\asw/movementDetector.c **** /**
 243:source\asw/movementDetector.c **** * Indicates that measurement is started , i.e. PSoC ready to send ADC samples
 244:source\asw/movementDetector.c **** * Red - Off , Green - On , Yellow - Off
 245:source\asw/movementDetector.c **** */
 246:source\asw/movementDetector.c **** void ledIndicator_readyToSend()
 247:source\asw/movementDetector.c **** {
 292              		.loc 1 247 0
 293              		.cfi_startproc
 294              		@ args = 0, pretend = 0, frame = 0
 295              		@ frame_needed = 0, uses_anonymous_args = 0
 296 0000 08B5     		push	{r3, lr}
 297              		.cfi_def_cfa_offset 8
 298              		.cfi_offset 3, -8
 299              		.cfi_offset 14, -4
 248:source\asw/movementDetector.c ****     LED_Set(LED_GREEN,LED_ON);
 300              		.loc 1 248 0
 301 0002 0121     		movs	r1, #1
 302 0004 0220     		movs	r0, #2
 303 0006 FFF7FEFF 		bl	LED_Set
 304              	.LVL26:
 249:source\asw/movementDetector.c ****     LED_Set(LED_RED,LED_OFF);
 305              		.loc 1 249 0
 306 000a 0021     		movs	r1, #0
 307 000c 0846     		mov	r0, r1
 308 000e FFF7FEFF 		bl	LED_Set
 309              	.LVL27:
 250:source\asw/movementDetector.c ****     LED_Set(LED_YELLOW,LED_OFF);  
 310              		.loc 1 250 0
 311 0012 0021     		movs	r1, #0
 312 0014 0120     		movs	r0, #1
 313 0016 FFF7FEFF 		bl	LED_Set
 314              	.LVL28:
 315 001a 08BD     		pop	{r3, pc}
 316              		.cfi_endproc
 317              	.LFE69:
 318              		.size	ledIndicator_readyToSend, .-ledIndicator_readyToSend
 319              		.section	.text.movementDetector_StateMachine,"ax",%progbits
ARM GAS  C:\Users\AADARS~1\AppData\Local\Temp\cc9pYrbm.s 			page 11


 320              		.align	2
 321              		.global	movementDetector_StateMachine
 322              		.thumb
 323              		.thumb_func
 324              		.type	movementDetector_StateMachine, %function
 325              	movementDetector_StateMachine:
 326              	.LFB63:
  39:source\asw/movementDetector.c ****     /* Stores the state */
 327              		.loc 1 39 0
 328              		.cfi_startproc
 329              		@ args = 0, pretend = 0, frame = 0
 330              		@ frame_needed = 0, uses_anonymous_args = 0
 331              	.LVL29:
 332 0000 38B5     		push	{r3, r4, r5, lr}
 333              		.cfi_def_cfa_offset 16
 334              		.cfi_offset 3, -16
 335              		.cfi_offset 4, -12
 336              		.cfi_offset 5, -8
 337              		.cfi_offset 14, -4
  43:source\asw/movementDetector.c ****     {
 338              		.loc 1 43 0
 339 0002 254B     		ldr	r3, .L45
 340 0004 DB78     		ldrb	r3, [r3, #3]	@ zero_extendqisi2
 341 0006 032B     		cmp	r3, #3
 342 0008 45D8     		bhi	.L37
 343 000a DFE803F0 		tbb	[pc, r3]
 344              	.L40:
 345 000e 02       		.byte	(.L39-.L40)/2
 346 000f 12       		.byte	(.L41-.L40)/2
 347 0010 23       		.byte	(.L42-.L40)/2
 348 0011 36       		.byte	(.L43-.L40)/2
 349              		.p2align 1
 350              	.L39:
  47:source\asw/movementDetector.c ****             {
 351              		.loc 1 47 0
 352 0012 0020     		movs	r0, #0
 353              	.LVL30:
 354 0014 FFF7FEFF 		bl	getEvent
 355              	.LVL31:
 356 0018 0028     		cmp	r0, #0
 357 001a 3CD0     		beq	.L37
  51:source\asw/movementDetector.c ****                 
 358              		.loc 1 51 0
 359 001c FFF7FEFF 		bl	ledIndicator_ReadyForMeasurement
 360              	.LVL32:
  54:source\asw/movementDetector.c ****                                 
 361              		.loc 1 54 0
 362 0020 0020     		movs	r0, #0
 363 0022 FFF7FEFF 		bl	clearEvent
 364              	.LVL33:
  57:source\asw/movementDetector.c **** 
 365              		.loc 1 57 0
 366 0026 FFF7FEFF 		bl	ADC_DelSig_StartConvert
 367              	.LVL34:
  59:source\asw/movementDetector.c ****             }                    
 368              		.loc 1 59 0
 369 002a 0122     		movs	r2, #1
ARM GAS  C:\Users\AADARS~1\AppData\Local\Temp\cc9pYrbm.s 			page 12


 370 002c 1A4B     		ldr	r3, .L45
 371 002e DA70     		strb	r2, [r3, #3]
 372 0030 38BD     		pop	{r3, r4, r5, pc}
 373              	.LVL35:
 374              	.L41:
  70:source\asw/movementDetector.c ****             {
 375              		.loc 1 70 0
 376 0032 0120     		movs	r0, #1
 377              	.LVL36:
 378 0034 FFF7FEFF 		bl	getEvent
 379              	.LVL37:
 380 0038 68B3     		cbz	r0, .L37
  70:source\asw/movementDetector.c ****             {
 381              		.loc 1 70 0 is_stmt 0 discriminator 1
 382 003a FFF7FEFF 		bl	UART_GetChar
 383              	.LVL38:
 384 003e 7328     		cmp	r0, #115
 385 0040 29D1     		bne	.L37
  73:source\asw/movementDetector.c **** 
 386              		.loc 1 73 0 is_stmt 1
 387 0042 0120     		movs	r0, #1
 388 0044 FFF7FEFF 		bl	clearEvent
 389              	.LVL39:
  76:source\asw/movementDetector.c ****                                 
 390              		.loc 1 76 0
 391 0048 FFF7FEFF 		bl	DMA_Enable
 392              	.LVL40:
  78:source\asw/movementDetector.c ****             }    
 393              		.loc 1 78 0
 394 004c 0222     		movs	r2, #2
 395 004e 124B     		ldr	r3, .L45
 396 0050 DA70     		strb	r2, [r3, #3]
 397 0052 38BD     		pop	{r3, r4, r5, pc}
 398              	.LVL41:
 399              	.L42:
 400 0054 0446     		mov	r4, r0
 401 0056 0D46     		mov	r5, r1
  85:source\asw/movementDetector.c ****             {
 402              		.loc 1 85 0
 403 0058 0220     		movs	r0, #2
 404              	.LVL42:
 405 005a FFF7FEFF 		bl	getEvent
 406              	.LVL43:
 407 005e D0B1     		cbz	r0, .L37
  88:source\asw/movementDetector.c ****             
 408              		.loc 1 88 0
 409 0060 0220     		movs	r0, #2
 410 0062 FFF7FEFF 		bl	clearEvent
 411              	.LVL44:
  93:source\asw/movementDetector.c ****                 
 412              		.loc 1 93 0
 413 0066 FFF7FEFF 		bl	ledIndicator_readyToSend
 414              	.LVL45:
  96:source\asw/movementDetector.c ****             
 415              		.loc 1 96 0
 416 006a 2946     		mov	r1, r5
 417 006c 2046     		mov	r0, r4
ARM GAS  C:\Users\AADARS~1\AppData\Local\Temp\cc9pYrbm.s 			page 13


 418 006e FFF7FEFF 		bl	UART_PutArray
 419              	.LVL46:
  98:source\asw/movementDetector.c ****             }  
 420              		.loc 1 98 0
 421 0072 0322     		movs	r2, #3
 422 0074 084B     		ldr	r3, .L45
 423 0076 DA70     		strb	r2, [r3, #3]
 424 0078 38BD     		pop	{r3, r4, r5, pc}
 425              	.LVL47:
 426              	.L43:
 105:source\asw/movementDetector.c ****           {
 427              		.loc 1 105 0
 428 007a 0120     		movs	r0, #1
 429              	.LVL48:
 430 007c FFF7FEFF 		bl	getEvent
 431              	.LVL49:
 432 0080 48B1     		cbz	r0, .L37
 105:source\asw/movementDetector.c ****           {
 433              		.loc 1 105 0 is_stmt 0 discriminator 1
 434 0082 FFF7FEFF 		bl	UART_GetChar
 435              	.LVL50:
 436 0086 6F28     		cmp	r0, #111
 437 0088 05D1     		bne	.L37
 107:source\asw/movementDetector.c ****             state = STATE_MEASUREMENT ;
 438              		.loc 1 107 0 is_stmt 1
 439 008a 0120     		movs	r0, #1
 440 008c FFF7FEFF 		bl	clearEvent
 441              	.LVL51:
 108:source\asw/movementDetector.c ****           }            
 442              		.loc 1 108 0
 443 0090 0122     		movs	r2, #1
 444 0092 014B     		ldr	r3, .L45
 445 0094 DA70     		strb	r2, [r3, #3]
 446              	.L37:
 447 0096 38BD     		pop	{r3, r4, r5, pc}
 448              	.L46:
 449              		.align	2
 450              	.L45:
 451 0098 00000000 		.word	.LANCHOR0
 452              		.cfi_endproc
 453              	.LFE63:
 454              		.size	movementDetector_StateMachine, .-movementDetector_StateMachine
 455              		.global	UART_RX_Flag
 456              		.global	dmaCompletionFlag
 457              		.global	buttonPressedFlag
 458              		.section	.rodata.str1.4,"aMS",%progbits,1
 459              		.align	2
 460              	.LC0:
 461 0000 496E7661 		.ascii	"Invalid Event \000"
 461      6C696420 
 461      4576656E 
 461      742000
 462              		.bss
 463              		.set	.LANCHOR0,. + 0
 464              		.type	buttonPressedFlag, %object
 465              		.size	buttonPressedFlag, 1
 466              	buttonPressedFlag:
ARM GAS  C:\Users\AADARS~1\AppData\Local\Temp\cc9pYrbm.s 			page 14


 467 0000 00       		.space	1
 468              		.type	dmaCompletionFlag, %object
 469              		.size	dmaCompletionFlag, 1
 470              	dmaCompletionFlag:
 471 0001 00       		.space	1
 472              		.type	UART_RX_Flag, %object
 473              		.size	UART_RX_Flag, 1
 474              	UART_RX_Flag:
 475 0002 00       		.space	1
 476              		.type	state.6200, %object
 477              		.size	state.6200, 1
 478              	state.6200:
 479 0003 00       		.space	1
 480              		.text
 481              	.Letext0:
 482              		.file 2 "c:\\program files (x86)\\cypress\\psoc creator\\4.3\\psoc creator\\import\\gnu\\arm\\5.4.
 483              		.file 3 "c:\\program files (x86)\\cypress\\psoc creator\\4.3\\psoc creator\\import\\gnu\\arm\\5.4.
 484              		.file 4 "Generated_Source\\PSoC5/cytypes.h"
 485              		.file 5 ".\\source\\bsw/global.h"
 486              		.file 6 "source\\asw\\movementDetector.h"
 487              		.file 7 ".\\source\\bsw/led.h"
 488              		.file 8 "Generated_Source\\PSoC5/core_cm3.h"
 489              		.file 9 "Generated_Source\\PSoC5/UART.h"
 490              		.file 10 "Generated_Source\\PSoC5/ADC_DelSig.h"
 491              		.file 11 ".\\source\\bsw/dma.h"
 492              		.section	.debug_info,"",%progbits
 493              	.Ldebug_info0:
 494 0000 EF040000 		.4byte	0x4ef
 495 0004 0400     		.2byte	0x4
 496 0006 00000000 		.4byte	.Ldebug_abbrev0
 497 000a 04       		.byte	0x4
 498 000b 01       		.uleb128 0x1
 499 000c 7A030000 		.4byte	.LASF59
 500 0010 0C       		.byte	0xc
 501 0011 26020000 		.4byte	.LASF60
 502 0015 44020000 		.4byte	.LASF61
 503 0019 00000000 		.4byte	.Ldebug_ranges0+0
 504 001d 00000000 		.4byte	0
 505 0021 00000000 		.4byte	.Ldebug_line0
 506 0025 02       		.uleb128 0x2
 507 0026 01       		.byte	0x1
 508 0027 06       		.byte	0x6
 509 0028 67010000 		.4byte	.LASF0
 510 002c 02       		.uleb128 0x2
 511 002d 01       		.byte	0x1
 512 002e 08       		.byte	0x8
 513 002f 14010000 		.4byte	.LASF1
 514 0033 02       		.uleb128 0x2
 515 0034 02       		.byte	0x2
 516 0035 05       		.byte	0x5
 517 0036 3D000000 		.4byte	.LASF2
 518 003a 02       		.uleb128 0x2
 519 003b 02       		.byte	0x2
 520 003c 07       		.byte	0x7
 521 003d EA010000 		.4byte	.LASF3
 522 0041 03       		.uleb128 0x3
 523 0042 45030000 		.4byte	.LASF9
ARM GAS  C:\Users\AADARS~1\AppData\Local\Temp\cc9pYrbm.s 			page 15


 524 0046 02       		.byte	0x2
 525 0047 3F       		.byte	0x3f
 526 0048 4C000000 		.4byte	0x4c
 527 004c 02       		.uleb128 0x2
 528 004d 04       		.byte	0x4
 529 004e 05       		.byte	0x5
 530 004f FB000000 		.4byte	.LASF4
 531 0053 02       		.uleb128 0x2
 532 0054 04       		.byte	0x4
 533 0055 07       		.byte	0x7
 534 0056 23030000 		.4byte	.LASF5
 535 005a 02       		.uleb128 0x2
 536 005b 08       		.byte	0x8
 537 005c 05       		.byte	0x5
 538 005d E2000000 		.4byte	.LASF6
 539 0061 02       		.uleb128 0x2
 540 0062 08       		.byte	0x8
 541 0063 07       		.byte	0x7
 542 0064 7B010000 		.4byte	.LASF7
 543 0068 04       		.uleb128 0x4
 544 0069 04       		.byte	0x4
 545 006a 05       		.byte	0x5
 546 006b 696E7400 		.ascii	"int\000"
 547 006f 02       		.uleb128 0x2
 548 0070 04       		.byte	0x4
 549 0071 07       		.byte	0x7
 550 0072 99010000 		.4byte	.LASF8
 551 0076 03       		.uleb128 0x3
 552 0077 73010000 		.4byte	.LASF10
 553 007b 03       		.byte	0x3
 554 007c 2C       		.byte	0x2c
 555 007d 41000000 		.4byte	0x41
 556 0081 05       		.uleb128 0x5
 557 0082 B4000000 		.4byte	.LASF11
 558 0086 04       		.byte	0x4
 559 0087 E401     		.2byte	0x1e4
 560 0089 2C000000 		.4byte	0x2c
 561 008d 05       		.uleb128 0x5
 562 008e AD000000 		.4byte	.LASF12
 563 0092 04       		.byte	0x4
 564 0093 E501     		.2byte	0x1e5
 565 0095 3A000000 		.4byte	0x3a
 566 0099 02       		.uleb128 0x2
 567 009a 04       		.byte	0x4
 568 009b 04       		.byte	0x4
 569 009c C9000000 		.4byte	.LASF13
 570 00a0 02       		.uleb128 0x2
 571 00a1 08       		.byte	0x8
 572 00a2 04       		.byte	0x4
 573 00a3 61030000 		.4byte	.LASF14
 574 00a7 02       		.uleb128 0x2
 575 00a8 01       		.byte	0x1
 576 00a9 08       		.byte	0x8
 577 00aa 08020000 		.4byte	.LASF15
 578 00ae 02       		.uleb128 0x2
 579 00af 08       		.byte	0x8
 580 00b0 04       		.byte	0x4
ARM GAS  C:\Users\AADARS~1\AppData\Local\Temp\cc9pYrbm.s 			page 16


 581 00b1 72000000 		.4byte	.LASF16
 582 00b5 02       		.uleb128 0x2
 583 00b6 04       		.byte	0x4
 584 00b7 07       		.byte	0x7
 585 00b8 60000000 		.4byte	.LASF17
 586 00bc 03       		.uleb128 0x3
 587 00bd 22010000 		.4byte	.LASF18
 588 00c1 05       		.byte	0x5
 589 00c2 82       		.byte	0x82
 590 00c3 2C000000 		.4byte	0x2c
 591 00c7 06       		.uleb128 0x6
 592 00c8 35030000 		.4byte	.LASF23
 593 00cc 01       		.byte	0x1
 594 00cd 2C000000 		.4byte	0x2c
 595 00d1 06       		.byte	0x6
 596 00d2 0C       		.byte	0xc
 597 00d3 EA000000 		.4byte	0xea
 598 00d7 07       		.uleb128 0x7
 599 00d8 50040000 		.4byte	.LASF19
 600 00dc 00       		.byte	0
 601 00dd 07       		.uleb128 0x7
 602 00de FD010000 		.4byte	.LASF20
 603 00e2 01       		.byte	0x1
 604 00e3 07       		.uleb128 0x7
 605 00e4 08040000 		.4byte	.LASF21
 606 00e8 02       		.byte	0x2
 607 00e9 00       		.byte	0
 608 00ea 03       		.uleb128 0x3
 609 00eb 04010000 		.4byte	.LASF22
 610 00ef 06       		.byte	0x6
 611 00f0 10       		.byte	0x10
 612 00f1 C7000000 		.4byte	0xc7
 613 00f5 06       		.uleb128 0x6
 614 00f6 DF010000 		.4byte	.LASF24
 615 00fa 01       		.byte	0x1
 616 00fb 2C000000 		.4byte	0x2c
 617 00ff 07       		.byte	0x7
 618 0100 12       		.byte	0x12
 619 0101 1E010000 		.4byte	0x11e
 620 0105 07       		.uleb128 0x7
 621 0106 0C010000 		.4byte	.LASF25
 622 010a 00       		.byte	0
 623 010b 07       		.uleb128 0x7
 624 010c D4010000 		.4byte	.LASF26
 625 0110 01       		.byte	0x1
 626 0111 07       		.uleb128 0x7
 627 0112 FE020000 		.4byte	.LASF27
 628 0116 02       		.byte	0x2
 629 0117 07       		.uleb128 0x7
 630 0118 3D030000 		.4byte	.LASF28
 631 011c 03       		.byte	0x3
 632 011d 00       		.byte	0
 633 011e 06       		.uleb128 0x6
 634 011f 2C010000 		.4byte	.LASF29
 635 0123 01       		.byte	0x1
 636 0124 2C000000 		.4byte	0x2c
 637 0128 07       		.byte	0x7
ARM GAS  C:\Users\AADARS~1\AppData\Local\Temp\cc9pYrbm.s 			page 17


 638 0129 1A       		.byte	0x1a
 639 012a 3B010000 		.4byte	0x13b
 640 012e 07       		.uleb128 0x7
 641 012f CC010000 		.4byte	.LASF30
 642 0133 00       		.byte	0
 643 0134 07       		.uleb128 0x7
 644 0135 92010000 		.4byte	.LASF31
 645 0139 01       		.byte	0x1
 646 013a 00       		.byte	0
 647 013b 06       		.uleb128 0x6
 648 013c BA000000 		.4byte	.LASF32
 649 0140 01       		.byte	0x1
 650 0141 2C000000 		.4byte	0x2c
 651 0145 01       		.byte	0x1
 652 0146 19       		.byte	0x19
 653 0147 64010000 		.4byte	0x164
 654 014b 07       		.uleb128 0x7
 655 014c 2A040000 		.4byte	.LASF33
 656 0150 00       		.byte	0
 657 0151 07       		.uleb128 0x7
 658 0152 4F030000 		.4byte	.LASF34
 659 0156 01       		.byte	0x1
 660 0157 07       		.uleb128 0x7
 661 0158 00000000 		.4byte	.LASF35
 662 015c 02       		.byte	0x2
 663 015d 07       		.uleb128 0x7
 664 015e 0F030000 		.4byte	.LASF36
 665 0162 03       		.byte	0x3
 666 0163 00       		.byte	0
 667 0164 03       		.uleb128 0x3
 668 0165 CF000000 		.4byte	.LASF37
 669 0169 01       		.byte	0x1
 670 016a 1E       		.byte	0x1e
 671 016b 3B010000 		.4byte	0x13b
 672 016f 08       		.uleb128 0x8
 673 0170 69000000 		.4byte	.LASF38
 674 0174 01       		.byte	0x1
 675 0175 78       		.byte	0x78
 676 0176 00000000 		.4byte	.LFB64
 677 017a 38000000 		.4byte	.LFE64-.LFB64
 678 017e 01       		.uleb128 0x1
 679 017f 9C       		.byte	0x9c
 680 0180 A7010000 		.4byte	0x1a7
 681 0184 09       		.uleb128 0x9
 682 0185 7E000000 		.4byte	.LASF40
 683 0189 01       		.byte	0x1
 684 018a 78       		.byte	0x78
 685 018b EA000000 		.4byte	0xea
 686 018f 00000000 		.4byte	.LLST0
 687 0193 0A       		.uleb128 0xa
 688 0194 2C000000 		.4byte	.LVL2
 689 0198 B0040000 		.4byte	0x4b0
 690 019c 0B       		.uleb128 0xb
 691 019d 01       		.uleb128 0x1
 692 019e 50       		.byte	0x50
 693 019f 05       		.uleb128 0x5
 694 01a0 03       		.byte	0x3
ARM GAS  C:\Users\AADARS~1\AppData\Local\Temp\cc9pYrbm.s 			page 18


 695 01a1 00000000 		.4byte	.LC0
 696 01a5 00       		.byte	0
 697 01a6 00       		.byte	0
 698 01a7 08       		.uleb128 0x8
 699 01a8 F0000000 		.4byte	.LASF39
 700 01ac 01       		.byte	0x1
 701 01ad 9A       		.byte	0x9a
 702 01ae 00000000 		.4byte	.LFB65
 703 01b2 38000000 		.4byte	.LFE65-.LFB65
 704 01b6 01       		.uleb128 0x1
 705 01b7 9C       		.byte	0x9c
 706 01b8 DF010000 		.4byte	0x1df
 707 01bc 09       		.uleb128 0x9
 708 01bd 7E000000 		.4byte	.LASF40
 709 01c1 01       		.byte	0x1
 710 01c2 9A       		.byte	0x9a
 711 01c3 EA000000 		.4byte	0xea
 712 01c7 21000000 		.4byte	.LLST1
 713 01cb 0A       		.uleb128 0xa
 714 01cc 2C000000 		.4byte	.LVL5
 715 01d0 B0040000 		.4byte	0x4b0
 716 01d4 0B       		.uleb128 0xb
 717 01d5 01       		.uleb128 0x1
 718 01d6 50       		.byte	0x50
 719 01d7 05       		.uleb128 0x5
 720 01d8 03       		.byte	0x3
 721 01d9 00000000 		.4byte	.LC0
 722 01dd 00       		.byte	0
 723 01de 00       		.byte	0
 724 01df 0C       		.uleb128 0xc
 725 01e0 47040000 		.4byte	.LASF62
 726 01e4 01       		.byte	0x1
 727 01e5 BB       		.byte	0xbb
 728 01e6 BC000000 		.4byte	0xbc
 729 01ea 00000000 		.4byte	.LFB66
 730 01ee 38000000 		.4byte	.LFE66-.LFB66
 731 01f2 01       		.uleb128 0x1
 732 01f3 9C       		.byte	0x9c
 733 01f4 2A020000 		.4byte	0x22a
 734 01f8 09       		.uleb128 0x9
 735 01f9 7E000000 		.4byte	.LASF40
 736 01fd 01       		.byte	0x1
 737 01fe BB       		.byte	0xbb
 738 01ff EA000000 		.4byte	0xea
 739 0203 42000000 		.4byte	.LLST2
 740 0207 0D       		.uleb128 0xd
 741 0208 68030000 		.4byte	.LASF47
 742 020c 01       		.byte	0x1
 743 020d BD       		.byte	0xbd
 744 020e BC000000 		.4byte	0xbc
 745 0212 AE000000 		.4byte	.LLST3
 746 0216 0A       		.uleb128 0xa
 747 0217 2C000000 		.4byte	.LVL18
 748 021b B0040000 		.4byte	0x4b0
 749 021f 0B       		.uleb128 0xb
 750 0220 01       		.uleb128 0x1
 751 0221 50       		.byte	0x50
ARM GAS  C:\Users\AADARS~1\AppData\Local\Temp\cc9pYrbm.s 			page 19


 752 0222 05       		.uleb128 0x5
 753 0223 03       		.byte	0x3
 754 0224 00000000 		.4byte	.LC0
 755 0228 00       		.byte	0
 756 0229 00       		.byte	0
 757 022a 0E       		.uleb128 0xe
 758 022b 0D020000 		.4byte	.LASF41
 759 022f 01       		.byte	0x1
 760 0230 DE       		.byte	0xde
 761 0231 00000000 		.4byte	.LFB67
 762 0235 1C000000 		.4byte	.LFE67-.LFB67
 763 0239 01       		.uleb128 0x1
 764 023a 9C       		.byte	0x9c
 765 023b 84020000 		.4byte	0x284
 766 023f 0F       		.uleb128 0xf
 767 0240 0A000000 		.4byte	.LVL20
 768 0244 BB040000 		.4byte	0x4bb
 769 0248 57020000 		.4byte	0x257
 770 024c 0B       		.uleb128 0xb
 771 024d 01       		.uleb128 0x1
 772 024e 50       		.byte	0x50
 773 024f 01       		.uleb128 0x1
 774 0250 32       		.byte	0x32
 775 0251 0B       		.uleb128 0xb
 776 0252 01       		.uleb128 0x1
 777 0253 51       		.byte	0x51
 778 0254 01       		.uleb128 0x1
 779 0255 30       		.byte	0x30
 780 0256 00       		.byte	0
 781 0257 0F       		.uleb128 0xf
 782 0258 12000000 		.4byte	.LVL21
 783 025c BB040000 		.4byte	0x4bb
 784 0260 6F020000 		.4byte	0x26f
 785 0264 0B       		.uleb128 0xb
 786 0265 01       		.uleb128 0x1
 787 0266 50       		.byte	0x50
 788 0267 01       		.uleb128 0x1
 789 0268 30       		.byte	0x30
 790 0269 0B       		.uleb128 0xb
 791 026a 01       		.uleb128 0x1
 792 026b 51       		.byte	0x51
 793 026c 01       		.uleb128 0x1
 794 026d 31       		.byte	0x31
 795 026e 00       		.byte	0
 796 026f 0A       		.uleb128 0xa
 797 0270 1A000000 		.4byte	.LVL22
 798 0274 BB040000 		.4byte	0x4bb
 799 0278 0B       		.uleb128 0xb
 800 0279 01       		.uleb128 0x1
 801 027a 50       		.byte	0x50
 802 027b 01       		.uleb128 0x1
 803 027c 31       		.byte	0x31
 804 027d 0B       		.uleb128 0xb
 805 027e 01       		.uleb128 0x1
 806 027f 51       		.byte	0x51
 807 0280 01       		.uleb128 0x1
 808 0281 30       		.byte	0x30
ARM GAS  C:\Users\AADARS~1\AppData\Local\Temp\cc9pYrbm.s 			page 20


 809 0282 00       		.byte	0
 810 0283 00       		.byte	0
 811 0284 0E       		.uleb128 0xe
 812 0285 38010000 		.4byte	.LASF42
 813 0289 01       		.byte	0x1
 814 028a EA       		.byte	0xea
 815 028b 00000000 		.4byte	.LFB68
 816 028f 1C000000 		.4byte	.LFE68-.LFB68
 817 0293 01       		.uleb128 0x1
 818 0294 9C       		.byte	0x9c
 819 0295 DE020000 		.4byte	0x2de
 820 0299 0F       		.uleb128 0xf
 821 029a 0A000000 		.4byte	.LVL23
 822 029e BB040000 		.4byte	0x4bb
 823 02a2 B1020000 		.4byte	0x2b1
 824 02a6 0B       		.uleb128 0xb
 825 02a7 01       		.uleb128 0x1
 826 02a8 50       		.byte	0x50
 827 02a9 01       		.uleb128 0x1
 828 02aa 32       		.byte	0x32
 829 02ab 0B       		.uleb128 0xb
 830 02ac 01       		.uleb128 0x1
 831 02ad 51       		.byte	0x51
 832 02ae 01       		.uleb128 0x1
 833 02af 30       		.byte	0x30
 834 02b0 00       		.byte	0
 835 02b1 0F       		.uleb128 0xf
 836 02b2 12000000 		.4byte	.LVL24
 837 02b6 BB040000 		.4byte	0x4bb
 838 02ba C9020000 		.4byte	0x2c9
 839 02be 0B       		.uleb128 0xb
 840 02bf 01       		.uleb128 0x1
 841 02c0 50       		.byte	0x50
 842 02c1 01       		.uleb128 0x1
 843 02c2 30       		.byte	0x30
 844 02c3 0B       		.uleb128 0xb
 845 02c4 01       		.uleb128 0x1
 846 02c5 51       		.byte	0x51
 847 02c6 01       		.uleb128 0x1
 848 02c7 30       		.byte	0x30
 849 02c8 00       		.byte	0
 850 02c9 0A       		.uleb128 0xa
 851 02ca 1A000000 		.4byte	.LVL25
 852 02ce BB040000 		.4byte	0x4bb
 853 02d2 0B       		.uleb128 0xb
 854 02d3 01       		.uleb128 0x1
 855 02d4 50       		.byte	0x50
 856 02d5 01       		.uleb128 0x1
 857 02d6 31       		.byte	0x31
 858 02d7 0B       		.uleb128 0xb
 859 02d8 01       		.uleb128 0x1
 860 02d9 51       		.byte	0x51
 861 02da 01       		.uleb128 0x1
 862 02db 31       		.byte	0x31
 863 02dc 00       		.byte	0
 864 02dd 00       		.byte	0
 865 02de 0E       		.uleb128 0xe
ARM GAS  C:\Users\AADARS~1\AppData\Local\Temp\cc9pYrbm.s 			page 21


 866 02df 47000000 		.4byte	.LASF43
 867 02e3 01       		.byte	0x1
 868 02e4 F6       		.byte	0xf6
 869 02e5 00000000 		.4byte	.LFB69
 870 02e9 1C000000 		.4byte	.LFE69-.LFB69
 871 02ed 01       		.uleb128 0x1
 872 02ee 9C       		.byte	0x9c
 873 02ef 38030000 		.4byte	0x338
 874 02f3 0F       		.uleb128 0xf
 875 02f4 0A000000 		.4byte	.LVL26
 876 02f8 BB040000 		.4byte	0x4bb
 877 02fc 0B030000 		.4byte	0x30b
 878 0300 0B       		.uleb128 0xb
 879 0301 01       		.uleb128 0x1
 880 0302 50       		.byte	0x50
 881 0303 01       		.uleb128 0x1
 882 0304 32       		.byte	0x32
 883 0305 0B       		.uleb128 0xb
 884 0306 01       		.uleb128 0x1
 885 0307 51       		.byte	0x51
 886 0308 01       		.uleb128 0x1
 887 0309 31       		.byte	0x31
 888 030a 00       		.byte	0
 889 030b 0F       		.uleb128 0xf
 890 030c 12000000 		.4byte	.LVL27
 891 0310 BB040000 		.4byte	0x4bb
 892 0314 23030000 		.4byte	0x323
 893 0318 0B       		.uleb128 0xb
 894 0319 01       		.uleb128 0x1
 895 031a 50       		.byte	0x50
 896 031b 01       		.uleb128 0x1
 897 031c 30       		.byte	0x30
 898 031d 0B       		.uleb128 0xb
 899 031e 01       		.uleb128 0x1
 900 031f 51       		.byte	0x51
 901 0320 01       		.uleb128 0x1
 902 0321 30       		.byte	0x30
 903 0322 00       		.byte	0
 904 0323 0A       		.uleb128 0xa
 905 0324 1A000000 		.4byte	.LVL28
 906 0328 BB040000 		.4byte	0x4bb
 907 032c 0B       		.uleb128 0xb
 908 032d 01       		.uleb128 0x1
 909 032e 50       		.byte	0x50
 910 032f 01       		.uleb128 0x1
 911 0330 31       		.byte	0x31
 912 0331 0B       		.uleb128 0xb
 913 0332 01       		.uleb128 0x1
 914 0333 51       		.byte	0x51
 915 0334 01       		.uleb128 0x1
 916 0335 30       		.byte	0x30
 917 0336 00       		.byte	0
 918 0337 00       		.byte	0
 919 0338 08       		.uleb128 0x8
 920 0339 A6010000 		.4byte	.LASF44
 921 033d 01       		.byte	0x1
 922 033e 26       		.byte	0x26
ARM GAS  C:\Users\AADARS~1\AppData\Local\Temp\cc9pYrbm.s 			page 22


 923 033f 00000000 		.4byte	.LFB63
 924 0343 9C000000 		.4byte	.LFE63-.LFB63
 925 0347 01       		.uleb128 0x1
 926 0348 9C       		.byte	0x9c
 927 0349 61040000 		.4byte	0x461
 928 034d 09       		.uleb128 0x9
 929 034e 08030000 		.4byte	.LASF45
 930 0352 01       		.byte	0x1
 931 0353 26       		.byte	0x26
 932 0354 61040000 		.4byte	0x461
 933 0358 12010000 		.4byte	.LLST4
 934 035c 09       		.uleb128 0x9
 935 035d C2000000 		.4byte	.LASF46
 936 0361 01       		.byte	0x1
 937 0362 26       		.byte	0x26
 938 0363 8D000000 		.4byte	0x8d
 939 0367 7B010000 		.4byte	.LLST5
 940 036b 10       		.uleb128 0x10
 941 036c 37000000 		.4byte	.LASF48
 942 0370 01       		.byte	0x1
 943 0371 29       		.byte	0x29
 944 0372 64010000 		.4byte	0x164
 945 0376 05       		.uleb128 0x5
 946 0377 03       		.byte	0x3
 947 0378 03000000 		.4byte	state.6200
 948 037c 0F       		.uleb128 0xf
 949 037d 18000000 		.4byte	.LVL31
 950 0381 DF010000 		.4byte	0x1df
 951 0385 8F030000 		.4byte	0x38f
 952 0389 0B       		.uleb128 0xb
 953 038a 01       		.uleb128 0x1
 954 038b 50       		.byte	0x50
 955 038c 01       		.uleb128 0x1
 956 038d 30       		.byte	0x30
 957 038e 00       		.byte	0
 958 038f 11       		.uleb128 0x11
 959 0390 20000000 		.4byte	.LVL32
 960 0394 84020000 		.4byte	0x284
 961 0398 0F       		.uleb128 0xf
 962 0399 26000000 		.4byte	.LVL33
 963 039d A7010000 		.4byte	0x1a7
 964 03a1 AB030000 		.4byte	0x3ab
 965 03a5 0B       		.uleb128 0xb
 966 03a6 01       		.uleb128 0x1
 967 03a7 50       		.byte	0x50
 968 03a8 01       		.uleb128 0x1
 969 03a9 30       		.byte	0x30
 970 03aa 00       		.byte	0
 971 03ab 11       		.uleb128 0x11
 972 03ac 2A000000 		.4byte	.LVL34
 973 03b0 C6040000 		.4byte	0x4c6
 974 03b4 0F       		.uleb128 0xf
 975 03b5 38000000 		.4byte	.LVL37
 976 03b9 DF010000 		.4byte	0x1df
 977 03bd C7030000 		.4byte	0x3c7
 978 03c1 0B       		.uleb128 0xb
 979 03c2 01       		.uleb128 0x1
ARM GAS  C:\Users\AADARS~1\AppData\Local\Temp\cc9pYrbm.s 			page 23


 980 03c3 50       		.byte	0x50
 981 03c4 01       		.uleb128 0x1
 982 03c5 31       		.byte	0x31
 983 03c6 00       		.byte	0
 984 03c7 11       		.uleb128 0x11
 985 03c8 3E000000 		.4byte	.LVL38
 986 03cc D1040000 		.4byte	0x4d1
 987 03d0 0F       		.uleb128 0xf
 988 03d1 48000000 		.4byte	.LVL39
 989 03d5 A7010000 		.4byte	0x1a7
 990 03d9 E3030000 		.4byte	0x3e3
 991 03dd 0B       		.uleb128 0xb
 992 03de 01       		.uleb128 0x1
 993 03df 50       		.byte	0x50
 994 03e0 01       		.uleb128 0x1
 995 03e1 31       		.byte	0x31
 996 03e2 00       		.byte	0
 997 03e3 11       		.uleb128 0x11
 998 03e4 4C000000 		.4byte	.LVL40
 999 03e8 DC040000 		.4byte	0x4dc
 1000 03ec 0F       		.uleb128 0xf
 1001 03ed 5E000000 		.4byte	.LVL43
 1002 03f1 DF010000 		.4byte	0x1df
 1003 03f5 FF030000 		.4byte	0x3ff
 1004 03f9 0B       		.uleb128 0xb
 1005 03fa 01       		.uleb128 0x1
 1006 03fb 50       		.byte	0x50
 1007 03fc 01       		.uleb128 0x1
 1008 03fd 32       		.byte	0x32
 1009 03fe 00       		.byte	0
 1010 03ff 0F       		.uleb128 0xf
 1011 0400 66000000 		.4byte	.LVL44
 1012 0404 A7010000 		.4byte	0x1a7
 1013 0408 12040000 		.4byte	0x412
 1014 040c 0B       		.uleb128 0xb
 1015 040d 01       		.uleb128 0x1
 1016 040e 50       		.byte	0x50
 1017 040f 01       		.uleb128 0x1
 1018 0410 32       		.byte	0x32
 1019 0411 00       		.byte	0
 1020 0412 11       		.uleb128 0x11
 1021 0413 6A000000 		.4byte	.LVL45
 1022 0417 DE020000 		.4byte	0x2de
 1023 041b 0F       		.uleb128 0xf
 1024 041c 72000000 		.4byte	.LVL46
 1025 0420 E7040000 		.4byte	0x4e7
 1026 0424 35040000 		.4byte	0x435
 1027 0428 0B       		.uleb128 0xb
 1028 0429 01       		.uleb128 0x1
 1029 042a 50       		.byte	0x50
 1030 042b 02       		.uleb128 0x2
 1031 042c 74       		.byte	0x74
 1032 042d 00       		.sleb128 0
 1033 042e 0B       		.uleb128 0xb
 1034 042f 01       		.uleb128 0x1
 1035 0430 51       		.byte	0x51
 1036 0431 02       		.uleb128 0x2
ARM GAS  C:\Users\AADARS~1\AppData\Local\Temp\cc9pYrbm.s 			page 24


 1037 0432 75       		.byte	0x75
 1038 0433 00       		.sleb128 0
 1039 0434 00       		.byte	0
 1040 0435 0F       		.uleb128 0xf
 1041 0436 80000000 		.4byte	.LVL49
 1042 043a DF010000 		.4byte	0x1df
 1043 043e 48040000 		.4byte	0x448
 1044 0442 0B       		.uleb128 0xb
 1045 0443 01       		.uleb128 0x1
 1046 0444 50       		.byte	0x50
 1047 0445 01       		.uleb128 0x1
 1048 0446 31       		.byte	0x31
 1049 0447 00       		.byte	0
 1050 0448 11       		.uleb128 0x11
 1051 0449 86000000 		.4byte	.LVL50
 1052 044d D1040000 		.4byte	0x4d1
 1053 0451 0A       		.uleb128 0xa
 1054 0452 90000000 		.4byte	.LVL51
 1055 0456 A7010000 		.4byte	0x1a7
 1056 045a 0B       		.uleb128 0xb
 1057 045b 01       		.uleb128 0x1
 1058 045c 50       		.byte	0x50
 1059 045d 01       		.uleb128 0x1
 1060 045e 31       		.byte	0x31
 1061 045f 00       		.byte	0
 1062 0460 00       		.byte	0
 1063 0461 12       		.uleb128 0x12
 1064 0462 04       		.byte	0x4
 1065 0463 8D000000 		.4byte	0x8d
 1066 0467 13       		.uleb128 0x13
 1067 0468 6D030000 		.4byte	.LASF49
 1068 046c 08       		.byte	0x8
 1069 046d 1207     		.2byte	0x712
 1070 046f 73040000 		.4byte	0x473
 1071 0473 14       		.uleb128 0x14
 1072 0474 76000000 		.4byte	0x76
 1073 0478 15       		.uleb128 0x15
 1074 0479 35040000 		.4byte	.LASF50
 1075 047d 01       		.byte	0x1
 1076 047e 0E       		.byte	0xe
 1077 047f 89040000 		.4byte	0x489
 1078 0483 05       		.uleb128 0x5
 1079 0484 03       		.byte	0x3
 1080 0485 00000000 		.4byte	buttonPressedFlag
 1081 0489 14       		.uleb128 0x14
 1082 048a BC000000 		.4byte	0xbc
 1083 048e 15       		.uleb128 0x15
 1084 048f 18040000 		.4byte	.LASF51
 1085 0493 01       		.byte	0x1
 1086 0494 12       		.byte	0x12
 1087 0495 89040000 		.4byte	0x489
 1088 0499 05       		.uleb128 0x5
 1089 049a 03       		.byte	0x3
 1090 049b 00000000 		.4byte	dmaCompletionFlag
 1091 049f 15       		.uleb128 0x15
 1092 04a0 84000000 		.4byte	.LASF52
 1093 04a4 01       		.byte	0x1
ARM GAS  C:\Users\AADARS~1\AppData\Local\Temp\cc9pYrbm.s 			page 25


 1094 04a5 16       		.byte	0x16
 1095 04a6 89040000 		.4byte	0x489
 1096 04aa 05       		.uleb128 0x5
 1097 04ab 03       		.byte	0x3
 1098 04ac 00000000 		.4byte	UART_RX_Flag
 1099 04b0 16       		.uleb128 0x16
 1100 04b1 9E000000 		.4byte	.LASF53
 1101 04b5 9E000000 		.4byte	.LASF53
 1102 04b9 09       		.byte	0x9
 1103 04ba 8B       		.byte	0x8b
 1104 04bb 16       		.uleb128 0x16
 1105 04bc C4010000 		.4byte	.LASF54
 1106 04c0 C4010000 		.4byte	.LASF54
 1107 04c4 07       		.byte	0x7
 1108 04c5 2B       		.byte	0x2b
 1109 04c6 16       		.uleb128 0x16
 1110 04c7 1F000000 		.4byte	.LASF55
 1111 04cb 1F000000 		.4byte	.LASF55
 1112 04cf 0A       		.byte	0xa
 1113 04d0 3D       		.byte	0x3d
 1114 04d1 16       		.uleb128 0x16
 1115 04d2 91000000 		.4byte	.LASF56
 1116 04d6 91000000 		.4byte	.LASF56
 1117 04da 09       		.byte	0x9
 1118 04db 71       		.byte	0x71
 1119 04dc 16       		.uleb128 0x16
 1120 04dd D7000000 		.4byte	.LASF57
 1121 04e1 D7000000 		.4byte	.LASF57
 1122 04e5 0B       		.byte	0xb
 1123 04e6 18       		.byte	0x18
 1124 04e7 16       		.uleb128 0x16
 1125 04e8 59010000 		.4byte	.LASF58
 1126 04ec 59010000 		.4byte	.LASF58
 1127 04f0 09       		.byte	0x9
 1128 04f1 8C       		.byte	0x8c
 1129 04f2 00       		.byte	0
 1130              		.section	.debug_abbrev,"",%progbits
 1131              	.Ldebug_abbrev0:
 1132 0000 01       		.uleb128 0x1
 1133 0001 11       		.uleb128 0x11
 1134 0002 01       		.byte	0x1
 1135 0003 25       		.uleb128 0x25
 1136 0004 0E       		.uleb128 0xe
 1137 0005 13       		.uleb128 0x13
 1138 0006 0B       		.uleb128 0xb
 1139 0007 03       		.uleb128 0x3
 1140 0008 0E       		.uleb128 0xe
 1141 0009 1B       		.uleb128 0x1b
 1142 000a 0E       		.uleb128 0xe
 1143 000b 55       		.uleb128 0x55
 1144 000c 17       		.uleb128 0x17
 1145 000d 11       		.uleb128 0x11
 1146 000e 01       		.uleb128 0x1
 1147 000f 10       		.uleb128 0x10
 1148 0010 17       		.uleb128 0x17
 1149 0011 00       		.byte	0
 1150 0012 00       		.byte	0
ARM GAS  C:\Users\AADARS~1\AppData\Local\Temp\cc9pYrbm.s 			page 26


 1151 0013 02       		.uleb128 0x2
 1152 0014 24       		.uleb128 0x24
 1153 0015 00       		.byte	0
 1154 0016 0B       		.uleb128 0xb
 1155 0017 0B       		.uleb128 0xb
 1156 0018 3E       		.uleb128 0x3e
 1157 0019 0B       		.uleb128 0xb
 1158 001a 03       		.uleb128 0x3
 1159 001b 0E       		.uleb128 0xe
 1160 001c 00       		.byte	0
 1161 001d 00       		.byte	0
 1162 001e 03       		.uleb128 0x3
 1163 001f 16       		.uleb128 0x16
 1164 0020 00       		.byte	0
 1165 0021 03       		.uleb128 0x3
 1166 0022 0E       		.uleb128 0xe
 1167 0023 3A       		.uleb128 0x3a
 1168 0024 0B       		.uleb128 0xb
 1169 0025 3B       		.uleb128 0x3b
 1170 0026 0B       		.uleb128 0xb
 1171 0027 49       		.uleb128 0x49
 1172 0028 13       		.uleb128 0x13
 1173 0029 00       		.byte	0
 1174 002a 00       		.byte	0
 1175 002b 04       		.uleb128 0x4
 1176 002c 24       		.uleb128 0x24
 1177 002d 00       		.byte	0
 1178 002e 0B       		.uleb128 0xb
 1179 002f 0B       		.uleb128 0xb
 1180 0030 3E       		.uleb128 0x3e
 1181 0031 0B       		.uleb128 0xb
 1182 0032 03       		.uleb128 0x3
 1183 0033 08       		.uleb128 0x8
 1184 0034 00       		.byte	0
 1185 0035 00       		.byte	0
 1186 0036 05       		.uleb128 0x5
 1187 0037 16       		.uleb128 0x16
 1188 0038 00       		.byte	0
 1189 0039 03       		.uleb128 0x3
 1190 003a 0E       		.uleb128 0xe
 1191 003b 3A       		.uleb128 0x3a
 1192 003c 0B       		.uleb128 0xb
 1193 003d 3B       		.uleb128 0x3b
 1194 003e 05       		.uleb128 0x5
 1195 003f 49       		.uleb128 0x49
 1196 0040 13       		.uleb128 0x13
 1197 0041 00       		.byte	0
 1198 0042 00       		.byte	0
 1199 0043 06       		.uleb128 0x6
 1200 0044 04       		.uleb128 0x4
 1201 0045 01       		.byte	0x1
 1202 0046 03       		.uleb128 0x3
 1203 0047 0E       		.uleb128 0xe
 1204 0048 0B       		.uleb128 0xb
 1205 0049 0B       		.uleb128 0xb
 1206 004a 49       		.uleb128 0x49
 1207 004b 13       		.uleb128 0x13
ARM GAS  C:\Users\AADARS~1\AppData\Local\Temp\cc9pYrbm.s 			page 27


 1208 004c 3A       		.uleb128 0x3a
 1209 004d 0B       		.uleb128 0xb
 1210 004e 3B       		.uleb128 0x3b
 1211 004f 0B       		.uleb128 0xb
 1212 0050 01       		.uleb128 0x1
 1213 0051 13       		.uleb128 0x13
 1214 0052 00       		.byte	0
 1215 0053 00       		.byte	0
 1216 0054 07       		.uleb128 0x7
 1217 0055 28       		.uleb128 0x28
 1218 0056 00       		.byte	0
 1219 0057 03       		.uleb128 0x3
 1220 0058 0E       		.uleb128 0xe
 1221 0059 1C       		.uleb128 0x1c
 1222 005a 0B       		.uleb128 0xb
 1223 005b 00       		.byte	0
 1224 005c 00       		.byte	0
 1225 005d 08       		.uleb128 0x8
 1226 005e 2E       		.uleb128 0x2e
 1227 005f 01       		.byte	0x1
 1228 0060 3F       		.uleb128 0x3f
 1229 0061 19       		.uleb128 0x19
 1230 0062 03       		.uleb128 0x3
 1231 0063 0E       		.uleb128 0xe
 1232 0064 3A       		.uleb128 0x3a
 1233 0065 0B       		.uleb128 0xb
 1234 0066 3B       		.uleb128 0x3b
 1235 0067 0B       		.uleb128 0xb
 1236 0068 27       		.uleb128 0x27
 1237 0069 19       		.uleb128 0x19
 1238 006a 11       		.uleb128 0x11
 1239 006b 01       		.uleb128 0x1
 1240 006c 12       		.uleb128 0x12
 1241 006d 06       		.uleb128 0x6
 1242 006e 40       		.uleb128 0x40
 1243 006f 18       		.uleb128 0x18
 1244 0070 9742     		.uleb128 0x2117
 1245 0072 19       		.uleb128 0x19
 1246 0073 01       		.uleb128 0x1
 1247 0074 13       		.uleb128 0x13
 1248 0075 00       		.byte	0
 1249 0076 00       		.byte	0
 1250 0077 09       		.uleb128 0x9
 1251 0078 05       		.uleb128 0x5
 1252 0079 00       		.byte	0
 1253 007a 03       		.uleb128 0x3
 1254 007b 0E       		.uleb128 0xe
 1255 007c 3A       		.uleb128 0x3a
 1256 007d 0B       		.uleb128 0xb
 1257 007e 3B       		.uleb128 0x3b
 1258 007f 0B       		.uleb128 0xb
 1259 0080 49       		.uleb128 0x49
 1260 0081 13       		.uleb128 0x13
 1261 0082 02       		.uleb128 0x2
 1262 0083 17       		.uleb128 0x17
 1263 0084 00       		.byte	0
 1264 0085 00       		.byte	0
ARM GAS  C:\Users\AADARS~1\AppData\Local\Temp\cc9pYrbm.s 			page 28


 1265 0086 0A       		.uleb128 0xa
 1266 0087 898201   		.uleb128 0x4109
 1267 008a 01       		.byte	0x1
 1268 008b 11       		.uleb128 0x11
 1269 008c 01       		.uleb128 0x1
 1270 008d 31       		.uleb128 0x31
 1271 008e 13       		.uleb128 0x13
 1272 008f 00       		.byte	0
 1273 0090 00       		.byte	0
 1274 0091 0B       		.uleb128 0xb
 1275 0092 8A8201   		.uleb128 0x410a
 1276 0095 00       		.byte	0
 1277 0096 02       		.uleb128 0x2
 1278 0097 18       		.uleb128 0x18
 1279 0098 9142     		.uleb128 0x2111
 1280 009a 18       		.uleb128 0x18
 1281 009b 00       		.byte	0
 1282 009c 00       		.byte	0
 1283 009d 0C       		.uleb128 0xc
 1284 009e 2E       		.uleb128 0x2e
 1285 009f 01       		.byte	0x1
 1286 00a0 3F       		.uleb128 0x3f
 1287 00a1 19       		.uleb128 0x19
 1288 00a2 03       		.uleb128 0x3
 1289 00a3 0E       		.uleb128 0xe
 1290 00a4 3A       		.uleb128 0x3a
 1291 00a5 0B       		.uleb128 0xb
 1292 00a6 3B       		.uleb128 0x3b
 1293 00a7 0B       		.uleb128 0xb
 1294 00a8 27       		.uleb128 0x27
 1295 00a9 19       		.uleb128 0x19
 1296 00aa 49       		.uleb128 0x49
 1297 00ab 13       		.uleb128 0x13
 1298 00ac 11       		.uleb128 0x11
 1299 00ad 01       		.uleb128 0x1
 1300 00ae 12       		.uleb128 0x12
 1301 00af 06       		.uleb128 0x6
 1302 00b0 40       		.uleb128 0x40
 1303 00b1 18       		.uleb128 0x18
 1304 00b2 9742     		.uleb128 0x2117
 1305 00b4 19       		.uleb128 0x19
 1306 00b5 01       		.uleb128 0x1
 1307 00b6 13       		.uleb128 0x13
 1308 00b7 00       		.byte	0
 1309 00b8 00       		.byte	0
 1310 00b9 0D       		.uleb128 0xd
 1311 00ba 34       		.uleb128 0x34
 1312 00bb 00       		.byte	0
 1313 00bc 03       		.uleb128 0x3
 1314 00bd 0E       		.uleb128 0xe
 1315 00be 3A       		.uleb128 0x3a
 1316 00bf 0B       		.uleb128 0xb
 1317 00c0 3B       		.uleb128 0x3b
 1318 00c1 0B       		.uleb128 0xb
 1319 00c2 49       		.uleb128 0x49
 1320 00c3 13       		.uleb128 0x13
 1321 00c4 02       		.uleb128 0x2
ARM GAS  C:\Users\AADARS~1\AppData\Local\Temp\cc9pYrbm.s 			page 29


 1322 00c5 17       		.uleb128 0x17
 1323 00c6 00       		.byte	0
 1324 00c7 00       		.byte	0
 1325 00c8 0E       		.uleb128 0xe
 1326 00c9 2E       		.uleb128 0x2e
 1327 00ca 01       		.byte	0x1
 1328 00cb 3F       		.uleb128 0x3f
 1329 00cc 19       		.uleb128 0x19
 1330 00cd 03       		.uleb128 0x3
 1331 00ce 0E       		.uleb128 0xe
 1332 00cf 3A       		.uleb128 0x3a
 1333 00d0 0B       		.uleb128 0xb
 1334 00d1 3B       		.uleb128 0x3b
 1335 00d2 0B       		.uleb128 0xb
 1336 00d3 11       		.uleb128 0x11
 1337 00d4 01       		.uleb128 0x1
 1338 00d5 12       		.uleb128 0x12
 1339 00d6 06       		.uleb128 0x6
 1340 00d7 40       		.uleb128 0x40
 1341 00d8 18       		.uleb128 0x18
 1342 00d9 9742     		.uleb128 0x2117
 1343 00db 19       		.uleb128 0x19
 1344 00dc 01       		.uleb128 0x1
 1345 00dd 13       		.uleb128 0x13
 1346 00de 00       		.byte	0
 1347 00df 00       		.byte	0
 1348 00e0 0F       		.uleb128 0xf
 1349 00e1 898201   		.uleb128 0x4109
 1350 00e4 01       		.byte	0x1
 1351 00e5 11       		.uleb128 0x11
 1352 00e6 01       		.uleb128 0x1
 1353 00e7 31       		.uleb128 0x31
 1354 00e8 13       		.uleb128 0x13
 1355 00e9 01       		.uleb128 0x1
 1356 00ea 13       		.uleb128 0x13
 1357 00eb 00       		.byte	0
 1358 00ec 00       		.byte	0
 1359 00ed 10       		.uleb128 0x10
 1360 00ee 34       		.uleb128 0x34
 1361 00ef 00       		.byte	0
 1362 00f0 03       		.uleb128 0x3
 1363 00f1 0E       		.uleb128 0xe
 1364 00f2 3A       		.uleb128 0x3a
 1365 00f3 0B       		.uleb128 0xb
 1366 00f4 3B       		.uleb128 0x3b
 1367 00f5 0B       		.uleb128 0xb
 1368 00f6 49       		.uleb128 0x49
 1369 00f7 13       		.uleb128 0x13
 1370 00f8 02       		.uleb128 0x2
 1371 00f9 18       		.uleb128 0x18
 1372 00fa 00       		.byte	0
 1373 00fb 00       		.byte	0
 1374 00fc 11       		.uleb128 0x11
 1375 00fd 898201   		.uleb128 0x4109
 1376 0100 00       		.byte	0
 1377 0101 11       		.uleb128 0x11
 1378 0102 01       		.uleb128 0x1
ARM GAS  C:\Users\AADARS~1\AppData\Local\Temp\cc9pYrbm.s 			page 30


 1379 0103 31       		.uleb128 0x31
 1380 0104 13       		.uleb128 0x13
 1381 0105 00       		.byte	0
 1382 0106 00       		.byte	0
 1383 0107 12       		.uleb128 0x12
 1384 0108 0F       		.uleb128 0xf
 1385 0109 00       		.byte	0
 1386 010a 0B       		.uleb128 0xb
 1387 010b 0B       		.uleb128 0xb
 1388 010c 49       		.uleb128 0x49
 1389 010d 13       		.uleb128 0x13
 1390 010e 00       		.byte	0
 1391 010f 00       		.byte	0
 1392 0110 13       		.uleb128 0x13
 1393 0111 34       		.uleb128 0x34
 1394 0112 00       		.byte	0
 1395 0113 03       		.uleb128 0x3
 1396 0114 0E       		.uleb128 0xe
 1397 0115 3A       		.uleb128 0x3a
 1398 0116 0B       		.uleb128 0xb
 1399 0117 3B       		.uleb128 0x3b
 1400 0118 05       		.uleb128 0x5
 1401 0119 49       		.uleb128 0x49
 1402 011a 13       		.uleb128 0x13
 1403 011b 3F       		.uleb128 0x3f
 1404 011c 19       		.uleb128 0x19
 1405 011d 3C       		.uleb128 0x3c
 1406 011e 19       		.uleb128 0x19
 1407 011f 00       		.byte	0
 1408 0120 00       		.byte	0
 1409 0121 14       		.uleb128 0x14
 1410 0122 35       		.uleb128 0x35
 1411 0123 00       		.byte	0
 1412 0124 49       		.uleb128 0x49
 1413 0125 13       		.uleb128 0x13
 1414 0126 00       		.byte	0
 1415 0127 00       		.byte	0
 1416 0128 15       		.uleb128 0x15
 1417 0129 34       		.uleb128 0x34
 1418 012a 00       		.byte	0
 1419 012b 03       		.uleb128 0x3
 1420 012c 0E       		.uleb128 0xe
 1421 012d 3A       		.uleb128 0x3a
 1422 012e 0B       		.uleb128 0xb
 1423 012f 3B       		.uleb128 0x3b
 1424 0130 0B       		.uleb128 0xb
 1425 0131 49       		.uleb128 0x49
 1426 0132 13       		.uleb128 0x13
 1427 0133 3F       		.uleb128 0x3f
 1428 0134 19       		.uleb128 0x19
 1429 0135 02       		.uleb128 0x2
 1430 0136 18       		.uleb128 0x18
 1431 0137 00       		.byte	0
 1432 0138 00       		.byte	0
 1433 0139 16       		.uleb128 0x16
 1434 013a 2E       		.uleb128 0x2e
 1435 013b 00       		.byte	0
ARM GAS  C:\Users\AADARS~1\AppData\Local\Temp\cc9pYrbm.s 			page 31


 1436 013c 3F       		.uleb128 0x3f
 1437 013d 19       		.uleb128 0x19
 1438 013e 3C       		.uleb128 0x3c
 1439 013f 19       		.uleb128 0x19
 1440 0140 6E       		.uleb128 0x6e
 1441 0141 0E       		.uleb128 0xe
 1442 0142 03       		.uleb128 0x3
 1443 0143 0E       		.uleb128 0xe
 1444 0144 3A       		.uleb128 0x3a
 1445 0145 0B       		.uleb128 0xb
 1446 0146 3B       		.uleb128 0x3b
 1447 0147 0B       		.uleb128 0xb
 1448 0148 00       		.byte	0
 1449 0149 00       		.byte	0
 1450 014a 00       		.byte	0
 1451              		.section	.debug_loc,"",%progbits
 1452              	.Ldebug_loc0:
 1453              	.LLST0:
 1454 0000 00000000 		.4byte	.LVL0
 1455 0004 28000000 		.4byte	.LVL1
 1456 0008 0100     		.2byte	0x1
 1457 000a 50       		.byte	0x50
 1458 000b 28000000 		.4byte	.LVL1
 1459 000f 38000000 		.4byte	.LFE64
 1460 0013 0400     		.2byte	0x4
 1461 0015 F3       		.byte	0xf3
 1462 0016 01       		.uleb128 0x1
 1463 0017 50       		.byte	0x50
 1464 0018 9F       		.byte	0x9f
 1465 0019 00000000 		.4byte	0
 1466 001d 00000000 		.4byte	0
 1467              	.LLST1:
 1468 0021 00000000 		.4byte	.LVL3
 1469 0025 28000000 		.4byte	.LVL4
 1470 0029 0100     		.2byte	0x1
 1471 002b 50       		.byte	0x50
 1472 002c 28000000 		.4byte	.LVL4
 1473 0030 38000000 		.4byte	.LFE65
 1474 0034 0400     		.2byte	0x4
 1475 0036 F3       		.byte	0xf3
 1476 0037 01       		.uleb128 0x1
 1477 0038 50       		.byte	0x50
 1478 0039 9F       		.byte	0x9f
 1479 003a 00000000 		.4byte	0
 1480 003e 00000000 		.4byte	0
 1481              	.LLST2:
 1482 0042 00000000 		.4byte	.LVL6
 1483 0046 12000000 		.4byte	.LVL8
 1484 004a 0100     		.2byte	0x1
 1485 004c 50       		.byte	0x50
 1486 004d 12000000 		.4byte	.LVL8
 1487 0051 16000000 		.4byte	.LVL10
 1488 0055 0400     		.2byte	0x4
 1489 0057 F3       		.byte	0xf3
 1490 0058 01       		.uleb128 0x1
 1491 0059 50       		.byte	0x50
 1492 005a 9F       		.byte	0x9f
ARM GAS  C:\Users\AADARS~1\AppData\Local\Temp\cc9pYrbm.s 			page 32


 1493 005b 16000000 		.4byte	.LVL10
 1494 005f 1A000000 		.4byte	.LVL11
 1495 0063 0100     		.2byte	0x1
 1496 0065 50       		.byte	0x50
 1497 0066 1A000000 		.4byte	.LVL11
 1498 006a 1E000000 		.4byte	.LVL13
 1499 006e 0400     		.2byte	0x4
 1500 0070 F3       		.byte	0xf3
 1501 0071 01       		.uleb128 0x1
 1502 0072 50       		.byte	0x50
 1503 0073 9F       		.byte	0x9f
 1504 0074 1E000000 		.4byte	.LVL13
 1505 0078 22000000 		.4byte	.LVL14
 1506 007c 0100     		.2byte	0x1
 1507 007e 50       		.byte	0x50
 1508 007f 22000000 		.4byte	.LVL14
 1509 0083 26000000 		.4byte	.LVL16
 1510 0087 0400     		.2byte	0x4
 1511 0089 F3       		.byte	0xf3
 1512 008a 01       		.uleb128 0x1
 1513 008b 50       		.byte	0x50
 1514 008c 9F       		.byte	0x9f
 1515 008d 26000000 		.4byte	.LVL16
 1516 0091 28000000 		.4byte	.LVL17
 1517 0095 0100     		.2byte	0x1
 1518 0097 50       		.byte	0x50
 1519 0098 28000000 		.4byte	.LVL17
 1520 009c 38000000 		.4byte	.LFE66
 1521 00a0 0400     		.2byte	0x4
 1522 00a2 F3       		.byte	0xf3
 1523 00a3 01       		.uleb128 0x1
 1524 00a4 50       		.byte	0x50
 1525 00a5 9F       		.byte	0x9f
 1526 00a6 00000000 		.4byte	0
 1527 00aa 00000000 		.4byte	0
 1528              	.LLST3:
 1529 00ae 02000000 		.4byte	.LVL7
 1530 00b2 14000000 		.4byte	.LVL9
 1531 00b6 0200     		.2byte	0x2
 1532 00b8 30       		.byte	0x30
 1533 00b9 9F       		.byte	0x9f
 1534 00ba 14000000 		.4byte	.LVL9
 1535 00be 16000000 		.4byte	.LVL10
 1536 00c2 0100     		.2byte	0x1
 1537 00c4 50       		.byte	0x50
 1538 00c5 16000000 		.4byte	.LVL10
 1539 00c9 1C000000 		.4byte	.LVL12
 1540 00cd 0200     		.2byte	0x2
 1541 00cf 30       		.byte	0x30
 1542 00d0 9F       		.byte	0x9f
 1543 00d1 1C000000 		.4byte	.LVL12
 1544 00d5 1E000000 		.4byte	.LVL13
 1545 00d9 0100     		.2byte	0x1
 1546 00db 50       		.byte	0x50
 1547 00dc 1E000000 		.4byte	.LVL13
 1548 00e0 24000000 		.4byte	.LVL15
 1549 00e4 0200     		.2byte	0x2
ARM GAS  C:\Users\AADARS~1\AppData\Local\Temp\cc9pYrbm.s 			page 33


 1550 00e6 30       		.byte	0x30
 1551 00e7 9F       		.byte	0x9f
 1552 00e8 24000000 		.4byte	.LVL15
 1553 00ec 26000000 		.4byte	.LVL16
 1554 00f0 0100     		.2byte	0x1
 1555 00f2 50       		.byte	0x50
 1556 00f3 26000000 		.4byte	.LVL16
 1557 00f7 2E000000 		.4byte	.LVL19
 1558 00fb 0200     		.2byte	0x2
 1559 00fd 30       		.byte	0x30
 1560 00fe 9F       		.byte	0x9f
 1561 00ff 2E000000 		.4byte	.LVL19
 1562 0103 38000000 		.4byte	.LFE66
 1563 0107 0100     		.2byte	0x1
 1564 0109 50       		.byte	0x50
 1565 010a 00000000 		.4byte	0
 1566 010e 00000000 		.4byte	0
 1567              	.LLST4:
 1568 0112 00000000 		.4byte	.LVL29
 1569 0116 14000000 		.4byte	.LVL30
 1570 011a 0100     		.2byte	0x1
 1571 011c 50       		.byte	0x50
 1572 011d 14000000 		.4byte	.LVL30
 1573 0121 32000000 		.4byte	.LVL35
 1574 0125 0400     		.2byte	0x4
 1575 0127 F3       		.byte	0xf3
 1576 0128 01       		.uleb128 0x1
 1577 0129 50       		.byte	0x50
 1578 012a 9F       		.byte	0x9f
 1579 012b 32000000 		.4byte	.LVL35
 1580 012f 34000000 		.4byte	.LVL36
 1581 0133 0100     		.2byte	0x1
 1582 0135 50       		.byte	0x50
 1583 0136 34000000 		.4byte	.LVL36
 1584 013a 54000000 		.4byte	.LVL41
 1585 013e 0400     		.2byte	0x4
 1586 0140 F3       		.byte	0xf3
 1587 0141 01       		.uleb128 0x1
 1588 0142 50       		.byte	0x50
 1589 0143 9F       		.byte	0x9f
 1590 0144 54000000 		.4byte	.LVL41
 1591 0148 5A000000 		.4byte	.LVL42
 1592 014c 0100     		.2byte	0x1
 1593 014e 50       		.byte	0x50
 1594 014f 5A000000 		.4byte	.LVL42
 1595 0153 7A000000 		.4byte	.LVL47
 1596 0157 0100     		.2byte	0x1
 1597 0159 54       		.byte	0x54
 1598 015a 7A000000 		.4byte	.LVL47
 1599 015e 7C000000 		.4byte	.LVL48
 1600 0162 0100     		.2byte	0x1
 1601 0164 50       		.byte	0x50
 1602 0165 7C000000 		.4byte	.LVL48
 1603 0169 9C000000 		.4byte	.LFE63
 1604 016d 0400     		.2byte	0x4
 1605 016f F3       		.byte	0xf3
 1606 0170 01       		.uleb128 0x1
ARM GAS  C:\Users\AADARS~1\AppData\Local\Temp\cc9pYrbm.s 			page 34


 1607 0171 50       		.byte	0x50
 1608 0172 9F       		.byte	0x9f
 1609 0173 00000000 		.4byte	0
 1610 0177 00000000 		.4byte	0
 1611              	.LLST5:
 1612 017b 00000000 		.4byte	.LVL29
 1613 017f 17000000 		.4byte	.LVL31-1
 1614 0183 0100     		.2byte	0x1
 1615 0185 51       		.byte	0x51
 1616 0186 17000000 		.4byte	.LVL31-1
 1617 018a 32000000 		.4byte	.LVL35
 1618 018e 0400     		.2byte	0x4
 1619 0190 F3       		.byte	0xf3
 1620 0191 01       		.uleb128 0x1
 1621 0192 51       		.byte	0x51
 1622 0193 9F       		.byte	0x9f
 1623 0194 32000000 		.4byte	.LVL35
 1624 0198 37000000 		.4byte	.LVL37-1
 1625 019c 0100     		.2byte	0x1
 1626 019e 51       		.byte	0x51
 1627 019f 37000000 		.4byte	.LVL37-1
 1628 01a3 54000000 		.4byte	.LVL41
 1629 01a7 0400     		.2byte	0x4
 1630 01a9 F3       		.byte	0xf3
 1631 01aa 01       		.uleb128 0x1
 1632 01ab 51       		.byte	0x51
 1633 01ac 9F       		.byte	0x9f
 1634 01ad 54000000 		.4byte	.LVL41
 1635 01b1 5D000000 		.4byte	.LVL43-1
 1636 01b5 0100     		.2byte	0x1
 1637 01b7 51       		.byte	0x51
 1638 01b8 5D000000 		.4byte	.LVL43-1
 1639 01bc 7A000000 		.4byte	.LVL47
 1640 01c0 0400     		.2byte	0x4
 1641 01c2 F3       		.byte	0xf3
 1642 01c3 01       		.uleb128 0x1
 1643 01c4 51       		.byte	0x51
 1644 01c5 9F       		.byte	0x9f
 1645 01c6 7A000000 		.4byte	.LVL47
 1646 01ca 7F000000 		.4byte	.LVL49-1
 1647 01ce 0100     		.2byte	0x1
 1648 01d0 51       		.byte	0x51
 1649 01d1 7F000000 		.4byte	.LVL49-1
 1650 01d5 9C000000 		.4byte	.LFE63
 1651 01d9 0400     		.2byte	0x4
 1652 01db F3       		.byte	0xf3
 1653 01dc 01       		.uleb128 0x1
 1654 01dd 51       		.byte	0x51
 1655 01de 9F       		.byte	0x9f
 1656 01df 00000000 		.4byte	0
 1657 01e3 00000000 		.4byte	0
 1658              		.section	.debug_aranges,"",%progbits
 1659 0000 4C000000 		.4byte	0x4c
 1660 0004 0200     		.2byte	0x2
 1661 0006 00000000 		.4byte	.Ldebug_info0
 1662 000a 04       		.byte	0x4
 1663 000b 00       		.byte	0
ARM GAS  C:\Users\AADARS~1\AppData\Local\Temp\cc9pYrbm.s 			page 35


 1664 000c 0000     		.2byte	0
 1665 000e 0000     		.2byte	0
 1666 0010 00000000 		.4byte	.LFB64
 1667 0014 38000000 		.4byte	.LFE64-.LFB64
 1668 0018 00000000 		.4byte	.LFB65
 1669 001c 38000000 		.4byte	.LFE65-.LFB65
 1670 0020 00000000 		.4byte	.LFB66
 1671 0024 38000000 		.4byte	.LFE66-.LFB66
 1672 0028 00000000 		.4byte	.LFB67
 1673 002c 1C000000 		.4byte	.LFE67-.LFB67
 1674 0030 00000000 		.4byte	.LFB68
 1675 0034 1C000000 		.4byte	.LFE68-.LFB68
 1676 0038 00000000 		.4byte	.LFB69
 1677 003c 1C000000 		.4byte	.LFE69-.LFB69
 1678 0040 00000000 		.4byte	.LFB63
 1679 0044 9C000000 		.4byte	.LFE63-.LFB63
 1680 0048 00000000 		.4byte	0
 1681 004c 00000000 		.4byte	0
 1682              		.section	.debug_ranges,"",%progbits
 1683              	.Ldebug_ranges0:
 1684 0000 00000000 		.4byte	.LFB64
 1685 0004 38000000 		.4byte	.LFE64
 1686 0008 00000000 		.4byte	.LFB65
 1687 000c 38000000 		.4byte	.LFE65
 1688 0010 00000000 		.4byte	.LFB66
 1689 0014 38000000 		.4byte	.LFE66
 1690 0018 00000000 		.4byte	.LFB67
 1691 001c 1C000000 		.4byte	.LFE67
 1692 0020 00000000 		.4byte	.LFB68
 1693 0024 1C000000 		.4byte	.LFE68
 1694 0028 00000000 		.4byte	.LFB69
 1695 002c 1C000000 		.4byte	.LFE69
 1696 0030 00000000 		.4byte	.LFB63
 1697 0034 9C000000 		.4byte	.LFE63
 1698 0038 00000000 		.4byte	0
 1699 003c 00000000 		.4byte	0
 1700              		.section	.debug_line,"",%progbits
 1701              	.Ldebug_line0:
 1702 0000 7C020000 		.section	.debug_str,"MS",%progbits,1
 1702      0200BE01 
 1702      00000201 
 1702      FB0E0D00 
 1702      01010101 
 1703              	.LASF35:
 1704 0000 53544154 		.ascii	"STATE_WAIT_FOR_MEASUREMENT_END\000"
 1704      455F5741 
 1704      49545F46 
 1704      4F525F4D 
 1704      45415355 
 1705              	.LASF55:
 1706 001f 4144435F 		.ascii	"ADC_DelSig_StartConvert\000"
 1706      44656C53 
 1706      69675F53 
 1706      74617274 
 1706      436F6E76 
 1707              	.LASF48:
 1708 0037 73746174 		.ascii	"state\000"
ARM GAS  C:\Users\AADARS~1\AppData\Local\Temp\cc9pYrbm.s 			page 36


 1708      6500
 1709              	.LASF2:
 1710 003d 73686F72 		.ascii	"short int\000"
 1710      7420696E 
 1710      7400
 1711              	.LASF43:
 1712 0047 6C656449 		.ascii	"ledIndicator_readyToSend\000"
 1712      6E646963 
 1712      61746F72 
 1712      5F726561 
 1712      6479546F 
 1713              	.LASF17:
 1714 0060 73697A65 		.ascii	"sizetype\000"
 1714      74797065 
 1714      00
 1715              	.LASF38:
 1716 0069 73657445 		.ascii	"setEvent\000"
 1716      76656E74 
 1716      00
 1717              	.LASF16:
 1718 0072 6C6F6E67 		.ascii	"long double\000"
 1718      20646F75 
 1718      626C6500 
 1719              	.LASF40:
 1720 007e 6576656E 		.ascii	"event\000"
 1720      7400
 1721              	.LASF52:
 1722 0084 55415254 		.ascii	"UART_RX_Flag\000"
 1722      5F52585F 
 1722      466C6167 
 1722      00
 1723              	.LASF56:
 1724 0091 55415254 		.ascii	"UART_GetChar\000"
 1724      5F476574 
 1724      43686172 
 1724      00
 1725              	.LASF53:
 1726 009e 55415254 		.ascii	"UART_PutString\000"
 1726      5F507574 
 1726      53747269 
 1726      6E6700
 1727              	.LASF12:
 1728 00ad 75696E74 		.ascii	"uint16\000"
 1728      313600
 1729              	.LASF11:
 1730 00b4 75696E74 		.ascii	"uint8\000"
 1730      3800
 1731              	.LASF32:
 1732 00ba 73746174 		.ascii	"state_e\000"
 1732      655F6500 
 1733              	.LASF46:
 1734 00c2 6C656E67 		.ascii	"length\000"
 1734      746800
 1735              	.LASF13:
 1736 00c9 666C6F61 		.ascii	"float\000"
 1736      7400
 1737              	.LASF37:
ARM GAS  C:\Users\AADARS~1\AppData\Local\Temp\cc9pYrbm.s 			page 37


 1738 00cf 73746174 		.ascii	"state_t\000"
 1738      655F7400 
 1739              	.LASF57:
 1740 00d7 444D415F 		.ascii	"DMA_Enable\000"
 1740      456E6162 
 1740      6C6500
 1741              	.LASF6:
 1742 00e2 6C6F6E67 		.ascii	"long long int\000"
 1742      206C6F6E 
 1742      6720696E 
 1742      7400
 1743              	.LASF39:
 1744 00f0 636C6561 		.ascii	"clearEvent\000"
 1744      72457665 
 1744      6E7400
 1745              	.LASF4:
 1746 00fb 6C6F6E67 		.ascii	"long int\000"
 1746      20696E74 
 1746      00
 1747              	.LASF22:
 1748 0104 6576656E 		.ascii	"event_t\000"
 1748      745F7400 
 1749              	.LASF25:
 1750 010c 4C45445F 		.ascii	"LED_RED\000"
 1750      52454400 
 1751              	.LASF1:
 1752 0114 756E7369 		.ascii	"unsigned char\000"
 1752      676E6564 
 1752      20636861 
 1752      7200
 1753              	.LASF18:
 1754 0122 626F6F6C 		.ascii	"boolean_t\000"
 1754      65616E5F 
 1754      7400
 1755              	.LASF29:
 1756 012c 4C45445F 		.ascii	"LED_ONOFF_e\000"
 1756      4F4E4F46 
 1756      465F6500 
 1757              	.LASF42:
 1758 0138 6C656449 		.ascii	"ledIndicator_ReadyForMeasurement\000"
 1758      6E646963 
 1758      61746F72 
 1758      5F526561 
 1758      6479466F 
 1759              	.LASF58:
 1760 0159 55415254 		.ascii	"UART_PutArray\000"
 1760      5F507574 
 1760      41727261 
 1760      7900
 1761              	.LASF0:
 1762 0167 7369676E 		.ascii	"signed char\000"
 1762      65642063 
 1762      68617200 
 1763              	.LASF10:
 1764 0173 696E7433 		.ascii	"int32_t\000"
 1764      325F7400 
 1765              	.LASF7:
ARM GAS  C:\Users\AADARS~1\AppData\Local\Temp\cc9pYrbm.s 			page 38


 1766 017b 6C6F6E67 		.ascii	"long long unsigned int\000"
 1766      206C6F6E 
 1766      6720756E 
 1766      7369676E 
 1766      65642069 
 1767              	.LASF31:
 1768 0192 4C45445F 		.ascii	"LED_ON\000"
 1768      4F4E00
 1769              	.LASF8:
 1770 0199 756E7369 		.ascii	"unsigned int\000"
 1770      676E6564 
 1770      20696E74 
 1770      00
 1771              	.LASF44:
 1772 01a6 6D6F7665 		.ascii	"movementDetector_StateMachine\000"
 1772      6D656E74 
 1772      44657465 
 1772      63746F72 
 1772      5F537461 
 1773              	.LASF54:
 1774 01c4 4C45445F 		.ascii	"LED_Set\000"
 1774      53657400 
 1775              	.LASF30:
 1776 01cc 4C45445F 		.ascii	"LED_OFF\000"
 1776      4F464600 
 1777              	.LASF26:
 1778 01d4 4C45445F 		.ascii	"LED_YELLOW\000"
 1778      59454C4C 
 1778      4F5700
 1779              	.LASF24:
 1780 01df 4C45445F 		.ascii	"LED_Type_e\000"
 1780      54797065 
 1780      5F6500
 1781              	.LASF3:
 1782 01ea 73686F72 		.ascii	"short unsigned int\000"
 1782      7420756E 
 1782      7369676E 
 1782      65642069 
 1782      6E7400
 1783              	.LASF20:
 1784 01fd 45565F55 		.ascii	"EV_UART_RX\000"
 1784      4152545F 
 1784      525800
 1785              	.LASF15:
 1786 0208 63686172 		.ascii	"char\000"
 1786      00
 1787              	.LASF41:
 1788 020d 6C656449 		.ascii	"ledIndictor_systemIsIdle\000"
 1788      6E646963 
 1788      746F725F 
 1788      73797374 
 1788      656D4973 
 1789              	.LASF60:
 1790 0226 736F7572 		.ascii	"source\\asw\\movementDetector.c\000"
 1790      63655C61 
 1790      73775C6D 
 1790      6F76656D 
ARM GAS  C:\Users\AADARS~1\AppData\Local\Temp\cc9pYrbm.s 			page 39


 1790      656E7444 
 1791              	.LASF61:
 1792 0244 433A5C61 		.ascii	"C:\\aadarshxp\\_MastersEmbeddedSystem\\Semester-2\\"
 1792      61646172 
 1792      73687870 
 1792      5C5F4D61 
 1792      73746572 
 1793 0273 53797374 		.ascii	"SystemLevelHardwareDesign\\movement_detection_using"
 1793      656D4C65 
 1793      76656C48 
 1793      61726477 
 1793      61726544 
 1794 02a5 5F726164 		.ascii	"_radar\\40_Implementation\\work\\20_SW\\Workspace_S"
 1794      61725C34 
 1794      305F496D 
 1794      706C656D 
 1794      656E7461 
 1795 02d4 4448445F 		.ascii	"DHD_FreeSoc2\\SDHD_MovementDetection.cydsn\000"
 1795      46726565 
 1795      536F6332 
 1795      5C534448 
 1795      445F4D6F 
 1796              	.LASF27:
 1797 02fe 4C45445F 		.ascii	"LED_GREEN\000"
 1797      47524545 
 1797      4E00
 1798              	.LASF45:
 1799 0308 62756666 		.ascii	"buffer\000"
 1799      657200
 1800              	.LASF36:
 1801 030f 53544154 		.ascii	"STATE_TRANSFER_DATA\000"
 1801      455F5452 
 1801      414E5346 
 1801      45525F44 
 1801      41544100 
 1802              	.LASF5:
 1803 0323 6C6F6E67 		.ascii	"long unsigned int\000"
 1803      20756E73 
 1803      69676E65 
 1803      6420696E 
 1803      7400
 1804              	.LASF23:
 1805 0335 6576656E 		.ascii	"event_e\000"
 1805      745F6500 
 1806              	.LASF28:
 1807 033d 4C45445F 		.ascii	"LED_ALL\000"
 1807      414C4C00 
 1808              	.LASF9:
 1809 0345 5F5F696E 		.ascii	"__int32_t\000"
 1809      7433325F 
 1809      7400
 1810              	.LASF34:
 1811 034f 53544154 		.ascii	"STATE_MEASUREMENT\000"
 1811      455F4D45 
 1811      41535552 
 1811      454D454E 
 1811      5400
ARM GAS  C:\Users\AADARS~1\AppData\Local\Temp\cc9pYrbm.s 			page 40


 1812              	.LASF14:
 1813 0361 646F7562 		.ascii	"double\000"
 1813      6C6500
 1814              	.LASF47:
 1815 0368 666C6167 		.ascii	"flag\000"
 1815      00
 1816              	.LASF49:
 1817 036d 49544D5F 		.ascii	"ITM_RxBuffer\000"
 1817      52784275 
 1817      66666572 
 1817      00
 1818              	.LASF59:
 1819 037a 474E5520 		.ascii	"GNU C11 5.4.1 20160609 (release) [ARM/embedded-5-br"
 1819      43313120 
 1819      352E342E 
 1819      31203230 
 1819      31363036 
 1820 03ad 616E6368 		.ascii	"anch revision 237715] -mcpu=cortex-m3 -mthumb -g -O"
 1820      20726576 
 1820      6973696F 
 1820      6E203233 
 1820      37373135 
 1821 03e0 67202D66 		.ascii	"g -ffunction-sections -ffat-lto-objects\000"
 1821      66756E63 
 1821      74696F6E 
 1821      2D736563 
 1821      74696F6E 
 1822              	.LASF21:
 1823 0408 45565F44 		.ascii	"EV_DMA_COMPLETE\000"
 1823      4D415F43 
 1823      4F4D504C 
 1823      45544500 
 1824              	.LASF51:
 1825 0418 646D6143 		.ascii	"dmaCompletionFlag\000"
 1825      6F6D706C 
 1825      6574696F 
 1825      6E466C61 
 1825      6700
 1826              	.LASF33:
 1827 042a 53544154 		.ascii	"STATE_IDLE\000"
 1827      455F4944 
 1827      4C4500
 1828              	.LASF50:
 1829 0435 62757474 		.ascii	"buttonPressedFlag\000"
 1829      6F6E5072 
 1829      65737365 
 1829      64466C61 
 1829      6700
 1830              	.LASF62:
 1831 0447 67657445 		.ascii	"getEvent\000"
 1831      76656E74 
 1831      00
 1832              	.LASF19:
 1833 0450 45565F42 		.ascii	"EV_BUTTON\000"
 1833      5554544F 
 1833      4E00
 1834              		.ident	"GCC: (GNU Tools for ARM Embedded Processors) 5.4.1 20160609 (release) [ARM/embedded-5-bran
ARM GAS  C:\Users\AADARS~1\AppData\Local\Temp\cc9pYrbm.s 			page 41


