ARM GAS  C:\Users\AADARS~1\AppData\Local\Temp\ccbBbbVd.s 			page 1


   1              		.syntax unified
   2              		.cpu cortex-m3
   3              		.fpu softvfp
   4              		.eabi_attribute 20, 1
   5              		.eabi_attribute 21, 1
   6              		.eabi_attribute 23, 3
   7              		.eabi_attribute 24, 1
   8              		.eabi_attribute 25, 1
   9              		.eabi_attribute 26, 1
  10              		.eabi_attribute 30, 1
  11              		.eabi_attribute 34, 1
  12              		.eabi_attribute 18, 4
  13              		.thumb
  14              		.syntax unified
  15              		.file	"button.c"
  16              		.text
  17              	.Ltext0:
  18              		.cfi_sections	.debug_frame
  19              		.section	.text.BUTTON_Init,"ax",%progbits
  20              		.align	2
  21              		.global	BUTTON_Init
  22              		.thumb
  23              		.thumb_func
  24              		.type	BUTTON_Init, %function
  25              	BUTTON_Init:
  26              	.LFB63:
  27              		.file 1 "source\\bsw\\button.c"
   1:source\bsw/button.c **** /**
   2:source\bsw/button.c **** * \file button.c
   3:source\bsw/button.c **** * \author P. Fromm
   4:source\bsw/button.c **** * \date 29.7.17
   5:source\bsw/button.c **** *
   6:source\bsw/button.c **** * \brief Simple button driver
   7:source\bsw/button.c **** *
   8:source\bsw/button.c **** * \copyright Copyright ©2016
   9:source\bsw/button.c **** * Department of electrical engineering and information technology, Hochschule Darmstadt - Universit
  10:source\bsw/button.c **** * Permission to use, copy, modify, and distribute this software and its documentation for education
  11:source\bsw/button.c **** * (unless permitted by h_da) and official h_da projects, is hereby granted for enrolled students of
  12:source\bsw/button.c **** * this paragraph and the following paragraph appear in all copies, modifications, and distributions
  13:source\bsw/button.c **** * Contact Prof.Dr.-Ing. Peter Fromm, peter.fromm@h-da.de, Birkenweg 8 64295 Darmstadt - GERMANY for
  14:source\bsw/button.c **** *
  15:source\bsw/button.c **** * \warning This software is a PROTOTYPE version and is not designed or intended for use in producti
  16:source\bsw/button.c **** * The user represents and warrants that it will NOT use or redistribute the Software for such purpo
  17:source\bsw/button.c **** * This prototype is for research purposes only. This software is provided "AS IS," without a warran
  18:source\bsw/button.c **** */
  19:source\bsw/button.c **** 
  20:source\bsw/button.c **** /*****************************************************************************/
  21:source\bsw/button.c **** /* Include files                                                             */
  22:source\bsw/button.c **** /*****************************************************************************/
  23:source\bsw/button.c **** #include "project.h"
  24:source\bsw/button.c **** #include "button.h"
  25:source\bsw/button.c **** 
  26:source\bsw/button.c **** #include "BUTTON_1.h"
  27:source\bsw/button.c **** 
  28:source\bsw/button.c **** 
  29:source\bsw/button.c **** /*****************************************************************************/
  30:source\bsw/button.c **** /* Local pre-processor symbols/macros ('#define')                            */
ARM GAS  C:\Users\AADARS~1\AppData\Local\Temp\ccbBbbVd.s 			page 2


  31:source\bsw/button.c **** /*****************************************************************************/
  32:source\bsw/button.c **** 
  33:source\bsw/button.c **** /*****************************************************************************/
  34:source\bsw/button.c **** /* Global variable definitions (declared in header file with 'extern')       */
  35:source\bsw/button.c **** /*****************************************************************************/
  36:source\bsw/button.c **** 
  37:source\bsw/button.c **** /*****************************************************************************/
  38:source\bsw/button.c **** /* Local type definitions ('typedef')                                        */
  39:source\bsw/button.c **** /*****************************************************************************/
  40:source\bsw/button.c **** 
  41:source\bsw/button.c **** /*****************************************************************************/
  42:source\bsw/button.c **** /* Local variable definitions ('static')                                     */
  43:source\bsw/button.c **** /*****************************************************************************/
  44:source\bsw/button.c **** 
  45:source\bsw/button.c **** 
  46:source\bsw/button.c **** /*****************************************************************************/
  47:source\bsw/button.c **** /* Local function prototypes ('static')                                      */
  48:source\bsw/button.c **** /*****************************************************************************/
  49:source\bsw/button.c **** 
  50:source\bsw/button.c **** 
  51:source\bsw/button.c **** /*****************************************************************************/
  52:source\bsw/button.c **** /* Function implementation - global ('extern') and local ('static')          */
  53:source\bsw/button.c **** /*****************************************************************************/
  54:source\bsw/button.c **** 
  55:source\bsw/button.c **** /**
  56:source\bsw/button.c ****  * Initialize Button
  57:source\bsw/button.c ****  * @return RC_SUCCESS if ok
  58:source\bsw/button.c ****  */
  59:source\bsw/button.c **** RC_t BUTTON_Init(cyisraddress address)
  60:source\bsw/button.c **** {
  28              		.loc 1 60 0
  29              		.cfi_startproc
  30              		@ args = 0, pretend = 0, frame = 0
  31              		@ frame_needed = 0, uses_anonymous_args = 0
  32              	.LVL0:
  61:source\bsw/button.c ****      if (address != 0)
  33              		.loc 1 61 0
  34 0000 20B1     		cbz	r0, .L4
  60:source\bsw/button.c ****      if (address != 0)
  35              		.loc 1 60 0
  36 0002 08B5     		push	{r3, lr}
  37              		.cfi_def_cfa_offset 8
  38              		.cfi_offset 3, -8
  39              		.cfi_offset 14, -4
  40              	.LBB2:
  62:source\bsw/button.c ****     {
  63:source\bsw/button.c ****         isr_Button_StartEx(address);
  41              		.loc 1 63 0
  42 0004 FFF7FEFF 		bl	isr_Button_StartEx
  43              	.LVL1:
  44              	.LBE2:
  64:source\bsw/button.c ****     }  
  65:source\bsw/button.c ****     return RC_SUCCESS;
  66:source\bsw/button.c **** }
  45              		.loc 1 66 0
  46 0008 0020     		movs	r0, #0
  47 000a 08BD     		pop	{r3, pc}
ARM GAS  C:\Users\AADARS~1\AppData\Local\Temp\ccbBbbVd.s 			page 3


  48              	.LVL2:
  49              	.L4:
  50              		.cfi_def_cfa_offset 0
  51              		.cfi_restore 3
  52              		.cfi_restore 14
  53 000c 0020     		movs	r0, #0
  54              	.LVL3:
  55 000e 7047     		bx	lr
  56              		.cfi_endproc
  57              	.LFE63:
  58              		.size	BUTTON_Init, .-BUTTON_Init
  59              		.section	.text.BUTTON_IsPressed,"ax",%progbits
  60              		.align	2
  61              		.global	BUTTON_IsPressed
  62              		.thumb
  63              		.thumb_func
  64              		.type	BUTTON_IsPressed, %function
  65              	BUTTON_IsPressed:
  66              	.LFB64:
  67:source\bsw/button.c **** 
  68:source\bsw/button.c **** /**
  69:source\bsw/button.c ****  * Initialize Button
  70:source\bsw/button.c ****  * @param BUTTON_id_t button - check if the corresponding button is pressed
  71:source\bsw/button.c ****  * @return TRUE if button is pressed
  72:source\bsw/button.c ****  */
  73:source\bsw/button.c **** boolean_t BUTTON_IsPressed(BUTTON_id_t button)
  74:source\bsw/button.c **** {
  67              		.loc 1 74 0
  68              		.cfi_startproc
  69              		@ args = 0, pretend = 0, frame = 0
  70              		@ frame_needed = 0, uses_anonymous_args = 0
  71              	.LVL4:
  72 0000 08B5     		push	{r3, lr}
  73              		.cfi_def_cfa_offset 8
  74              		.cfi_offset 3, -8
  75              		.cfi_offset 14, -4
  76              	.LVL5:
  75:source\bsw/button.c ****     boolean_t result = FALSE;
  76:source\bsw/button.c ****     
  77:source\bsw/button.c ****     if (BUTTON_1_Read() == 1) 
  77              		.loc 1 77 0
  78 0002 FFF7FEFF 		bl	BUTTON_1_Read
  79              	.LVL6:
  80 0006 0128     		cmp	r0, #1
  81 0008 01D0     		beq	.L7
  75:source\bsw/button.c ****     boolean_t result = FALSE;
  82              		.loc 1 75 0
  83 000a 0020     		movs	r0, #0
  84 000c 08BD     		pop	{r3, pc}
  85              	.L7:
  78:source\bsw/button.c ****         result = TRUE;   
  86              		.loc 1 78 0
  87 000e 0120     		movs	r0, #1
  88              	.LVL7:
  79:source\bsw/button.c ****     
  80:source\bsw/button.c ****     return result;
  81:source\bsw/button.c **** }...
ARM GAS  C:\Users\AADARS~1\AppData\Local\Temp\ccbBbbVd.s 			page 4


  89              		.loc 1 81 0
  90 0010 08BD     		pop	{r3, pc}
  91              		.cfi_endproc
  92              	.LFE64:
  93              		.size	BUTTON_IsPressed, .-BUTTON_IsPressed
  94 0012 00BF     		.text
  95              	.Letext0:
  96              		.file 2 "c:\\program files (x86)\\cypress\\psoc creator\\4.3\\psoc creator\\import\\gnu\\arm\\5.4.
  97              		.file 3 "c:\\program files (x86)\\cypress\\psoc creator\\4.3\\psoc creator\\import\\gnu\\arm\\5.4.
  98              		.file 4 "Generated_Source\\PSoC5/cytypes.h"
  99              		.file 5 "source\\bsw\\global.h"
 100              		.file 6 "source\\bsw\\button.h"
 101              		.file 7 "Generated_Source\\PSoC5/BUTTON_1.h"
 102              		.file 8 "Generated_Source\\PSoC5/core_cm3.h"
 103              		.section	.debug_info,"",%progbits
 104              	.Ldebug_info0:
 105 0000 56020000 		.4byte	0x256
 106 0004 0400     		.2byte	0x4
 107 0006 00000000 		.4byte	.Ldebug_abbrev0
 108 000a 04       		.byte	0x4
 109 000b 01       		.uleb128 0x1
 110 000c BA000000 		.4byte	.LASF54
 111 0010 0C       		.byte	0xc
 112 0011 73010000 		.4byte	.LASF55
 113 0015 9A030000 		.4byte	.LASF56
 114 0019 00000000 		.4byte	.Ldebug_ranges0+0
 115 001d 00000000 		.4byte	0
 116 0021 00000000 		.4byte	.Ldebug_line0
 117 0025 02       		.uleb128 0x2
 118 0026 01       		.byte	0x1
 119 0027 06       		.byte	0x6
 120 0028 8E030000 		.4byte	.LASF0
 121 002c 02       		.uleb128 0x2
 122 002d 01       		.byte	0x1
 123 002e 08       		.byte	0x8
 124 002f AC000000 		.4byte	.LASF1
 125 0033 02       		.uleb128 0x2
 126 0034 02       		.byte	0x2
 127 0035 05       		.byte	0x5
 128 0036 8B000000 		.4byte	.LASF2
 129 003a 02       		.uleb128 0x2
 130 003b 02       		.byte	0x2
 131 003c 07       		.byte	0x7
 132 003d DF020000 		.4byte	.LASF3
 133 0041 03       		.uleb128 0x3
 134 0042 4A000000 		.4byte	.LASF9
 135 0046 02       		.byte	0x2
 136 0047 3F       		.byte	0x3f
 137 0048 4C000000 		.4byte	0x4c
 138 004c 02       		.uleb128 0x2
 139 004d 04       		.byte	0x4
 140 004e 05       		.byte	0x5
 141 004f 4E030000 		.4byte	.LASF4
 142 0053 02       		.uleb128 0x2
 143 0054 04       		.byte	0x4
 144 0055 07       		.byte	0x7
 145 0056 61010000 		.4byte	.LASF5
ARM GAS  C:\Users\AADARS~1\AppData\Local\Temp\ccbBbbVd.s 			page 5


 146 005a 02       		.uleb128 0x2
 147 005b 08       		.byte	0x8
 148 005c 05       		.byte	0x5
 149 005d F2020000 		.4byte	.LASF6
 150 0061 02       		.uleb128 0x2
 151 0062 08       		.byte	0x8
 152 0063 07       		.byte	0x7
 153 0064 5B020000 		.4byte	.LASF7
 154 0068 04       		.uleb128 0x4
 155 0069 04       		.byte	0x4
 156 006a 05       		.byte	0x5
 157 006b 696E7400 		.ascii	"int\000"
 158 006f 02       		.uleb128 0x2
 159 0070 04       		.byte	0x4
 160 0071 07       		.byte	0x7
 161 0072 38020000 		.4byte	.LASF8
 162 0076 03       		.uleb128 0x3
 163 0077 CE020000 		.4byte	.LASF10
 164 007b 03       		.byte	0x3
 165 007c 2C       		.byte	0x2c
 166 007d 41000000 		.4byte	0x41
 167 0081 02       		.uleb128 0x2
 168 0082 04       		.byte	0x4
 169 0083 04       		.byte	0x4
 170 0084 95000000 		.4byte	.LASF11
 171 0088 02       		.uleb128 0x2
 172 0089 08       		.byte	0x8
 173 008a 04       		.byte	0x4
 174 008b EC010000 		.4byte	.LASF12
 175 008f 02       		.uleb128 0x2
 176 0090 01       		.byte	0x1
 177 0091 08       		.byte	0x8
 178 0092 00030000 		.4byte	.LASF13
 179 0096 05       		.uleb128 0x5
 180 0097 8B020000 		.4byte	.LASF14
 181 009b 04       		.byte	0x4
 182 009c A002     		.2byte	0x2a0
 183 009e A2000000 		.4byte	0xa2
 184 00a2 06       		.uleb128 0x6
 185 00a3 04       		.byte	0x4
 186 00a4 A8000000 		.4byte	0xa8
 187 00a8 07       		.uleb128 0x7
 188 00a9 02       		.uleb128 0x2
 189 00aa 08       		.byte	0x8
 190 00ab 04       		.byte	0x4
 191 00ac 6F030000 		.4byte	.LASF15
 192 00b0 02       		.uleb128 0x2
 193 00b1 04       		.byte	0x4
 194 00b2 07       		.byte	0x7
 195 00b3 D6020000 		.4byte	.LASF16
 196 00b7 03       		.uleb128 0x3
 197 00b8 00000000 		.4byte	.LASF17
 198 00bc 05       		.byte	0x5
 199 00bd 82       		.byte	0x82
 200 00be 2C000000 		.4byte	0x2c
 201 00c2 08       		.uleb128 0x8
 202 00c3 65524300 		.ascii	"eRC\000"
ARM GAS  C:\Users\AADARS~1\AppData\Local\Temp\ccbBbbVd.s 			page 6


 203 00c7 01       		.byte	0x1
 204 00c8 25000000 		.4byte	0x25
 205 00cc 05       		.byte	0x5
 206 00cd AC       		.byte	0xac
 207 00ce 6F010000 		.4byte	0x16f
 208 00d2 09       		.uleb128 0x9
 209 00d3 48010000 		.4byte	.LASF18
 210 00d7 00       		.byte	0
 211 00d8 0A       		.uleb128 0xa
 212 00d9 1E000000 		.4byte	.LASF19
 213 00dd 7F       		.sleb128 -1
 214 00de 0A       		.uleb128 0xa
 215 00df 6C000000 		.4byte	.LASF20
 216 00e3 7E       		.sleb128 -2
 217 00e4 0A       		.uleb128 0xa
 218 00e5 53010000 		.4byte	.LASF21
 219 00e9 7D       		.sleb128 -3
 220 00ea 0A       		.uleb128 0xa
 221 00eb 16020000 		.4byte	.LASF22
 222 00ef 7C       		.sleb128 -4
 223 00f0 0A       		.uleb128 0xa
 224 00f1 6B040000 		.4byte	.LASF23
 225 00f5 7B       		.sleb128 -5
 226 00f6 0A       		.uleb128 0xa
 227 00f7 57030000 		.4byte	.LASF24
 228 00fb 7A       		.sleb128 -6
 229 00fc 0A       		.uleb128 0xa
 230 00fd 27000000 		.4byte	.LASF25
 231 0101 79       		.sleb128 -7
 232 0102 0A       		.uleb128 0xa
 233 0103 B9020000 		.4byte	.LASF26
 234 0107 78       		.sleb128 -8
 235 0108 0A       		.uleb128 0xa
 236 0109 38030000 		.4byte	.LASF27
 237 010d 77       		.sleb128 -9
 238 010e 0A       		.uleb128 0xa
 239 010f 45020000 		.4byte	.LASF28
 240 0113 76       		.sleb128 -10
 241 0114 0A       		.uleb128 0xa
 242 0115 87010000 		.4byte	.LASF29
 243 0119 75       		.sleb128 -11
 244 011a 0A       		.uleb128 0xa
 245 011b 5D040000 		.4byte	.LASF30
 246 011f 74       		.sleb128 -12
 247 0120 0A       		.uleb128 0xa
 248 0121 72020000 		.4byte	.LASF31
 249 0125 73       		.sleb128 -13
 250 0126 0A       		.uleb128 0xa
 251 0127 7B030000 		.4byte	.LASF32
 252 012b 72       		.sleb128 -14
 253 012c 0A       		.uleb128 0xa
 254 012d 24030000 		.4byte	.LASF33
 255 0131 71       		.sleb128 -15
 256 0132 0A       		.uleb128 0xa
 257 0133 7A000000 		.4byte	.LASF34
 258 0137 70       		.sleb128 -16
 259 0138 0A       		.uleb128 0xa
ARM GAS  C:\Users\AADARS~1\AppData\Local\Temp\ccbBbbVd.s 			page 7


 260 0139 0A000000 		.4byte	.LASF35
 261 013d 6F       		.sleb128 -17
 262 013e 0A       		.uleb128 0xa
 263 013f AB010000 		.4byte	.LASF36
 264 0143 6E       		.sleb128 -18
 265 0144 0A       		.uleb128 0xa
 266 0145 D9010000 		.4byte	.LASF37
 267 0149 6D       		.sleb128 -19
 268 014a 0A       		.uleb128 0xa
 269 014b 54000000 		.4byte	.LASF38
 270 014f 6C       		.sleb128 -20
 271 0150 0A       		.uleb128 0xa
 272 0151 99010000 		.4byte	.LASF39
 273 0155 6B       		.sleb128 -21
 274 0156 0A       		.uleb128 0xa
 275 0157 26020000 		.4byte	.LASF40
 276 015b 6A       		.sleb128 -22
 277 015c 0A       		.uleb128 0xa
 278 015d 05030000 		.4byte	.LASF41
 279 0161 69       		.sleb128 -23
 280 0162 0A       		.uleb128 0xa
 281 0163 39000000 		.4byte	.LASF42
 282 0167 68       		.sleb128 -24
 283 0168 0A       		.uleb128 0xa
 284 0169 F3010000 		.4byte	.LASF43
 285 016d 67       		.sleb128 -25
 286 016e 00       		.byte	0
 287 016f 03       		.uleb128 0x3
 288 0170 67000000 		.4byte	.LASF44
 289 0174 05       		.byte	0x5
 290 0175 C9       		.byte	0xc9
 291 0176 C2000000 		.4byte	0xc2
 292 017a 0B       		.uleb128 0xb
 293 017b 1C030000 		.4byte	.LASF45
 294 017f 01       		.byte	0x1
 295 0180 2C000000 		.4byte	0x2c
 296 0184 06       		.byte	0x6
 297 0185 59       		.byte	0x59
 298 0186 91010000 		.4byte	0x191
 299 018a 09       		.uleb128 0x9
 300 018b 54040000 		.4byte	.LASF46
 301 018f 00       		.byte	0
 302 0190 00       		.byte	0
 303 0191 03       		.uleb128 0x3
 304 0192 CD010000 		.4byte	.LASF47
 305 0196 06       		.byte	0x6
 306 0197 5C       		.byte	0x5c
 307 0198 7A010000 		.4byte	0x17a
 308 019c 0C       		.uleb128 0xc
 309 019d 0A020000 		.4byte	.LASF48
 310 01a1 01       		.byte	0x1
 311 01a2 3B       		.byte	0x3b
 312 01a3 6F010000 		.4byte	0x16f
 313 01a7 00000000 		.4byte	.LFB63
 314 01ab 10000000 		.4byte	.LFE63-.LFB63
 315 01af 01       		.uleb128 0x1
 316 01b0 9C       		.byte	0x9c
ARM GAS  C:\Users\AADARS~1\AppData\Local\Temp\ccbBbbVd.s 			page 8


 317 01b1 F1010000 		.4byte	0x1f1
 318 01b5 0D       		.uleb128 0xd
 319 01b6 53020000 		.4byte	.LASF50
 320 01ba 01       		.byte	0x1
 321 01bb 3B       		.byte	0x3b
 322 01bc 96000000 		.4byte	0x96
 323 01c0 00000000 		.4byte	.LLST0
 324 01c4 0E       		.uleb128 0xe
 325 01c5 04000000 		.4byte	.LBB2
 326 01c9 04000000 		.4byte	.LBE2-.LBB2
 327 01cd 0F       		.uleb128 0xf
 328 01ce 98020000 		.4byte	.LASF52
 329 01d2 01       		.byte	0x1
 330 01d3 3F       		.byte	0x3f
 331 01d4 68000000 		.4byte	0x68
 332 01d8 DE010000 		.4byte	0x1de
 333 01dc 10       		.uleb128 0x10
 334 01dd 00       		.byte	0
 335 01de 11       		.uleb128 0x11
 336 01df 08000000 		.4byte	.LVL1
 337 01e3 43020000 		.4byte	0x243
 338 01e7 12       		.uleb128 0x12
 339 01e8 01       		.uleb128 0x1
 340 01e9 50       		.byte	0x50
 341 01ea 03       		.uleb128 0x3
 342 01eb F3       		.byte	0xf3
 343 01ec 01       		.uleb128 0x1
 344 01ed 50       		.byte	0x50
 345 01ee 00       		.byte	0
 346 01ef 00       		.byte	0
 347 01f0 00       		.byte	0
 348 01f1 0C       		.uleb128 0xc
 349 01f2 9B000000 		.4byte	.LASF49
 350 01f6 01       		.byte	0x1
 351 01f7 49       		.byte	0x49
 352 01f8 B7000000 		.4byte	0xb7
 353 01fc 00000000 		.4byte	.LFB64
 354 0200 12000000 		.4byte	.LFE64-.LFB64
 355 0204 01       		.uleb128 0x1
 356 0205 9C       		.byte	0x9c
 357 0206 32020000 		.4byte	0x232
 358 020a 0D       		.uleb128 0xd
 359 020b 68030000 		.4byte	.LASF51
 360 020f 01       		.byte	0x1
 361 0210 49       		.byte	0x49
 362 0211 91010000 		.4byte	0x191
 363 0215 3A000000 		.4byte	.LLST1
 364 0219 13       		.uleb128 0x13
 365 021a 84020000 		.4byte	.LASF57
 366 021e 01       		.byte	0x1
 367 021f 4B       		.byte	0x4b
 368 0220 B7000000 		.4byte	0xb7
 369 0224 5B000000 		.4byte	.LLST2
 370 0228 14       		.uleb128 0x14
 371 0229 06000000 		.4byte	.LVL6
 372 022d 4E020000 		.4byte	0x24e
 373 0231 00       		.byte	0
ARM GAS  C:\Users\AADARS~1\AppData\Local\Temp\ccbBbbVd.s 			page 9


 374 0232 15       		.uleb128 0x15
 375 0233 C0010000 		.4byte	.LASF58
 376 0237 08       		.byte	0x8
 377 0238 1207     		.2byte	0x712
 378 023a 3E020000 		.4byte	0x23e
 379 023e 16       		.uleb128 0x16
 380 023f 76000000 		.4byte	0x76
 381 0243 17       		.uleb128 0x17
 382 0244 98020000 		.4byte	.LASF52
 383 0248 98020000 		.4byte	.LASF52
 384 024c 01       		.byte	0x1
 385 024d 3F       		.byte	0x3f
 386 024e 17       		.uleb128 0x17
 387 024f AB020000 		.4byte	.LASF53
 388 0253 AB020000 		.4byte	.LASF53
 389 0257 07       		.byte	0x7
 390 0258 29       		.byte	0x29
 391 0259 00       		.byte	0
 392              		.section	.debug_abbrev,"",%progbits
 393              	.Ldebug_abbrev0:
 394 0000 01       		.uleb128 0x1
 395 0001 11       		.uleb128 0x11
 396 0002 01       		.byte	0x1
 397 0003 25       		.uleb128 0x25
 398 0004 0E       		.uleb128 0xe
 399 0005 13       		.uleb128 0x13
 400 0006 0B       		.uleb128 0xb
 401 0007 03       		.uleb128 0x3
 402 0008 0E       		.uleb128 0xe
 403 0009 1B       		.uleb128 0x1b
 404 000a 0E       		.uleb128 0xe
 405 000b 55       		.uleb128 0x55
 406 000c 17       		.uleb128 0x17
 407 000d 11       		.uleb128 0x11
 408 000e 01       		.uleb128 0x1
 409 000f 10       		.uleb128 0x10
 410 0010 17       		.uleb128 0x17
 411 0011 00       		.byte	0
 412 0012 00       		.byte	0
 413 0013 02       		.uleb128 0x2
 414 0014 24       		.uleb128 0x24
 415 0015 00       		.byte	0
 416 0016 0B       		.uleb128 0xb
 417 0017 0B       		.uleb128 0xb
 418 0018 3E       		.uleb128 0x3e
 419 0019 0B       		.uleb128 0xb
 420 001a 03       		.uleb128 0x3
 421 001b 0E       		.uleb128 0xe
 422 001c 00       		.byte	0
 423 001d 00       		.byte	0
 424 001e 03       		.uleb128 0x3
 425 001f 16       		.uleb128 0x16
 426 0020 00       		.byte	0
 427 0021 03       		.uleb128 0x3
 428 0022 0E       		.uleb128 0xe
 429 0023 3A       		.uleb128 0x3a
 430 0024 0B       		.uleb128 0xb
ARM GAS  C:\Users\AADARS~1\AppData\Local\Temp\ccbBbbVd.s 			page 10


 431 0025 3B       		.uleb128 0x3b
 432 0026 0B       		.uleb128 0xb
 433 0027 49       		.uleb128 0x49
 434 0028 13       		.uleb128 0x13
 435 0029 00       		.byte	0
 436 002a 00       		.byte	0
 437 002b 04       		.uleb128 0x4
 438 002c 24       		.uleb128 0x24
 439 002d 00       		.byte	0
 440 002e 0B       		.uleb128 0xb
 441 002f 0B       		.uleb128 0xb
 442 0030 3E       		.uleb128 0x3e
 443 0031 0B       		.uleb128 0xb
 444 0032 03       		.uleb128 0x3
 445 0033 08       		.uleb128 0x8
 446 0034 00       		.byte	0
 447 0035 00       		.byte	0
 448 0036 05       		.uleb128 0x5
 449 0037 16       		.uleb128 0x16
 450 0038 00       		.byte	0
 451 0039 03       		.uleb128 0x3
 452 003a 0E       		.uleb128 0xe
 453 003b 3A       		.uleb128 0x3a
 454 003c 0B       		.uleb128 0xb
 455 003d 3B       		.uleb128 0x3b
 456 003e 05       		.uleb128 0x5
 457 003f 49       		.uleb128 0x49
 458 0040 13       		.uleb128 0x13
 459 0041 00       		.byte	0
 460 0042 00       		.byte	0
 461 0043 06       		.uleb128 0x6
 462 0044 0F       		.uleb128 0xf
 463 0045 00       		.byte	0
 464 0046 0B       		.uleb128 0xb
 465 0047 0B       		.uleb128 0xb
 466 0048 49       		.uleb128 0x49
 467 0049 13       		.uleb128 0x13
 468 004a 00       		.byte	0
 469 004b 00       		.byte	0
 470 004c 07       		.uleb128 0x7
 471 004d 15       		.uleb128 0x15
 472 004e 00       		.byte	0
 473 004f 27       		.uleb128 0x27
 474 0050 19       		.uleb128 0x19
 475 0051 00       		.byte	0
 476 0052 00       		.byte	0
 477 0053 08       		.uleb128 0x8
 478 0054 04       		.uleb128 0x4
 479 0055 01       		.byte	0x1
 480 0056 03       		.uleb128 0x3
 481 0057 08       		.uleb128 0x8
 482 0058 0B       		.uleb128 0xb
 483 0059 0B       		.uleb128 0xb
 484 005a 49       		.uleb128 0x49
 485 005b 13       		.uleb128 0x13
 486 005c 3A       		.uleb128 0x3a
 487 005d 0B       		.uleb128 0xb
ARM GAS  C:\Users\AADARS~1\AppData\Local\Temp\ccbBbbVd.s 			page 11


 488 005e 3B       		.uleb128 0x3b
 489 005f 0B       		.uleb128 0xb
 490 0060 01       		.uleb128 0x1
 491 0061 13       		.uleb128 0x13
 492 0062 00       		.byte	0
 493 0063 00       		.byte	0
 494 0064 09       		.uleb128 0x9
 495 0065 28       		.uleb128 0x28
 496 0066 00       		.byte	0
 497 0067 03       		.uleb128 0x3
 498 0068 0E       		.uleb128 0xe
 499 0069 1C       		.uleb128 0x1c
 500 006a 0B       		.uleb128 0xb
 501 006b 00       		.byte	0
 502 006c 00       		.byte	0
 503 006d 0A       		.uleb128 0xa
 504 006e 28       		.uleb128 0x28
 505 006f 00       		.byte	0
 506 0070 03       		.uleb128 0x3
 507 0071 0E       		.uleb128 0xe
 508 0072 1C       		.uleb128 0x1c
 509 0073 0D       		.uleb128 0xd
 510 0074 00       		.byte	0
 511 0075 00       		.byte	0
 512 0076 0B       		.uleb128 0xb
 513 0077 04       		.uleb128 0x4
 514 0078 01       		.byte	0x1
 515 0079 03       		.uleb128 0x3
 516 007a 0E       		.uleb128 0xe
 517 007b 0B       		.uleb128 0xb
 518 007c 0B       		.uleb128 0xb
 519 007d 49       		.uleb128 0x49
 520 007e 13       		.uleb128 0x13
 521 007f 3A       		.uleb128 0x3a
 522 0080 0B       		.uleb128 0xb
 523 0081 3B       		.uleb128 0x3b
 524 0082 0B       		.uleb128 0xb
 525 0083 01       		.uleb128 0x1
 526 0084 13       		.uleb128 0x13
 527 0085 00       		.byte	0
 528 0086 00       		.byte	0
 529 0087 0C       		.uleb128 0xc
 530 0088 2E       		.uleb128 0x2e
 531 0089 01       		.byte	0x1
 532 008a 3F       		.uleb128 0x3f
 533 008b 19       		.uleb128 0x19
 534 008c 03       		.uleb128 0x3
 535 008d 0E       		.uleb128 0xe
 536 008e 3A       		.uleb128 0x3a
 537 008f 0B       		.uleb128 0xb
 538 0090 3B       		.uleb128 0x3b
 539 0091 0B       		.uleb128 0xb
 540 0092 27       		.uleb128 0x27
 541 0093 19       		.uleb128 0x19
 542 0094 49       		.uleb128 0x49
 543 0095 13       		.uleb128 0x13
 544 0096 11       		.uleb128 0x11
ARM GAS  C:\Users\AADARS~1\AppData\Local\Temp\ccbBbbVd.s 			page 12


 545 0097 01       		.uleb128 0x1
 546 0098 12       		.uleb128 0x12
 547 0099 06       		.uleb128 0x6
 548 009a 40       		.uleb128 0x40
 549 009b 18       		.uleb128 0x18
 550 009c 9742     		.uleb128 0x2117
 551 009e 19       		.uleb128 0x19
 552 009f 01       		.uleb128 0x1
 553 00a0 13       		.uleb128 0x13
 554 00a1 00       		.byte	0
 555 00a2 00       		.byte	0
 556 00a3 0D       		.uleb128 0xd
 557 00a4 05       		.uleb128 0x5
 558 00a5 00       		.byte	0
 559 00a6 03       		.uleb128 0x3
 560 00a7 0E       		.uleb128 0xe
 561 00a8 3A       		.uleb128 0x3a
 562 00a9 0B       		.uleb128 0xb
 563 00aa 3B       		.uleb128 0x3b
 564 00ab 0B       		.uleb128 0xb
 565 00ac 49       		.uleb128 0x49
 566 00ad 13       		.uleb128 0x13
 567 00ae 02       		.uleb128 0x2
 568 00af 17       		.uleb128 0x17
 569 00b0 00       		.byte	0
 570 00b1 00       		.byte	0
 571 00b2 0E       		.uleb128 0xe
 572 00b3 0B       		.uleb128 0xb
 573 00b4 01       		.byte	0x1
 574 00b5 11       		.uleb128 0x11
 575 00b6 01       		.uleb128 0x1
 576 00b7 12       		.uleb128 0x12
 577 00b8 06       		.uleb128 0x6
 578 00b9 00       		.byte	0
 579 00ba 00       		.byte	0
 580 00bb 0F       		.uleb128 0xf
 581 00bc 2E       		.uleb128 0x2e
 582 00bd 01       		.byte	0x1
 583 00be 3F       		.uleb128 0x3f
 584 00bf 19       		.uleb128 0x19
 585 00c0 03       		.uleb128 0x3
 586 00c1 0E       		.uleb128 0xe
 587 00c2 3A       		.uleb128 0x3a
 588 00c3 0B       		.uleb128 0xb
 589 00c4 3B       		.uleb128 0x3b
 590 00c5 0B       		.uleb128 0xb
 591 00c6 49       		.uleb128 0x49
 592 00c7 13       		.uleb128 0x13
 593 00c8 3C       		.uleb128 0x3c
 594 00c9 19       		.uleb128 0x19
 595 00ca 01       		.uleb128 0x1
 596 00cb 13       		.uleb128 0x13
 597 00cc 00       		.byte	0
 598 00cd 00       		.byte	0
 599 00ce 10       		.uleb128 0x10
 600 00cf 18       		.uleb128 0x18
 601 00d0 00       		.byte	0
ARM GAS  C:\Users\AADARS~1\AppData\Local\Temp\ccbBbbVd.s 			page 13


 602 00d1 00       		.byte	0
 603 00d2 00       		.byte	0
 604 00d3 11       		.uleb128 0x11
 605 00d4 898201   		.uleb128 0x4109
 606 00d7 01       		.byte	0x1
 607 00d8 11       		.uleb128 0x11
 608 00d9 01       		.uleb128 0x1
 609 00da 31       		.uleb128 0x31
 610 00db 13       		.uleb128 0x13
 611 00dc 00       		.byte	0
 612 00dd 00       		.byte	0
 613 00de 12       		.uleb128 0x12
 614 00df 8A8201   		.uleb128 0x410a
 615 00e2 00       		.byte	0
 616 00e3 02       		.uleb128 0x2
 617 00e4 18       		.uleb128 0x18
 618 00e5 9142     		.uleb128 0x2111
 619 00e7 18       		.uleb128 0x18
 620 00e8 00       		.byte	0
 621 00e9 00       		.byte	0
 622 00ea 13       		.uleb128 0x13
 623 00eb 34       		.uleb128 0x34
 624 00ec 00       		.byte	0
 625 00ed 03       		.uleb128 0x3
 626 00ee 0E       		.uleb128 0xe
 627 00ef 3A       		.uleb128 0x3a
 628 00f0 0B       		.uleb128 0xb
 629 00f1 3B       		.uleb128 0x3b
 630 00f2 0B       		.uleb128 0xb
 631 00f3 49       		.uleb128 0x49
 632 00f4 13       		.uleb128 0x13
 633 00f5 02       		.uleb128 0x2
 634 00f6 17       		.uleb128 0x17
 635 00f7 00       		.byte	0
 636 00f8 00       		.byte	0
 637 00f9 14       		.uleb128 0x14
 638 00fa 898201   		.uleb128 0x4109
 639 00fd 00       		.byte	0
 640 00fe 11       		.uleb128 0x11
 641 00ff 01       		.uleb128 0x1
 642 0100 31       		.uleb128 0x31
 643 0101 13       		.uleb128 0x13
 644 0102 00       		.byte	0
 645 0103 00       		.byte	0
 646 0104 15       		.uleb128 0x15
 647 0105 34       		.uleb128 0x34
 648 0106 00       		.byte	0
 649 0107 03       		.uleb128 0x3
 650 0108 0E       		.uleb128 0xe
 651 0109 3A       		.uleb128 0x3a
 652 010a 0B       		.uleb128 0xb
 653 010b 3B       		.uleb128 0x3b
 654 010c 05       		.uleb128 0x5
 655 010d 49       		.uleb128 0x49
 656 010e 13       		.uleb128 0x13
 657 010f 3F       		.uleb128 0x3f
 658 0110 19       		.uleb128 0x19
ARM GAS  C:\Users\AADARS~1\AppData\Local\Temp\ccbBbbVd.s 			page 14


 659 0111 3C       		.uleb128 0x3c
 660 0112 19       		.uleb128 0x19
 661 0113 00       		.byte	0
 662 0114 00       		.byte	0
 663 0115 16       		.uleb128 0x16
 664 0116 35       		.uleb128 0x35
 665 0117 00       		.byte	0
 666 0118 49       		.uleb128 0x49
 667 0119 13       		.uleb128 0x13
 668 011a 00       		.byte	0
 669 011b 00       		.byte	0
 670 011c 17       		.uleb128 0x17
 671 011d 2E       		.uleb128 0x2e
 672 011e 00       		.byte	0
 673 011f 3F       		.uleb128 0x3f
 674 0120 19       		.uleb128 0x19
 675 0121 3C       		.uleb128 0x3c
 676 0122 19       		.uleb128 0x19
 677 0123 6E       		.uleb128 0x6e
 678 0124 0E       		.uleb128 0xe
 679 0125 03       		.uleb128 0x3
 680 0126 0E       		.uleb128 0xe
 681 0127 3A       		.uleb128 0x3a
 682 0128 0B       		.uleb128 0xb
 683 0129 3B       		.uleb128 0x3b
 684 012a 0B       		.uleb128 0xb
 685 012b 00       		.byte	0
 686 012c 00       		.byte	0
 687 012d 00       		.byte	0
 688              		.section	.debug_loc,"",%progbits
 689              	.Ldebug_loc0:
 690              	.LLST0:
 691 0000 00000000 		.4byte	.LVL0
 692 0004 07000000 		.4byte	.LVL1-1
 693 0008 0100     		.2byte	0x1
 694 000a 50       		.byte	0x50
 695 000b 07000000 		.4byte	.LVL1-1
 696 000f 0C000000 		.4byte	.LVL2
 697 0013 0400     		.2byte	0x4
 698 0015 F3       		.byte	0xf3
 699 0016 01       		.uleb128 0x1
 700 0017 50       		.byte	0x50
 701 0018 9F       		.byte	0x9f
 702 0019 0C000000 		.4byte	.LVL2
 703 001d 0E000000 		.4byte	.LVL3
 704 0021 0100     		.2byte	0x1
 705 0023 50       		.byte	0x50
 706 0024 0E000000 		.4byte	.LVL3
 707 0028 10000000 		.4byte	.LFE63
 708 002c 0400     		.2byte	0x4
 709 002e F3       		.byte	0xf3
 710 002f 01       		.uleb128 0x1
 711 0030 50       		.byte	0x50
 712 0031 9F       		.byte	0x9f
 713 0032 00000000 		.4byte	0
 714 0036 00000000 		.4byte	0
 715              	.LLST1:
ARM GAS  C:\Users\AADARS~1\AppData\Local\Temp\ccbBbbVd.s 			page 15


 716 003a 00000000 		.4byte	.LVL4
 717 003e 05000000 		.4byte	.LVL6-1
 718 0042 0100     		.2byte	0x1
 719 0044 50       		.byte	0x50
 720 0045 05000000 		.4byte	.LVL6-1
 721 0049 12000000 		.4byte	.LFE64
 722 004d 0400     		.2byte	0x4
 723 004f F3       		.byte	0xf3
 724 0050 01       		.uleb128 0x1
 725 0051 50       		.byte	0x50
 726 0052 9F       		.byte	0x9f
 727 0053 00000000 		.4byte	0
 728 0057 00000000 		.4byte	0
 729              	.LLST2:
 730 005b 02000000 		.4byte	.LVL5
 731 005f 10000000 		.4byte	.LVL7
 732 0063 0200     		.2byte	0x2
 733 0065 30       		.byte	0x30
 734 0066 9F       		.byte	0x9f
 735 0067 10000000 		.4byte	.LVL7
 736 006b 12000000 		.4byte	.LFE64
 737 006f 0100     		.2byte	0x1
 738 0071 50       		.byte	0x50
 739 0072 00000000 		.4byte	0
 740 0076 00000000 		.4byte	0
 741              		.section	.debug_aranges,"",%progbits
 742 0000 24000000 		.4byte	0x24
 743 0004 0200     		.2byte	0x2
 744 0006 00000000 		.4byte	.Ldebug_info0
 745 000a 04       		.byte	0x4
 746 000b 00       		.byte	0
 747 000c 0000     		.2byte	0
 748 000e 0000     		.2byte	0
 749 0010 00000000 		.4byte	.LFB63
 750 0014 10000000 		.4byte	.LFE63-.LFB63
 751 0018 00000000 		.4byte	.LFB64
 752 001c 12000000 		.4byte	.LFE64-.LFB64
 753 0020 00000000 		.4byte	0
 754 0024 00000000 		.4byte	0
 755              		.section	.debug_ranges,"",%progbits
 756              	.Ldebug_ranges0:
 757 0000 00000000 		.4byte	.LFB63
 758 0004 10000000 		.4byte	.LFE63
 759 0008 00000000 		.4byte	.LFB64
 760 000c 12000000 		.4byte	.LFE64
 761 0010 00000000 		.4byte	0
 762 0014 00000000 		.4byte	0
 763              		.section	.debug_line,"",%progbits
 764              	.Ldebug_line0:
 765 0000 AC010000 		.section	.debug_str,"MS",%progbits,1
 765      02007F01 
 765      00000201 
 765      FB0E0D00 
 765      01010101 
 766              	.LASF17:
 767 0000 626F6F6C 		.ascii	"boolean_t\000"
 767      65616E5F 
ARM GAS  C:\Users\AADARS~1\AppData\Local\Temp\ccbBbbVd.s 			page 16


 767      7400
 768              	.LASF35:
 769 000a 52435F45 		.ascii	"RC_ERROR_READ_FAILS\000"
 769      52524F52 
 769      5F524541 
 769      445F4641 
 769      494C5300 
 770              	.LASF19:
 771 001e 52435F45 		.ascii	"RC_ERROR\000"
 771      52524F52 
 771      00
 772              	.LASF25:
 773 0027 52435F45 		.ascii	"RC_ERROR_UNDERRUN\000"
 773      52524F52 
 773      5F554E44 
 773      45525255 
 773      4E00
 774              	.LASF42:
 775 0039 52435F45 		.ascii	"RC_ERROR_UNKNOWN\000"
 775      52524F52 
 775      5F554E4B 
 775      4E4F574E 
 775      00
 776              	.LASF9:
 777 004a 5F5F696E 		.ascii	"__int32_t\000"
 777      7433325F 
 777      7400
 778              	.LASF38:
 779 0054 52435F45 		.ascii	"RC_ERROR_BAD_PARAM\000"
 779      52524F52 
 779      5F424144 
 779      5F504152 
 779      414D00
 780              	.LASF44:
 781 0067 52435F74 		.ascii	"RC_t\000"
 781      00
 782              	.LASF20:
 783 006c 52435F45 		.ascii	"RC_ERROR_NULL\000"
 783      52524F52 
 783      5F4E554C 
 783      4C00
 784              	.LASF34:
 785 007a 52435F45 		.ascii	"RC_ERROR_INVALID\000"
 785      52524F52 
 785      5F494E56 
 785      414C4944 
 785      00
 786              	.LASF2:
 787 008b 73686F72 		.ascii	"short int\000"
 787      7420696E 
 787      7400
 788              	.LASF11:
 789 0095 666C6F61 		.ascii	"float\000"
 789      7400
 790              	.LASF49:
 791 009b 42555454 		.ascii	"BUTTON_IsPressed\000"
 791      4F4E5F49 
ARM GAS  C:\Users\AADARS~1\AppData\Local\Temp\ccbBbbVd.s 			page 17


 791      73507265 
 791      73736564 
 791      00
 792              	.LASF1:
 793 00ac 756E7369 		.ascii	"unsigned char\000"
 793      676E6564 
 793      20636861 
 793      7200
 794              	.LASF54:
 795 00ba 474E5520 		.ascii	"GNU C11 5.4.1 20160609 (release) [ARM/embedded-5-br"
 795      43313120 
 795      352E342E 
 795      31203230 
 795      31363036 
 796 00ed 616E6368 		.ascii	"anch revision 237715] -mcpu=cortex-m3 -mthumb -g -O"
 796      20726576 
 796      6973696F 
 796      6E203233 
 796      37373135 
 797 0120 67202D66 		.ascii	"g -ffunction-sections -ffat-lto-objects\000"
 797      66756E63 
 797      74696F6E 
 797      2D736563 
 797      74696F6E 
 798              	.LASF18:
 799 0148 52435F53 		.ascii	"RC_SUCCESS\000"
 799      55434345 
 799      535300
 800              	.LASF21:
 801 0153 52435F45 		.ascii	"RC_ERROR_ZERO\000"
 801      52524F52 
 801      5F5A4552 
 801      4F00
 802              	.LASF5:
 803 0161 6C6F6E67 		.ascii	"long unsigned int\000"
 803      20756E73 
 803      69676E65 
 803      6420696E 
 803      7400
 804              	.LASF55:
 805 0173 736F7572 		.ascii	"source\\bsw\\button.c\000"
 805      63655C62 
 805      73775C62 
 805      7574746F 
 805      6E2E6300 
 806              	.LASF29:
 807 0187 52435F45 		.ascii	"RC_ERROR_TIME_OUT\000"
 807      52524F52 
 807      5F54494D 
 807      455F4F55 
 807      5400
 808              	.LASF39:
 809 0199 52435F45 		.ascii	"RC_ERROR_BAD_DATA\000"
 809      52524F52 
 809      5F424144 
 809      5F444154 
 809      4100
ARM GAS  C:\Users\AADARS~1\AppData\Local\Temp\ccbBbbVd.s 			page 18


 810              	.LASF36:
 811 01ab 52435F45 		.ascii	"RC_ERROR_WRITE_FAILS\000"
 811      52524F52 
 811      5F575249 
 811      54455F46 
 811      41494C53 
 812              	.LASF58:
 813 01c0 49544D5F 		.ascii	"ITM_RxBuffer\000"
 813      52784275 
 813      66666572 
 813      00
 814              	.LASF47:
 815 01cd 42555454 		.ascii	"BUTTON_id_t\000"
 815      4F4E5F69 
 815      645F7400 
 816              	.LASF37:
 817 01d9 52435F45 		.ascii	"RC_ERROR_NOT_MATCH\000"
 817      52524F52 
 817      5F4E4F54 
 817      5F4D4154 
 817      434800
 818              	.LASF12:
 819 01ec 646F7562 		.ascii	"double\000"
 819      6C6500
 820              	.LASF43:
 821 01f3 52435F45 		.ascii	"RC_ERROR_UNINITIALIZED\000"
 821      52524F52 
 821      5F554E49 
 821      4E495449 
 821      414C495A 
 822              	.LASF48:
 823 020a 42555454 		.ascii	"BUTTON_Init\000"
 823      4F4E5F49 
 823      6E697400 
 824              	.LASF22:
 825 0216 52435F45 		.ascii	"RC_ERROR_MEMORY\000"
 825      52524F52 
 825      5F4D454D 
 825      4F525900 
 826              	.LASF40:
 827 0226 52435F45 		.ascii	"RC_ERROR_CANCELED\000"
 827      52524F52 
 827      5F43414E 
 827      43454C45 
 827      4400
 828              	.LASF8:
 829 0238 756E7369 		.ascii	"unsigned int\000"
 829      676E6564 
 829      20696E74 
 829      00
 830              	.LASF28:
 831 0245 52435F45 		.ascii	"RC_ERROR_BUSY\000"
 831      52524F52 
 831      5F425553 
 831      5900
 832              	.LASF50:
 833 0253 61646472 		.ascii	"address\000"
ARM GAS  C:\Users\AADARS~1\AppData\Local\Temp\ccbBbbVd.s 			page 19


 833      65737300 
 834              	.LASF7:
 835 025b 6C6F6E67 		.ascii	"long long unsigned int\000"
 835      206C6F6E 
 835      6720756E 
 835      7369676E 
 835      65642069 
 836              	.LASF31:
 837 0272 52435F45 		.ascii	"RC_ERROR_CHECKSUM\000"
 837      52524F52 
 837      5F434845 
 837      434B5355 
 837      4D00
 838              	.LASF57:
 839 0284 72657375 		.ascii	"result\000"
 839      6C7400
 840              	.LASF14:
 841 028b 63796973 		.ascii	"cyisraddress\000"
 841      72616464 
 841      72657373 
 841      00
 842              	.LASF52:
 843 0298 6973725F 		.ascii	"isr_Button_StartEx\000"
 843      42757474 
 843      6F6E5F53 
 843      74617274 
 843      457800
 844              	.LASF53:
 845 02ab 42555454 		.ascii	"BUTTON_1_Read\000"
 845      4F4E5F31 
 845      5F526561 
 845      6400
 846              	.LASF26:
 847 02b9 52435F45 		.ascii	"RC_ERROR_BUFFER_FULL\000"
 847      52524F52 
 847      5F425546 
 847      4645525F 
 847      46554C4C 
 848              	.LASF10:
 849 02ce 696E7433 		.ascii	"int32_t\000"
 849      325F7400 
 850              	.LASF16:
 851 02d6 73697A65 		.ascii	"sizetype\000"
 851      74797065 
 851      00
 852              	.LASF3:
 853 02df 73686F72 		.ascii	"short unsigned int\000"
 853      7420756E 
 853      7369676E 
 853      65642069 
 853      6E7400
 854              	.LASF6:
 855 02f2 6C6F6E67 		.ascii	"long long int\000"
 855      206C6F6E 
 855      6720696E 
 855      7400
 856              	.LASF13:
ARM GAS  C:\Users\AADARS~1\AppData\Local\Temp\ccbBbbVd.s 			page 20


 857 0300 63686172 		.ascii	"char\000"
 857      00
 858              	.LASF41:
 859 0305 52435F45 		.ascii	"RC_ERROR_INVALID_STATE\000"
 859      52524F52 
 859      5F494E56 
 859      414C4944 
 859      5F535441 
 860              	.LASF45:
 861 031c 65427574 		.ascii	"eButton\000"
 861      746F6E00 
 862              	.LASF33:
 863 0324 52435F45 		.ascii	"RC_ERROR_WRITE_ONLY\000"
 863      52524F52 
 863      5F575249 
 863      54455F4F 
 863      4E4C5900 
 864              	.LASF27:
 865 0338 52435F45 		.ascii	"RC_ERROR_BUFFER_EMTPY\000"
 865      52524F52 
 865      5F425546 
 865      4645525F 
 865      454D5450 
 866              	.LASF4:
 867 034e 6C6F6E67 		.ascii	"long int\000"
 867      20696E74 
 867      00
 868              	.LASF24:
 869 0357 52435F45 		.ascii	"RC_ERROR_OVERRUN\000"
 869      52524F52 
 869      5F4F5645 
 869      5252554E 
 869      00
 870              	.LASF51:
 871 0368 62757474 		.ascii	"button\000"
 871      6F6E00
 872              	.LASF15:
 873 036f 6C6F6E67 		.ascii	"long double\000"
 873      20646F75 
 873      626C6500 
 874              	.LASF32:
 875 037b 52435F45 		.ascii	"RC_ERROR_READ_ONLY\000"
 875      52524F52 
 875      5F524541 
 875      445F4F4E 
 875      4C5900
 876              	.LASF0:
 877 038e 7369676E 		.ascii	"signed char\000"
 877      65642063 
 877      68617200 
 878              	.LASF56:
 879 039a 433A5C61 		.ascii	"C:\\aadarshxp\\_MastersEmbeddedSystem\\Semester-2\\"
 879      61646172 
 879      73687870 
 879      5C5F4D61 
 879      73746572 
 880 03c9 53797374 		.ascii	"SystemLevelHardwareDesign\\movement_detection_using"
ARM GAS  C:\Users\AADARS~1\AppData\Local\Temp\ccbBbbVd.s 			page 21


 880      656D4C65 
 880      76656C48 
 880      61726477 
 880      61726544 
 881 03fb 5F726164 		.ascii	"_radar\\40_Implementation\\work\\20_SW\\Workspace_S"
 881      61725C34 
 881      305F496D 
 881      706C656D 
 881      656E7461 
 882 042a 4448445F 		.ascii	"DHD_FreeSoc2\\SDHD_MovementDetection.cydsn\000"
 882      46726565 
 882      536F6332 
 882      5C534448 
 882      445F4D6F 
 883              	.LASF46:
 884 0454 42555454 		.ascii	"BUTTON_1\000"
 884      4F4E5F31 
 884      00
 885              	.LASF30:
 886 045d 52435F45 		.ascii	"RC_ERROR_OPEN\000"
 886      52524F52 
 886      5F4F5045 
 886      4E00
 887              	.LASF23:
 888 046b 52435F45 		.ascii	"RC_ERROR_RANGE\000"
 888      52524F52 
 888      5F52414E 
 888      474500
 889              		.ident	"GCC: (GNU Tools for ARM Embedded Processors) 5.4.1 20160609 (release) [ARM/embedded-5-bran
