ARM GAS  C:\Users\AADARS~1\AppData\Local\Temp\cczhxY5g.s 			page 1


   1              		.syntax unified
   2              		.cpu cortex-m3
   3              		.fpu softvfp
   4              		.eabi_attribute 20, 1
   5              		.eabi_attribute 21, 1
   6              		.eabi_attribute 23, 3
   7              		.eabi_attribute 24, 1
   8              		.eabi_attribute 25, 1
   9              		.eabi_attribute 26, 1
  10              		.eabi_attribute 30, 1
  11              		.eabi_attribute 34, 1
  12              		.eabi_attribute 18, 4
  13              		.thumb
  14              		.syntax unified
  15              		.file	"cymetadata.c"
  16              		.text
  17              	.Ltext0:
  18              		.cfi_sections	.debug_frame
  19              		.global	cy_metadata
  20              		.global	cy_meta_flashprotect
  21              		.global	cy_meta_wonvl
  22              		.global	cy_meta_custnvl
  23              		.global	cy_meta_configecc
  24              		.section	.cyconfigecc,"a",%progbits
  25              		.align	2
  26              		.type	cy_meta_configecc, %object
  27              		.size	cy_meta_configecc, 1692
  28              	cy_meta_configecc:
  29 0000 01       		.byte	1
  30 0001 52       		.byte	82
  31 0002 00       		.byte	0
  32 0003 40       		.byte	64
  33 0004 01       		.byte	1
  34 0005 5A       		.byte	90
  35 0006 00       		.byte	0
  36 0007 40       		.byte	64
  37 0008 02       		.byte	2
  38 0009 64       		.byte	100
  39 000a 00       		.byte	0
  40 000b 40       		.byte	64
  41 000c 01       		.byte	1
  42 000d 65       		.byte	101
  43 000e 00       		.byte	0
  44 000f 40       		.byte	64
  45 0010 02       		.byte	2
  46 0011 03       		.byte	3
  47 0012 01       		.byte	1
  48 0013 40       		.byte	64
  49 0014 04       		.byte	4
  50 0015 04       		.byte	4
  51 0016 01       		.byte	1
  52 0017 40       		.byte	64
  53 0018 04       		.byte	4
  54 0019 05       		.byte	5
  55 001a 01       		.byte	1
  56 001b 40       		.byte	64
  57 001c 01       		.byte	1
ARM GAS  C:\Users\AADARS~1\AppData\Local\Temp\cczhxY5g.s 			page 2


  58 001d 07       		.byte	7
  59 001e 01       		.byte	1
  60 001f 40       		.byte	64
  61 0020 57       		.byte	87
  62 0021 08       		.byte	8
  63 0022 01       		.byte	1
  64 0023 40       		.byte	64
  65 0024 36       		.byte	54
  66 0025 09       		.byte	9
  67 0026 01       		.byte	1
  68 0027 40       		.byte	64
  69 0028 41       		.byte	65
  70 0029 0A       		.byte	10
  71 002a 01       		.byte	1
  72 002b 40       		.byte	64
  73 002c 2E       		.byte	46
  74 002d 0B       		.byte	11
  75 002e 01       		.byte	1
  76 002f 40       		.byte	64
  77 0030 55       		.byte	85
  78 0031 0C       		.byte	12
  79 0032 01       		.byte	1
  80 0033 40       		.byte	64
  81 0034 3E       		.byte	62
  82 0035 0D       		.byte	13
  83 0036 01       		.byte	1
  84 0037 40       		.byte	64
  85 0038 50       		.byte	80
  86 0039 0E       		.byte	14
  87 003a 01       		.byte	1
  88 003b 40       		.byte	64
  89 003c 34       		.byte	52
  90 003d 0F       		.byte	15
  91 003e 01       		.byte	1
  92 003f 40       		.byte	64
  93 0040 02       		.byte	2
  94 0041 15       		.byte	21
  95 0042 01       		.byte	1
  96 0043 40       		.byte	64
  97 0044 01       		.byte	1
  98 0045 17       		.byte	23
  99 0046 01       		.byte	1
 100 0047 40       		.byte	64
 101 0048 43       		.byte	67
 102 0049 18       		.byte	24
 103 004a 01       		.byte	1
 104 004b 40       		.byte	64
 105 004c 3A       		.byte	58
 106 004d 19       		.byte	25
 107 004e 01       		.byte	1
 108 004f 40       		.byte	64
 109 0050 06       		.byte	6
 110 0051 1B       		.byte	27
 111 0052 01       		.byte	1
 112 0053 40       		.byte	64
 113 0054 07       		.byte	7
 114 0055 40       		.byte	64
ARM GAS  C:\Users\AADARS~1\AppData\Local\Temp\cczhxY5g.s 			page 3


 115 0056 01       		.byte	1
 116 0057 40       		.byte	64
 117 0058 09       		.byte	9
 118 0059 41       		.byte	65
 119 005a 01       		.byte	1
 120 005b 40       		.byte	64
 121 005c 07       		.byte	7
 122 005d 42       		.byte	66
 123 005e 01       		.byte	1
 124 005f 40       		.byte	64
 125 0060 01       		.byte	1
 126 0061 43       		.byte	67
 127 0062 01       		.byte	1
 128 0063 40       		.byte	64
 129 0064 04       		.byte	4
 130 0065 44       		.byte	68
 131 0066 01       		.byte	1
 132 0067 40       		.byte	64
 133 0068 0A       		.byte	10
 134 0069 45       		.byte	69
 135 006a 01       		.byte	1
 136 006b 40       		.byte	64
 137 006c 05       		.byte	5
 138 006d 46       		.byte	70
 139 006e 01       		.byte	1
 140 006f 40       		.byte	64
 141 0070 05       		.byte	5
 142 0071 47       		.byte	71
 143 0072 01       		.byte	1
 144 0073 40       		.byte	64
 145 0074 06       		.byte	6
 146 0075 48       		.byte	72
 147 0076 01       		.byte	1
 148 0077 40       		.byte	64
 149 0078 0C       		.byte	12
 150 0079 49       		.byte	73
 151 007a 01       		.byte	1
 152 007b 40       		.byte	64
 153 007c 02       		.byte	2
 154 007d 4C       		.byte	76
 155 007e 01       		.byte	1
 156 007f 40       		.byte	64
 157 0080 02       		.byte	2
 158 0081 4D       		.byte	77
 159 0082 01       		.byte	1
 160 0083 40       		.byte	64
 161 0084 05       		.byte	5
 162 0085 50       		.byte	80
 163 0086 01       		.byte	1
 164 0087 40       		.byte	64
 165 0088 02       		.byte	2
 166 0089 51       		.byte	81
 167 008a 01       		.byte	1
 168 008b 40       		.byte	64
 169 008c 14       		.byte	20
 170 008d 01       		.byte	1
 171 008e 9F       		.byte	-97
ARM GAS  C:\Users\AADARS~1\AppData\Local\Temp\cczhxY5g.s 			page 4


 172 008f 01       		.byte	1
 173 0090 8B       		.byte	-117
 174 0091 38       		.byte	56
 175 0092 8C       		.byte	-116
 176 0093 0F       		.byte	15
 177 0094 88       		.byte	-120
 178 0095 72       		.byte	114
 179 0096 E6       		.byte	-26
 180 0097 02       		.byte	2
 181 0098 EE       		.byte	-18
 182 0099 04       		.byte	4
 183 009a 39       		.byte	57
 184 009b 80       		.byte	-128
 185 009c 3F       		.byte	63
 186 009d 40       		.byte	64
 187 009e 59       		.byte	89
 188 009f 04       		.byte	4
 189 00a0 5F       		.byte	95
 190 00a1 01       		.byte	1
 191 00a2 20       		.byte	32
 192 00a3 01       		.byte	1
 193 00a4 E2       		.byte	-30
 194 00a5 08       		.byte	8
 195 00a6 E4       		.byte	-28
 196 00a7 01       		.byte	1
 197 00a8 EA       		.byte	-22
 198 00a9 02       		.byte	2
 199 00aa B4       		.byte	-76
 200 00ab 01       		.byte	1
 201 00ac 01       		.byte	1
 202 00ad 01       		.byte	1
 203 00ae 02       		.byte	2
 204 00af 10       		.byte	16
 205 00b0 04       		.byte	4
 206 00b1 07       		.byte	7
 207 00b2 05       		.byte	5
 208 00b3 08       		.byte	8
 209 00b4 08       		.byte	8
 210 00b5 07       		.byte	7
 211 00b6 09       		.byte	9
 212 00b7 02       		.byte	2
 213 00b8 0D       		.byte	13
 214 00b9 27       		.byte	39
 215 00ba 0E       		.byte	14
 216 00bb 08       		.byte	8
 217 00bc 0F       		.byte	15
 218 00bd 18       		.byte	24
 219 00be 13       		.byte	19
 220 00bf 07       		.byte	7
 221 00c0 14       		.byte	20
 222 00c1 04       		.byte	4
 223 00c2 16       		.byte	22
 224 00c3 01       		.byte	1
 225 00c4 19       		.byte	25
 226 00c5 18       		.byte	24
 227 00c6 1A       		.byte	26
 228 00c7 08       		.byte	8
ARM GAS  C:\Users\AADARS~1\AppData\Local\Temp\cczhxY5g.s 			page 5


 229 00c8 1D       		.byte	29
 230 00c9 03       		.byte	3
 231 00ca 20       		.byte	32
 232 00cb 01       		.byte	1
 233 00cc 21       		.byte	33
 234 00cd 10       		.byte	16
 235 00ce 22       		.byte	34
 236 00cf 06       		.byte	6
 237 00d0 25       		.byte	37
 238 00d1 1C       		.byte	28
 239 00d2 26       		.byte	38
 240 00d3 10       		.byte	16
 241 00d4 27       		.byte	39
 242 00d5 23       		.byte	35
 243 00d6 28       		.byte	40
 244 00d7 02       		.byte	2
 245 00d8 29       		.byte	41
 246 00d9 3F       		.byte	63
 247 00da 2A       		.byte	42
 248 00db 01       		.byte	1
 249 00dc 2D       		.byte	45
 250 00dd 18       		.byte	24
 251 00de 2F       		.byte	47
 252 00df 27       		.byte	39
 253 00e0 32       		.byte	50
 254 00e1 08       		.byte	8
 255 00e2 33       		.byte	51
 256 00e3 20       		.byte	32
 257 00e4 34       		.byte	52
 258 00e5 07       		.byte	7
 259 00e6 35       		.byte	53
 260 00e7 1C       		.byte	28
 261 00e8 36       		.byte	54
 262 00e9 10       		.byte	16
 263 00ea 37       		.byte	55
 264 00eb 03       		.byte	3
 265 00ec 39       		.byte	57
 266 00ed 08       		.byte	8
 267 00ee 3E       		.byte	62
 268 00ef 44       		.byte	68
 269 00f0 40       		.byte	64
 270 00f1 41       		.byte	65
 271 00f2 41       		.byte	65
 272 00f3 06       		.byte	6
 273 00f4 42       		.byte	66
 274 00f5 02       		.byte	2
 275 00f6 44       		.byte	68
 276 00f7 03       		.byte	3
 277 00f8 46       		.byte	70
 278 00f9 0C       		.byte	12
 279 00fa 47       		.byte	71
 280 00fb E0       		.byte	-32
 281 00fc 48       		.byte	72
 282 00fd 24       		.byte	36
 283 00fe 49       		.byte	73
 284 00ff FF       		.byte	-1
 285 0100 4A       		.byte	74
ARM GAS  C:\Users\AADARS~1\AppData\Local\Temp\cczhxY5g.s 			page 6


 286 0101 FF       		.byte	-1
 287 0102 4B       		.byte	75
 288 0103 FF       		.byte	-1
 289 0104 4C       		.byte	76
 290 0105 62       		.byte	98
 291 0106 4D       		.byte	77
 292 0107 A0       		.byte	-96
 293 0108 4E       		.byte	78
 294 0109 F0       		.byte	-16
 295 010a 4F       		.byte	79
 296 010b 41       		.byte	65
 297 010c 50       		.byte	80
 298 010d 0C       		.byte	12
 299 010e 58       		.byte	88
 300 010f 04       		.byte	4
 301 0110 59       		.byte	89
 302 0111 04       		.byte	4
 303 0112 5A       		.byte	90
 304 0113 04       		.byte	4
 305 0114 5C       		.byte	92
 306 0115 66       		.byte	102
 307 0116 5D       		.byte	93
 308 0117 06       		.byte	6
 309 0118 5F       		.byte	95
 310 0119 01       		.byte	1
 311 011a 66       		.byte	102
 312 011b 40       		.byte	64
 313 011c 67       		.byte	103
 314 011d 02       		.byte	2
 315 011e 69       		.byte	105
 316 011f 10       		.byte	16
 317 0120 6A       		.byte	106
 318 0121 30       		.byte	48
 319 0122 6B       		.byte	107
 320 0123 10       		.byte	16
 321 0124 6D       		.byte	109
 322 0125 10       		.byte	16
 323 0126 6E       		.byte	110
 324 0127 10       		.byte	16
 325 0128 6F       		.byte	111
 326 0129 12       		.byte	18
 327 012a 80       		.byte	-128
 328 012b 02       		.byte	2
 329 012c 82       		.byte	-126
 330 012d 34       		.byte	52
 331 012e 84       		.byte	-124
 332 012f 04       		.byte	4
 333 0130 86       		.byte	-122
 334 0131 0A       		.byte	10
 335 0132 8E       		.byte	-114
 336 0133 2E       		.byte	46
 337 0134 95       		.byte	-107
 338 0135 01       		.byte	1
 339 0136 9C       		.byte	-100
 340 0137 03       		.byte	3
 341 0138 9D       		.byte	-99
 342 0139 02       		.byte	2
ARM GAS  C:\Users\AADARS~1\AppData\Local\Temp\cczhxY5g.s 			page 7


 343 013a 9E       		.byte	-98
 344 013b 04       		.byte	4
 345 013c A3       		.byte	-93
 346 013d 02       		.byte	2
 347 013e A8       		.byte	-88
 348 013f 01       		.byte	1
 349 0140 AA       		.byte	-86
 350 0141 3C       		.byte	60
 351 0142 AB       		.byte	-85
 352 0143 02       		.byte	2
 353 0144 B0       		.byte	-80
 354 0145 18       		.byte	24
 355 0146 B4       		.byte	-76
 356 0147 28       		.byte	40
 357 0148 B6       		.byte	-74
 358 0149 07       		.byte	7
 359 014a B7       		.byte	-73
 360 014b 03       		.byte	3
 361 014c B9       		.byte	-71
 362 014d 08       		.byte	8
 363 014e BA       		.byte	-70
 364 014f A2       		.byte	-94
 365 0150 BB       		.byte	-69
 366 0151 C0       		.byte	-64
 367 0152 D8       		.byte	-40
 368 0153 04       		.byte	4
 369 0154 D9       		.byte	-39
 370 0155 04       		.byte	4
 371 0156 DC       		.byte	-36
 372 0157 33       		.byte	51
 373 0158 DF       		.byte	-33
 374 0159 01       		.byte	1
 375 015a 00       		.byte	0
 376 015b 46       		.byte	70
 377 015c 04       		.byte	4
 378 015d 28       		.byte	40
 379 015e 06       		.byte	6
 380 015f 82       		.byte	-126
 381 0160 0A       		.byte	10
 382 0161 02       		.byte	2
 383 0162 0E       		.byte	14
 384 0163 18       		.byte	24
 385 0164 12       		.byte	18
 386 0165 08       		.byte	8
 387 0166 14       		.byte	20
 388 0167 88       		.byte	-120
 389 0168 17       		.byte	23
 390 0169 04       		.byte	4
 391 016a 18       		.byte	24
 392 016b 44       		.byte	68
 393 016c 19       		.byte	25
 394 016d 21       		.byte	33
 395 016e 1A       		.byte	26
 396 016f 02       		.byte	2
 397 0170 1D       		.byte	29
 398 0171 40       		.byte	64
 399 0172 1F       		.byte	31
ARM GAS  C:\Users\AADARS~1\AppData\Local\Temp\cczhxY5g.s 			page 8


 400 0173 14       		.byte	20
 401 0174 20       		.byte	32
 402 0175 02       		.byte	2
 403 0176 22       		.byte	34
 404 0177 48       		.byte	72
 405 0178 25       		.byte	37
 406 0179 10       		.byte	16
 407 017a 26       		.byte	38
 408 017b 04       		.byte	4
 409 017c 27       		.byte	39
 410 017d 06       		.byte	6
 411 017e 29       		.byte	41
 412 017f 21       		.byte	33
 413 0180 2C       		.byte	44
 414 0181 99       		.byte	-103
 415 0182 32       		.byte	50
 416 0183 48       		.byte	72
 417 0184 34       		.byte	52
 418 0185 82       		.byte	-126
 419 0186 37       		.byte	55
 420 0187 20       		.byte	32
 421 0188 3E       		.byte	62
 422 0189 58       		.byte	88
 423 018a 3F       		.byte	63
 424 018b 02       		.byte	2
 425 018c 42       		.byte	66
 426 018d 40       		.byte	64
 427 018e 43       		.byte	67
 428 018f 01       		.byte	1
 429 0190 44       		.byte	68
 430 0191 02       		.byte	2
 431 0192 45       		.byte	69
 432 0193 90       		.byte	-112
 433 0194 47       		.byte	71
 434 0195 09       		.byte	9
 435 0196 4C       		.byte	76
 436 0197 08       		.byte	8
 437 0198 56       		.byte	86
 438 0199 82       		.byte	-126
 439 019a 88       		.byte	-120
 440 019b 80       		.byte	-128
 441 019c 8B       		.byte	-117
 442 019d 10       		.byte	16
 443 019e 91       		.byte	-111
 444 019f 20       		.byte	32
 445 01a0 92       		.byte	-110
 446 01a1 10       		.byte	16
 447 01a2 94       		.byte	-108
 448 01a3 28       		.byte	40
 449 01a4 96       		.byte	-106
 450 01a5 22       		.byte	34
 451 01a6 97       		.byte	-105
 452 01a7 28       		.byte	40
 453 01a8 98       		.byte	-104
 454 01a9 08       		.byte	8
 455 01aa 9B       		.byte	-101
 456 01ab 08       		.byte	8
ARM GAS  C:\Users\AADARS~1\AppData\Local\Temp\cczhxY5g.s 			page 9


 457 01ac 9D       		.byte	-99
 458 01ad 42       		.byte	66
 459 01ae 9E       		.byte	-98
 460 01af 51       		.byte	81
 461 01b0 9F       		.byte	-97
 462 01b1 02       		.byte	2
 463 01b2 A3       		.byte	-93
 464 01b3 01       		.byte	1
 465 01b4 C0       		.byte	-64
 466 01b5 FD       		.byte	-3
 467 01b6 C2       		.byte	-62
 468 01b7 61       		.byte	97
 469 01b8 C4       		.byte	-60
 470 01b9 72       		.byte	114
 471 01ba CA       		.byte	-54
 472 01bb F5       		.byte	-11
 473 01bc CC       		.byte	-52
 474 01bd BA       		.byte	-70
 475 01be CE       		.byte	-50
 476 01bf F0       		.byte	-16
 477 01c0 D0       		.byte	-48
 478 01c1 F0       		.byte	-16
 479 01c2 D2       		.byte	-46
 480 01c3 20       		.byte	32
 481 01c4 EC       		.byte	-20
 482 01c5 10       		.byte	16
 483 01c6 01       		.byte	1
 484 01c7 03       		.byte	3
 485 01c8 02       		.byte	2
 486 01c9 80       		.byte	-128
 487 01ca 06       		.byte	6
 488 01cb 08       		.byte	8
 489 01cc 07       		.byte	7
 490 01cd 04       		.byte	4
 491 01ce 09       		.byte	9
 492 01cf 03       		.byte	3
 493 01d0 0A       		.byte	10
 494 01d1 02       		.byte	2
 495 01d2 0E       		.byte	14
 496 01d3 20       		.byte	32
 497 01d4 0F       		.byte	15
 498 01d5 01       		.byte	1
 499 01d6 12       		.byte	18
 500 01d7 40       		.byte	64
 501 01d8 15       		.byte	21
 502 01d9 10       		.byte	16
 503 01da 16       		.byte	22
 504 01db 04       		.byte	4
 505 01dc 19       		.byte	25
 506 01dd 03       		.byte	3
 507 01de 1A       		.byte	26
 508 01df 10       		.byte	16
 509 01e0 1D       		.byte	29
 510 01e1 01       		.byte	1
 511 01e2 1E       		.byte	30
 512 01e3 01       		.byte	1
 513 01e4 1F       		.byte	31
ARM GAS  C:\Users\AADARS~1\AppData\Local\Temp\cczhxY5g.s 			page 10


 514 01e5 02       		.byte	2
 515 01e6 20       		.byte	32
 516 01e7 3F       		.byte	63
 517 01e8 22       		.byte	34
 518 01e9 C0       		.byte	-64
 519 01ea 23       		.byte	35
 520 01eb 18       		.byte	24
 521 01ec 24       		.byte	36
 522 01ed C3       		.byte	-61
 523 01ee 26       		.byte	38
 524 01ef 3C       		.byte	60
 525 01f0 28       		.byte	40
 526 01f1 CC       		.byte	-52
 527 01f2 2A       		.byte	42
 528 01f3 33       		.byte	51
 529 01f4 2C       		.byte	44
 530 01f5 55       		.byte	85
 531 01f6 2E       		.byte	46
 532 01f7 AA       		.byte	-86
 533 01f8 2F       		.byte	47
 534 01f9 02       		.byte	2
 535 01fa 33       		.byte	51
 536 01fb 08       		.byte	8
 537 01fc 34       		.byte	52
 538 01fd FF       		.byte	-1
 539 01fe 35       		.byte	53
 540 01ff 07       		.byte	7
 541 0200 37       		.byte	55
 542 0201 10       		.byte	16
 543 0202 38       		.byte	56
 544 0203 02       		.byte	2
 545 0204 39       		.byte	57
 546 0205 80       		.byte	-128
 547 0206 3B       		.byte	59
 548 0207 08       		.byte	8
 549 0208 3E       		.byte	62
 550 0209 10       		.byte	16
 551 020a 3F       		.byte	63
 552 020b 10       		.byte	16
 553 020c 58       		.byte	88
 554 020d 04       		.byte	4
 555 020e 59       		.byte	89
 556 020f 04       		.byte	4
 557 0210 5B       		.byte	91
 558 0211 04       		.byte	4
 559 0212 5C       		.byte	92
 560 0213 44       		.byte	68
 561 0214 5F       		.byte	95
 562 0215 01       		.byte	1
 563 0216 83       		.byte	-125
 564 0217 02       		.byte	2
 565 0218 8B       		.byte	-117
 566 0219 02       		.byte	2
 567 021a 96       		.byte	-106
 568 021b 07       		.byte	7
 569 021c 98       		.byte	-104
 570 021d 02       		.byte	2
ARM GAS  C:\Users\AADARS~1\AppData\Local\Temp\cczhxY5g.s 			page 11


 571 021e 9B       		.byte	-101
 572 021f 04       		.byte	4
 573 0220 9C       		.byte	-100
 574 0221 04       		.byte	4
 575 0222 A7       		.byte	-89
 576 0223 01       		.byte	1
 577 0224 AC       		.byte	-84
 578 0225 02       		.byte	2
 579 0226 AE       		.byte	-82
 580 0227 05       		.byte	5
 581 0228 B1       		.byte	-79
 582 0229 04       		.byte	4
 583 022a B4       		.byte	-76
 584 022b 06       		.byte	6
 585 022c B5       		.byte	-75
 586 022d 03       		.byte	3
 587 022e B6       		.byte	-74
 588 022f 01       		.byte	1
 589 0230 B8       		.byte	-72
 590 0231 28       		.byte	40
 591 0232 BA       		.byte	-70
 592 0233 80       		.byte	-128
 593 0234 BB       		.byte	-69
 594 0235 02       		.byte	2
 595 0236 BF       		.byte	-65
 596 0237 10       		.byte	16
 597 0238 D4       		.byte	-44
 598 0239 18       		.byte	24
 599 023a D6       		.byte	-42
 600 023b 04       		.byte	4
 601 023c D8       		.byte	-40
 602 023d 04       		.byte	4
 603 023e D9       		.byte	-39
 604 023f 04       		.byte	4
 605 0240 DB       		.byte	-37
 606 0241 04       		.byte	4
 607 0242 DC       		.byte	-36
 608 0243 22       		.byte	34
 609 0244 DD       		.byte	-35
 610 0245 60       		.byte	96
 611 0246 DF       		.byte	-33
 612 0247 01       		.byte	1
 613 0248 01       		.byte	1
 614 0249 22       		.byte	34
 615 024a 02       		.byte	2
 616 024b 11       		.byte	17
 617 024c 0A       		.byte	10
 618 024d 66       		.byte	102
 619 024e 0E       		.byte	14
 620 024f 25       		.byte	37
 621 0250 10       		.byte	16
 622 0251 AA       		.byte	-86
 623 0252 17       		.byte	23
 624 0253 80       		.byte	-128
 625 0254 18       		.byte	24
 626 0255 04       		.byte	4
 627 0256 19       		.byte	25
ARM GAS  C:\Users\AADARS~1\AppData\Local\Temp\cczhxY5g.s 			page 12


 628 0257 01       		.byte	1
 629 0258 1E       		.byte	30
 630 0259 25       		.byte	37
 631 025a 21       		.byte	33
 632 025b 58       		.byte	88
 633 025c 27       		.byte	39
 634 025d 88       		.byte	-120
 635 025e 29       		.byte	41
 636 025f 01       		.byte	1
 637 0260 2A       		.byte	42
 638 0261 40       		.byte	64
 639 0262 2F       		.byte	47
 640 0263 10       		.byte	16
 641 0264 30       		.byte	48
 642 0265 20       		.byte	32
 643 0266 31       		.byte	49
 644 0267 08       		.byte	8
 645 0268 32       		.byte	50
 646 0269 40       		.byte	64
 647 026a 36       		.byte	54
 648 026b 10       		.byte	16
 649 026c 38       		.byte	56
 650 026d 04       		.byte	4
 651 026e 39       		.byte	57
 652 026f 91       		.byte	-111
 653 0270 3E       		.byte	62
 654 0271 10       		.byte	16
 655 0272 3F       		.byte	63
 656 0273 02       		.byte	2
 657 0274 5F       		.byte	95
 658 0275 02       		.byte	2
 659 0276 65       		.byte	101
 660 0277 40       		.byte	64
 661 0278 67       		.byte	103
 662 0279 88       		.byte	-120
 663 027a 68       		.byte	104
 664 027b AA       		.byte	-86
 665 027c 69       		.byte	105
 666 027d 11       		.byte	17
 667 027e 6A       		.byte	106
 668 027f 80       		.byte	-128
 669 0280 81       		.byte	-127
 670 0281 20       		.byte	32
 671 0282 87       		.byte	-121
 672 0283 40       		.byte	64
 673 0284 92       		.byte	-110
 674 0285 50       		.byte	80
 675 0286 94       		.byte	-108
 676 0287 28       		.byte	40
 677 0288 95       		.byte	-107
 678 0289 20       		.byte	32
 679 028a 98       		.byte	-104
 680 028b 08       		.byte	8
 681 028c A3       		.byte	-93
 682 028d 01       		.byte	1
 683 028e AD       		.byte	-83
 684 028f 10       		.byte	16
ARM GAS  C:\Users\AADARS~1\AppData\Local\Temp\cczhxY5g.s 			page 13


 685 0290 B0       		.byte	-80
 686 0291 08       		.byte	8
 687 0292 B3       		.byte	-77
 688 0293 01       		.byte	1
 689 0294 C0       		.byte	-64
 690 0295 0F       		.byte	15
 691 0296 C2       		.byte	-62
 692 0297 EF       		.byte	-17
 693 0298 C4       		.byte	-60
 694 0299 8F       		.byte	-113
 695 029a CA       		.byte	-54
 696 029b 49       		.byte	73
 697 029c CC       		.byte	-52
 698 029d 2E       		.byte	46
 699 029e CE       		.byte	-50
 700 029f AF       		.byte	-81
 701 02a0 D6       		.byte	-42
 702 02a1 80       		.byte	-128
 703 02a2 D8       		.byte	-40
 704 02a3 B0       		.byte	-80
 705 02a4 02       		.byte	2
 706 02a5 08       		.byte	8
 707 02a6 04       		.byte	4
 708 02a7 30       		.byte	48
 709 02a8 05       		.byte	5
 710 02a9 02       		.byte	2
 711 02aa 08       		.byte	8
 712 02ab 30       		.byte	48
 713 02ac 0C       		.byte	12
 714 02ad 03       		.byte	3
 715 02ae 0E       		.byte	14
 716 02af 04       		.byte	4
 717 02b0 11       		.byte	17
 718 02b1 03       		.byte	3
 719 02b2 14       		.byte	20
 720 02b3 20       		.byte	32
 721 02b4 16       		.byte	22
 722 02b5 10       		.byte	16
 723 02b6 18       		.byte	24
 724 02b7 03       		.byte	3
 725 02b8 1A       		.byte	26
 726 02b9 04       		.byte	4
 727 02ba 1E       		.byte	30
 728 02bb 05       		.byte	5
 729 02bc 1F       		.byte	31
 730 02bd 01       		.byte	1
 731 02be 20       		.byte	32
 732 02bf 03       		.byte	3
 733 02c0 21       		.byte	33
 734 02c1 03       		.byte	3
 735 02c2 22       		.byte	34
 736 02c3 0C       		.byte	12
 737 02c4 24       		.byte	36
 738 02c5 0A       		.byte	10
 739 02c6 26       		.byte	38
 740 02c7 04       		.byte	4
 741 02c8 28       		.byte	40
ARM GAS  C:\Users\AADARS~1\AppData\Local\Temp\cczhxY5g.s 			page 14


 742 02c9 10       		.byte	16
 743 02ca 2A       		.byte	42
 744 02cb 20       		.byte	32
 745 02cc 31       		.byte	49
 746 02cd 03       		.byte	3
 747 02ce 32       		.byte	50
 748 02cf 30       		.byte	48
 749 02d0 36       		.byte	54
 750 02d1 0F       		.byte	15
 751 02d2 39       		.byte	57
 752 02d3 02       		.byte	2
 753 02d4 3A       		.byte	58
 754 02d5 80       		.byte	-128
 755 02d6 3F       		.byte	63
 756 02d7 01       		.byte	1
 757 02d8 40       		.byte	64
 758 02d9 01       		.byte	1
 759 02da 47       		.byte	71
 760 02db 04       		.byte	4
 761 02dc 49       		.byte	73
 762 02dd FF       		.byte	-1
 763 02de 4A       		.byte	74
 764 02df 07       		.byte	7
 765 02e0 4B       		.byte	75
 766 02e1 FF       		.byte	-1
 767 02e2 4C       		.byte	76
 768 02e3 40       		.byte	64
 769 02e4 4D       		.byte	77
 770 02e5 20       		.byte	32
 771 02e6 4E       		.byte	78
 772 02e7 F0       		.byte	-16
 773 02e8 4F       		.byte	79
 774 02e9 05       		.byte	5
 775 02ea 50       		.byte	80
 776 02eb 08       		.byte	8
 777 02ec 54       		.byte	84
 778 02ed 01       		.byte	1
 779 02ee 56       		.byte	86
 780 02ef 04       		.byte	4
 781 02f0 58       		.byte	88
 782 02f1 04       		.byte	4
 783 02f2 59       		.byte	89
 784 02f3 04       		.byte	4
 785 02f4 5A       		.byte	90
 786 02f5 04       		.byte	4
 787 02f6 5B       		.byte	91
 788 02f7 04       		.byte	4
 789 02f8 5C       		.byte	92
 790 02f9 06       		.byte	6
 791 02fa 5D       		.byte	93
 792 02fb 66       		.byte	102
 793 02fc 5F       		.byte	95
 794 02fd 01       		.byte	1
 795 02fe 60       		.byte	96
 796 02ff 40       		.byte	64
 797 0300 61       		.byte	97
 798 0301 A8       		.byte	-88
ARM GAS  C:\Users\AADARS~1\AppData\Local\Temp\cczhxY5g.s 			page 15


 799 0302 62       		.byte	98
 800 0303 40       		.byte	64
 801 0304 63       		.byte	99
 802 0305 20       		.byte	32
 803 0306 82       		.byte	-126
 804 0307 FE       		.byte	-2
 805 0308 83       		.byte	-125
 806 0309 01       		.byte	1
 807 030a 84       		.byte	-124
 808 030b 02       		.byte	2
 809 030c 86       		.byte	-122
 810 030d 44       		.byte	68
 811 030e 90       		.byte	-112
 812 030f 03       		.byte	3
 813 0310 92       		.byte	-110
 814 0311 04       		.byte	4
 815 0312 94       		.byte	-108
 816 0313 10       		.byte	16
 817 0314 96       		.byte	-106
 818 0315 86       		.byte	-122
 819 0316 97       		.byte	-105
 820 0317 07       		.byte	7
 821 0318 9B       		.byte	-101
 822 0319 05       		.byte	5
 823 031a 9C       		.byte	-100
 824 031b 20       		.byte	32
 825 031c 9E       		.byte	-98
 826 031d 86       		.byte	-122
 827 031e 9F       		.byte	-97
 828 031f 0F       		.byte	15
 829 0320 A4       		.byte	-92
 830 0321 01       		.byte	1
 831 0322 A6       		.byte	-90
 832 0323 FC       		.byte	-4
 833 0324 A7       		.byte	-89
 834 0325 1F       		.byte	31
 835 0326 A8       		.byte	-88
 836 0327 04       		.byte	4
 837 0328 AA       		.byte	-86
 838 0329 FA       		.byte	-6
 839 032a AB       		.byte	-85
 840 032b 06       		.byte	6
 841 032c AC       		.byte	-84
 842 032d 0C       		.byte	12
 843 032e AE       		.byte	-82
 844 032f 82       		.byte	-126
 845 0330 AF       		.byte	-81
 846 0331 07       		.byte	7
 847 0332 B0       		.byte	-80
 848 0333 07       		.byte	7
 849 0334 B1       		.byte	-79
 850 0335 05       		.byte	5
 851 0336 B3       		.byte	-77
 852 0337 08       		.byte	8
 853 0338 B4       		.byte	-76
 854 0339 78       		.byte	120
 855 033a B5       		.byte	-75
ARM GAS  C:\Users\AADARS~1\AppData\Local\Temp\cczhxY5g.s 			page 16


 856 033b 03       		.byte	3
 857 033c B6       		.byte	-74
 858 033d C0       		.byte	-64
 859 033e B7       		.byte	-73
 860 033f 10       		.byte	16
 861 0340 B8       		.byte	-72
 862 0341 08       		.byte	8
 863 0342 BA       		.byte	-70
 864 0343 A2       		.byte	-94
 865 0344 BB       		.byte	-69
 866 0345 AA       		.byte	-86
 867 0346 D8       		.byte	-40
 868 0347 04       		.byte	4
 869 0348 D9       		.byte	-39
 870 0349 04       		.byte	4
 871 034a DC       		.byte	-36
 872 034b 11       		.byte	17
 873 034c DF       		.byte	-33
 874 034d 01       		.byte	1
 875 034e 00       		.byte	0
 876 034f 06       		.byte	6
 877 0350 04       		.byte	4
 878 0351 2A       		.byte	42
 879 0352 07       		.byte	7
 880 0353 02       		.byte	2
 881 0354 0A       		.byte	10
 882 0355 61       		.byte	97
 883 0356 0C       		.byte	12
 884 0357 A0       		.byte	-96
 885 0358 0E       		.byte	14
 886 0359 10       		.byte	16
 887 035a 10       		.byte	16
 888 035b 10       		.byte	16
 889 035c 12       		.byte	18
 890 035d 0A       		.byte	10
 891 035e 14       		.byte	20
 892 035f 48       		.byte	72
 893 0360 15       		.byte	21
 894 0361 04       		.byte	4
 895 0362 18       		.byte	24
 896 0363 04       		.byte	4
 897 0364 19       		.byte	25
 898 0365 A4       		.byte	-92
 899 0366 1A       		.byte	26
 900 0367 41       		.byte	65
 901 0368 1D       		.byte	29
 902 0369 40       		.byte	64
 903 036a 1E       		.byte	30
 904 036b 10       		.byte	16
 905 036c 1F       		.byte	31
 906 036d 40       		.byte	64
 907 036e 20       		.byte	32
 908 036f 02       		.byte	2
 909 0370 21       		.byte	33
 910 0371 09       		.byte	9
 911 0372 22       		.byte	34
 912 0373 5A       		.byte	90
ARM GAS  C:\Users\AADARS~1\AppData\Local\Temp\cczhxY5g.s 			page 17


 913 0374 27       		.byte	39
 914 0375 40       		.byte	64
 915 0376 29       		.byte	41
 916 0377 A4       		.byte	-92
 917 0378 2C       		.byte	44
 918 0379 40       		.byte	64
 919 037a 2F       		.byte	47
 920 037b 40       		.byte	64
 921 037c 31       		.byte	49
 922 037d 08       		.byte	8
 923 037e 32       		.byte	50
 924 037f 50       		.byte	80
 925 0380 36       		.byte	54
 926 0381 80       		.byte	-128
 927 0382 37       		.byte	55
 928 0383 02       		.byte	2
 929 0384 39       		.byte	57
 930 0385 02       		.byte	2
 931 0386 3D       		.byte	61
 932 0387 04       		.byte	4
 933 0388 3F       		.byte	63
 934 0389 04       		.byte	4
 935 038a 47       		.byte	71
 936 038b 40       		.byte	64
 937 038c 4C       		.byte	76
 938 038d 80       		.byte	-128
 939 038e 4E       		.byte	78
 940 038f 80       		.byte	-128
 941 0390 57       		.byte	87
 942 0391 08       		.byte	8
 943 0392 5C       		.byte	92
 944 0393 80       		.byte	-128
 945 0394 5D       		.byte	93
 946 0395 01       		.byte	1
 947 0396 5F       		.byte	95
 948 0397 18       		.byte	24
 949 0398 64       		.byte	100
 950 0399 10       		.byte	16
 951 039a 65       		.byte	101
 952 039b 04       		.byte	4
 953 039c 67       		.byte	103
 954 039d 40       		.byte	64
 955 039e 87       		.byte	-121
 956 039f 40       		.byte	64
 957 03a0 90       		.byte	-112
 958 03a1 02       		.byte	2
 959 03a2 91       		.byte	-111
 960 03a3 01       		.byte	1
 961 03a4 93       		.byte	-109
 962 03a5 14       		.byte	20
 963 03a6 97       		.byte	-105
 964 03a7 80       		.byte	-128
 965 03a8 98       		.byte	-104
 966 03a9 80       		.byte	-128
 967 03aa 9B       		.byte	-101
 968 03ab 0A       		.byte	10
 969 03ac 9D       		.byte	-99
ARM GAS  C:\Users\AADARS~1\AppData\Local\Temp\cczhxY5g.s 			page 18


 970 03ad 40       		.byte	64
 971 03ae A0       		.byte	-96
 972 03af 20       		.byte	32
 973 03b0 A4       		.byte	-92
 974 03b1 80       		.byte	-128
 975 03b2 A7       		.byte	-89
 976 03b3 08       		.byte	8
 977 03b4 A9       		.byte	-87
 978 03b5 18       		.byte	24
 979 03b6 C0       		.byte	-64
 980 03b7 FC       		.byte	-4
 981 03b8 C2       		.byte	-62
 982 03b9 ED       		.byte	-19
 983 03ba C4       		.byte	-60
 984 03bb 77       		.byte	119
 985 03bc CA       		.byte	-54
 986 03bd 8E       		.byte	-114
 987 03be CC       		.byte	-52
 988 03bf 9E       		.byte	-98
 989 03c0 CE       		.byte	-50
 990 03c1 41       		.byte	65
 991 03c2 D0       		.byte	-48
 992 03c3 10       		.byte	16
 993 03c4 D6       		.byte	-42
 994 03c5 F0       		.byte	-16
 995 03c6 D8       		.byte	-40
 996 03c7 80       		.byte	-128
 997 03c8 E8       		.byte	-24
 998 03c9 01       		.byte	1
 999 03ca 01       		.byte	1
 1000 03cb 02       		.byte	2
 1001 03cc 03       		.byte	3
 1002 03cd 0C       		.byte	12
 1003 03ce 08       		.byte	8
 1004 03cf 10       		.byte	16
 1005 03d0 09       		.byte	9
 1006 03d1 18       		.byte	24
 1007 03d2 0B       		.byte	11
 1008 03d3 06       		.byte	6
 1009 03d4 0C       		.byte	12
 1010 03d5 2C       		.byte	44
 1011 03d6 0E       		.byte	14
 1012 03d7 11       		.byte	17
 1013 03d8 0F       		.byte	15
 1014 03d9 06       		.byte	6
 1015 03da 10       		.byte	16
 1016 03db 30       		.byte	48
 1017 03dc 12       		.byte	18
 1018 03dd 0C       		.byte	12
 1019 03de 13       		.byte	19
 1020 03df 18       		.byte	24
 1021 03e0 14       		.byte	20
 1022 03e1 14       		.byte	20
 1023 03e2 15       		.byte	21
 1024 03e3 01       		.byte	1
 1025 03e4 1A       		.byte	26
 1026 03e5 03       		.byte	3
ARM GAS  C:\Users\AADARS~1\AppData\Local\Temp\cczhxY5g.s 			page 19


 1027 03e6 1C       		.byte	28
 1028 03e7 09       		.byte	9
 1029 03e8 1D       		.byte	29
 1030 03e9 02       		.byte	2
 1031 03ea 1E       		.byte	30
 1032 03eb 10       		.byte	16
 1033 03ec 1F       		.byte	31
 1034 03ed 1C       		.byte	28
 1035 03ee 20       		.byte	32
 1036 03ef 40       		.byte	64
 1037 03f0 24       		.byte	36
 1038 03f1 1C       		.byte	28
 1039 03f2 26       		.byte	38
 1040 03f3 22       		.byte	34
 1041 03f4 2B       		.byte	43
 1042 03f5 10       		.byte	16
 1043 03f6 33       		.byte	51
 1044 03f7 01       		.byte	1
 1045 03f8 34       		.byte	52
 1046 03f9 1F       		.byte	31
 1047 03fa 35       		.byte	53
 1048 03fb 1E       		.byte	30
 1049 03fc 36       		.byte	54
 1050 03fd 60       		.byte	96
 1051 03fe 38       		.byte	56
 1052 03ff 80       		.byte	-128
 1053 0400 3B       		.byte	59
 1054 0401 20       		.byte	32
 1055 0402 3F       		.byte	63
 1056 0403 04       		.byte	4
 1057 0404 58       		.byte	88
 1058 0405 04       		.byte	4
 1059 0406 59       		.byte	89
 1060 0407 04       		.byte	4
 1061 0408 5C       		.byte	92
 1062 0409 66       		.byte	102
 1063 040a 5F       		.byte	95
 1064 040b 01       		.byte	1
 1065 040c 81       		.byte	-127
 1066 040d 08       		.byte	8
 1067 040e 85       		.byte	-123
 1068 040f 06       		.byte	6
 1069 0410 87       		.byte	-121
 1070 0411 01       		.byte	1
 1071 0412 88       		.byte	-120
 1072 0413 01       		.byte	1
 1073 0414 8A       		.byte	-118
 1074 0415 02       		.byte	2
 1075 0416 8C       		.byte	-116
 1076 0417 08       		.byte	8
 1077 0418 92       		.byte	-110
 1078 0419 01       		.byte	1
 1079 041a 93       		.byte	-109
 1080 041b 03       		.byte	3
 1081 041c 96       		.byte	-106
 1082 041d 08       		.byte	8
 1083 041e 97       		.byte	-105
ARM GAS  C:\Users\AADARS~1\AppData\Local\Temp\cczhxY5g.s 			page 20


 1084 041f 01       		.byte	1
 1085 0420 9A       		.byte	-102
 1086 0421 04       		.byte	4
 1087 0422 9E       		.byte	-98
 1088 0423 08       		.byte	8
 1089 0424 9F       		.byte	-97
 1090 0425 05       		.byte	5
 1091 0426 A0       		.byte	-96
 1092 0427 08       		.byte	8
 1093 0428 A3       		.byte	-93
 1094 0429 06       		.byte	6
 1095 042a AA       		.byte	-86
 1096 042b 08       		.byte	8
 1097 042c AB       		.byte	-85
 1098 042d 02       		.byte	2
 1099 042e B0       		.byte	-80
 1100 042f 02       		.byte	2
 1101 0430 B2       		.byte	-78
 1102 0431 04       		.byte	4
 1103 0432 B4       		.byte	-76
 1104 0433 01       		.byte	1
 1105 0434 B5       		.byte	-75
 1106 0435 08       		.byte	8
 1107 0436 B6       		.byte	-74
 1108 0437 08       		.byte	8
 1109 0438 B7       		.byte	-73
 1110 0439 07       		.byte	7
 1111 043a BB       		.byte	-69
 1112 043b 80       		.byte	-128
 1113 043c BE       		.byte	-66
 1114 043d 40       		.byte	64
 1115 043e BF       		.byte	-65
 1116 043f 10       		.byte	16
 1117 0440 C0       		.byte	-64
 1118 0441 16       		.byte	22
 1119 0442 C1       		.byte	-63
 1120 0443 04       		.byte	4
 1121 0444 C5       		.byte	-59
 1122 0445 0B       		.byte	11
 1123 0446 C6       		.byte	-58
 1124 0447 C0       		.byte	-64
 1125 0448 C7       		.byte	-57
 1126 0449 E0       		.byte	-32
 1127 044a C8       		.byte	-56
 1128 044b 29       		.byte	41
 1129 044c C9       		.byte	-55
 1130 044d FF       		.byte	-1
 1131 044e CA       		.byte	-54
 1132 044f FF       		.byte	-1
 1133 0450 CB       		.byte	-53
 1134 0451 FF       		.byte	-1
 1135 0452 CE       		.byte	-50
 1136 0453 F0       		.byte	-16
 1137 0454 CF       		.byte	-49
 1138 0455 44       		.byte	68
 1139 0456 D0       		.byte	-48
 1140 0457 0C       		.byte	12
ARM GAS  C:\Users\AADARS~1\AppData\Local\Temp\cczhxY5g.s 			page 21


 1141 0458 D8       		.byte	-40
 1142 0459 04       		.byte	4
 1143 045a D9       		.byte	-39
 1144 045b 04       		.byte	4
 1145 045c DA       		.byte	-38
 1146 045d 04       		.byte	4
 1147 045e DC       		.byte	-36
 1148 045f 67       		.byte	103
 1149 0460 DD       		.byte	-35
 1150 0461 06       		.byte	6
 1151 0462 DF       		.byte	-33
 1152 0463 01       		.byte	1
 1153 0464 E6       		.byte	-26
 1154 0465 C0       		.byte	-64
 1155 0466 EA       		.byte	-22
 1156 0467 40       		.byte	64
 1157 0468 EB       		.byte	-21
 1158 0469 02       		.byte	2
 1159 046a 03       		.byte	3
 1160 046b 09       		.byte	9
 1161 046c 04       		.byte	4
 1162 046d 10       		.byte	16
 1163 046e 05       		.byte	5
 1164 046f 40       		.byte	64
 1165 0470 06       		.byte	6
 1166 0471 02       		.byte	2
 1167 0472 0A       		.byte	10
 1168 0473 25       		.byte	37
 1169 0474 0B       		.byte	11
 1170 0475 80       		.byte	-128
 1171 0476 0C       		.byte	12
 1172 0477 80       		.byte	-128
 1173 0478 0D       		.byte	13
 1174 0479 42       		.byte	66
 1175 047a 0E       		.byte	14
 1176 047b 08       		.byte	8
 1177 047c 0F       		.byte	15
 1178 047d 30       		.byte	48
 1179 047e 10       		.byte	16
 1180 047f 80       		.byte	-128
 1181 0480 13       		.byte	19
 1182 0481 04       		.byte	4
 1183 0482 15       		.byte	21
 1184 0483 20       		.byte	32
 1185 0484 17       		.byte	23
 1186 0485 02       		.byte	2
 1187 0486 18       		.byte	24
 1188 0487 02       		.byte	2
 1189 0488 1A       		.byte	26
 1190 0489 0F       		.byte	15
 1191 048a 1C       		.byte	28
 1192 048b 10       		.byte	16
 1193 048c 1D       		.byte	29
 1194 048d 12       		.byte	18
 1195 048e 1E       		.byte	30
 1196 048f 02       		.byte	2
 1197 0490 21       		.byte	33
ARM GAS  C:\Users\AADARS~1\AppData\Local\Temp\cczhxY5g.s 			page 22


 1198 0491 18       		.byte	24
 1199 0492 23       		.byte	35
 1200 0493 04       		.byte	4
 1201 0494 26       		.byte	38
 1202 0495 80       		.byte	-128
 1203 0496 27       		.byte	39
 1204 0497 0B       		.byte	11
 1205 0498 2B       		.byte	43
 1206 0499 08       		.byte	8
 1207 049a 2E       		.byte	46
 1208 049b 01       		.byte	1
 1209 049c 2F       		.byte	47
 1210 049d 08       		.byte	8
 1211 049e 32       		.byte	50
 1212 049f 85       		.byte	-123
 1213 04a0 35       		.byte	53
 1214 04a1 40       		.byte	64
 1215 04a2 36       		.byte	54
 1216 04a3 08       		.byte	8
 1217 04a4 37       		.byte	55
 1218 04a5 02       		.byte	2
 1219 04a6 39       		.byte	57
 1220 04a7 A0       		.byte	-96
 1221 04a8 3A       		.byte	58
 1222 04a9 02       		.byte	2
 1223 04aa 3D       		.byte	61
 1224 04ab 01       		.byte	1
 1225 04ac 3F       		.byte	63
 1226 04ad 06       		.byte	6
 1227 04ae 46       		.byte	70
 1228 04af 02       		.byte	2
 1229 04b0 47       		.byte	71
 1230 04b1 02       		.byte	2
 1231 04b2 4E       		.byte	78
 1232 04b3 18       		.byte	24
 1233 04b4 54       		.byte	84
 1234 04b5 20       		.byte	32
 1235 04b6 57       		.byte	87
 1236 04b7 11       		.byte	17
 1237 04b8 78       		.byte	120
 1238 04b9 80       		.byte	-128
 1239 04ba 7A       		.byte	122
 1240 04bb 01       		.byte	1
 1241 04bc 88       		.byte	-120
 1242 04bd 80       		.byte	-128
 1243 04be 8A       		.byte	-118
 1244 04bf 08       		.byte	8
 1245 04c0 8E       		.byte	-114
 1246 04c1 04       		.byte	4
 1247 04c2 C0       		.byte	-64
 1248 04c3 C3       		.byte	-61
 1249 04c4 C2       		.byte	-62
 1250 04c5 FF       		.byte	-1
 1251 04c6 C4       		.byte	-60
 1252 04c7 5C       		.byte	92
 1253 04c8 CA       		.byte	-54
 1254 04c9 A4       		.byte	-92
ARM GAS  C:\Users\AADARS~1\AppData\Local\Temp\cczhxY5g.s 			page 23


 1255 04ca CC       		.byte	-52
 1256 04cb DB       		.byte	-37
 1257 04cc CE       		.byte	-50
 1258 04cd CD       		.byte	-51
 1259 04ce D0       		.byte	-48
 1260 04cf 90       		.byte	-112
 1261 04d0 D2       		.byte	-46
 1262 04d1 20       		.byte	32
 1263 04d2 E0       		.byte	-32
 1264 04d3 0A       		.byte	10
 1265 04d4 EC       		.byte	-20
 1266 04d5 18       		.byte	24
 1267 04d6 E0       		.byte	-32
 1268 04d7 04       		.byte	4
 1269 04d8 00       		.byte	0
 1270 04d9 01       		.byte	1
 1271 04da 01       		.byte	1
 1272 04db 24       		.byte	36
 1273 04dc 03       		.byte	3
 1274 04dd 80       		.byte	-128
 1275 04de 04       		.byte	4
 1276 04df 01       		.byte	1
 1277 04e0 05       		.byte	5
 1278 04e1 08       		.byte	8
 1279 04e2 08       		.byte	8
 1280 04e3 01       		.byte	1
 1281 04e4 0B       		.byte	11
 1282 04e5 04       		.byte	4
 1283 04e6 0C       		.byte	12
 1284 04e7 06       		.byte	6
 1285 04e8 0D       		.byte	13
 1286 04e9 7C       		.byte	124
 1287 04ea 0E       		.byte	14
 1288 04eb 18       		.byte	24
 1289 04ec 0F       		.byte	15
 1290 04ed 01       		.byte	1
 1291 04ee 11       		.byte	17
 1292 04ef 67       		.byte	103
 1293 04f0 13       		.byte	19
 1294 04f1 18       		.byte	24
 1295 04f2 14       		.byte	20
 1296 04f3 1A       		.byte	26
 1297 04f4 15       		.byte	21
 1298 04f5 1C       		.byte	28
 1299 04f6 16       		.byte	22
 1300 04f7 04       		.byte	4
 1301 04f8 17       		.byte	23
 1302 04f9 62       		.byte	98
 1303 04fa 18       		.byte	24
 1304 04fb 1A       		.byte	26
 1305 04fc 19       		.byte	25
 1306 04fd 18       		.byte	24
 1307 04fe 1A       		.byte	26
 1308 04ff 04       		.byte	4
 1309 0500 1C       		.byte	28
 1310 0501 10       		.byte	16
 1311 0502 1D       		.byte	29
ARM GAS  C:\Users\AADARS~1\AppData\Local\Temp\cczhxY5g.s 			page 24


 1312 0503 10       		.byte	16
 1313 0504 20       		.byte	32
 1314 0505 1E       		.byte	30
 1315 0506 23       		.byte	35
 1316 0507 63       		.byte	99
 1317 0508 24       		.byte	36
 1318 0509 08       		.byte	8
 1319 050a 25       		.byte	37
 1320 050b 60       		.byte	96
 1321 050c 28       		.byte	40
 1322 050d 18       		.byte	24
 1323 050e 29       		.byte	41
 1324 050f 40       		.byte	64
 1325 0510 2D       		.byte	45
 1326 0511 7F       		.byte	127
 1327 0512 2E       		.byte	46
 1328 0513 04       		.byte	4
 1329 0514 30       		.byte	48
 1330 0515 02       		.byte	2
 1331 0516 32       		.byte	50
 1332 0517 1C       		.byte	28
 1333 0518 33       		.byte	51
 1334 0519 1F       		.byte	31
 1335 051a 35       		.byte	53
 1336 051b 80       		.byte	-128
 1337 051c 36       		.byte	54
 1338 051d 01       		.byte	1
 1339 051e 37       		.byte	55
 1340 051f 78       		.byte	120
 1341 0520 3A       		.byte	58
 1342 0521 28       		.byte	40
 1343 0522 3B       		.byte	59
 1344 0523 88       		.byte	-120
 1345 0524 3E       		.byte	62
 1346 0525 01       		.byte	1
 1347 0526 56       		.byte	86
 1348 0527 02       		.byte	2
 1349 0528 57       		.byte	87
 1350 0529 10       		.byte	16
 1351 052a 58       		.byte	88
 1352 052b 04       		.byte	4
 1353 052c 59       		.byte	89
 1354 052d 04       		.byte	4
 1355 052e 5B       		.byte	91
 1356 052f 04       		.byte	4
 1357 0530 5C       		.byte	92
 1358 0531 66       		.byte	102
 1359 0532 5D       		.byte	93
 1360 0533 60       		.byte	96
 1361 0534 5F       		.byte	95
 1362 0535 01       		.byte	1
 1363 0536 84       		.byte	-124
 1364 0537 4A       		.byte	74
 1365 0538 86       		.byte	-122
 1366 0539 14       		.byte	20
 1367 053a 8C       		.byte	-116
 1368 053b 4E       		.byte	78
ARM GAS  C:\Users\AADARS~1\AppData\Local\Temp\cczhxY5g.s 			page 25


 1369 053c 8E       		.byte	-114
 1370 053d 90       		.byte	-112
 1371 053e 94       		.byte	-108
 1372 053f 03       		.byte	3
 1373 0540 96       		.byte	-106
 1374 0541 04       		.byte	4
 1375 0542 98       		.byte	-104
 1376 0543 21       		.byte	33
 1377 0544 9A       		.byte	-102
 1378 0545 9C       		.byte	-100
 1379 0546 9C       		.byte	-100
 1380 0547 04       		.byte	4
 1381 0548 9E       		.byte	-98
 1382 0549 4A       		.byte	74
 1383 054a B0       		.byte	-80
 1384 054b 60       		.byte	96
 1385 054c B2       		.byte	-78
 1386 054d 07       		.byte	7
 1387 054e B4       		.byte	-76
 1388 054f 80       		.byte	-128
 1389 0550 B6       		.byte	-74
 1390 0551 18       		.byte	24
 1391 0552 B9       		.byte	-71
 1392 0553 20       		.byte	32
 1393 0554 BA       		.byte	-70
 1394 0555 AB       		.byte	-85
 1395 0556 D8       		.byte	-40
 1396 0557 04       		.byte	4
 1397 0558 D9       		.byte	-39
 1398 0559 04       		.byte	4
 1399 055a DC       		.byte	-36
 1400 055b 55       		.byte	85
 1401 055c DF       		.byte	-33
 1402 055d 01       		.byte	1
 1403 055e 00       		.byte	0
 1404 055f 44       		.byte	68
 1405 0560 04       		.byte	4
 1406 0561 2A       		.byte	42
 1407 0562 07       		.byte	7
 1408 0563 02       		.byte	2
 1409 0564 09       		.byte	9
 1410 0565 20       		.byte	32
 1411 0566 0A       		.byte	10
 1412 0567 21       		.byte	33
 1413 0568 0C       		.byte	12
 1414 0569 90       		.byte	-112
 1415 056a 0D       		.byte	13
 1416 056b 08       		.byte	8
 1417 056c 0E       		.byte	14
 1418 056d 08       		.byte	8
 1419 056e 14       		.byte	20
 1420 056f 02       		.byte	2
 1421 0570 16       		.byte	22
 1422 0571 80       		.byte	-128
 1423 0572 17       		.byte	23
 1424 0573 28       		.byte	40
 1425 0574 18       		.byte	24
ARM GAS  C:\Users\AADARS~1\AppData\Local\Temp\cczhxY5g.s 			page 26


 1426 0575 44       		.byte	68
 1427 0576 1A       		.byte	26
 1428 0577 21       		.byte	33
 1429 0578 1D       		.byte	29
 1430 0579 88       		.byte	-120
 1431 057a 1E       		.byte	30
 1432 057b 44       		.byte	68
 1433 057c 1F       		.byte	31
 1434 057d 40       		.byte	64
 1435 057e 21       		.byte	33
 1436 057f 20       		.byte	32
 1437 0580 25       		.byte	37
 1438 0581 10       		.byte	16
 1439 0582 26       		.byte	38
 1440 0583 04       		.byte	4
 1441 0584 27       		.byte	39
 1442 0585 03       		.byte	3
 1443 0586 2E       		.byte	46
 1444 0587 90       		.byte	-112
 1445 0588 2F       		.byte	47
 1446 0589 50       		.byte	80
 1447 058a 35       		.byte	53
 1448 058b 40       		.byte	64
 1449 058c 36       		.byte	54
 1450 058d 04       		.byte	4
 1451 058e 37       		.byte	55
 1452 058f 21       		.byte	33
 1453 0590 3D       		.byte	61
 1454 0591 A0       		.byte	-96
 1455 0592 3E       		.byte	62
 1456 0593 08       		.byte	8
 1457 0594 3F       		.byte	63
 1458 0595 02       		.byte	2
 1459 0596 5E       		.byte	94
 1460 0597 40       		.byte	64
 1461 0598 6C       		.byte	108
 1462 0599 15       		.byte	21
 1463 059a 74       		.byte	116
 1464 059b 80       		.byte	-128
 1465 059c 75       		.byte	117
 1466 059d 40       		.byte	64
 1467 059e 76       		.byte	118
 1468 059f 08       		.byte	8
 1469 05a0 77       		.byte	119
 1470 05a1 28       		.byte	40
 1471 05a2 82       		.byte	-126
 1472 05a3 01       		.byte	1
 1473 05a4 88       		.byte	-120
 1474 05a5 01       		.byte	1
 1475 05a6 89       		.byte	-119
 1476 05a7 48       		.byte	72
 1477 05a8 92       		.byte	-110
 1478 05a9 10       		.byte	16
 1479 05aa 93       		.byte	-109
 1480 05ab 20       		.byte	32
 1481 05ac 94       		.byte	-108
 1482 05ad 28       		.byte	40
ARM GAS  C:\Users\AADARS~1\AppData\Local\Temp\cczhxY5g.s 			page 27


 1483 05ae 96       		.byte	-106
 1484 05af 20       		.byte	32
 1485 05b0 98       		.byte	-104
 1486 05b1 02       		.byte	2
 1487 05b2 9C       		.byte	-100
 1488 05b3 11       		.byte	17
 1489 05b4 9D       		.byte	-99
 1490 05b5 02       		.byte	2
 1491 05b6 9E       		.byte	-98
 1492 05b7 59       		.byte	89
 1493 05b8 9F       		.byte	-97
 1494 05b9 21       		.byte	33
 1495 05ba A3       		.byte	-93
 1496 05bb 01       		.byte	1
 1497 05bc A4       		.byte	-92
 1498 05bd 88       		.byte	-120
 1499 05be A5       		.byte	-91
 1500 05bf 80       		.byte	-128
 1501 05c0 AD       		.byte	-83
 1502 05c1 10       		.byte	16
 1503 05c2 C0       		.byte	-64
 1504 05c3 F5       		.byte	-11
 1505 05c4 C2       		.byte	-62
 1506 05c5 E7       		.byte	-25
 1507 05c6 C4       		.byte	-60
 1508 05c7 F0       		.byte	-16
 1509 05c8 CA       		.byte	-54
 1510 05c9 F0       		.byte	-16
 1511 05ca CC       		.byte	-52
 1512 05cb F0       		.byte	-16
 1513 05cc CE       		.byte	-50
 1514 05cd F0       		.byte	-16
 1515 05ce D6       		.byte	-42
 1516 05cf 10       		.byte	16
 1517 05d0 E8       		.byte	-24
 1518 05d1 02       		.byte	2
 1519 05d2 86       		.byte	-122
 1520 05d3 50       		.byte	80
 1521 05d4 9E       		.byte	-98
 1522 05d5 50       		.byte	80
 1523 05d6 AD       		.byte	-83
 1524 05d7 02       		.byte	2
 1525 05d8 B0       		.byte	-80
 1526 05d9 08       		.byte	8
 1527 05da B2       		.byte	-78
 1528 05db 84       		.byte	-124
 1529 05dc EC       		.byte	-20
 1530 05dd 10       		.byte	16
 1531 05de 30       		.byte	48
 1532 05df 02       		.byte	2
 1533 05e0 33       		.byte	51
 1534 05e1 20       		.byte	32
 1535 05e2 34       		.byte	52
 1536 05e3 02       		.byte	2
 1537 05e4 37       		.byte	55
 1538 05e5 80       		.byte	-128
 1539 05e6 3C       		.byte	60
ARM GAS  C:\Users\AADARS~1\AppData\Local\Temp\cczhxY5g.s 			page 28


 1540 05e7 80       		.byte	-128
 1541 05e8 CC       		.byte	-52
 1542 05e9 F0       		.byte	-16
 1543 05ea CE       		.byte	-50
 1544 05eb 20       		.byte	32
 1545 05ec 13       		.byte	19
 1546 05ed 80       		.byte	-128
 1547 05ee 84       		.byte	-124
 1548 05ef 02       		.byte	2
 1549 05f0 9C       		.byte	-100
 1550 05f1 02       		.byte	2
 1551 05f2 9F       		.byte	-97
 1552 05f3 80       		.byte	-128
 1553 05f4 A4       		.byte	-92
 1554 05f5 42       		.byte	66
 1555 05f6 AB       		.byte	-85
 1556 05f7 20       		.byte	32
 1557 05f8 C4       		.byte	-60
 1558 05f9 40       		.byte	64
 1559 05fa E6       		.byte	-26
 1560 05fb 40       		.byte	64
 1561 05fc EE       		.byte	-18
 1562 05fd 20       		.byte	32
 1563 05fe 80       		.byte	-128
 1564 05ff 04       		.byte	4
 1565 0600 84       		.byte	-124
 1566 0601 02       		.byte	2
 1567 0602 A4       		.byte	-92
 1568 0603 02       		.byte	2
 1569 0604 AC       		.byte	-84
 1570 0605 40       		.byte	64
 1571 0606 E2       		.byte	-30
 1572 0607 10       		.byte	16
 1573 0608 E4       		.byte	-28
 1574 0609 80       		.byte	-128
 1575 060a EA       		.byte	-22
 1576 060b 40       		.byte	64
 1577 060c 94       		.byte	-108
 1578 060d 08       		.byte	8
 1579 060e 7C       		.byte	124
 1580 060f 01       		.byte	1
 1581 0610 8E       		.byte	-114
 1582 0611 10       		.byte	16
 1583 0612 DE       		.byte	-34
 1584 0613 01       		.byte	1
 1585 0614 E2       		.byte	-30
 1586 0615 02       		.byte	2
 1587 0616 00       		.byte	0
 1588 0617 02       		.byte	2
 1589 0618 0A       		.byte	10
 1590 0619 20       		.byte	32
 1591 061a 52       		.byte	82
 1592 061b 04       		.byte	4
 1593 061c 94       		.byte	-108
 1594 061d 01       		.byte	1
 1595 061e 96       		.byte	-106
 1596 061f 20       		.byte	32
ARM GAS  C:\Users\AADARS~1\AppData\Local\Temp\cczhxY5g.s 			page 29


 1597 0620 9A       		.byte	-102
 1598 0621 04       		.byte	4
 1599 0622 AA       		.byte	-86
 1600 0623 04       		.byte	4
 1601 0624 C0       		.byte	-64
 1602 0625 08       		.byte	8
 1603 0626 C2       		.byte	-62
 1604 0627 08       		.byte	8
 1605 0628 D4       		.byte	-44
 1606 0629 04       		.byte	4
 1607 062a 45       		.byte	69
 1608 062b 08       		.byte	8
 1609 062c 94       		.byte	-108
 1610 062d 01       		.byte	1
 1611 062e B0       		.byte	-80
 1612 062f 01       		.byte	1
 1613 0630 D0       		.byte	-48
 1614 0631 01       		.byte	1
 1615 0632 EA       		.byte	-22
 1616 0633 01       		.byte	1
 1617 0634 30       		.byte	48
 1618 0635 20       		.byte	32
 1619 0636 A5       		.byte	-91
 1620 0637 08       		.byte	8
 1621 0638 B4       		.byte	-76
 1622 0639 01       		.byte	1
 1623 063a CC       		.byte	-52
 1624 063b 08       		.byte	8
 1625 063c EC       		.byte	-20
 1626 063d 08       		.byte	8
 1627 063e 22       		.byte	34
 1628 063f 04       		.byte	4
 1629 0640 25       		.byte	37
 1630 0641 14       		.byte	20
 1631 0642 81       		.byte	-127
 1632 0643 04       		.byte	4
 1633 0644 94       		.byte	-108
 1634 0645 08       		.byte	8
 1635 0646 C8       		.byte	-56
 1636 0647 E0       		.byte	-32
 1637 0648 E0       		.byte	-32
 1638 0649 20       		.byte	32
 1639 064a 18       		.byte	24
 1640 064b 08       		.byte	8
 1641 064c 1D       		.byte	29
 1642 064d 20       		.byte	32
 1643 064e 23       		.byte	35
 1644 064f 04       		.byte	4
 1645 0650 85       		.byte	-123
 1646 0651 20       		.byte	32
 1647 0652 87       		.byte	-121
 1648 0653 04       		.byte	4
 1649 0654 94       		.byte	-108
 1650 0655 08       		.byte	8
 1651 0656 AE       		.byte	-82
 1652 0657 04       		.byte	4
 1653 0658 B5       		.byte	-75
ARM GAS  C:\Users\AADARS~1\AppData\Local\Temp\cczhxY5g.s 			page 30


 1654 0659 10       		.byte	16
 1655 065a C6       		.byte	-58
 1656 065b C0       		.byte	-64
 1657 065c C8       		.byte	-56
 1658 065d 10       		.byte	16
 1659 065e E0       		.byte	-32
 1660 065f 50       		.byte	80
 1661 0660 EC       		.byte	-20
 1662 0661 10       		.byte	16
 1663 0662 A5       		.byte	-91
 1664 0663 08       		.byte	8
 1665 0664 AC       		.byte	-84
 1666 0665 20       		.byte	32
 1667 0666 B5       		.byte	-75
 1668 0667 08       		.byte	8
 1669 0668 EC       		.byte	-20
 1670 0669 08       		.byte	8
 1671 066a 00       		.byte	0
 1672 066b DE       		.byte	-34
 1673 066c 0C       		.byte	12
 1674 066d 5C       		.byte	92
 1675 066e 0E       		.byte	14
 1676 066f C2       		.byte	-62
 1677 0670 10       		.byte	16
 1678 0671 60       		.byte	96
 1679 0672 1C       		.byte	28
 1680 0673 60       		.byte	96
 1681 0674 00       		.byte	0
 1682 0675 FF       		.byte	-1
 1683 0676 10       		.byte	16
 1684 0677 02       		.byte	2
 1685 0678 00       		.byte	0
 1686 0679 00       		.byte	0
 1687 067a 00       		.byte	0
 1688 067b 00       		.byte	0
 1689 067c 00       		.byte	0
 1690 067d 00       		.byte	0
 1691 067e 30       		.byte	48
 1692 067f 00       		.byte	0
 1693 0680 00       		.byte	0
 1694 0681 0B       		.byte	11
 1695 0682 0B       		.byte	11
 1696 0683 00       		.byte	0
 1697 0684 00       		.byte	0
 1698 0685 00       		.byte	0
 1699 0686 00       		.byte	0
 1700 0687 00       		.byte	0
 1701 0688 12       		.byte	18
 1702 0689 00       		.byte	0
 1703 068a 01       		.byte	1
 1704 068b F2       		.byte	-14
 1705 068c E2       		.byte	-30
 1706 068d 00       		.byte	0
 1707 068e 02       		.byte	2
 1708 068f 00       		.byte	0
 1709 0690 00       		.byte	0
 1710 0691 00       		.byte	0
ARM GAS  C:\Users\AADARS~1\AppData\Local\Temp\cczhxY5g.s 			page 31


 1711 0692 00       		.byte	0
 1712 0693 00       		.byte	0
 1713 0694 BB       		.byte	-69
 1714 0695 00       		.byte	0
 1715 0696 18       		.byte	24
 1716 0697 01       		.byte	1
 1717 0698 00       		.byte	0
 1718 0699 0A       		.byte	10
 1719 069a 00       		.byte	0
 1720 069b 00       		.byte	0
 1721              		.section	.cywolatch,"a",%progbits
 1722              		.align	2
 1723              		.type	cy_meta_wonvl, %object
 1724              		.size	cy_meta_wonvl, 4
 1725              	cy_meta_wonvl:
 1726 0000 BC       		.byte	-68
 1727 0001 90       		.byte	-112
 1728 0002 AC       		.byte	-84
 1729 0003 AF       		.byte	-81
 1730              		.section	.cycustnvl,"a",%progbits
 1731              		.align	2
 1732              		.type	cy_meta_custnvl, %object
 1733              		.size	cy_meta_custnvl, 4
 1734              	cy_meta_custnvl:
 1735 0000 00       		.byte	0
 1736 0001 00       		.byte	0
 1737 0002 40       		.byte	64
 1738 0003 05       		.byte	5
 1739              		.section	.cymeta,"a",%progbits
 1740              		.align	2
 1741              		.type	cy_metadata, %object
 1742              		.size	cy_metadata, 12
 1743              	cy_metadata:
 1744 0000 00       		.byte	0
 1745 0001 01       		.byte	1
 1746 0002 2E       		.byte	46
 1747 0003 16       		.byte	22
 1748 0004 00       		.byte	0
 1749 0005 69       		.byte	105
 1750 0006 00       		.byte	0
 1751 0007 01       		.byte	1
 1752 0008 00       		.byte	0
 1753 0009 00       		.byte	0
 1754 000a 00       		.byte	0
 1755 000b 00       		.byte	0
 1756              		.section	.cyflashprotect,"a",%progbits
 1757              		.align	2
 1758              		.type	cy_meta_flashprotect, %object
 1759              		.size	cy_meta_flashprotect, 256
 1760              	cy_meta_flashprotect:
 1761 0000 00000000 		.space	256
 1761      00000000 
 1761      00000000 
 1761      00000000 
 1761      00000000 
 1762              		.text
 1763              	.Letext0:
ARM GAS  C:\Users\AADARS~1\AppData\Local\Temp\cczhxY5g.s 			page 32


 1764              		.file 1 "c:\\program files (x86)\\cypress\\psoc creator\\4.3\\psoc creator\\import\\gnu\\arm\\5.4.
 1765              		.file 2 "c:\\program files (x86)\\cypress\\psoc creator\\4.3\\psoc creator\\import\\gnu\\arm\\5.4.
 1766              		.file 3 "Generated_Source\\PSoC5\\cymetadata.c"
 1767              		.section	.debug_info,"",%progbits
 1768              	.Ldebug_info0:
 1769 0000 35010000 		.4byte	0x135
 1770 0004 0400     		.2byte	0x4
 1771 0006 00000000 		.4byte	.Ldebug_abbrev0
 1772 000a 04       		.byte	0x4
 1773 000b 01       		.uleb128 0x1
 1774 000c DD000000 		.4byte	.LASF17
 1775 0010 0C       		.byte	0xc
 1776 0011 37020000 		.4byte	.LASF18
 1777 0015 0A000000 		.4byte	.LASF19
 1778 0019 00000000 		.4byte	.Ldebug_line0
 1779 001d 02       		.uleb128 0x2
 1780 001e 01       		.byte	0x1
 1781 001f 06       		.byte	0x6
 1782 0020 2B020000 		.4byte	.LASF0
 1783 0024 03       		.uleb128 0x3
 1784 0025 00000000 		.4byte	.LASF9
 1785 0029 01       		.byte	0x1
 1786 002a 1D       		.byte	0x1d
 1787 002b 2F000000 		.4byte	0x2f
 1788 002f 02       		.uleb128 0x2
 1789 0030 01       		.byte	0x1
 1790 0031 08       		.byte	0x8
 1791 0032 CF000000 		.4byte	.LASF1
 1792 0036 02       		.uleb128 0x2
 1793 0037 02       		.byte	0x2
 1794 0038 05       		.byte	0x5
 1795 0039 18020000 		.4byte	.LASF2
 1796 003d 02       		.uleb128 0x2
 1797 003e 02       		.byte	0x2
 1798 003f 07       		.byte	0x7
 1799 0040 7D010000 		.4byte	.LASF3
 1800 0044 02       		.uleb128 0x2
 1801 0045 04       		.byte	0x4
 1802 0046 05       		.byte	0x5
 1803 0047 22020000 		.4byte	.LASF4
 1804 004b 02       		.uleb128 0x2
 1805 004c 04       		.byte	0x4
 1806 004d 07       		.byte	0x7
 1807 004e 6B010000 		.4byte	.LASF5
 1808 0052 02       		.uleb128 0x2
 1809 0053 08       		.byte	0x8
 1810 0054 05       		.byte	0x5
 1811 0055 0A020000 		.4byte	.LASF6
 1812 0059 02       		.uleb128 0x2
 1813 005a 08       		.byte	0x8
 1814 005b 07       		.byte	0x7
 1815 005c BF010000 		.4byte	.LASF7
 1816 0060 04       		.uleb128 0x4
 1817 0061 04       		.byte	0x4
 1818 0062 05       		.byte	0x5
 1819 0063 696E7400 		.ascii	"int\000"
 1820 0067 02       		.uleb128 0x2
ARM GAS  C:\Users\AADARS~1\AppData\Local\Temp\cczhxY5g.s 			page 33


 1821 0068 04       		.byte	0x4
 1822 0069 07       		.byte	0x7
 1823 006a B2010000 		.4byte	.LASF8
 1824 006e 03       		.uleb128 0x3
 1825 006f D6010000 		.4byte	.LASF10
 1826 0073 02       		.byte	0x2
 1827 0074 18       		.byte	0x18
 1828 0075 24000000 		.4byte	0x24
 1829 0079 05       		.uleb128 0x5
 1830 007a 91000000 		.4byte	0x91
 1831 007e 8A000000 		.4byte	0x8a
 1832 0082 06       		.uleb128 0x6
 1833 0083 8A000000 		.4byte	0x8a
 1834 0087 9B06     		.2byte	0x69b
 1835 0089 00       		.byte	0
 1836 008a 02       		.uleb128 0x2
 1837 008b 04       		.byte	0x4
 1838 008c 07       		.byte	0x7
 1839 008d 01020000 		.4byte	.LASF11
 1840 0091 07       		.uleb128 0x7
 1841 0092 6E000000 		.4byte	0x6e
 1842 0096 08       		.uleb128 0x8
 1843 0097 A0010000 		.4byte	.LASF12
 1844 009b 03       		.byte	0x3
 1845 009c 1F       		.byte	0x1f
 1846 009d A7000000 		.4byte	0xa7
 1847 00a1 05       		.uleb128 0x5
 1848 00a2 03       		.byte	0x3
 1849 00a3 00000000 		.4byte	cy_meta_configecc
 1850 00a7 07       		.uleb128 0x7
 1851 00a8 79000000 		.4byte	0x79
 1852 00ac 05       		.uleb128 0x5
 1853 00ad 91000000 		.4byte	0x91
 1854 00b1 BC000000 		.4byte	0xbc
 1855 00b5 09       		.uleb128 0x9
 1856 00b6 8A000000 		.4byte	0x8a
 1857 00ba 03       		.byte	0x3
 1858 00bb 00       		.byte	0
 1859 00bc 0A       		.uleb128 0xa
 1860 00bd 90010000 		.4byte	.LASF13
 1861 00c1 03       		.byte	0x3
 1862 00c2 0001     		.2byte	0x100
 1863 00c4 CE000000 		.4byte	0xce
 1864 00c8 05       		.uleb128 0x5
 1865 00c9 03       		.byte	0x3
 1866 00ca 00000000 		.4byte	cy_meta_custnvl
 1867 00ce 07       		.uleb128 0x7
 1868 00cf AC000000 		.4byte	0xac
 1869 00d3 0A       		.uleb128 0xa
 1870 00d4 F3010000 		.4byte	.LASF14
 1871 00d8 03       		.byte	0x3
 1872 00d9 0E01     		.2byte	0x10e
 1873 00db E5000000 		.4byte	0xe5
 1874 00df 05       		.uleb128 0x5
 1875 00e0 03       		.byte	0x3
 1876 00e1 00000000 		.4byte	cy_meta_wonvl
 1877 00e5 07       		.uleb128 0x7
ARM GAS  C:\Users\AADARS~1\AppData\Local\Temp\cczhxY5g.s 			page 34


 1878 00e6 AC000000 		.4byte	0xac
 1879 00ea 05       		.uleb128 0x5
 1880 00eb 91000000 		.4byte	0x91
 1881 00ef FA000000 		.4byte	0xfa
 1882 00f3 09       		.uleb128 0x9
 1883 00f4 8A000000 		.4byte	0x8a
 1884 00f8 FF       		.byte	0xff
 1885 00f9 00       		.byte	0
 1886 00fa 0A       		.uleb128 0xa
 1887 00fb DE010000 		.4byte	.LASF15
 1888 00ff 03       		.byte	0x3
 1889 0100 1C01     		.2byte	0x11c
 1890 0102 0C010000 		.4byte	0x10c
 1891 0106 05       		.uleb128 0x5
 1892 0107 03       		.byte	0x3
 1893 0108 00000000 		.4byte	cy_meta_flashprotect
 1894 010c 07       		.uleb128 0x7
 1895 010d EA000000 		.4byte	0xea
 1896 0111 05       		.uleb128 0x5
 1897 0112 91000000 		.4byte	0x91
 1898 0116 21010000 		.4byte	0x121
 1899 011a 09       		.uleb128 0x9
 1900 011b 8A000000 		.4byte	0x8a
 1901 011f 0B       		.byte	0xb
 1902 0120 00       		.byte	0
 1903 0121 0A       		.uleb128 0xa
 1904 0122 C3000000 		.4byte	.LASF16
 1905 0126 03       		.byte	0x3
 1906 0127 4901     		.2byte	0x149
 1907 0129 33010000 		.4byte	0x133
 1908 012d 05       		.uleb128 0x5
 1909 012e 03       		.byte	0x3
 1910 012f 00000000 		.4byte	cy_metadata
 1911 0133 07       		.uleb128 0x7
 1912 0134 11010000 		.4byte	0x111
 1913 0138 00       		.byte	0
 1914              		.section	.debug_abbrev,"",%progbits
 1915              	.Ldebug_abbrev0:
 1916 0000 01       		.uleb128 0x1
 1917 0001 11       		.uleb128 0x11
 1918 0002 01       		.byte	0x1
 1919 0003 25       		.uleb128 0x25
 1920 0004 0E       		.uleb128 0xe
 1921 0005 13       		.uleb128 0x13
 1922 0006 0B       		.uleb128 0xb
 1923 0007 03       		.uleb128 0x3
 1924 0008 0E       		.uleb128 0xe
 1925 0009 1B       		.uleb128 0x1b
 1926 000a 0E       		.uleb128 0xe
 1927 000b 10       		.uleb128 0x10
 1928 000c 17       		.uleb128 0x17
 1929 000d 00       		.byte	0
 1930 000e 00       		.byte	0
 1931 000f 02       		.uleb128 0x2
 1932 0010 24       		.uleb128 0x24
 1933 0011 00       		.byte	0
 1934 0012 0B       		.uleb128 0xb
ARM GAS  C:\Users\AADARS~1\AppData\Local\Temp\cczhxY5g.s 			page 35


 1935 0013 0B       		.uleb128 0xb
 1936 0014 3E       		.uleb128 0x3e
 1937 0015 0B       		.uleb128 0xb
 1938 0016 03       		.uleb128 0x3
 1939 0017 0E       		.uleb128 0xe
 1940 0018 00       		.byte	0
 1941 0019 00       		.byte	0
 1942 001a 03       		.uleb128 0x3
 1943 001b 16       		.uleb128 0x16
 1944 001c 00       		.byte	0
 1945 001d 03       		.uleb128 0x3
 1946 001e 0E       		.uleb128 0xe
 1947 001f 3A       		.uleb128 0x3a
 1948 0020 0B       		.uleb128 0xb
 1949 0021 3B       		.uleb128 0x3b
 1950 0022 0B       		.uleb128 0xb
 1951 0023 49       		.uleb128 0x49
 1952 0024 13       		.uleb128 0x13
 1953 0025 00       		.byte	0
 1954 0026 00       		.byte	0
 1955 0027 04       		.uleb128 0x4
 1956 0028 24       		.uleb128 0x24
 1957 0029 00       		.byte	0
 1958 002a 0B       		.uleb128 0xb
 1959 002b 0B       		.uleb128 0xb
 1960 002c 3E       		.uleb128 0x3e
 1961 002d 0B       		.uleb128 0xb
 1962 002e 03       		.uleb128 0x3
 1963 002f 08       		.uleb128 0x8
 1964 0030 00       		.byte	0
 1965 0031 00       		.byte	0
 1966 0032 05       		.uleb128 0x5
 1967 0033 01       		.uleb128 0x1
 1968 0034 01       		.byte	0x1
 1969 0035 49       		.uleb128 0x49
 1970 0036 13       		.uleb128 0x13
 1971 0037 01       		.uleb128 0x1
 1972 0038 13       		.uleb128 0x13
 1973 0039 00       		.byte	0
 1974 003a 00       		.byte	0
 1975 003b 06       		.uleb128 0x6
 1976 003c 21       		.uleb128 0x21
 1977 003d 00       		.byte	0
 1978 003e 49       		.uleb128 0x49
 1979 003f 13       		.uleb128 0x13
 1980 0040 2F       		.uleb128 0x2f
 1981 0041 05       		.uleb128 0x5
 1982 0042 00       		.byte	0
 1983 0043 00       		.byte	0
 1984 0044 07       		.uleb128 0x7
 1985 0045 26       		.uleb128 0x26
 1986 0046 00       		.byte	0
 1987 0047 49       		.uleb128 0x49
 1988 0048 13       		.uleb128 0x13
 1989 0049 00       		.byte	0
 1990 004a 00       		.byte	0
 1991 004b 08       		.uleb128 0x8
ARM GAS  C:\Users\AADARS~1\AppData\Local\Temp\cczhxY5g.s 			page 36


 1992 004c 34       		.uleb128 0x34
 1993 004d 00       		.byte	0
 1994 004e 03       		.uleb128 0x3
 1995 004f 0E       		.uleb128 0xe
 1996 0050 3A       		.uleb128 0x3a
 1997 0051 0B       		.uleb128 0xb
 1998 0052 3B       		.uleb128 0x3b
 1999 0053 0B       		.uleb128 0xb
 2000 0054 49       		.uleb128 0x49
 2001 0055 13       		.uleb128 0x13
 2002 0056 3F       		.uleb128 0x3f
 2003 0057 19       		.uleb128 0x19
 2004 0058 02       		.uleb128 0x2
 2005 0059 18       		.uleb128 0x18
 2006 005a 00       		.byte	0
 2007 005b 00       		.byte	0
 2008 005c 09       		.uleb128 0x9
 2009 005d 21       		.uleb128 0x21
 2010 005e 00       		.byte	0
 2011 005f 49       		.uleb128 0x49
 2012 0060 13       		.uleb128 0x13
 2013 0061 2F       		.uleb128 0x2f
 2014 0062 0B       		.uleb128 0xb
 2015 0063 00       		.byte	0
 2016 0064 00       		.byte	0
 2017 0065 0A       		.uleb128 0xa
 2018 0066 34       		.uleb128 0x34
 2019 0067 00       		.byte	0
 2020 0068 03       		.uleb128 0x3
 2021 0069 0E       		.uleb128 0xe
 2022 006a 3A       		.uleb128 0x3a
 2023 006b 0B       		.uleb128 0xb
 2024 006c 3B       		.uleb128 0x3b
 2025 006d 05       		.uleb128 0x5
 2026 006e 49       		.uleb128 0x49
 2027 006f 13       		.uleb128 0x13
 2028 0070 3F       		.uleb128 0x3f
 2029 0071 19       		.uleb128 0x19
 2030 0072 02       		.uleb128 0x2
 2031 0073 18       		.uleb128 0x18
 2032 0074 00       		.byte	0
 2033 0075 00       		.byte	0
 2034 0076 00       		.byte	0
 2035              		.section	.debug_aranges,"",%progbits
 2036 0000 14000000 		.4byte	0x14
 2037 0004 0200     		.2byte	0x2
 2038 0006 00000000 		.4byte	.Ldebug_info0
 2039 000a 04       		.byte	0x4
 2040 000b 00       		.byte	0
 2041 000c 0000     		.2byte	0
 2042 000e 0000     		.2byte	0
 2043 0010 00000000 		.4byte	0
 2044 0014 00000000 		.4byte	0
 2045              		.section	.debug_line,"",%progbits
 2046              	.Ldebug_line0:
 2047 0000 3D010000 		.section	.debug_str,"MS",%progbits,1
 2047      02003701 
ARM GAS  C:\Users\AADARS~1\AppData\Local\Temp\cczhxY5g.s 			page 37


 2047      00000201 
 2047      FB0E0D00 
 2047      01010101 
 2048              	.LASF9:
 2049 0000 5F5F7569 		.ascii	"__uint8_t\000"
 2049      6E74385F 
 2049      7400
 2050              	.LASF19:
 2051 000a 433A5C61 		.ascii	"C:\\aadarshxp\\_MastersEmbeddedSystem\\Semester-2\\"
 2051      61646172 
 2051      73687870 
 2051      5C5F4D61 
 2051      73746572 
 2052 0039 53797374 		.ascii	"SystemLevelHardwareDesign\\movement_detection_using"
 2052      656D4C65 
 2052      76656C48 
 2052      61726477 
 2052      61726544 
 2053 006b 5F726164 		.ascii	"_radar\\40_Implementation\\work\\30_SW_improve_auto"
 2053      61725C34 
 2053      305F496D 
 2053      706C656D 
 2053      656E7461 
 2054 009b 46726571 		.ascii	"FreqChange\\SDHD_MovementDetection.cydsn\000"
 2054      4368616E 
 2054      67655C53 
 2054      4448445F 
 2054      4D6F7665 
 2055              	.LASF16:
 2056 00c3 63795F6D 		.ascii	"cy_metadata\000"
 2056      65746164 
 2056      61746100 
 2057              	.LASF1:
 2058 00cf 756E7369 		.ascii	"unsigned char\000"
 2058      676E6564 
 2058      20636861 
 2058      7200
 2059              	.LASF17:
 2060 00dd 474E5520 		.ascii	"GNU C11 5.4.1 20160609 (release) [ARM/embedded-5-br"
 2060      43313120 
 2060      352E342E 
 2060      31203230 
 2060      31363036 
 2061 0110 616E6368 		.ascii	"anch revision 237715] -mcpu=cortex-m3 -mthumb -g -O"
 2061      20726576 
 2061      6973696F 
 2061      6E203233 
 2061      37373135 
 2062 0143 67202D66 		.ascii	"g -ffunction-sections -ffat-lto-objects\000"
 2062      66756E63 
 2062      74696F6E 
 2062      2D736563 
 2062      74696F6E 
 2063              	.LASF5:
 2064 016b 6C6F6E67 		.ascii	"long unsigned int\000"
 2064      20756E73 
 2064      69676E65 
ARM GAS  C:\Users\AADARS~1\AppData\Local\Temp\cczhxY5g.s 			page 38


 2064      6420696E 
 2064      7400
 2065              	.LASF3:
 2066 017d 73686F72 		.ascii	"short unsigned int\000"
 2066      7420756E 
 2066      7369676E 
 2066      65642069 
 2066      6E7400
 2067              	.LASF13:
 2068 0190 63795F6D 		.ascii	"cy_meta_custnvl\000"
 2068      6574615F 
 2068      63757374 
 2068      6E766C00 
 2069              	.LASF12:
 2070 01a0 63795F6D 		.ascii	"cy_meta_configecc\000"
 2070      6574615F 
 2070      636F6E66 
 2070      69676563 
 2070      6300
 2071              	.LASF8:
 2072 01b2 756E7369 		.ascii	"unsigned int\000"
 2072      676E6564 
 2072      20696E74 
 2072      00
 2073              	.LASF7:
 2074 01bf 6C6F6E67 		.ascii	"long long unsigned int\000"
 2074      206C6F6E 
 2074      6720756E 
 2074      7369676E 
 2074      65642069 
 2075              	.LASF10:
 2076 01d6 75696E74 		.ascii	"uint8_t\000"
 2076      385F7400 
 2077              	.LASF15:
 2078 01de 63795F6D 		.ascii	"cy_meta_flashprotect\000"
 2078      6574615F 
 2078      666C6173 
 2078      6870726F 
 2078      74656374 
 2079              	.LASF14:
 2080 01f3 63795F6D 		.ascii	"cy_meta_wonvl\000"
 2080      6574615F 
 2080      776F6E76 
 2080      6C00
 2081              	.LASF11:
 2082 0201 73697A65 		.ascii	"sizetype\000"
 2082      74797065 
 2082      00
 2083              	.LASF6:
 2084 020a 6C6F6E67 		.ascii	"long long int\000"
 2084      206C6F6E 
 2084      6720696E 
 2084      7400
 2085              	.LASF2:
 2086 0218 73686F72 		.ascii	"short int\000"
 2086      7420696E 
 2086      7400
ARM GAS  C:\Users\AADARS~1\AppData\Local\Temp\cczhxY5g.s 			page 39


 2087              	.LASF4:
 2088 0222 6C6F6E67 		.ascii	"long int\000"
 2088      20696E74 
 2088      00
 2089              	.LASF0:
 2090 022b 7369676E 		.ascii	"signed char\000"
 2090      65642063 
 2090      68617200 
 2091              	.LASF18:
 2092 0237 47656E65 		.ascii	"Generated_Source\\PSoC5\\cymetadata.c\000"
 2092      72617465 
 2092      645F536F 
 2092      75726365 
 2092      5C50536F 
 2093              		.ident	"GCC: (GNU Tools for ARM Embedded Processors) 5.4.1 20160609 (release) [ARM/embedded-5-bran
