ARM GAS  C:\Users\AADARS~1\AppData\Local\Temp\ccrhCOCn.s 			page 1


   1              		.syntax unified
   2              		.cpu cortex-m3
   3              		.fpu softvfp
   4              		.eabi_attribute 20, 1
   5              		.eabi_attribute 21, 1
   6              		.eabi_attribute 23, 3
   7              		.eabi_attribute 24, 1
   8              		.eabi_attribute 25, 1
   9              		.eabi_attribute 26, 1
  10              		.eabi_attribute 30, 1
  11              		.eabi_attribute 34, 1
  12              		.eabi_attribute 18, 4
  13              		.thumb
  14              		.syntax unified
  15              		.file	"dma.c"
  16              		.text
  17              	.Ltext0:
  18              		.cfi_sections	.debug_frame
  19              		.section	.text.DMA_Initialize,"ax",%progbits
  20              		.align	2
  21              		.global	DMA_Initialize
  22              		.thumb
  23              		.thumb_func
  24              		.type	DMA_Initialize, %function
  25              	DMA_Initialize:
  26              	.LFB63:
  27              		.file 1 "source\\bsw\\dma.c"
   1:source\bsw/dma.c **** /**
   2:source\bsw/dma.c **** * \file dma.h
   3:source\bsw/dma.c **** * \author Aadarsh Kumar Singh
   4:source\bsw/dma.c **** * \date 11.06.2020
   5:source\bsw/dma.c **** **
   6:source\bsw/dma.c **** **/
   7:source\bsw/dma.c **** #include "dma.h"
   8:source\bsw/dma.c **** 
   9:source\bsw/dma.c **** 
  10:source\bsw/dma.c **** /* Defines for DMA_ForAdc */
  11:source\bsw/dma.c **** 
  12:source\bsw/dma.c **** // Number of bytes transmitted by DMA per request
  13:source\bsw/dma.c **** #define DMA_ForAdc_BYTES_TX_PER_REQUEST 2
  14:source\bsw/dma.c **** 
  15:source\bsw/dma.c **** // DMA Request Type for ADC , 0- manual request , 1- automatic requests
  16:source\bsw/dma.c **** #define DMA_ForAdc_REQUEST_TYPE 1 
  17:source\bsw/dma.c **** 
  18:source\bsw/dma.c **** //source of the ADC samples , length of the sample is 2 
  19:source\bsw/dma.c **** #define ADC_DELSIG_SAMPLE_SOURCE ADC_DelSig_DEC_SAMP_PTR
  20:source\bsw/dma.c **** 
  21:source\bsw/dma.c **** 
  22:source\bsw/dma.c **** /* Variable declarations for DMA_ForAdc */
  23:source\bsw/dma.c **** /* Move these variable declarations to the top of the function */
  24:source\bsw/dma.c **** uint8 DMA_ForAdc_Chan;
  25:source\bsw/dma.c **** uint8 DMA_ForAdc_TD[1];
  26:source\bsw/dma.c **** 
  27:source\bsw/dma.c **** 
  28:source\bsw/dma.c **** /**
  29:source\bsw/dma.c ****  * Initializes DMA to read samples ADC values and store it in buffer
  30:source\bsw/dma.c ****  * @param : uint16* buffer - pointer to the buffer containing ADC samples 
ARM GAS  C:\Users\AADARS~1\AppData\Local\Temp\ccrhCOCn.s 			page 2


  31:source\bsw/dma.c ****  * @param : uint16 length  - length of the buffer containing ADC samples
  32:source\bsw/dma.c ****  * @return void
  33:source\bsw/dma.c ****  */    
  34:source\bsw/dma.c **** void DMA_Initialize(uint16 * buffer , uint16 length)
  35:source\bsw/dma.c **** {
  28              		.loc 1 35 0
  29              		.cfi_startproc
  30              		@ args = 0, pretend = 0, frame = 0
  31              		@ frame_needed = 0, uses_anonymous_args = 0
  32              	.LVL0:
  33 0000 F8B5     		push	{r3, r4, r5, r6, r7, lr}
  34              		.cfi_def_cfa_offset 24
  35              		.cfi_offset 3, -24
  36              		.cfi_offset 4, -20
  37              		.cfi_offset 5, -16
  38              		.cfi_offset 6, -12
  39              		.cfi_offset 7, -8
  40              		.cfi_offset 14, -4
  41 0002 0646     		mov	r6, r0
  42 0004 0F46     		mov	r7, r1
  36:source\bsw/dma.c ****     /* DMA Initialization, DMA Configuration for DMA_ForAdc */
  37:source\bsw/dma.c ****     /* Allocates and initializes a DMA channel to be used by the caller. */
  38:source\bsw/dma.c ****     DMA_ForAdc_Chan = DMA_ForAdc_DmaInitialize(
  43              		.loc 1 38 0
  44 0006 030C     		lsrs	r3, r0, #16
  45 0008 4FF48042 		mov	r2, #16384
  46 000c 0121     		movs	r1, #1
  47              	.LVL1:
  48 000e 0220     		movs	r0, #2
  49              	.LVL2:
  50 0010 FFF7FEFF 		bl	DMA_ForAdc_DmaInitialize
  51              	.LVL3:
  52 0014 0A4D     		ldr	r5, .L3
  53 0016 2870     		strb	r0, [r5]
  39:source\bsw/dma.c ****         DMA_ForAdc_BYTES_TX_PER_REQUEST,  // Number of bytes to be transmitted per request
  40:source\bsw/dma.c ****         DMA_ForAdc_REQUEST_TYPE,          // 0- manual request , 1- automatic requests
  41:source\bsw/dma.c ****         HI16(ADC_DELSIG_SAMPLE_SOURCE),   // ADC samples aource address
  42:source\bsw/dma.c ****         HI16(buffer));         // Sampled ADC data in destination address (Higher address)
  43:source\bsw/dma.c ****     
  44:source\bsw/dma.c ****     /* allocate transport descriptor */
  45:source\bsw/dma.c ****     DMA_ForAdc_TD[0] = CyDmaTdAllocate();
  54              		.loc 1 45 0
  55 0018 FFF7FEFF 		bl	CyDmaTdAllocate
  56              	.LVL4:
  57 001c 094C     		ldr	r4, .L3+4
  58 001e 2070     		strb	r0, [r4]
  46:source\bsw/dma.c ****     
  47:source\bsw/dma.c ****     /* Configure Transport descriptor */
  48:source\bsw/dma.c ****     CyDmaTdSetConfiguration(
  59              		.loc 1 48 0
  60 0020 0623     		movs	r3, #6
  61 0022 FE22     		movs	r2, #254
  62 0024 3946     		mov	r1, r7
  63 0026 FFF7FEFF 		bl	CyDmaTdSetConfiguration
  64              	.LVL5:
  49:source\bsw/dma.c ****         DMA_ForAdc_TD[0],           //transport descriptor handle
  50:source\bsw/dma.c ****         length,       //total number of bytes to be transferred
ARM GAS  C:\Users\AADARS~1\AppData\Local\Temp\ccrhCOCn.s 			page 3


  51:source\bsw/dma.c ****         CY_DMA_DISABLE_TD,          //terminate channel after TD has finished
  52:source\bsw/dma.c ****         DMA_ForAdc__TD_TERMOUT_EN | CY_DMA_TD_INC_DST_ADR);
  53:source\bsw/dma.c ****     
  54:source\bsw/dma.c ****     /*Setting Low address in Transport descriptor */
  55:source\bsw/dma.c ****     CyDmaTdSetAddress(
  65              		.loc 1 55 0
  66 002a B2B2     		uxth	r2, r6
  67 002c 44F61061 		movw	r1, #19984
  68 0030 2078     		ldrb	r0, [r4]	@ zero_extendqisi2
  69 0032 FFF7FEFF 		bl	CyDmaTdSetAddress
  70              	.LVL6:
  56:source\bsw/dma.c ****         DMA_ForAdc_TD[0],                       //transport descriptor handle
  57:source\bsw/dma.c ****         LO16((uint32)ADC_DELSIG_SAMPLE_SOURCE), // ADC samples source address (low address)
  58:source\bsw/dma.c ****         LO16((uint32)buffer));       // Sampled ADC data in destination address (low address)
  59:source\bsw/dma.c ****     
  60:source\bsw/dma.c ****     
  61:source\bsw/dma.c ****     /* Set the TD to use */
  62:source\bsw/dma.c ****     CyDmaChSetInitialTd(
  71              		.loc 1 62 0
  72 0036 2178     		ldrb	r1, [r4]	@ zero_extendqisi2
  73 0038 2878     		ldrb	r0, [r5]	@ zero_extendqisi2
  74 003a FFF7FEFF 		bl	CyDmaChSetInitialTd
  75              	.LVL7:
  76 003e F8BD     		pop	{r3, r4, r5, r6, r7, pc}
  77              	.LVL8:
  78              	.L4:
  79              		.align	2
  80              	.L3:
  81 0040 00000000 		.word	DMA_ForAdc_Chan
  82 0044 00000000 		.word	DMA_ForAdc_TD
  83              		.cfi_endproc
  84              	.LFE63:
  85              		.size	DMA_Initialize, .-DMA_Initialize
  86              		.section	.text.DMA_Enable,"ax",%progbits
  87              		.align	2
  88              		.global	DMA_Enable
  89              		.thumb
  90              		.thumb_func
  91              		.type	DMA_Enable, %function
  92              	DMA_Enable:
  93              	.LFB64:
  63:source\bsw/dma.c ****         DMA_ForAdc_Chan,    //DMA module handle
  64:source\bsw/dma.c ****         DMA_ForAdc_TD[0]    //Transport Descriptor to use
  65:source\bsw/dma.c ****     );    
  66:source\bsw/dma.c **** }
  67:source\bsw/dma.c **** 
  68:source\bsw/dma.c **** /**
  69:source\bsw/dma.c ****  * Enables the DMA
  70:source\bsw/dma.c ****  * @return void
  71:source\bsw/dma.c ****  */
  72:source\bsw/dma.c **** void DMA_Enable()
  73:source\bsw/dma.c **** {
  94              		.loc 1 73 0
  95              		.cfi_startproc
  96              		@ args = 0, pretend = 0, frame = 0
  97              		@ frame_needed = 0, uses_anonymous_args = 0
  98 0000 08B5     		push	{r3, lr}
ARM GAS  C:\Users\AADARS~1\AppData\Local\Temp\ccrhCOCn.s 			page 4


  99              		.cfi_def_cfa_offset 8
 100              		.cfi_offset 3, -8
 101              		.cfi_offset 14, -4
  74:source\bsw/dma.c ****     CyDmaChEnable(
 102              		.loc 1 74 0
 103 0002 0121     		movs	r1, #1
 104 0004 024B     		ldr	r3, .L7
 105 0006 1878     		ldrb	r0, [r3]	@ zero_extendqisi2
 106 0008 FFF7FEFF 		bl	CyDmaChEnable
 107              	.LVL9:
 108 000c 08BD     		pop	{r3, pc}
 109              	.L8:
 110 000e 00BF     		.align	2
 111              	.L7:
 112 0010 00000000 		.word	DMA_ForAdc_Chan
 113              		.cfi_endproc
 114              	.LFE64:
 115              		.size	DMA_Enable, .-DMA_Enable
 116              		.comm	DMA_ForAdc_TD,1,4
 117              		.comm	DMA_ForAdc_Chan,1,1
 118              		.text
 119              	.Letext0:
 120              		.file 2 "c:\\program files (x86)\\cypress\\psoc creator\\4.3\\psoc creator\\import\\gnu\\arm\\5.4.
 121              		.file 3 "c:\\program files (x86)\\cypress\\psoc creator\\4.3\\psoc creator\\import\\gnu\\arm\\5.4.
 122              		.file 4 "Generated_Source\\PSoC5/cytypes.h"
 123              		.file 5 "Generated_Source\\PSoC5/core_cm3.h"
 124              		.file 6 "Generated_Source\\PSoC5/DMA_ForAdc_dma.h"
 125              		.file 7 "Generated_Source\\PSoC5/CYDMAC.H"
 126              		.section	.debug_info,"",%progbits
 127              	.Ldebug_info0:
 128 0000 2D020000 		.4byte	0x22d
 129 0004 0400     		.2byte	0x4
 130 0006 00000000 		.4byte	.Ldebug_abbrev0
 131 000a 04       		.byte	0x4
 132 000b 01       		.uleb128 0x1
 133 000c 1C010000 		.4byte	.LASF31
 134 0010 0C       		.byte	0xc
 135 0011 19020000 		.4byte	.LASF32
 136 0015 30000000 		.4byte	.LASF33
 137 0019 00000000 		.4byte	.Ldebug_ranges0+0
 138 001d 00000000 		.4byte	0
 139 0021 00000000 		.4byte	.Ldebug_line0
 140 0025 02       		.uleb128 0x2
 141 0026 01       		.byte	0x1
 142 0027 06       		.byte	0x6
 143 0028 D1020000 		.4byte	.LASF0
 144 002c 02       		.uleb128 0x2
 145 002d 01       		.byte	0x1
 146 002e 08       		.byte	0x8
 147 002f 0E010000 		.4byte	.LASF1
 148 0033 02       		.uleb128 0x2
 149 0034 02       		.byte	0x2
 150 0035 05       		.byte	0x5
 151 0036 A5020000 		.4byte	.LASF2
 152 003a 02       		.uleb128 0x2
 153 003b 02       		.byte	0x2
 154 003c 07       		.byte	0x7
ARM GAS  C:\Users\AADARS~1\AppData\Local\Temp\ccrhCOCn.s 			page 5


 155 003d D9010000 		.4byte	.LASF3
 156 0041 03       		.uleb128 0x3
 157 0042 00000000 		.4byte	.LASF9
 158 0046 02       		.byte	0x2
 159 0047 3F       		.byte	0x3f
 160 0048 4C000000 		.4byte	0x4c
 161 004c 02       		.uleb128 0x2
 162 004d 04       		.byte	0x4
 163 004e 05       		.byte	0x5
 164 004f BC020000 		.4byte	.LASF4
 165 0053 02       		.uleb128 0x2
 166 0054 04       		.byte	0x4
 167 0055 07       		.byte	0x7
 168 0056 C7010000 		.4byte	.LASF5
 169 005a 02       		.uleb128 0x2
 170 005b 08       		.byte	0x8
 171 005c 05       		.byte	0x5
 172 005d 92020000 		.4byte	.LASF6
 173 0061 02       		.uleb128 0x2
 174 0062 08       		.byte	0x8
 175 0063 07       		.byte	0x7
 176 0064 6A020000 		.4byte	.LASF7
 177 0068 04       		.uleb128 0x4
 178 0069 04       		.byte	0x4
 179 006a 05       		.byte	0x5
 180 006b 696E7400 		.ascii	"int\000"
 181 006f 02       		.uleb128 0x2
 182 0070 04       		.byte	0x4
 183 0071 07       		.byte	0x7
 184 0072 5D020000 		.4byte	.LASF8
 185 0076 03       		.uleb128 0x3
 186 0077 81020000 		.4byte	.LASF10
 187 007b 03       		.byte	0x3
 188 007c 2C       		.byte	0x2c
 189 007d 41000000 		.4byte	0x41
 190 0081 05       		.uleb128 0x5
 191 0082 B6020000 		.4byte	.LASF11
 192 0086 04       		.byte	0x4
 193 0087 E401     		.2byte	0x1e4
 194 0089 2C000000 		.4byte	0x2c
 195 008d 05       		.uleb128 0x5
 196 008e 12020000 		.4byte	.LASF12
 197 0092 04       		.byte	0x4
 198 0093 E501     		.2byte	0x1e5
 199 0095 3A000000 		.4byte	0x3a
 200 0099 05       		.uleb128 0x5
 201 009a 46020000 		.4byte	.LASF13
 202 009e 04       		.byte	0x4
 203 009f E601     		.2byte	0x1e6
 204 00a1 53000000 		.4byte	0x53
 205 00a5 02       		.uleb128 0x2
 206 00a6 04       		.byte	0x4
 207 00a7 04       		.byte	0x4
 208 00a8 08010000 		.4byte	.LASF14
 209 00ac 02       		.uleb128 0x2
 210 00ad 08       		.byte	0x8
 211 00ae 04       		.byte	0x4
ARM GAS  C:\Users\AADARS~1\AppData\Local\Temp\ccrhCOCn.s 			page 6


 212 00af DD020000 		.4byte	.LASF15
 213 00b3 02       		.uleb128 0x2
 214 00b4 01       		.byte	0x1
 215 00b5 08       		.byte	0x8
 216 00b6 A0020000 		.4byte	.LASF16
 217 00ba 05       		.uleb128 0x5
 218 00bb AA010000 		.4byte	.LASF17
 219 00bf 04       		.byte	0x4
 220 00c0 8E02     		.2byte	0x28e
 221 00c2 C6000000 		.4byte	0xc6
 222 00c6 06       		.uleb128 0x6
 223 00c7 81000000 		.4byte	0x81
 224 00cb 02       		.uleb128 0x2
 225 00cc 08       		.byte	0x8
 226 00cd 04       		.byte	0x4
 227 00ce C5020000 		.4byte	.LASF18
 228 00d2 02       		.uleb128 0x2
 229 00d3 04       		.byte	0x4
 230 00d4 07       		.byte	0x7
 231 00d5 89020000 		.4byte	.LASF19
 232 00d9 07       		.uleb128 0x7
 233 00da F9000000 		.4byte	.LASF34
 234 00de 01       		.byte	0x1
 235 00df 22       		.byte	0x22
 236 00e0 00000000 		.4byte	.LFB63
 237 00e4 48000000 		.4byte	.LFE63-.LFB63
 238 00e8 01       		.uleb128 0x1
 239 00e9 9C       		.byte	0x9c
 240 00ea 80010000 		.4byte	0x180
 241 00ee 08       		.uleb128 0x8
 242 00ef AF020000 		.4byte	.LASF20
 243 00f3 01       		.byte	0x1
 244 00f4 22       		.byte	0x22
 245 00f5 80010000 		.4byte	0x180
 246 00f9 00000000 		.4byte	.LLST0
 247 00fd 08       		.uleb128 0x8
 248 00fe EF020000 		.4byte	.LASF21
 249 0102 01       		.byte	0x1
 250 0103 22       		.byte	0x22
 251 0104 8D000000 		.4byte	0x8d
 252 0108 2C000000 		.4byte	.LLST1
 253 010c 09       		.uleb128 0x9
 254 010d 14000000 		.4byte	.LVL3
 255 0111 EE010000 		.4byte	0x1ee
 256 0115 33010000 		.4byte	0x133
 257 0119 0A       		.uleb128 0xa
 258 011a 01       		.uleb128 0x1
 259 011b 50       		.byte	0x50
 260 011c 01       		.uleb128 0x1
 261 011d 32       		.byte	0x32
 262 011e 0A       		.uleb128 0xa
 263 011f 01       		.uleb128 0x1
 264 0120 51       		.byte	0x51
 265 0121 01       		.uleb128 0x1
 266 0122 31       		.byte	0x31
 267 0123 0A       		.uleb128 0xa
 268 0124 01       		.uleb128 0x1
ARM GAS  C:\Users\AADARS~1\AppData\Local\Temp\ccrhCOCn.s 			page 7


 269 0125 52       		.byte	0x52
 270 0126 03       		.uleb128 0x3
 271 0127 0A       		.byte	0xa
 272 0128 0040     		.2byte	0x4000
 273 012a 0A       		.uleb128 0xa
 274 012b 01       		.uleb128 0x1
 275 012c 53       		.byte	0x53
 276 012d 04       		.uleb128 0x4
 277 012e 76       		.byte	0x76
 278 012f 00       		.sleb128 0
 279 0130 40       		.byte	0x40
 280 0131 25       		.byte	0x25
 281 0132 00       		.byte	0
 282 0133 0B       		.uleb128 0xb
 283 0134 1C000000 		.4byte	.LVL4
 284 0138 F9010000 		.4byte	0x1f9
 285 013c 09       		.uleb128 0x9
 286 013d 2A000000 		.4byte	.LVL5
 287 0141 04020000 		.4byte	0x204
 288 0145 5B010000 		.4byte	0x15b
 289 0149 0A       		.uleb128 0xa
 290 014a 01       		.uleb128 0x1
 291 014b 51       		.byte	0x51
 292 014c 02       		.uleb128 0x2
 293 014d 77       		.byte	0x77
 294 014e 00       		.sleb128 0
 295 014f 0A       		.uleb128 0xa
 296 0150 01       		.uleb128 0x1
 297 0151 52       		.byte	0x52
 298 0152 02       		.uleb128 0x2
 299 0153 09       		.byte	0x9
 300 0154 FE       		.byte	0xfe
 301 0155 0A       		.uleb128 0xa
 302 0156 01       		.uleb128 0x1
 303 0157 53       		.byte	0x53
 304 0158 01       		.uleb128 0x1
 305 0159 36       		.byte	0x36
 306 015a 00       		.byte	0
 307 015b 09       		.uleb128 0x9
 308 015c 36000000 		.4byte	.LVL6
 309 0160 0F020000 		.4byte	0x20f
 310 0164 76010000 		.4byte	0x176
 311 0168 0A       		.uleb128 0xa
 312 0169 01       		.uleb128 0x1
 313 016a 51       		.byte	0x51
 314 016b 03       		.uleb128 0x3
 315 016c 0A       		.byte	0xa
 316 016d 104E     		.2byte	0x4e10
 317 016f 0A       		.uleb128 0xa
 318 0170 01       		.uleb128 0x1
 319 0171 52       		.byte	0x52
 320 0172 02       		.uleb128 0x2
 321 0173 76       		.byte	0x76
 322 0174 00       		.sleb128 0
 323 0175 00       		.byte	0
 324 0176 0B       		.uleb128 0xb
 325 0177 3E000000 		.4byte	.LVL7
ARM GAS  C:\Users\AADARS~1\AppData\Local\Temp\ccrhCOCn.s 			page 8


 326 017b 1A020000 		.4byte	0x21a
 327 017f 00       		.byte	0
 328 0180 0C       		.uleb128 0xc
 329 0181 04       		.byte	0x4
 330 0182 8D000000 		.4byte	0x8d
 331 0186 0D       		.uleb128 0xd
 332 0187 E4020000 		.4byte	.LASF35
 333 018b 01       		.byte	0x1
 334 018c 48       		.byte	0x48
 335 018d 00000000 		.4byte	.LFB64
 336 0191 14000000 		.4byte	.LFE64-.LFB64
 337 0195 01       		.uleb128 0x1
 338 0196 9C       		.byte	0x9c
 339 0197 AB010000 		.4byte	0x1ab
 340 019b 0E       		.uleb128 0xe
 341 019c 0C000000 		.4byte	.LVL9
 342 01a0 25020000 		.4byte	0x225
 343 01a4 0A       		.uleb128 0xa
 344 01a5 01       		.uleb128 0x1
 345 01a6 51       		.byte	0x51
 346 01a7 01       		.uleb128 0x1
 347 01a8 31       		.byte	0x31
 348 01a9 00       		.byte	0
 349 01aa 00       		.byte	0
 350 01ab 0F       		.uleb128 0xf
 351 01ac EC010000 		.4byte	.LASF22
 352 01b0 05       		.byte	0x5
 353 01b1 1207     		.2byte	0x712
 354 01b3 B7010000 		.4byte	0x1b7
 355 01b7 06       		.uleb128 0x6
 356 01b8 76000000 		.4byte	0x76
 357 01bc 10       		.uleb128 0x10
 358 01bd 4D020000 		.4byte	.LASF23
 359 01c1 01       		.byte	0x1
 360 01c2 18       		.byte	0x18
 361 01c3 81000000 		.4byte	0x81
 362 01c7 05       		.uleb128 0x5
 363 01c8 03       		.byte	0x3
 364 01c9 00000000 		.4byte	DMA_ForAdc_Chan
 365 01cd 11       		.uleb128 0x11
 366 01ce 81000000 		.4byte	0x81
 367 01d2 DD010000 		.4byte	0x1dd
 368 01d6 12       		.uleb128 0x12
 369 01d7 D2000000 		.4byte	0xd2
 370 01db 00       		.byte	0
 371 01dc 00       		.byte	0
 372 01dd 10       		.uleb128 0x10
 373 01de 38020000 		.4byte	.LASF24
 374 01e2 01       		.byte	0x1
 375 01e3 19       		.byte	0x19
 376 01e4 CD010000 		.4byte	0x1cd
 377 01e8 05       		.uleb128 0x5
 378 01e9 03       		.byte	0x3
 379 01ea 00000000 		.4byte	DMA_ForAdc_TD
 380 01ee 13       		.uleb128 0x13
 381 01ef F9010000 		.4byte	.LASF25
 382 01f3 F9010000 		.4byte	.LASF25
ARM GAS  C:\Users\AADARS~1\AppData\Local\Temp\ccrhCOCn.s 			page 9


 383 01f7 06       		.byte	0x6
 384 01f8 1E       		.byte	0x1e
 385 01f9 13       		.uleb128 0x13
 386 01fa E9000000 		.4byte	.LASF26
 387 01fe E9000000 		.4byte	.LASF26
 388 0202 07       		.byte	0x7
 389 0203 38       		.byte	0x38
 390 0204 13       		.uleb128 0x13
 391 0205 AF010000 		.4byte	.LASF27
 392 0209 AF010000 		.4byte	.LASF27
 393 020d 07       		.byte	0x7
 394 020e 3B       		.byte	0x3b
 395 020f 13       		.uleb128 0x13
 396 0210 0A000000 		.4byte	.LASF28
 397 0214 0A000000 		.4byte	.LASF28
 398 0218 07       		.byte	0x7
 399 0219 3F       		.byte	0x3f
 400 021a 13       		.uleb128 0x13
 401 021b 1C000000 		.4byte	.LASF29
 402 021f 1C000000 		.4byte	.LASF29
 403 0223 07       		.byte	0x7
 404 0224 2F       		.byte	0x2f
 405 0225 13       		.uleb128 0x13
 406 0226 2A020000 		.4byte	.LASF30
 407 022a 2A020000 		.4byte	.LASF30
 408 022e 07       		.byte	0x7
 409 022f 29       		.byte	0x29
 410 0230 00       		.byte	0
 411              		.section	.debug_abbrev,"",%progbits
 412              	.Ldebug_abbrev0:
 413 0000 01       		.uleb128 0x1
 414 0001 11       		.uleb128 0x11
 415 0002 01       		.byte	0x1
 416 0003 25       		.uleb128 0x25
 417 0004 0E       		.uleb128 0xe
 418 0005 13       		.uleb128 0x13
 419 0006 0B       		.uleb128 0xb
 420 0007 03       		.uleb128 0x3
 421 0008 0E       		.uleb128 0xe
 422 0009 1B       		.uleb128 0x1b
 423 000a 0E       		.uleb128 0xe
 424 000b 55       		.uleb128 0x55
 425 000c 17       		.uleb128 0x17
 426 000d 11       		.uleb128 0x11
 427 000e 01       		.uleb128 0x1
 428 000f 10       		.uleb128 0x10
 429 0010 17       		.uleb128 0x17
 430 0011 00       		.byte	0
 431 0012 00       		.byte	0
 432 0013 02       		.uleb128 0x2
 433 0014 24       		.uleb128 0x24
 434 0015 00       		.byte	0
 435 0016 0B       		.uleb128 0xb
 436 0017 0B       		.uleb128 0xb
 437 0018 3E       		.uleb128 0x3e
 438 0019 0B       		.uleb128 0xb
 439 001a 03       		.uleb128 0x3
ARM GAS  C:\Users\AADARS~1\AppData\Local\Temp\ccrhCOCn.s 			page 10


 440 001b 0E       		.uleb128 0xe
 441 001c 00       		.byte	0
 442 001d 00       		.byte	0
 443 001e 03       		.uleb128 0x3
 444 001f 16       		.uleb128 0x16
 445 0020 00       		.byte	0
 446 0021 03       		.uleb128 0x3
 447 0022 0E       		.uleb128 0xe
 448 0023 3A       		.uleb128 0x3a
 449 0024 0B       		.uleb128 0xb
 450 0025 3B       		.uleb128 0x3b
 451 0026 0B       		.uleb128 0xb
 452 0027 49       		.uleb128 0x49
 453 0028 13       		.uleb128 0x13
 454 0029 00       		.byte	0
 455 002a 00       		.byte	0
 456 002b 04       		.uleb128 0x4
 457 002c 24       		.uleb128 0x24
 458 002d 00       		.byte	0
 459 002e 0B       		.uleb128 0xb
 460 002f 0B       		.uleb128 0xb
 461 0030 3E       		.uleb128 0x3e
 462 0031 0B       		.uleb128 0xb
 463 0032 03       		.uleb128 0x3
 464 0033 08       		.uleb128 0x8
 465 0034 00       		.byte	0
 466 0035 00       		.byte	0
 467 0036 05       		.uleb128 0x5
 468 0037 16       		.uleb128 0x16
 469 0038 00       		.byte	0
 470 0039 03       		.uleb128 0x3
 471 003a 0E       		.uleb128 0xe
 472 003b 3A       		.uleb128 0x3a
 473 003c 0B       		.uleb128 0xb
 474 003d 3B       		.uleb128 0x3b
 475 003e 05       		.uleb128 0x5
 476 003f 49       		.uleb128 0x49
 477 0040 13       		.uleb128 0x13
 478 0041 00       		.byte	0
 479 0042 00       		.byte	0
 480 0043 06       		.uleb128 0x6
 481 0044 35       		.uleb128 0x35
 482 0045 00       		.byte	0
 483 0046 49       		.uleb128 0x49
 484 0047 13       		.uleb128 0x13
 485 0048 00       		.byte	0
 486 0049 00       		.byte	0
 487 004a 07       		.uleb128 0x7
 488 004b 2E       		.uleb128 0x2e
 489 004c 01       		.byte	0x1
 490 004d 3F       		.uleb128 0x3f
 491 004e 19       		.uleb128 0x19
 492 004f 03       		.uleb128 0x3
 493 0050 0E       		.uleb128 0xe
 494 0051 3A       		.uleb128 0x3a
 495 0052 0B       		.uleb128 0xb
 496 0053 3B       		.uleb128 0x3b
ARM GAS  C:\Users\AADARS~1\AppData\Local\Temp\ccrhCOCn.s 			page 11


 497 0054 0B       		.uleb128 0xb
 498 0055 27       		.uleb128 0x27
 499 0056 19       		.uleb128 0x19
 500 0057 11       		.uleb128 0x11
 501 0058 01       		.uleb128 0x1
 502 0059 12       		.uleb128 0x12
 503 005a 06       		.uleb128 0x6
 504 005b 40       		.uleb128 0x40
 505 005c 18       		.uleb128 0x18
 506 005d 9742     		.uleb128 0x2117
 507 005f 19       		.uleb128 0x19
 508 0060 01       		.uleb128 0x1
 509 0061 13       		.uleb128 0x13
 510 0062 00       		.byte	0
 511 0063 00       		.byte	0
 512 0064 08       		.uleb128 0x8
 513 0065 05       		.uleb128 0x5
 514 0066 00       		.byte	0
 515 0067 03       		.uleb128 0x3
 516 0068 0E       		.uleb128 0xe
 517 0069 3A       		.uleb128 0x3a
 518 006a 0B       		.uleb128 0xb
 519 006b 3B       		.uleb128 0x3b
 520 006c 0B       		.uleb128 0xb
 521 006d 49       		.uleb128 0x49
 522 006e 13       		.uleb128 0x13
 523 006f 02       		.uleb128 0x2
 524 0070 17       		.uleb128 0x17
 525 0071 00       		.byte	0
 526 0072 00       		.byte	0
 527 0073 09       		.uleb128 0x9
 528 0074 898201   		.uleb128 0x4109
 529 0077 01       		.byte	0x1
 530 0078 11       		.uleb128 0x11
 531 0079 01       		.uleb128 0x1
 532 007a 31       		.uleb128 0x31
 533 007b 13       		.uleb128 0x13
 534 007c 01       		.uleb128 0x1
 535 007d 13       		.uleb128 0x13
 536 007e 00       		.byte	0
 537 007f 00       		.byte	0
 538 0080 0A       		.uleb128 0xa
 539 0081 8A8201   		.uleb128 0x410a
 540 0084 00       		.byte	0
 541 0085 02       		.uleb128 0x2
 542 0086 18       		.uleb128 0x18
 543 0087 9142     		.uleb128 0x2111
 544 0089 18       		.uleb128 0x18
 545 008a 00       		.byte	0
 546 008b 00       		.byte	0
 547 008c 0B       		.uleb128 0xb
 548 008d 898201   		.uleb128 0x4109
 549 0090 00       		.byte	0
 550 0091 11       		.uleb128 0x11
 551 0092 01       		.uleb128 0x1
 552 0093 31       		.uleb128 0x31
 553 0094 13       		.uleb128 0x13
ARM GAS  C:\Users\AADARS~1\AppData\Local\Temp\ccrhCOCn.s 			page 12


 554 0095 00       		.byte	0
 555 0096 00       		.byte	0
 556 0097 0C       		.uleb128 0xc
 557 0098 0F       		.uleb128 0xf
 558 0099 00       		.byte	0
 559 009a 0B       		.uleb128 0xb
 560 009b 0B       		.uleb128 0xb
 561 009c 49       		.uleb128 0x49
 562 009d 13       		.uleb128 0x13
 563 009e 00       		.byte	0
 564 009f 00       		.byte	0
 565 00a0 0D       		.uleb128 0xd
 566 00a1 2E       		.uleb128 0x2e
 567 00a2 01       		.byte	0x1
 568 00a3 3F       		.uleb128 0x3f
 569 00a4 19       		.uleb128 0x19
 570 00a5 03       		.uleb128 0x3
 571 00a6 0E       		.uleb128 0xe
 572 00a7 3A       		.uleb128 0x3a
 573 00a8 0B       		.uleb128 0xb
 574 00a9 3B       		.uleb128 0x3b
 575 00aa 0B       		.uleb128 0xb
 576 00ab 11       		.uleb128 0x11
 577 00ac 01       		.uleb128 0x1
 578 00ad 12       		.uleb128 0x12
 579 00ae 06       		.uleb128 0x6
 580 00af 40       		.uleb128 0x40
 581 00b0 18       		.uleb128 0x18
 582 00b1 9742     		.uleb128 0x2117
 583 00b3 19       		.uleb128 0x19
 584 00b4 01       		.uleb128 0x1
 585 00b5 13       		.uleb128 0x13
 586 00b6 00       		.byte	0
 587 00b7 00       		.byte	0
 588 00b8 0E       		.uleb128 0xe
 589 00b9 898201   		.uleb128 0x4109
 590 00bc 01       		.byte	0x1
 591 00bd 11       		.uleb128 0x11
 592 00be 01       		.uleb128 0x1
 593 00bf 31       		.uleb128 0x31
 594 00c0 13       		.uleb128 0x13
 595 00c1 00       		.byte	0
 596 00c2 00       		.byte	0
 597 00c3 0F       		.uleb128 0xf
 598 00c4 34       		.uleb128 0x34
 599 00c5 00       		.byte	0
 600 00c6 03       		.uleb128 0x3
 601 00c7 0E       		.uleb128 0xe
 602 00c8 3A       		.uleb128 0x3a
 603 00c9 0B       		.uleb128 0xb
 604 00ca 3B       		.uleb128 0x3b
 605 00cb 05       		.uleb128 0x5
 606 00cc 49       		.uleb128 0x49
 607 00cd 13       		.uleb128 0x13
 608 00ce 3F       		.uleb128 0x3f
 609 00cf 19       		.uleb128 0x19
 610 00d0 3C       		.uleb128 0x3c
ARM GAS  C:\Users\AADARS~1\AppData\Local\Temp\ccrhCOCn.s 			page 13


 611 00d1 19       		.uleb128 0x19
 612 00d2 00       		.byte	0
 613 00d3 00       		.byte	0
 614 00d4 10       		.uleb128 0x10
 615 00d5 34       		.uleb128 0x34
 616 00d6 00       		.byte	0
 617 00d7 03       		.uleb128 0x3
 618 00d8 0E       		.uleb128 0xe
 619 00d9 3A       		.uleb128 0x3a
 620 00da 0B       		.uleb128 0xb
 621 00db 3B       		.uleb128 0x3b
 622 00dc 0B       		.uleb128 0xb
 623 00dd 49       		.uleb128 0x49
 624 00de 13       		.uleb128 0x13
 625 00df 3F       		.uleb128 0x3f
 626 00e0 19       		.uleb128 0x19
 627 00e1 02       		.uleb128 0x2
 628 00e2 18       		.uleb128 0x18
 629 00e3 00       		.byte	0
 630 00e4 00       		.byte	0
 631 00e5 11       		.uleb128 0x11
 632 00e6 01       		.uleb128 0x1
 633 00e7 01       		.byte	0x1
 634 00e8 49       		.uleb128 0x49
 635 00e9 13       		.uleb128 0x13
 636 00ea 01       		.uleb128 0x1
 637 00eb 13       		.uleb128 0x13
 638 00ec 00       		.byte	0
 639 00ed 00       		.byte	0
 640 00ee 12       		.uleb128 0x12
 641 00ef 21       		.uleb128 0x21
 642 00f0 00       		.byte	0
 643 00f1 49       		.uleb128 0x49
 644 00f2 13       		.uleb128 0x13
 645 00f3 2F       		.uleb128 0x2f
 646 00f4 0B       		.uleb128 0xb
 647 00f5 00       		.byte	0
 648 00f6 00       		.byte	0
 649 00f7 13       		.uleb128 0x13
 650 00f8 2E       		.uleb128 0x2e
 651 00f9 00       		.byte	0
 652 00fa 3F       		.uleb128 0x3f
 653 00fb 19       		.uleb128 0x19
 654 00fc 3C       		.uleb128 0x3c
 655 00fd 19       		.uleb128 0x19
 656 00fe 6E       		.uleb128 0x6e
 657 00ff 0E       		.uleb128 0xe
 658 0100 03       		.uleb128 0x3
 659 0101 0E       		.uleb128 0xe
 660 0102 3A       		.uleb128 0x3a
 661 0103 0B       		.uleb128 0xb
 662 0104 3B       		.uleb128 0x3b
 663 0105 0B       		.uleb128 0xb
 664 0106 00       		.byte	0
 665 0107 00       		.byte	0
 666 0108 00       		.byte	0
 667              		.section	.debug_loc,"",%progbits
ARM GAS  C:\Users\AADARS~1\AppData\Local\Temp\ccrhCOCn.s 			page 14


 668              	.Ldebug_loc0:
 669              	.LLST0:
 670 0000 00000000 		.4byte	.LVL0
 671 0004 10000000 		.4byte	.LVL2
 672 0008 0100     		.2byte	0x1
 673 000a 50       		.byte	0x50
 674 000b 10000000 		.4byte	.LVL2
 675 000f 40000000 		.4byte	.LVL8
 676 0013 0100     		.2byte	0x1
 677 0015 56       		.byte	0x56
 678 0016 40000000 		.4byte	.LVL8
 679 001a 48000000 		.4byte	.LFE63
 680 001e 0400     		.2byte	0x4
 681 0020 F3       		.byte	0xf3
 682 0021 01       		.uleb128 0x1
 683 0022 50       		.byte	0x50
 684 0023 9F       		.byte	0x9f
 685 0024 00000000 		.4byte	0
 686 0028 00000000 		.4byte	0
 687              	.LLST1:
 688 002c 00000000 		.4byte	.LVL0
 689 0030 0E000000 		.4byte	.LVL1
 690 0034 0100     		.2byte	0x1
 691 0036 51       		.byte	0x51
 692 0037 0E000000 		.4byte	.LVL1
 693 003b 48000000 		.4byte	.LFE63
 694 003f 0400     		.2byte	0x4
 695 0041 F3       		.byte	0xf3
 696 0042 01       		.uleb128 0x1
 697 0043 51       		.byte	0x51
 698 0044 9F       		.byte	0x9f
 699 0045 00000000 		.4byte	0
 700 0049 00000000 		.4byte	0
 701              		.section	.debug_aranges,"",%progbits
 702 0000 24000000 		.4byte	0x24
 703 0004 0200     		.2byte	0x2
 704 0006 00000000 		.4byte	.Ldebug_info0
 705 000a 04       		.byte	0x4
 706 000b 00       		.byte	0
 707 000c 0000     		.2byte	0
 708 000e 0000     		.2byte	0
 709 0010 00000000 		.4byte	.LFB63
 710 0014 48000000 		.4byte	.LFE63-.LFB63
 711 0018 00000000 		.4byte	.LFB64
 712 001c 14000000 		.4byte	.LFE64-.LFB64
 713 0020 00000000 		.4byte	0
 714 0024 00000000 		.4byte	0
 715              		.section	.debug_ranges,"",%progbits
 716              	.Ldebug_ranges0:
 717 0000 00000000 		.4byte	.LFB63
 718 0004 48000000 		.4byte	.LFE63
 719 0008 00000000 		.4byte	.LFB64
 720 000c 14000000 		.4byte	.LFE64
 721 0010 00000000 		.4byte	0
 722 0014 00000000 		.4byte	0
 723              		.section	.debug_line,"",%progbits
 724              	.Ldebug_line0:
ARM GAS  C:\Users\AADARS~1\AppData\Local\Temp\ccrhCOCn.s 			page 15


 725 0000 A1010000 		.section	.debug_str,"MS",%progbits,1
 725      02007601 
 725      00000201 
 725      FB0E0D00 
 725      01010101 
 726              	.LASF9:
 727 0000 5F5F696E 		.ascii	"__int32_t\000"
 727      7433325F 
 727      7400
 728              	.LASF28:
 729 000a 4379446D 		.ascii	"CyDmaTdSetAddress\000"
 729      61546453 
 729      65744164 
 729      64726573 
 729      7300
 730              	.LASF29:
 731 001c 4379446D 		.ascii	"CyDmaChSetInitialTd\000"
 731      61436853 
 731      6574496E 
 731      69746961 
 731      6C546400 
 732              	.LASF33:
 733 0030 433A5C61 		.ascii	"C:\\aadarshxp\\_MastersEmbeddedSystem\\Semester-2\\"
 733      61646172 
 733      73687870 
 733      5C5F4D61 
 733      73746572 
 734 005f 53797374 		.ascii	"SystemLevelHardwareDesign\\movement_detection_using"
 734      656D4C65 
 734      76656C48 
 734      61726477 
 734      61726544 
 735 0091 5F726164 		.ascii	"_radar\\40_Implementation\\work\\30_SW_improve_auto"
 735      61725C34 
 735      305F496D 
 735      706C656D 
 735      656E7461 
 736 00c1 46726571 		.ascii	"FreqChange\\SDHD_MovementDetection.cydsn\000"
 736      4368616E 
 736      67655C53 
 736      4448445F 
 736      4D6F7665 
 737              	.LASF26:
 738 00e9 4379446D 		.ascii	"CyDmaTdAllocate\000"
 738      61546441 
 738      6C6C6F63 
 738      61746500 
 739              	.LASF34:
 740 00f9 444D415F 		.ascii	"DMA_Initialize\000"
 740      496E6974 
 740      69616C69 
 740      7A6500
 741              	.LASF14:
 742 0108 666C6F61 		.ascii	"float\000"
 742      7400
 743              	.LASF1:
 744 010e 756E7369 		.ascii	"unsigned char\000"
ARM GAS  C:\Users\AADARS~1\AppData\Local\Temp\ccrhCOCn.s 			page 16


 744      676E6564 
 744      20636861 
 744      7200
 745              	.LASF31:
 746 011c 474E5520 		.ascii	"GNU C11 5.4.1 20160609 (release) [ARM/embedded-5-br"
 746      43313120 
 746      352E342E 
 746      31203230 
 746      31363036 
 747 014f 616E6368 		.ascii	"anch revision 237715] -mcpu=cortex-m3 -mthumb -g -O"
 747      20726576 
 747      6973696F 
 747      6E203233 
 747      37373135 
 748 0182 67202D66 		.ascii	"g -ffunction-sections -ffat-lto-objects\000"
 748      66756E63 
 748      74696F6E 
 748      2D736563 
 748      74696F6E 
 749              	.LASF17:
 750 01aa 72656738 		.ascii	"reg8\000"
 750      00
 751              	.LASF27:
 752 01af 4379446D 		.ascii	"CyDmaTdSetConfiguration\000"
 752      61546453 
 752      6574436F 
 752      6E666967 
 752      75726174 
 753              	.LASF5:
 754 01c7 6C6F6E67 		.ascii	"long unsigned int\000"
 754      20756E73 
 754      69676E65 
 754      6420696E 
 754      7400
 755              	.LASF3:
 756 01d9 73686F72 		.ascii	"short unsigned int\000"
 756      7420756E 
 756      7369676E 
 756      65642069 
 756      6E7400
 757              	.LASF22:
 758 01ec 49544D5F 		.ascii	"ITM_RxBuffer\000"
 758      52784275 
 758      66666572 
 758      00
 759              	.LASF25:
 760 01f9 444D415F 		.ascii	"DMA_ForAdc_DmaInitialize\000"
 760      466F7241 
 760      64635F44 
 760      6D61496E 
 760      69746961 
 761              	.LASF12:
 762 0212 75696E74 		.ascii	"uint16\000"
 762      313600
 763              	.LASF32:
 764 0219 736F7572 		.ascii	"source\\bsw\\dma.c\000"
 764      63655C62 
ARM GAS  C:\Users\AADARS~1\AppData\Local\Temp\ccrhCOCn.s 			page 17


 764      73775C64 
 764      6D612E63 
 764      00
 765              	.LASF30:
 766 022a 4379446D 		.ascii	"CyDmaChEnable\000"
 766      61436845 
 766      6E61626C 
 766      6500
 767              	.LASF24:
 768 0238 444D415F 		.ascii	"DMA_ForAdc_TD\000"
 768      466F7241 
 768      64635F54 
 768      4400
 769              	.LASF13:
 770 0246 75696E74 		.ascii	"uint32\000"
 770      333200
 771              	.LASF23:
 772 024d 444D415F 		.ascii	"DMA_ForAdc_Chan\000"
 772      466F7241 
 772      64635F43 
 772      68616E00 
 773              	.LASF8:
 774 025d 756E7369 		.ascii	"unsigned int\000"
 774      676E6564 
 774      20696E74 
 774      00
 775              	.LASF7:
 776 026a 6C6F6E67 		.ascii	"long long unsigned int\000"
 776      206C6F6E 
 776      6720756E 
 776      7369676E 
 776      65642069 
 777              	.LASF10:
 778 0281 696E7433 		.ascii	"int32_t\000"
 778      325F7400 
 779              	.LASF19:
 780 0289 73697A65 		.ascii	"sizetype\000"
 780      74797065 
 780      00
 781              	.LASF6:
 782 0292 6C6F6E67 		.ascii	"long long int\000"
 782      206C6F6E 
 782      6720696E 
 782      7400
 783              	.LASF16:
 784 02a0 63686172 		.ascii	"char\000"
 784      00
 785              	.LASF2:
 786 02a5 73686F72 		.ascii	"short int\000"
 786      7420696E 
 786      7400
 787              	.LASF20:
 788 02af 62756666 		.ascii	"buffer\000"
 788      657200
 789              	.LASF11:
 790 02b6 75696E74 		.ascii	"uint8\000"
 790      3800
ARM GAS  C:\Users\AADARS~1\AppData\Local\Temp\ccrhCOCn.s 			page 18


 791              	.LASF4:
 792 02bc 6C6F6E67 		.ascii	"long int\000"
 792      20696E74 
 792      00
 793              	.LASF18:
 794 02c5 6C6F6E67 		.ascii	"long double\000"
 794      20646F75 
 794      626C6500 
 795              	.LASF0:
 796 02d1 7369676E 		.ascii	"signed char\000"
 796      65642063 
 796      68617200 
 797              	.LASF15:
 798 02dd 646F7562 		.ascii	"double\000"
 798      6C6500
 799              	.LASF35:
 800 02e4 444D415F 		.ascii	"DMA_Enable\000"
 800      456E6162 
 800      6C6500
 801              	.LASF21:
 802 02ef 6C656E67 		.ascii	"length\000"
 802      746800
 803              		.ident	"GCC: (GNU Tools for ARM Embedded Processors) 5.4.1 20160609 (release) [ARM/embedded-5-bran
